Random Seed:  5270
lr_Derain 0.000200
lr_ED 0.000100
lrD 0.000400
[Epoch:226/2000] 00000/03000, Loss=0.00157, gfake=-11.46095 errG=23748.25586
[Epoch:226/2000] 00200/03000, Loss=0.00152, gfake=-7.54790 errG=27399.96094
[Epoch:226/2000] 00400/03000, Loss=0.00305, gfake=-8.26425 errG=21959.84570
[Epoch:226/2000] 00600/03000, Loss=0.00122, gfake=-9.66306 errG=17742.05273
[Epoch:226/2000] 00800/03000, Loss=0.00134, gfake=-0.86514 errG=32113.57031
[Epoch:226/2000] 01000/03000, Loss=0.00206, gfake=-1.63295 errG=25148.11719
[Epoch:226/2000] 01200/03000, Loss=0.00141, gfake=-1.47815 errG=30582.56641
[Epoch:226/2000] 01400/03000, Loss=0.00111, gfake=-7.64694 errG=19844.39062
[Epoch:226/2000] 01600/03000, Loss=0.00163, gfake=-3.84407 errG=25883.14258
[Epoch:226/2000] 01800/03000, Loss=0.00119, gfake=-8.14766 errG=17950.06445
[Epoch:226/2000] 02000/03000, Loss=0.00097, gfake=-1.38014 errG=22307.23633
[Epoch:226/2000] 02200/03000, Loss=0.00109, gfake=-10.59181 errG=21003.92969
[Epoch:226/2000] 02400/03000, Loss=0.00124, gfake=-5.89139 errG=25581.56836
[Epoch:226/2000] 02600/03000, Loss=0.00074, gfake=-7.09893 errG=18178.69727
[Epoch:226/2000] 02800/03000, Loss=0.00181, gfake=-7.57696 errG=21166.42188
Epoch:226, Derain_Loss=0.00143
This epoch take time 313.53
----------------------------------------------------------------------------------------------------
lr_Derain 0.000200
lr_ED 0.000100
lrD 0.000400
[Epoch:227/2000] 00000/03000, Loss=0.00121, gfake=-10.79791 errG=22867.87695
[Epoch:227/2000] 00200/03000, Loss=0.00081, gfake=-3.12804 errG=18613.90625
[Epoch:227/2000] 00400/03000, Loss=0.00071, gfake=-9.64192 errG=17995.86133
[Epoch:227/2000] 00600/03000, Loss=0.00212, gfake=-6.47715 errG=28459.69531
[Epoch:227/2000] 00800/03000, Loss=0.00097, gfake=-5.94567 errG=21737.30078
[Epoch:227/2000] 01000/03000, Loss=0.00224, gfake=2.57105 errG=27819.18750
[Epoch:227/2000] 01200/03000, Loss=0.00192, gfake=-6.54985 errG=27045.45898
[Epoch:227/2000] 01400/03000, Loss=0.00175, gfake=-12.37376 errG=20596.67188
[Epoch:227/2000] 01600/03000, Loss=0.00122, gfake=-9.31538 errG=19292.91211
[Epoch:227/2000] 01800/03000, Loss=0.00103, gfake=-2.20767 errG=18557.83984
[Epoch:227/2000] 02000/03000, Loss=0.00131, gfake=-2.53168 errG=25078.57031
[Epoch:227/2000] 02200/03000, Loss=0.00230, gfake=2.54380 errG=41606.98828
[Epoch:227/2000] 02400/03000, Loss=0.00152, gfake=-4.71008 errG=26084.01562
[Epoch:227/2000] 02600/03000, Loss=0.00162, gfake=1.48165 errG=22589.47266
[Epoch:227/2000] 02800/03000, Loss=0.00215, gfake=-1.32235 errG=24070.01172
Epoch:227, Derain_Loss=0.00143
This epoch take time 312.32
----------------------------------------------------------------------------------------------------
lr_Derain 0.000200
lr_ED 0.000100
lrD 0.000400
[Epoch:228/2000] 00000/03000, Loss=0.00251, gfake=-3.33930 errG=35969.38672
[Epoch:228/2000] 00200/03000, Loss=0.00091, gfake=3.58944 errG=30222.06250
[Epoch:228/2000] 00400/03000, Loss=0.00108, gfake=-7.13503 errG=22596.70898
[Epoch:228/2000] 00600/03000, Loss=0.00116, gfake=-4.87419 errG=23835.78516
[Epoch:228/2000] 00800/03000, Loss=0.00146, gfake=-0.51668 errG=24773.00391
[Epoch:228/2000] 01000/03000, Loss=0.00177, gfake=-8.89448 errG=26039.19141
[Epoch:228/2000] 01200/03000, Loss=0.00194, gfake=-6.76185 errG=25736.18555
[Epoch:228/2000] 01400/03000, Loss=0.00169, gfake=-0.64870 errG=29449.69727
[Epoch:228/2000] 01600/03000, Loss=0.00166, gfake=-3.00347 errG=21501.97461
[Epoch:228/2000] 01800/03000, Loss=0.00135, gfake=-5.04853 errG=22017.47852
[Epoch:228/2000] 02000/03000, Loss=0.00133, gfake=-15.18679 errG=21131.05469
[Epoch:228/2000] 02200/03000, Loss=0.00181, gfake=0.66606 errG=29303.10352
[Epoch:228/2000] 02400/03000, Loss=0.00149, gfake=-8.42249 errG=21201.45898
[Epoch:228/2000] 02600/03000, Loss=0.00232, gfake=-3.00223 errG=32215.98047
[Epoch:228/2000] 02800/03000, Loss=0.00115, gfake=-4.40720 errG=18730.35547
Epoch:228, Derain_Loss=0.00144
This epoch take time 311.45
----------------------------------------------------------------------------------------------------
lr_Derain 0.000200
lr_ED 0.000100
lrD 0.000400
[Epoch:229/2000] 00000/03000, Loss=0.00129, gfake=-4.97298 errG=24238.31055
[Epoch:229/2000] 00200/03000, Loss=0.00179, gfake=-5.00729 errG=26607.24219
[Epoch:229/2000] 00400/03000, Loss=0.00138, gfake=-0.39677 errG=29966.81250
[Epoch:229/2000] 00600/03000, Loss=0.00085, gfake=-5.13582 errG=13827.18945
[Epoch:229/2000] 00800/03000, Loss=0.00162, gfake=-0.51978 errG=29893.66016
[Epoch:229/2000] 01000/03000, Loss=0.00121, gfake=2.22013 errG=26091.19141
[Epoch:229/2000] 01200/03000, Loss=0.00179, gfake=5.44093 errG=27037.09375
[Epoch:229/2000] 01400/03000, Loss=0.00116, gfake=-11.22504 errG=17559.32227
[Epoch:229/2000] 01600/03000, Loss=0.00088, gfake=1.94533 errG=22886.93555
[Epoch:229/2000] 01800/03000, Loss=0.00117, gfake=-6.24265 errG=17357.36914
[Epoch:229/2000] 02000/03000, Loss=0.00136, gfake=5.87912 errG=29197.02539
[Epoch:229/2000] 02200/03000, Loss=0.00133, gfake=-7.03867 errG=23923.00977
[Epoch:229/2000] 02400/03000, Loss=0.00160, gfake=-4.07013 errG=28467.15430
[Epoch:229/2000] 02600/03000, Loss=0.00130, gfake=-5.09598 errG=23711.07812
[Epoch:229/2000] 02800/03000, Loss=0.00188, gfake=4.08750 errG=21656.58984
Epoch:229, Derain_Loss=0.00143
This epoch take time 312.19
----------------------------------------------------------------------------------------------------
lr_Derain 0.000200
lr_ED 0.000100
lrD 0.000400
