Random Seed:  8405
lr_Derain 0.000200
lr_ED 0.000100
lrD 0.000400
[Epoch: 1/2000] 00000/03000, Loss=0.00586, gfake=-1.41809 errG=529161.50000
[Epoch: 1/2000] 00200/03000, Loss=0.02153, gfake=-37.87353 errG=33878.91016
[Epoch: 1/2000] 00400/03000, Loss=0.00836, gfake=-59.72887 errG=30152.25195
[Epoch: 1/2000] 00600/03000, Loss=0.00572, gfake=-55.10957 errG=28399.20117
[Epoch: 1/2000] 00800/03000, Loss=0.00534, gfake=-34.09534 errG=27050.80078
[Epoch: 1/2000] 01000/03000, Loss=0.00758, gfake=-51.92513 errG=33232.41797
[Epoch: 1/2000] 01200/03000, Loss=0.00582, gfake=-35.56667 errG=29975.88672
[Epoch: 1/2000] 01400/03000, Loss=0.00476, gfake=-73.55507 errG=26275.79102
[Epoch: 1/2000] 01600/03000, Loss=0.00302, gfake=-40.70843 errG=19980.26953
[Epoch: 1/2000] 01800/03000, Loss=0.00721, gfake=-47.50546 errG=29856.78516
[Epoch: 1/2000] 02000/03000, Loss=0.00501, gfake=-52.15458 errG=26588.17383
[Epoch: 1/2000] 02200/03000, Loss=0.00912, gfake=-39.03766 errG=39916.62891
[Epoch: 1/2000] 02400/03000, Loss=0.00380, gfake=-65.78970 errG=21082.54102
[Epoch: 1/2000] 02600/03000, Loss=0.00606, gfake=-62.66313 errG=30273.52734
[Epoch: 1/2000] 02800/03000, Loss=0.00269, gfake=-86.28944 errG=18480.70703
Epoch: 1, Derain_Loss=0.00746
This epoch take time 324.42
----------------------------------------------------------------------------------------------------
lr_Derain 0.000200
lr_ED 0.000100
lrD 0.000400
[Epoch: 2/2000] 00000/03000, Loss=0.00516, gfake=-59.80550 errG=26790.64844
[Epoch: 2/2000] 00200/03000, Loss=0.00673, gfake=-59.53746 errG=36285.10156
[Epoch: 2/2000] 00400/03000, Loss=0.00438, gfake=-65.52245 errG=22227.68945
[Epoch: 2/2000] 00600/03000, Loss=0.00325, gfake=-53.99401 errG=21340.84766
[Epoch: 2/2000] 00800/03000, Loss=0.00298, gfake=-69.81806 errG=23048.84961
[Epoch: 2/2000] 01000/03000, Loss=0.00485, gfake=-60.71523 errG=21263.59766
[Epoch: 2/2000] 01200/03000, Loss=0.00746, gfake=-64.28786 errG=40596.42578
[Epoch: 2/2000] 01400/03000, Loss=0.00461, gfake=-55.14812 errG=23975.91406
[Epoch: 2/2000] 01600/03000, Loss=0.00537, gfake=-40.54604 errG=22523.21094
[Epoch: 2/2000] 01800/03000, Loss=0.00510, gfake=-70.77126 errG=24564.09570
[Epoch: 2/2000] 02000/03000, Loss=0.00520, gfake=-64.42511 errG=28347.57031
[Epoch: 2/2000] 02200/03000, Loss=0.00291, gfake=-55.47826 errG=19272.39062
[Epoch: 2/2000] 02400/03000, Loss=0.00285, gfake=-73.26178 errG=18184.17188
[Epoch: 2/2000] 02600/03000, Loss=0.00463, gfake=-59.43976 errG=28400.13672
[Epoch: 2/2000] 02800/03000, Loss=0.00403, gfake=-65.26653 errG=22975.11523
Epoch: 2, Derain_Loss=0.00527
This epoch take time 318.39
----------------------------------------------------------------------------------------------------
lr_Derain 0.000200
lr_ED 0.000100
lrD 0.000400
[Epoch: 3/2000] 00000/03000, Loss=0.00529, gfake=-43.65524 errG=25511.28125
[Epoch: 3/2000] 00200/03000, Loss=0.00438, gfake=-47.07922 errG=25466.56641
[Epoch: 3/2000] 00400/03000, Loss=0.00363, gfake=-47.26202 errG=24972.53125
[Epoch: 3/2000] 00600/03000, Loss=0.00341, gfake=-29.64232 errG=21601.67969
[Epoch: 3/2000] 00800/03000, Loss=0.00509, gfake=-50.97003 errG=29204.36133
[Epoch: 3/2000] 01000/03000, Loss=0.00754, gfake=-50.22222 errG=35739.68359
[Epoch: 3/2000] 01200/03000, Loss=0.00453, gfake=-72.66248 errG=24483.03125
[Epoch: 3/2000] 01400/03000, Loss=0.00465, gfake=-45.40987 errG=26137.15234
[Epoch: 3/2000] 01600/03000, Loss=0.00443, gfake=-56.33104 errG=26306.23047
[Epoch: 3/2000] 01800/03000, Loss=0.00269, gfake=-44.80221 errG=16967.47656
[Epoch: 3/2000] 02000/03000, Loss=0.00334, gfake=-57.97305 errG=20245.12305
[Epoch: 3/2000] 02200/03000, Loss=0.00396, gfake=-48.64573 errG=23031.18945
[Epoch: 3/2000] 02400/03000, Loss=0.00362, gfake=-48.67479 errG=22376.27734
[Epoch: 3/2000] 02600/03000, Loss=0.00472, gfake=-39.29841 errG=30149.73047
[Epoch: 3/2000] 02800/03000, Loss=0.00262, gfake=-47.61363 errG=18594.89453
Epoch: 3, Derain_Loss=0.00465
This epoch take time 316.66
----------------------------------------------------------------------------------------------------
lr_Derain 0.000200
lr_ED 0.000100
lrD 0.000400
[Epoch: 4/2000] 00000/03000, Loss=0.00481, gfake=-62.71706 errG=26285.26172
[Epoch: 4/2000] 00200/03000, Loss=0.00434, gfake=-44.30416 errG=25421.17188
[Epoch: 4/2000] 00400/03000, Loss=0.00452, gfake=-33.30907 errG=22690.45703
[Epoch: 4/2000] 00600/03000, Loss=0.00333, gfake=-63.72397 errG=24432.58203
[Epoch: 4/2000] 00800/03000, Loss=0.00419, gfake=-46.62290 errG=22528.41992
[Epoch: 4/2000] 01000/03000, Loss=0.00496, gfake=-47.76819 errG=32086.14062
[Epoch: 4/2000] 01200/03000, Loss=0.00577, gfake=-46.40096 errG=31597.68750
[Epoch: 4/2000] 01400/03000, Loss=0.00515, gfake=-41.14256 errG=28352.84180
[Epoch: 4/2000] 01600/03000, Loss=0.00381, gfake=-46.41454 errG=20861.69531
[Epoch: 4/2000] 01800/03000, Loss=0.00204, gfake=-47.15778 errG=19761.54883
[Epoch: 4/2000] 02000/03000, Loss=0.00483, gfake=-49.56813 errG=29181.69336
[Epoch: 4/2000] 02200/03000, Loss=0.00226, gfake=-44.56066 errG=17606.04883
[Epoch: 4/2000] 02400/03000, Loss=0.00399, gfake=-27.19244 errG=26949.13477
[Epoch: 4/2000] 02600/03000, Loss=0.00345, gfake=-36.28054 errG=26693.99414
[Epoch: 4/2000] 02800/03000, Loss=0.00322, gfake=-34.45956 errG=20044.63086
Epoch: 4, Derain_Loss=0.00413
This epoch take time 318.45
----------------------------------------------------------------------------------------------------
lr_Derain 0.000200
lr_ED 0.000100
lrD 0.000400
[Epoch: 5/2000] 00000/03000, Loss=0.00331, gfake=-45.65695 errG=19649.41992
[Epoch: 5/2000] 00200/03000, Loss=0.00361, gfake=-27.78063 errG=27689.38086
[Epoch: 5/2000] 00400/03000, Loss=0.00420, gfake=-41.15380 errG=29649.97266
[Epoch: 5/2000] 00600/03000, Loss=0.00311, gfake=-40.73103 errG=21639.40234
[Epoch: 5/2000] 00800/03000, Loss=0.00380, gfake=-44.39072 errG=25237.27148
[Epoch: 5/2000] 01000/03000, Loss=0.00643, gfake=-33.10282 errG=36230.86719
[Epoch: 5/2000] 01200/03000, Loss=0.00412, gfake=-43.99929 errG=25862.05664
[Epoch: 5/2000] 01400/03000, Loss=0.00461, gfake=-43.86661 errG=29137.75195
[Epoch: 5/2000] 01600/03000, Loss=0.00345, gfake=-43.82338 errG=23888.47070
[Epoch: 5/2000] 01800/03000, Loss=0.00637, gfake=-41.38188 errG=35051.88672
[Epoch: 5/2000] 02000/03000, Loss=0.00362, gfake=-24.40742 errG=22168.75781
[Epoch: 5/2000] 02200/03000, Loss=0.00239, gfake=-28.83693 errG=22115.65625
[Epoch: 5/2000] 02400/03000, Loss=0.00454, gfake=-33.07923 errG=30073.61523
[Epoch: 5/2000] 02600/03000, Loss=0.00476, gfake=-48.95837 errG=31227.84375
[Epoch: 5/2000] 02800/03000, Loss=0.00377, gfake=-37.35622 errG=26675.88672
Epoch: 5, Derain_Loss=0.00395
This epoch take time 318.06
----------------------------------------------------------------------------------------------------
lr_Derain 0.000200
lr_ED 0.000100
lrD 0.000400
[Epoch: 6/2000] 00000/03000, Loss=0.00384, gfake=-24.98038 errG=20822.24023
[Epoch: 6/2000] 00200/03000, Loss=0.00308, gfake=-35.95531 errG=25278.05273
[Epoch: 6/2000] 00400/03000, Loss=0.00264, gfake=-37.92397 errG=20132.18945
[Epoch: 6/2000] 00600/03000, Loss=0.00262, gfake=-40.53394 errG=20316.80469
[Epoch: 6/2000] 00800/03000, Loss=0.00286, gfake=-43.39285 errG=20168.14844
[Epoch: 6/2000] 01000/03000, Loss=0.00301, gfake=-28.63395 errG=22828.91602
[Epoch: 6/2000] 01200/03000, Loss=0.00331, gfake=-50.69536 errG=21362.39453
[Epoch: 6/2000] 01400/03000, Loss=0.00448, gfake=-14.80370 errG=27113.66602
[Epoch: 6/2000] 01600/03000, Loss=0.00461, gfake=-20.53629 errG=27856.37695
[Epoch: 6/2000] 01800/03000, Loss=0.00458, gfake=-38.85648 errG=28161.89648
[Epoch: 6/2000] 02000/03000, Loss=0.00443, gfake=-21.15784 errG=26415.36328
[Epoch: 6/2000] 02200/03000, Loss=0.00516, gfake=-43.32433 errG=31471.88477
[Epoch: 6/2000] 02400/03000, Loss=0.00398, gfake=-38.74515 errG=27556.92969
[Epoch: 6/2000] 02600/03000, Loss=0.00422, gfake=-13.80300 errG=28795.27344
[Epoch: 6/2000] 02800/03000, Loss=0.00388, gfake=-29.38928 errG=22894.55664
Epoch: 6, Derain_Loss=0.00383
This epoch take time 316.89
----------------------------------------------------------------------------------------------------
lr_Derain 0.000200
lr_ED 0.000100
lrD 0.000400
[Epoch: 7/2000] 00000/03000, Loss=0.00300, gfake=-34.00731 errG=23883.33789
[Epoch: 7/2000] 00200/03000, Loss=0.00390, gfake=-28.84577 errG=20541.71484
[Epoch: 7/2000] 00400/03000, Loss=0.00289, gfake=-39.13762 errG=23429.33984
[Epoch: 7/2000] 00600/03000, Loss=0.00273, gfake=-24.85649 errG=23956.45898
[Epoch: 7/2000] 00800/03000, Loss=0.00313, gfake=-32.94783 errG=27112.77539
[Epoch: 7/2000] 01000/03000, Loss=0.00351, gfake=-32.88852 errG=22863.08789
[Epoch: 7/2000] 01200/03000, Loss=0.00290, gfake=-27.52802 errG=20573.04297
[Epoch: 7/2000] 01400/03000, Loss=0.00353, gfake=-29.42739 errG=22097.32812
[Epoch: 7/2000] 01600/03000, Loss=0.00303, gfake=-42.98580 errG=23396.83203
[Epoch: 7/2000] 01800/03000, Loss=0.00360, gfake=-23.48857 errG=23221.70117
[Epoch: 7/2000] 02000/03000, Loss=0.00283, gfake=-39.11739 errG=18341.37305
[Epoch: 7/2000] 02200/03000, Loss=0.00476, gfake=-11.74728 errG=28618.10742
[Epoch: 7/2000] 02400/03000, Loss=0.00417, gfake=-38.81617 errG=27882.31836
[Epoch: 7/2000] 02600/03000, Loss=0.00431, gfake=-33.80223 errG=22141.09180
[Epoch: 7/2000] 02800/03000, Loss=0.00412, gfake=-27.46633 errG=25491.80664
Epoch: 7, Derain_Loss=0.00373
This epoch take time 318.08
----------------------------------------------------------------------------------------------------
lr_Derain 0.000200
lr_ED 0.000100
lrD 0.000400
[Epoch: 8/2000] 00000/03000, Loss=0.00344, gfake=-33.59676 errG=25631.77148
[Epoch: 8/2000] 00200/03000, Loss=0.00263, gfake=-30.82117 errG=22936.54688
[Epoch: 8/2000] 00400/03000, Loss=0.00408, gfake=-40.66220 errG=24217.35547
[Epoch: 8/2000] 00600/03000, Loss=0.00419, gfake=-36.92948 errG=31361.80469
[Epoch: 8/2000] 00800/03000, Loss=0.00353, gfake=-35.30673 errG=15452.12500
[Epoch: 8/2000] 01000/03000, Loss=0.00382, gfake=-24.00735 errG=23584.51367
[Epoch: 8/2000] 01200/03000, Loss=0.00377, gfake=-35.62542 errG=27075.06641
[Epoch: 8/2000] 01400/03000, Loss=0.00366, gfake=-27.82615 errG=26997.34766
[Epoch: 8/2000] 01600/03000, Loss=0.00391, gfake=-37.07625 errG=24198.08984
[Epoch: 8/2000] 01800/03000, Loss=0.00510, gfake=-30.70924 errG=27502.94141
[Epoch: 8/2000] 02000/03000, Loss=0.00315, gfake=-33.20572 errG=26986.23633
[Epoch: 8/2000] 02200/03000, Loss=0.00521, gfake=-24.11357 errG=30491.94922
[Epoch: 8/2000] 02400/03000, Loss=0.00217, gfake=-31.26178 errG=19798.63281
[Epoch: 8/2000] 02600/03000, Loss=0.00445, gfake=-14.11871 errG=35244.26562
[Epoch: 8/2000] 02800/03000, Loss=0.00414, gfake=-29.05358 errG=33719.63281
Epoch: 8, Derain_Loss=0.00356
This epoch take time 318.41
----------------------------------------------------------------------------------------------------
lr_Derain 0.000200
lr_ED 0.000100
lrD 0.000400
[Epoch: 9/2000] 00000/03000, Loss=0.00426, gfake=-27.54901 errG=24390.58008
[Epoch: 9/2000] 00200/03000, Loss=0.00435, gfake=-22.37490 errG=24002.29297
[Epoch: 9/2000] 00400/03000, Loss=0.00276, gfake=-37.62709 errG=22709.60547
[Epoch: 9/2000] 00600/03000, Loss=0.00386, gfake=-24.87488 errG=21299.35742
[Epoch: 9/2000] 00800/03000, Loss=0.00301, gfake=-32.63647 errG=20161.91602
[Epoch: 9/2000] 01000/03000, Loss=0.00536, gfake=-34.78035 errG=25231.75781
[Epoch: 9/2000] 01200/03000, Loss=0.00373, gfake=-24.04142 errG=21716.82617
[Epoch: 9/2000] 01400/03000, Loss=0.00379, gfake=-20.15071 errG=22884.98047
[Epoch: 9/2000] 01600/03000, Loss=0.00716, gfake=-18.08269 errG=34926.99219
[Epoch: 9/2000] 01800/03000, Loss=0.00466, gfake=-22.31003 errG=32114.66211
[Epoch: 9/2000] 02000/03000, Loss=0.00201, gfake=-34.68117 errG=20592.55273
[Epoch: 9/2000] 02200/03000, Loss=0.00471, gfake=-23.36693 errG=23469.19141
[Epoch: 9/2000] 02400/03000, Loss=0.00288, gfake=-33.94999 errG=20151.01953
[Epoch: 9/2000] 02600/03000, Loss=0.00417, gfake=-33.07042 errG=27788.76953
[Epoch: 9/2000] 02800/03000, Loss=0.00252, gfake=-35.13186 errG=23872.37891
Epoch: 9, Derain_Loss=0.00336
This epoch take time 317.25
----------------------------------------------------------------------------------------------------
lr_Derain 0.000200
lr_ED 0.000100
lrD 0.000400
[Epoch:10/2000] 00000/03000, Loss=0.00297, gfake=-34.12433 errG=24809.39258
[Epoch:10/2000] 00200/03000, Loss=0.00315, gfake=-19.32627 errG=23744.11914
[Epoch:10/2000] 00400/03000, Loss=0.00442, gfake=-16.93190 errG=28616.67969
[Epoch:10/2000] 00600/03000, Loss=0.00496, gfake=-37.17078 errG=26990.14258
[Epoch:10/2000] 00800/03000, Loss=0.00477, gfake=-28.06569 errG=25933.99609
[Epoch:10/2000] 01000/03000, Loss=0.00300, gfake=-27.30847 errG=22711.40039
[Epoch:10/2000] 01200/03000, Loss=0.00338, gfake=-23.98212 errG=17480.09961
[Epoch:10/2000] 01400/03000, Loss=0.00424, gfake=-20.80715 errG=28037.04688
[Epoch:10/2000] 01600/03000, Loss=0.00203, gfake=-26.55066 errG=20834.99414
[Epoch:10/2000] 01800/03000, Loss=0.00369, gfake=-17.52618 errG=33196.93750
[Epoch:10/2000] 02000/03000, Loss=0.00315, gfake=-24.07136 errG=27044.31641
[Epoch:10/2000] 02200/03000, Loss=0.00308, gfake=-8.26601 errG=26332.29297
[Epoch:10/2000] 02400/03000, Loss=0.00203, gfake=-25.20826 errG=21695.09961
[Epoch:10/2000] 02600/03000, Loss=0.00273, gfake=-24.84502 errG=23258.79297
[Epoch:10/2000] 02800/03000, Loss=0.00288, gfake=-25.55670 errG=28510.58789
Epoch:10, Derain_Loss=0.00322
This epoch take time 317.91
----------------------------------------------------------------------------------------------------
lr_Derain 0.000200
lr_ED 0.000100
lrD 0.000400
[Epoch:11/2000] 00000/03000, Loss=0.00282, gfake=-21.66860 errG=21635.28906
[Epoch:11/2000] 00200/03000, Loss=0.00238, gfake=-26.71115 errG=20445.68750
[Epoch:11/2000] 00400/03000, Loss=0.00272, gfake=-25.31461 errG=20584.49023
[Epoch:11/2000] 00600/03000, Loss=0.00235, gfake=-19.95770 errG=19899.40625
[Epoch:11/2000] 00800/03000, Loss=0.00134, gfake=-36.81483 errG=14179.18652
[Epoch:11/2000] 01000/03000, Loss=0.00239, gfake=-10.50656 errG=21628.61328
[Epoch:11/2000] 01200/03000, Loss=0.00424, gfake=-2.45827 errG=29145.98828
[Epoch:11/2000] 01400/03000, Loss=0.00299, gfake=-16.22005 errG=21753.01172
[Epoch:11/2000] 01600/03000, Loss=0.00217, gfake=-28.34768 errG=21579.67773
[Epoch:11/2000] 01800/03000, Loss=0.00283, gfake=-25.34997 errG=20521.06836
[Epoch:11/2000] 02000/03000, Loss=0.00544, gfake=-24.16333 errG=37404.06250
[Epoch:11/2000] 02200/03000, Loss=0.00256, gfake=-33.48450 errG=18966.39844
[Epoch:11/2000] 02400/03000, Loss=0.00371, gfake=-24.91358 errG=26563.62695
[Epoch:11/2000] 02600/03000, Loss=0.00315, gfake=-21.81431 errG=22576.23633
[Epoch:11/2000] 02800/03000, Loss=0.00243, gfake=-24.20981 errG=25919.21289
Epoch:11, Derain_Loss=0.00313
This epoch take time 318.23
----------------------------------------------------------------------------------------------------
lr_Derain 0.000200
lr_ED 0.000100
lrD 0.000400
[Epoch:12/2000] 00000/03000, Loss=0.00182, gfake=-19.41636 errG=22767.82617
[Epoch:12/2000] 00200/03000, Loss=0.00290, gfake=-22.06233 errG=21551.39844
[Epoch:12/2000] 00400/03000, Loss=0.00280, gfake=-31.03479 errG=17604.44531
[Epoch:12/2000] 00600/03000, Loss=0.00223, gfake=-21.94356 errG=19790.93750
[Epoch:12/2000] 00800/03000, Loss=0.00144, gfake=-27.54239 errG=16478.14258
[Epoch:12/2000] 01000/03000, Loss=0.00310, gfake=-15.63392 errG=15599.87500
[Epoch:12/2000] 01200/03000, Loss=0.00361, gfake=-21.22253 errG=27730.49219
[Epoch:12/2000] 01400/03000, Loss=0.00395, gfake=-28.25045 errG=31733.68359
[Epoch:12/2000] 01600/03000, Loss=0.00338, gfake=-22.75552 errG=27875.34180
[Epoch:12/2000] 01800/03000, Loss=0.00214, gfake=-19.11757 errG=22019.64062
[Epoch:12/2000] 02000/03000, Loss=0.00346, gfake=-27.58961 errG=29350.93945
[Epoch:12/2000] 02200/03000, Loss=0.00282, gfake=-22.25359 errG=25752.29492
[Epoch:12/2000] 02400/03000, Loss=0.00285, gfake=-25.23253 errG=23938.74219
[Epoch:12/2000] 02600/03000, Loss=0.00340, gfake=-27.09478 errG=23261.98438
[Epoch:12/2000] 02800/03000, Loss=0.00229, gfake=-23.52125 errG=23794.30859
Epoch:12, Derain_Loss=0.00300
This epoch take time 317.61
----------------------------------------------------------------------------------------------------
lr_Derain 0.000200
lr_ED 0.000100
lrD 0.000400
[Epoch:13/2000] 00000/03000, Loss=0.00168, gfake=-29.57895 errG=19083.07812
[Epoch:13/2000] 00200/03000, Loss=0.00339, gfake=-24.17401 errG=30093.43750
[Epoch:13/2000] 00400/03000, Loss=0.00179, gfake=-29.76616 errG=19144.00000
[Epoch:13/2000] 00600/03000, Loss=0.00376, gfake=-28.93851 errG=23738.15430
[Epoch:13/2000] 00800/03000, Loss=0.00210, gfake=-29.70748 errG=23328.29688
[Epoch:13/2000] 01000/03000, Loss=0.00244, gfake=-19.04466 errG=23617.47656
[Epoch:13/2000] 01200/03000, Loss=0.00395, gfake=-14.46492 errG=28999.00391
[Epoch:13/2000] 01400/03000, Loss=0.00386, gfake=-19.35891 errG=26073.74219
[Epoch:13/2000] 01600/03000, Loss=0.00342, gfake=-9.55896 errG=24190.51562
[Epoch:13/2000] 01800/03000, Loss=0.00230, gfake=-7.31097 errG=25114.16406
[Epoch:13/2000] 02000/03000, Loss=0.00295, gfake=-15.39479 errG=21094.91602
[Epoch:13/2000] 02200/03000, Loss=0.00273, gfake=-21.76856 errG=27679.27344
[Epoch:13/2000] 02400/03000, Loss=0.00300, gfake=-14.63422 errG=21158.48047
[Epoch:13/2000] 02600/03000, Loss=0.00392, gfake=-22.55427 errG=27825.50781
[Epoch:13/2000] 02800/03000, Loss=0.00283, gfake=-16.47347 errG=30709.51367
Epoch:13, Derain_Loss=0.00295
This epoch take time 317.80
----------------------------------------------------------------------------------------------------
lr_Derain 0.000200
lr_ED 0.000100
lrD 0.000400
[Epoch:14/2000] 00000/03000, Loss=0.00143, gfake=-28.75255 errG=18374.53516
[Epoch:14/2000] 00200/03000, Loss=0.00337, gfake=-19.02019 errG=23567.13867
[Epoch:14/2000] 00400/03000, Loss=0.00283, gfake=-24.34601 errG=31394.95703
[Epoch:14/2000] 00600/03000, Loss=0.00230, gfake=-7.78407 errG=18855.12695
[Epoch:14/2000] 00800/03000, Loss=0.00177, gfake=-23.62428 errG=15769.46875
[Epoch:14/2000] 01000/03000, Loss=0.00212, gfake=-20.72537 errG=26287.60156
[Epoch:14/2000] 01200/03000, Loss=0.00209, gfake=-20.36203 errG=20854.28906
[Epoch:14/2000] 01400/03000, Loss=0.00185, gfake=-9.97670 errG=23162.68555
[Epoch:14/2000] 01600/03000, Loss=0.00397, gfake=-19.62406 errG=24582.25977
[Epoch:14/2000] 01800/03000, Loss=0.00244, gfake=-11.59094 errG=27688.94336
[Epoch:14/2000] 02000/03000, Loss=0.00242, gfake=-2.65682 errG=21407.57617
[Epoch:14/2000] 02200/03000, Loss=0.00324, gfake=-22.22086 errG=24933.26953
[Epoch:14/2000] 02400/03000, Loss=0.00202, gfake=-6.18898 errG=20420.32617
[Epoch:14/2000] 02600/03000, Loss=0.00325, gfake=-12.14811 errG=26454.20703
[Epoch:14/2000] 02800/03000, Loss=0.00256, gfake=-9.15739 errG=23708.88086
Epoch:14, Derain_Loss=0.00287
This epoch take time 318.37
----------------------------------------------------------------------------------------------------
lr_Derain 0.000200
lr_ED 0.000100
lrD 0.000400
[Epoch:15/2000] 00000/03000, Loss=0.00229, gfake=-14.05727 errG=16361.47852
[Epoch:15/2000] 00200/03000, Loss=0.00397, gfake=-9.73997 errG=28190.22070
[Epoch:15/2000] 00400/03000, Loss=0.00341, gfake=-10.27379 errG=29011.67578
[Epoch:15/2000] 00600/03000, Loss=0.00443, gfake=-19.78469 errG=28089.49609
[Epoch:15/2000] 00800/03000, Loss=0.00205, gfake=-24.19538 errG=19266.30664
[Epoch:15/2000] 01000/03000, Loss=0.00336, gfake=-10.20186 errG=25724.97461
[Epoch:15/2000] 01200/03000, Loss=0.00217, gfake=-15.51271 errG=17808.24023
[Epoch:15/2000] 01400/03000, Loss=0.00126, gfake=-19.02596 errG=17578.41016
[Epoch:15/2000] 01600/03000, Loss=0.00182, gfake=-18.07348 errG=15205.91992
[Epoch:15/2000] 01800/03000, Loss=0.00227, gfake=-21.32103 errG=14733.41016
[Epoch:15/2000] 02000/03000, Loss=0.00300, gfake=-14.46420 errG=26499.40625
[Epoch:15/2000] 02200/03000, Loss=0.00268, gfake=-9.75674 errG=28722.41211
[Epoch:15/2000] 02400/03000, Loss=0.00302, gfake=-2.89935 errG=25020.60938
[Epoch:15/2000] 02600/03000, Loss=0.00189, gfake=-18.66258 errG=19750.20703
[Epoch:15/2000] 02800/03000, Loss=0.00391, gfake=-12.94489 errG=28179.48047
Epoch:15, Derain_Loss=0.00280
This epoch take time 317.69
----------------------------------------------------------------------------------------------------
lr_Derain 0.000200
lr_ED 0.000100
lrD 0.000400
[Epoch:16/2000] 00000/03000, Loss=0.00377, gfake=-12.68943 errG=34501.47266
[Epoch:16/2000] 00200/03000, Loss=0.00189, gfake=-18.53678 errG=22324.24414
[Epoch:16/2000] 00400/03000, Loss=0.00304, gfake=-19.86630 errG=22945.53906
[Epoch:16/2000] 00600/03000, Loss=0.00362, gfake=-10.05572 errG=33332.58203
[Epoch:16/2000] 00800/03000, Loss=0.00308, gfake=-8.86718 errG=16965.38867
[Epoch:16/2000] 01000/03000, Loss=0.00279, gfake=-16.71195 errG=26293.92383
[Epoch:16/2000] 01200/03000, Loss=0.00228, gfake=-7.12656 errG=27121.79492
[Epoch:16/2000] 01400/03000, Loss=0.00226, gfake=-0.80701 errG=28603.68750
[Epoch:16/2000] 01600/03000, Loss=0.00225, gfake=-18.73138 errG=17151.33008
[Epoch:16/2000] 01800/03000, Loss=0.00427, gfake=-1.92969 errG=24275.89844
[Epoch:16/2000] 02000/03000, Loss=0.00241, gfake=-21.56506 errG=23363.40039
[Epoch:16/2000] 02200/03000, Loss=0.00297, gfake=-7.97637 errG=21616.03906
[Epoch:16/2000] 02400/03000, Loss=0.00236, gfake=-15.33523 errG=23303.51758
[Epoch:16/2000] 02600/03000, Loss=0.00340, gfake=-10.46018 errG=28011.55078
[Epoch:16/2000] 02800/03000, Loss=0.00531, gfake=-16.85355 errG=29852.20898
Epoch:16, Derain_Loss=0.00273
This epoch take time 318.02
----------------------------------------------------------------------------------------------------
lr_Derain 0.000200
lr_ED 0.000100
lrD 0.000400
[Epoch:17/2000] 00000/03000, Loss=0.00277, gfake=-20.96453 errG=22630.73828
[Epoch:17/2000] 00200/03000, Loss=0.00263, gfake=-16.65115 errG=25023.08203
[Epoch:17/2000] 00400/03000, Loss=0.00234, gfake=-28.94468 errG=17878.62305
[Epoch:17/2000] 00600/03000, Loss=0.00308, gfake=-14.14120 errG=30459.17773
[Epoch:17/2000] 00800/03000, Loss=0.00238, gfake=-10.96360 errG=29710.66406
[Epoch:17/2000] 01000/03000, Loss=0.00357, gfake=7.27049 errG=32931.16797
[Epoch:17/2000] 01200/03000, Loss=0.00303, gfake=-12.00391 errG=30648.99805
[Epoch:17/2000] 01400/03000, Loss=0.00274, gfake=-20.78483 errG=21233.09570
[Epoch:17/2000] 01600/03000, Loss=0.00123, gfake=-13.23180 errG=14497.02344
[Epoch:17/2000] 01800/03000, Loss=0.00264, gfake=-19.78288 errG=25022.42969
[Epoch:17/2000] 02000/03000, Loss=0.00249, gfake=-20.94737 errG=18953.04688
[Epoch:17/2000] 02200/03000, Loss=0.00352, gfake=-12.47764 errG=19758.80469
[Epoch:17/2000] 02400/03000, Loss=0.00396, gfake=-14.57274 errG=31354.93359
[Epoch:17/2000] 02600/03000, Loss=0.00380, gfake=-11.76999 errG=36009.15625
[Epoch:17/2000] 02800/03000, Loss=0.00262, gfake=-19.44802 errG=24459.49023
Epoch:17, Derain_Loss=0.00267
This epoch take time 316.22
----------------------------------------------------------------------------------------------------
lr_Derain 0.000200
lr_ED 0.000100
lrD 0.000400
[Epoch:18/2000] 00000/03000, Loss=0.00205, gfake=-10.52928 errG=16797.63086
[Epoch:18/2000] 00200/03000, Loss=0.00317, gfake=-18.57048 errG=25371.43750
[Epoch:18/2000] 00400/03000, Loss=0.00156, gfake=-25.87537 errG=20252.08203
[Epoch:18/2000] 00600/03000, Loss=0.00158, gfake=-13.20334 errG=21071.89258
[Epoch:18/2000] 00800/03000, Loss=0.00217, gfake=-13.60386 errG=24470.23828
[Epoch:18/2000] 01000/03000, Loss=0.00188, gfake=-18.65473 errG=20384.76172
[Epoch:18/2000] 01200/03000, Loss=0.00401, gfake=-19.07788 errG=31748.76562
[Epoch:18/2000] 01400/03000, Loss=0.00245, gfake=-18.49176 errG=24781.78320
[Epoch:18/2000] 01600/03000, Loss=0.00459, gfake=-19.80238 errG=37391.46094
[Epoch:18/2000] 01800/03000, Loss=0.00312, gfake=-17.54897 errG=27481.88477
[Epoch:18/2000] 02000/03000, Loss=0.00242, gfake=-4.61586 errG=31283.47852
[Epoch:18/2000] 02200/03000, Loss=0.00224, gfake=-11.08432 errG=22236.50000
[Epoch:18/2000] 02400/03000, Loss=0.00337, gfake=-20.13150 errG=28166.17578
[Epoch:18/2000] 02600/03000, Loss=0.00232, gfake=-14.72135 errG=17573.39648
[Epoch:18/2000] 02800/03000, Loss=0.00280, gfake=-8.47764 errG=26566.85352
Epoch:18, Derain_Loss=0.00260
This epoch take time 316.06
----------------------------------------------------------------------------------------------------
lr_Derain 0.000200
lr_ED 0.000100
lrD 0.000400
[Epoch:19/2000] 00000/03000, Loss=0.00279, gfake=-11.14915 errG=21995.76367
[Epoch:19/2000] 00200/03000, Loss=0.00338, gfake=-5.72421 errG=29803.01367
[Epoch:19/2000] 00400/03000, Loss=0.00311, gfake=-24.68523 errG=26498.23438
[Epoch:19/2000] 00600/03000, Loss=0.00143, gfake=-18.73675 errG=18243.34375
[Epoch:19/2000] 00800/03000, Loss=0.00285, gfake=-18.27215 errG=23748.97656
[Epoch:19/2000] 01000/03000, Loss=0.00245, gfake=-19.93521 errG=21207.11133
[Epoch:19/2000] 01200/03000, Loss=0.00206, gfake=-13.79413 errG=25218.28516
[Epoch:19/2000] 01400/03000, Loss=0.00243, gfake=-16.12000 errG=24959.23047
[Epoch:19/2000] 01600/03000, Loss=0.00455, gfake=-19.84690 errG=28999.09570
[Epoch:19/2000] 01800/03000, Loss=0.00352, gfake=-15.91094 errG=25623.72266
[Epoch:19/2000] 02000/03000, Loss=0.00228, gfake=-19.46366 errG=26721.94727
[Epoch:19/2000] 02200/03000, Loss=0.00175, gfake=-22.76917 errG=19964.75586
[Epoch:19/2000] 02400/03000, Loss=0.00286, gfake=-17.68522 errG=27457.78125
[Epoch:19/2000] 02600/03000, Loss=0.00250, gfake=-0.85455 errG=24089.19336
[Epoch:19/2000] 02800/03000, Loss=0.00258, gfake=-1.99451 errG=25336.33008
Epoch:19, Derain_Loss=0.00260
This epoch take time 313.65
----------------------------------------------------------------------------------------------------
lr_Derain 0.000200
lr_ED 0.000100
lrD 0.000400
[Epoch:20/2000] 00000/03000, Loss=0.00304, gfake=-19.29807 errG=24057.52148
[Epoch:20/2000] 00200/03000, Loss=0.00124, gfake=-33.50702 errG=17259.65625
[Epoch:20/2000] 00400/03000, Loss=0.00253, gfake=-16.08649 errG=25133.68945
[Epoch:20/2000] 00600/03000, Loss=0.00179, gfake=-10.99401 errG=23797.69531
[Epoch:20/2000] 00800/03000, Loss=0.00271, gfake=-11.51457 errG=27541.11328
[Epoch:20/2000] 01000/03000, Loss=0.00382, gfake=-21.84358 errG=30367.98438
[Epoch:20/2000] 01200/03000, Loss=0.00346, gfake=-14.99075 errG=27374.71680
[Epoch:20/2000] 01400/03000, Loss=0.00460, gfake=-13.45285 errG=31586.98828
[Epoch:20/2000] 01600/03000, Loss=0.00320, gfake=-16.00013 errG=25860.39648
[Epoch:20/2000] 01800/03000, Loss=0.00242, gfake=-21.74561 errG=20675.51953
[Epoch:20/2000] 02000/03000, Loss=0.00267, gfake=-15.48943 errG=22596.89453
[Epoch:20/2000] 02200/03000, Loss=0.00236, gfake=-10.83858 errG=19429.24023
[Epoch:20/2000] 02400/03000, Loss=0.00197, gfake=-13.91320 errG=26680.22852
[Epoch:20/2000] 02600/03000, Loss=0.00260, gfake=-16.95472 errG=28722.46680
[Epoch:20/2000] 02800/03000, Loss=0.00259, gfake=-11.42370 errG=27991.95703
Epoch:20, Derain_Loss=0.00253
This epoch take time 314.77
----------------------------------------------------------------------------------------------------
lr_Derain 0.000200
lr_ED 0.000100
lrD 0.000400
[Epoch:21/2000] 00000/03000, Loss=0.00233, gfake=-13.64686 errG=24060.80273
[Epoch:21/2000] 00200/03000, Loss=0.00296, gfake=-10.39447 errG=28508.17383
[Epoch:21/2000] 00400/03000, Loss=0.00172, gfake=-12.73890 errG=15791.38672
[Epoch:21/2000] 00600/03000, Loss=0.00191, gfake=-22.33571 errG=17740.58008
[Epoch:21/2000] 00800/03000, Loss=0.00309, gfake=-8.32059 errG=30589.65625
[Epoch:21/2000] 01000/03000, Loss=0.00219, gfake=-11.50346 errG=26786.25781
[Epoch:21/2000] 01200/03000, Loss=0.00265, gfake=-15.65966 errG=22790.51758
[Epoch:21/2000] 01400/03000, Loss=0.00316, gfake=-7.91646 errG=28147.62109
[Epoch:21/2000] 01600/03000, Loss=0.00226, gfake=-13.69765 errG=23168.23047
[Epoch:21/2000] 01800/03000, Loss=0.00248, gfake=-17.61388 errG=22704.33398
[Epoch:21/2000] 02000/03000, Loss=0.00184, gfake=-31.69678 errG=24634.91016
[Epoch:21/2000] 02200/03000, Loss=0.00097, gfake=-27.68732 errG=16265.63086
[Epoch:21/2000] 02400/03000, Loss=0.00376, gfake=-8.93347 errG=28856.33008
[Epoch:21/2000] 02600/03000, Loss=0.00206, gfake=-16.17299 errG=25559.28320
[Epoch:21/2000] 02800/03000, Loss=0.00212, gfake=-16.41901 errG=22444.06055
Epoch:21, Derain_Loss=0.00248
This epoch take time 313.51
----------------------------------------------------------------------------------------------------
lr_Derain 0.000200
lr_ED 0.000100
lrD 0.000400
[Epoch:22/2000] 00000/03000, Loss=0.00259, gfake=-11.81621 errG=23988.00586
[Epoch:22/2000] 00200/03000, Loss=0.00269, gfake=-20.37893 errG=24645.78711
[Epoch:22/2000] 00400/03000, Loss=0.00233, gfake=-21.43357 errG=21158.16406
[Epoch:22/2000] 00600/03000, Loss=0.00212, gfake=-29.29318 errG=19262.79688
[Epoch:22/2000] 00800/03000, Loss=0.00176, gfake=-23.26142 errG=18254.86719
[Epoch:22/2000] 01000/03000, Loss=0.00418, gfake=-12.24648 errG=33610.57812
[Epoch:22/2000] 01200/03000, Loss=0.00229, gfake=-9.54054 errG=22549.76953
[Epoch:22/2000] 01400/03000, Loss=0.00159, gfake=-22.24583 errG=16405.78125
[Epoch:22/2000] 01600/03000, Loss=0.00379, gfake=-11.70278 errG=29376.90039
[Epoch:22/2000] 01800/03000, Loss=0.00175, gfake=-20.04752 errG=19373.88086
[Epoch:22/2000] 02000/03000, Loss=0.00185, gfake=-19.90309 errG=22238.52148
[Epoch:22/2000] 02200/03000, Loss=0.00305, gfake=-16.59594 errG=16232.29395
[Epoch:22/2000] 02400/03000, Loss=0.00272, gfake=-16.95535 errG=28108.55469
[Epoch:22/2000] 02600/03000, Loss=0.00131, gfake=-16.86114 errG=20123.88086
[Epoch:22/2000] 02800/03000, Loss=0.00105, gfake=-24.49232 errG=14141.92578
Epoch:22, Derain_Loss=0.00244
This epoch take time 318.00
----------------------------------------------------------------------------------------------------
lr_Derain 0.000200
lr_ED 0.000100
lrD 0.000400
[Epoch:23/2000] 00000/03000, Loss=0.00214, gfake=-17.51697 errG=22761.85352
[Epoch:23/2000] 00200/03000, Loss=0.00360, gfake=-15.66233 errG=31621.60742
[Epoch:23/2000] 00400/03000, Loss=0.00223, gfake=-23.21697 errG=27159.40430
[Epoch:23/2000] 00600/03000, Loss=0.00277, gfake=-10.57743 errG=26580.62891
[Epoch:23/2000] 00800/03000, Loss=0.00332, gfake=-3.70567 errG=22878.98438
[Epoch:23/2000] 01000/03000, Loss=0.00220, gfake=-23.37444 errG=15872.39648
[Epoch:23/2000] 01200/03000, Loss=0.00244, gfake=-15.97323 errG=26096.25391
[Epoch:23/2000] 01400/03000, Loss=0.00281, gfake=-22.78824 errG=27722.96094
[Epoch:23/2000] 01600/03000, Loss=0.00176, gfake=-26.40864 errG=21498.65430
[Epoch:23/2000] 01800/03000, Loss=0.00305, gfake=-11.32267 errG=27042.55273
[Epoch:23/2000] 02000/03000, Loss=0.00159, gfake=-23.22548 errG=24903.60938
[Epoch:23/2000] 02200/03000, Loss=0.00231, gfake=-18.72662 errG=25353.29883
[Epoch:23/2000] 02400/03000, Loss=0.00117, gfake=-30.50641 errG=16866.55664
[Epoch:23/2000] 02600/03000, Loss=0.00280, gfake=-13.98551 errG=26416.52734
[Epoch:23/2000] 02800/03000, Loss=0.00260, gfake=-9.62378 errG=27626.30469
Epoch:23, Derain_Loss=0.00241
This epoch take time 317.47
----------------------------------------------------------------------------------------------------
lr_Derain 0.000200
lr_ED 0.000100
lrD 0.000400
[Epoch:24/2000] 00000/03000, Loss=0.00301, gfake=-14.55011 errG=28593.67969
[Epoch:24/2000] 00200/03000, Loss=0.00221, gfake=-30.83626 errG=23374.64648
[Epoch:24/2000] 00400/03000, Loss=0.00267, gfake=-19.61501 errG=29191.43945
[Epoch:24/2000] 00600/03000, Loss=0.00231, gfake=-13.65201 errG=20283.82422
[Epoch:24/2000] 00800/03000, Loss=0.00207, gfake=-18.15791 errG=19121.16211
[Epoch:24/2000] 01000/03000, Loss=0.00344, gfake=-19.11103 errG=31313.87305
[Epoch:24/2000] 01200/03000, Loss=0.00234, gfake=-10.03883 errG=28677.98633
[Epoch:24/2000] 01400/03000, Loss=0.00268, gfake=-12.82663 errG=30372.89062
[Epoch:24/2000] 01600/03000, Loss=0.00245, gfake=-21.03860 errG=22810.64844
[Epoch:24/2000] 01800/03000, Loss=0.00366, gfake=-20.36473 errG=27123.20898
[Epoch:24/2000] 02000/03000, Loss=0.00145, gfake=-16.46045 errG=18865.15430
[Epoch:24/2000] 02200/03000, Loss=0.00157, gfake=-25.98230 errG=19783.57227
[Epoch:24/2000] 02400/03000, Loss=0.00173, gfake=-27.58227 errG=23312.05273
[Epoch:24/2000] 02600/03000, Loss=0.00209, gfake=-21.56474 errG=24222.14844
[Epoch:24/2000] 02800/03000, Loss=0.00247, gfake=-10.93493 errG=27469.91992
Epoch:24, Derain_Loss=0.00241
This epoch take time 317.96
----------------------------------------------------------------------------------------------------
lr_Derain 0.000200
lr_ED 0.000100
lrD 0.000400
[Epoch:25/2000] 00000/03000, Loss=0.00247, gfake=-17.39189 errG=28362.81055
[Epoch:25/2000] 00200/03000, Loss=0.00236, gfake=-11.84753 errG=25585.37305
[Epoch:25/2000] 00400/03000, Loss=0.00163, gfake=-34.21686 errG=19707.22266
[Epoch:25/2000] 00600/03000, Loss=0.00221, gfake=-18.86160 errG=25595.29688
[Epoch:25/2000] 00800/03000, Loss=0.00180, gfake=-23.08031 errG=19973.60547
[Epoch:25/2000] 01000/03000, Loss=0.00232, gfake=-5.63535 errG=26045.73633
[Epoch:25/2000] 01200/03000, Loss=0.00130, gfake=-13.13561 errG=18891.81055
[Epoch:25/2000] 01400/03000, Loss=0.00206, gfake=-15.72227 errG=24121.62891
[Epoch:25/2000] 01600/03000, Loss=0.00168, gfake=-16.05547 errG=23373.79688
[Epoch:25/2000] 01800/03000, Loss=0.00247, gfake=-17.02827 errG=20626.42969
[Epoch:25/2000] 02000/03000, Loss=0.00239, gfake=-25.66527 errG=23139.55078
[Epoch:25/2000] 02200/03000, Loss=0.00168, gfake=-26.58068 errG=18856.89648
[Epoch:25/2000] 02400/03000, Loss=0.00209, gfake=-26.96818 errG=20666.93359
[Epoch:25/2000] 02600/03000, Loss=0.00244, gfake=-10.88673 errG=22268.68750
[Epoch:25/2000] 02800/03000, Loss=0.00411, gfake=-19.66013 errG=30057.34180
Epoch:25, Derain_Loss=0.00236
This epoch take time 317.19
----------------------------------------------------------------------------------------------------
lr_Derain 0.000200
lr_ED 0.000100
lrD 0.000400
[Epoch:26/2000] 00000/03000, Loss=0.00111, gfake=-15.86777 errG=20160.73828
[Epoch:26/2000] 00200/03000, Loss=0.00261, gfake=-10.14649 errG=29701.35938
[Epoch:26/2000] 00400/03000, Loss=0.00214, gfake=-16.74447 errG=25138.75000
[Epoch:26/2000] 00600/03000, Loss=0.00385, gfake=-9.38163 errG=41819.24609
[Epoch:26/2000] 00800/03000, Loss=0.00239, gfake=-24.99485 errG=21904.08398
[Epoch:26/2000] 01000/03000, Loss=0.00231, gfake=-21.90583 errG=18213.28125
[Epoch:26/2000] 01200/03000, Loss=0.00268, gfake=-25.80031 errG=21701.58984
[Epoch:26/2000] 01400/03000, Loss=0.00211, gfake=-10.43293 errG=23213.60352
[Epoch:26/2000] 01600/03000, Loss=0.00135, gfake=-15.32479 errG=15929.52832
[Epoch:26/2000] 01800/03000, Loss=0.00155, gfake=-14.03061 errG=20495.62500
[Epoch:26/2000] 02000/03000, Loss=0.00212, gfake=-13.19086 errG=27164.32031
[Epoch:26/2000] 02200/03000, Loss=0.00414, gfake=-14.74887 errG=36117.01562
[Epoch:26/2000] 02400/03000, Loss=0.00293, gfake=-22.35333 errG=24623.02539
[Epoch:26/2000] 02600/03000, Loss=0.00156, gfake=-15.53677 errG=20598.81250
[Epoch:26/2000] 02800/03000, Loss=0.00205, gfake=-25.86618 errG=20943.79102
Epoch:26, Derain_Loss=0.00234
This epoch take time 317.81
----------------------------------------------------------------------------------------------------
lr_Derain 0.000200
lr_ED 0.000100
lrD 0.000400
[Epoch:27/2000] 00000/03000, Loss=0.00267, gfake=-14.76326 errG=28140.29688
[Epoch:27/2000] 00200/03000, Loss=0.00160, gfake=-23.80410 errG=16297.04980
[Epoch:27/2000] 00400/03000, Loss=0.00308, gfake=-15.34323 errG=31809.81641
[Epoch:27/2000] 00600/03000, Loss=0.00272, gfake=-18.38322 errG=23854.89453
[Epoch:27/2000] 00800/03000, Loss=0.00238, gfake=-23.97000 errG=24061.12500
[Epoch:27/2000] 01000/03000, Loss=0.00155, gfake=-19.32270 errG=18859.95508
[Epoch:27/2000] 01200/03000, Loss=0.00327, gfake=-18.53267 errG=31560.42578
[Epoch:27/2000] 01400/03000, Loss=0.00209, gfake=-23.79523 errG=24296.85156
[Epoch:27/2000] 01600/03000, Loss=0.00210, gfake=-16.74623 errG=23739.36133
[Epoch:27/2000] 01800/03000, Loss=0.00260, gfake=-21.51788 errG=26629.07617
[Epoch:27/2000] 02000/03000, Loss=0.00149, gfake=-17.18949 errG=21122.51758
[Epoch:27/2000] 02200/03000, Loss=0.00175, gfake=-20.01194 errG=22550.79688
[Epoch:27/2000] 02400/03000, Loss=0.00131, gfake=-7.51460 errG=27575.59375
[Epoch:27/2000] 02600/03000, Loss=0.00229, gfake=-9.73679 errG=18024.70898
[Epoch:27/2000] 02800/03000, Loss=0.00255, gfake=-13.40855 errG=25426.53516
Epoch:27, Derain_Loss=0.00228
This epoch take time 317.61
----------------------------------------------------------------------------------------------------
lr_Derain 0.000200
lr_ED 0.000100
lrD 0.000400
[Epoch:28/2000] 00000/03000, Loss=0.00205, gfake=-18.47921 errG=21347.58398
[Epoch:28/2000] 00200/03000, Loss=0.00229, gfake=-26.19561 errG=28368.73242
[Epoch:28/2000] 00400/03000, Loss=0.00106, gfake=-14.09244 errG=23229.62305
[Epoch:28/2000] 00600/03000, Loss=0.00302, gfake=-5.46778 errG=39580.64844
[Epoch:28/2000] 00800/03000, Loss=0.00423, gfake=-24.20211 errG=36725.32031
[Epoch:28/2000] 01000/03000, Loss=0.00218, gfake=-21.17701 errG=22644.92773
[Epoch:28/2000] 01200/03000, Loss=0.00163, gfake=-19.34395 errG=18029.52148
[Epoch:28/2000] 01400/03000, Loss=0.00235, gfake=-14.22393 errG=20542.99023
[Epoch:28/2000] 01600/03000, Loss=0.00283, gfake=-24.12643 errG=28794.98242
[Epoch:28/2000] 01800/03000, Loss=0.00178, gfake=-17.08052 errG=21713.24023
[Epoch:28/2000] 02000/03000, Loss=0.00236, gfake=-24.65208 errG=21829.75195
[Epoch:28/2000] 02200/03000, Loss=0.00159, gfake=-24.07838 errG=19433.93945
[Epoch:28/2000] 02400/03000, Loss=0.00236, gfake=-6.93578 errG=26951.08984
[Epoch:28/2000] 02600/03000, Loss=0.00140, gfake=-28.47597 errG=17867.61719
[Epoch:28/2000] 02800/03000, Loss=0.00152, gfake=-25.12723 errG=19239.22656
Epoch:28, Derain_Loss=0.00227
This epoch take time 318.74
----------------------------------------------------------------------------------------------------
lr_Derain 0.000200
lr_ED 0.000100
lrD 0.000400
[Epoch:29/2000] 00000/03000, Loss=0.00222, gfake=-16.41556 errG=23091.22852
[Epoch:29/2000] 00200/03000, Loss=0.00267, gfake=-5.94169 errG=28186.18359
[Epoch:29/2000] 00400/03000, Loss=0.00338, gfake=-12.41460 errG=28306.64062
[Epoch:29/2000] 00600/03000, Loss=0.00326, gfake=-20.02867 errG=28940.29297
[Epoch:29/2000] 00800/03000, Loss=0.00346, gfake=-17.46830 errG=28358.98047
[Epoch:29/2000] 01000/03000, Loss=0.00245, gfake=-2.12818 errG=31479.00000
[Epoch:29/2000] 01200/03000, Loss=0.00158, gfake=-16.42340 errG=21648.20508
[Epoch:29/2000] 01400/03000, Loss=0.00276, gfake=-7.61477 errG=25294.21875
[Epoch:29/2000] 01600/03000, Loss=0.00198, gfake=-14.44908 errG=19836.22070
[Epoch:29/2000] 01800/03000, Loss=0.00281, gfake=-15.39618 errG=22784.90234
[Epoch:29/2000] 02000/03000, Loss=0.00200, gfake=-20.94262 errG=18548.61133
[Epoch:29/2000] 02200/03000, Loss=0.00191, gfake=-20.48713 errG=18590.00195
[Epoch:29/2000] 02400/03000, Loss=0.00154, gfake=-9.57531 errG=22323.74805
[Epoch:29/2000] 02600/03000, Loss=0.00167, gfake=-7.54846 errG=23779.60156
[Epoch:29/2000] 02800/03000, Loss=0.00215, gfake=-18.28181 errG=23712.52539
Epoch:29, Derain_Loss=0.00225
This epoch take time 317.99
----------------------------------------------------------------------------------------------------
lr_Derain 0.000200
lr_ED 0.000100
lrD 0.000400
[Epoch:30/2000] 00000/03000, Loss=0.00229, gfake=-6.42635 errG=24412.10938
[Epoch:30/2000] 00200/03000, Loss=0.00272, gfake=-23.59709 errG=25477.25195
[Epoch:30/2000] 00400/03000, Loss=0.00178, gfake=-21.42447 errG=22291.85352
[Epoch:30/2000] 00600/03000, Loss=0.00154, gfake=-14.35470 errG=18392.17383
[Epoch:30/2000] 00800/03000, Loss=0.00364, gfake=-14.62057 errG=30736.37305
[Epoch:30/2000] 01000/03000, Loss=0.00221, gfake=-23.41194 errG=21834.29102
[Epoch:30/2000] 01200/03000, Loss=0.00221, gfake=-11.64285 errG=27600.69727
[Epoch:30/2000] 01400/03000, Loss=0.00155, gfake=-20.16507 errG=21565.96680
[Epoch:30/2000] 01600/03000, Loss=0.00205, gfake=-15.56234 errG=25686.87109
[Epoch:30/2000] 01800/03000, Loss=0.00273, gfake=-9.79959 errG=27441.96289
[Epoch:30/2000] 02000/03000, Loss=0.00244, gfake=-19.01875 errG=19388.47461
[Epoch:30/2000] 02200/03000, Loss=0.00261, gfake=-22.30840 errG=26333.53906
[Epoch:30/2000] 02400/03000, Loss=0.00166, gfake=-15.73397 errG=23527.54297
[Epoch:30/2000] 02600/03000, Loss=0.00222, gfake=-15.61158 errG=22057.53125
[Epoch:30/2000] 02800/03000, Loss=0.00229, gfake=-26.17114 errG=23040.54883
Epoch:30, Derain_Loss=0.00223
This epoch take time 319.44
----------------------------------------------------------------------------------------------------
lr_Derain 0.000200
lr_ED 0.000100
lrD 0.000400
[Epoch:31/2000] 00000/03000, Loss=0.00214, gfake=-17.66986 errG=22665.76562
[Epoch:31/2000] 00200/03000, Loss=0.00161, gfake=-13.66095 errG=17471.23633
[Epoch:31/2000] 00400/03000, Loss=0.00189, gfake=-17.46775 errG=21838.44922
[Epoch:31/2000] 00600/03000, Loss=0.00127, gfake=-12.67234 errG=26487.87891
[Epoch:31/2000] 00800/03000, Loss=0.00232, gfake=-25.61234 errG=21595.73242
[Epoch:31/2000] 01000/03000, Loss=0.00344, gfake=-14.81165 errG=29317.95703
[Epoch:31/2000] 01200/03000, Loss=0.00149, gfake=-22.42851 errG=25088.71484
[Epoch:31/2000] 01400/03000, Loss=0.00188, gfake=-15.32082 errG=23881.49609
[Epoch:31/2000] 01600/03000, Loss=0.00154, gfake=-20.79374 errG=19455.71875
[Epoch:31/2000] 01800/03000, Loss=0.00225, gfake=-6.74310 errG=30639.68359
[Epoch:31/2000] 02000/03000, Loss=0.00223, gfake=-20.50443 errG=22331.82031
[Epoch:31/2000] 02200/03000, Loss=0.00217, gfake=-18.84534 errG=21654.62500
[Epoch:31/2000] 02400/03000, Loss=0.00212, gfake=-13.91897 errG=27443.08398
[Epoch:31/2000] 02600/03000, Loss=0.00402, gfake=2.55196 errG=27863.55469
[Epoch:31/2000] 02800/03000, Loss=0.00144, gfake=-20.33917 errG=19654.00586
Epoch:31, Derain_Loss=0.00221
This epoch take time 317.99
----------------------------------------------------------------------------------------------------
lr_Derain 0.000200
lr_ED 0.000100
lrD 0.000400
[Epoch:32/2000] 00000/03000, Loss=0.00141, gfake=-26.12586 errG=16419.53711
[Epoch:32/2000] 00200/03000, Loss=0.00209, gfake=-8.73700 errG=28615.40234
[Epoch:32/2000] 00400/03000, Loss=0.00210, gfake=-12.20029 errG=24643.89453
[Epoch:32/2000] 00600/03000, Loss=0.00300, gfake=-13.75592 errG=30735.24219
[Epoch:32/2000] 00800/03000, Loss=0.00222, gfake=-6.11714 errG=28654.43945
[Epoch:32/2000] 01000/03000, Loss=0.00134, gfake=-16.49743 errG=19066.32227
[Epoch:32/2000] 01200/03000, Loss=0.00188, gfake=-20.84237 errG=20249.16016
[Epoch:32/2000] 01400/03000, Loss=0.00471, gfake=-9.02347 errG=29496.49805
[Epoch:32/2000] 01600/03000, Loss=0.00198, gfake=-16.10279 errG=24227.43750
[Epoch:32/2000] 01800/03000, Loss=0.00211, gfake=-7.25497 errG=22829.29883
[Epoch:32/2000] 02000/03000, Loss=0.00270, gfake=-23.91836 errG=24883.04492
[Epoch:32/2000] 02200/03000, Loss=0.00189, gfake=-7.74551 errG=20410.47266
[Epoch:32/2000] 02400/03000, Loss=0.00135, gfake=-22.46731 errG=22993.47266
[Epoch:32/2000] 02600/03000, Loss=0.00257, gfake=-10.64793 errG=27781.03516
[Epoch:32/2000] 02800/03000, Loss=0.00203, gfake=-18.28061 errG=20196.23047
Epoch:32, Derain_Loss=0.00217
This epoch take time 317.77
----------------------------------------------------------------------------------------------------
lr_Derain 0.000200
lr_ED 0.000100
lrD 0.000400
[Epoch:33/2000] 00000/03000, Loss=0.00253, gfake=-19.01687 errG=27258.18750
[Epoch:33/2000] 00200/03000, Loss=0.00226, gfake=-23.61916 errG=27556.51953
[Epoch:33/2000] 00400/03000, Loss=0.00360, gfake=-18.17062 errG=32886.28125
[Epoch:33/2000] 00600/03000, Loss=0.00187, gfake=-5.46433 errG=23052.70703
[Epoch:33/2000] 00800/03000, Loss=0.00232, gfake=-9.01394 errG=24652.29297
[Epoch:33/2000] 01000/03000, Loss=0.00262, gfake=-16.23452 errG=18698.16406
[Epoch:33/2000] 01200/03000, Loss=0.00248, gfake=-24.39047 errG=21402.35742
[Epoch:33/2000] 01400/03000, Loss=0.00228, gfake=-19.29036 errG=21007.90430
[Epoch:33/2000] 01600/03000, Loss=0.00096, gfake=-14.99766 errG=20635.22266
[Epoch:33/2000] 01800/03000, Loss=0.00180, gfake=-5.91015 errG=21148.65625
[Epoch:33/2000] 02000/03000, Loss=0.00140, gfake=-1.09584 errG=19277.21289
[Epoch:33/2000] 02200/03000, Loss=0.00134, gfake=-13.01234 errG=22766.86719
[Epoch:33/2000] 02400/03000, Loss=0.00175, gfake=-18.66072 errG=26098.80273
[Epoch:33/2000] 02600/03000, Loss=0.00216, gfake=-8.14852 errG=28188.62500
[Epoch:33/2000] 02800/03000, Loss=0.00198, gfake=-13.36580 errG=23917.30859
Epoch:33, Derain_Loss=0.00215
This epoch take time 317.74
----------------------------------------------------------------------------------------------------
lr_Derain 0.000200
lr_ED 0.000100
lrD 0.000400
[Epoch:34/2000] 00000/03000, Loss=0.00281, gfake=-8.75013 errG=32903.22656
[Epoch:34/2000] 00200/03000, Loss=0.00180, gfake=-22.80612 errG=22390.74219
[Epoch:34/2000] 00400/03000, Loss=0.00233, gfake=-19.64544 errG=27827.91016
[Epoch:34/2000] 00600/03000, Loss=0.00167, gfake=-6.26023 errG=22232.63086
[Epoch:34/2000] 00800/03000, Loss=0.00192, gfake=-19.93995 errG=19772.05664
[Epoch:34/2000] 01000/03000, Loss=0.00233, gfake=-13.45889 errG=22994.23047
[Epoch:34/2000] 01200/03000, Loss=0.00125, gfake=-14.98518 errG=17007.23047
[Epoch:34/2000] 01400/03000, Loss=0.00161, gfake=-15.73080 errG=27764.26758
[Epoch:34/2000] 01600/03000, Loss=0.00151, gfake=-22.77647 errG=18683.99414
[Epoch:34/2000] 01800/03000, Loss=0.00171, gfake=-20.03087 errG=22918.17773
[Epoch:34/2000] 02000/03000, Loss=0.00176, gfake=-15.98003 errG=24802.50391
[Epoch:34/2000] 02200/03000, Loss=0.00248, gfake=-14.95889 errG=28794.11133
[Epoch:34/2000] 02400/03000, Loss=0.00366, gfake=-5.89631 errG=27193.26758
[Epoch:34/2000] 02600/03000, Loss=0.00248, gfake=-15.52901 errG=20484.06055
[Epoch:34/2000] 02800/03000, Loss=0.00149, gfake=-20.33715 errG=18226.40234
Epoch:34, Derain_Loss=0.00211
This epoch take time 319.20
----------------------------------------------------------------------------------------------------
lr_Derain 0.000200
lr_ED 0.000100
lrD 0.000400
[Epoch:35/2000] 00000/03000, Loss=0.00154, gfake=-10.51303 errG=24264.23047
[Epoch:35/2000] 00200/03000, Loss=0.00157, gfake=-20.28211 errG=18192.99805
[Epoch:35/2000] 00400/03000, Loss=0.00303, gfake=-11.49575 errG=28168.49609
[Epoch:35/2000] 00600/03000, Loss=0.00207, gfake=-5.47648 errG=25879.98438
[Epoch:35/2000] 00800/03000, Loss=0.00099, gfake=-11.17008 errG=13761.91309
[Epoch:35/2000] 01000/03000, Loss=0.00185, gfake=-20.95192 errG=19346.13086
[Epoch:35/2000] 01200/03000, Loss=0.00217, gfake=-11.20495 errG=30885.21094
[Epoch:35/2000] 01400/03000, Loss=0.00306, gfake=-13.83338 errG=30015.87891
[Epoch:35/2000] 01600/03000, Loss=0.00165, gfake=-25.33397 errG=16702.59375
[Epoch:35/2000] 01800/03000, Loss=0.00222, gfake=-18.74126 errG=29521.31250
[Epoch:35/2000] 02000/03000, Loss=0.00165, gfake=-8.90845 errG=15499.86914
[Epoch:35/2000] 02200/03000, Loss=0.00194, gfake=-6.19350 errG=23832.27344
[Epoch:35/2000] 02400/03000, Loss=0.00200, gfake=-16.24973 errG=27505.13867
[Epoch:35/2000] 02600/03000, Loss=0.00127, gfake=-20.43411 errG=21731.33789
[Epoch:35/2000] 02800/03000, Loss=0.00166, gfake=-13.88154 errG=19853.30664
Epoch:35, Derain_Loss=0.00210
This epoch take time 317.98
----------------------------------------------------------------------------------------------------
lr_Derain 0.000200
lr_ED 0.000100
lrD 0.000400
[Epoch:36/2000] 00000/03000, Loss=0.00223, gfake=-4.07917 errG=27658.12109
[Epoch:36/2000] 00200/03000, Loss=0.00129, gfake=-15.44691 errG=13793.50879
[Epoch:36/2000] 00400/03000, Loss=0.00092, gfake=-16.19497 errG=15350.81055
[Epoch:36/2000] 00600/03000, Loss=0.00160, gfake=-18.52636 errG=19825.42578
[Epoch:36/2000] 00800/03000, Loss=0.00218, gfake=-11.08869 errG=27519.80664
[Epoch:36/2000] 01000/03000, Loss=0.00255, gfake=3.13027 errG=33257.39844
[Epoch:36/2000] 01200/03000, Loss=0.00142, gfake=-16.67658 errG=14351.94141
[Epoch:36/2000] 01400/03000, Loss=0.00259, gfake=-18.56236 errG=23071.51953
[Epoch:36/2000] 01600/03000, Loss=0.00269, gfake=-13.38395 errG=22299.50000
[Epoch:36/2000] 01800/03000, Loss=0.00145, gfake=-22.31504 errG=16674.97656
[Epoch:36/2000] 02000/03000, Loss=0.00110, gfake=-14.57030 errG=14027.76074
[Epoch:36/2000] 02200/03000, Loss=0.00140, gfake=-19.02302 errG=21400.97852
[Epoch:36/2000] 02400/03000, Loss=0.00196, gfake=-11.86272 errG=21897.03125
[Epoch:36/2000] 02600/03000, Loss=0.00121, gfake=-9.48475 errG=24905.86328
[Epoch:36/2000] 02800/03000, Loss=0.00194, gfake=-11.93502 errG=19394.46289
Epoch:36, Derain_Loss=0.00207
This epoch take time 318.40
----------------------------------------------------------------------------------------------------
lr_Derain 0.000200
lr_ED 0.000100
lrD 0.000400
[Epoch:37/2000] 00000/03000, Loss=0.00403, gfake=-17.54121 errG=28808.83789
[Epoch:37/2000] 00200/03000, Loss=0.00227, gfake=-8.82450 errG=30806.21094
[Epoch:37/2000] 00400/03000, Loss=0.00379, gfake=-16.77498 errG=28398.38477
[Epoch:37/2000] 00600/03000, Loss=0.00240, gfake=-8.61220 errG=24034.39062
[Epoch:37/2000] 00800/03000, Loss=0.00104, gfake=-24.04114 errG=19133.76758
[Epoch:37/2000] 01000/03000, Loss=0.00197, gfake=-13.90846 errG=20708.27734
[Epoch:37/2000] 01200/03000, Loss=0.00166, gfake=-7.70187 errG=22232.94727
[Epoch:37/2000] 01400/03000, Loss=0.00191, gfake=-25.97719 errG=22176.34180
[Epoch:37/2000] 01600/03000, Loss=0.00201, gfake=-17.82261 errG=17772.84570
[Epoch:37/2000] 01800/03000, Loss=0.00118, gfake=-12.77982 errG=18727.72852
[Epoch:37/2000] 02000/03000, Loss=0.00134, gfake=-10.65456 errG=31738.17773
[Epoch:37/2000] 02200/03000, Loss=0.00236, gfake=-18.53950 errG=21955.56641
[Epoch:37/2000] 02400/03000, Loss=0.00245, gfake=-5.34275 errG=27161.87500
[Epoch:37/2000] 02600/03000, Loss=0.00166, gfake=-14.68958 errG=18923.78125
[Epoch:37/2000] 02800/03000, Loss=0.00165, gfake=-12.72529 errG=20005.42773
Epoch:37, Derain_Loss=0.00206
This epoch take time 318.92
----------------------------------------------------------------------------------------------------
lr_Derain 0.000200
lr_ED 0.000100
lrD 0.000400
[Epoch:38/2000] 00000/03000, Loss=0.00297, gfake=-14.47203 errG=28883.10742
[Epoch:38/2000] 00200/03000, Loss=0.00121, gfake=-20.76632 errG=21119.20898
[Epoch:38/2000] 00400/03000, Loss=0.00327, gfake=-13.91964 errG=27803.70312
[Epoch:38/2000] 00600/03000, Loss=0.00253, gfake=-8.48408 errG=24138.73633
[Epoch:38/2000] 00800/03000, Loss=0.00147, gfake=-18.70734 errG=23092.83984
[Epoch:38/2000] 01000/03000, Loss=0.00233, gfake=-10.28120 errG=21914.56250
[Epoch:38/2000] 01200/03000, Loss=0.00198, gfake=-7.54977 errG=24016.03711
[Epoch:38/2000] 01400/03000, Loss=0.00179, gfake=-3.82013 errG=26291.71094
[Epoch:38/2000] 01600/03000, Loss=0.00345, gfake=-7.37473 errG=34825.84766
[Epoch:38/2000] 01800/03000, Loss=0.00197, gfake=-14.82802 errG=15578.03711
[Epoch:38/2000] 02000/03000, Loss=0.00173, gfake=-12.60965 errG=25400.27148
[Epoch:38/2000] 02200/03000, Loss=0.00166, gfake=-10.51571 errG=28059.85938
[Epoch:38/2000] 02400/03000, Loss=0.00246, gfake=-12.34522 errG=25683.24023
[Epoch:38/2000] 02600/03000, Loss=0.00192, gfake=-2.23675 errG=29833.58008
[Epoch:38/2000] 02800/03000, Loss=0.00179, gfake=-11.75943 errG=21679.91406
Epoch:38, Derain_Loss=0.00209
This epoch take time 318.05
----------------------------------------------------------------------------------------------------
lr_Derain 0.000200
lr_ED 0.000100
lrD 0.000400
[Epoch:39/2000] 00000/03000, Loss=0.00219, gfake=-11.85425 errG=21070.54492
[Epoch:39/2000] 00200/03000, Loss=0.00236, gfake=-9.76423 errG=21722.30664
[Epoch:39/2000] 00400/03000, Loss=0.00238, gfake=-11.54185 errG=29542.70703
[Epoch:39/2000] 00600/03000, Loss=0.00157, gfake=-7.85963 errG=23576.48633
[Epoch:39/2000] 00800/03000, Loss=0.00185, gfake=-14.68366 errG=25833.08203
[Epoch:39/2000] 01000/03000, Loss=0.00144, gfake=-9.13135 errG=21049.37305
[Epoch:39/2000] 01200/03000, Loss=0.00119, gfake=-17.93611 errG=15987.38672
[Epoch:39/2000] 01400/03000, Loss=0.00326, gfake=-11.43953 errG=30280.33789
[Epoch:39/2000] 01600/03000, Loss=0.00144, gfake=-5.68831 errG=25690.21094
[Epoch:39/2000] 01800/03000, Loss=0.00289, gfake=-19.27303 errG=28081.21094
[Epoch:39/2000] 02000/03000, Loss=0.00140, gfake=-12.39128 errG=17366.54102
[Epoch:39/2000] 02200/03000, Loss=0.00288, gfake=-16.42654 errG=26281.78711
[Epoch:39/2000] 02400/03000, Loss=0.00219, gfake=-27.85994 errG=26990.12891
[Epoch:39/2000] 02600/03000, Loss=0.00175, gfake=-16.63521 errG=20037.59375
[Epoch:39/2000] 02800/03000, Loss=0.00376, gfake=-7.15666 errG=30149.24023
Epoch:39, Derain_Loss=0.00202
This epoch take time 319.11
----------------------------------------------------------------------------------------------------
lr_Derain 0.000200
lr_ED 0.000100
lrD 0.000400
[Epoch:40/2000] 00000/03000, Loss=0.00255, gfake=-27.88674 errG=22910.11523
[Epoch:40/2000] 00200/03000, Loss=0.00146, gfake=-13.40424 errG=20643.08789
[Epoch:40/2000] 00400/03000, Loss=0.00160, gfake=-10.97236 errG=18676.97852
[Epoch:40/2000] 00600/03000, Loss=0.00230, gfake=-10.15522 errG=25693.74219
[Epoch:40/2000] 00800/03000, Loss=0.00304, gfake=-20.69728 errG=20061.10352
[Epoch:40/2000] 01000/03000, Loss=0.00166, gfake=-18.76463 errG=21844.94531
[Epoch:40/2000] 01200/03000, Loss=0.00277, gfake=-8.67931 errG=27934.58008
[Epoch:40/2000] 01400/03000, Loss=0.00343, gfake=-13.16350 errG=26736.16406
[Epoch:40/2000] 01600/03000, Loss=0.00189, gfake=-12.87003 errG=23412.37305
[Epoch:40/2000] 01800/03000, Loss=0.00125, gfake=-6.58524 errG=17220.42773
[Epoch:40/2000] 02000/03000, Loss=0.00191, gfake=0.32397 errG=22927.54297
[Epoch:40/2000] 02200/03000, Loss=0.00220, gfake=-15.32513 errG=25109.62891
[Epoch:40/2000] 02400/03000, Loss=0.00181, gfake=-12.47091 errG=19850.12500
[Epoch:40/2000] 02600/03000, Loss=0.00280, gfake=-8.96251 errG=26404.47461
[Epoch:40/2000] 02800/03000, Loss=0.00103, gfake=-10.03376 errG=15739.69922
Epoch:40, Derain_Loss=0.00201
This epoch take time 318.22
----------------------------------------------------------------------------------------------------
lr_Derain 0.000200
lr_ED 0.000100
lrD 0.000400
[Epoch:41/2000] 00000/03000, Loss=0.00211, gfake=-20.94770 errG=22160.70312
[Epoch:41/2000] 00200/03000, Loss=0.00128, gfake=-9.72289 errG=27597.99414
[Epoch:41/2000] 00400/03000, Loss=0.00155, gfake=-21.61755 errG=17953.03320
[Epoch:41/2000] 00600/03000, Loss=0.00313, gfake=-5.00042 errG=24045.01367
[Epoch:41/2000] 00800/03000, Loss=0.00240, gfake=-15.27069 errG=24769.46094
[Epoch:41/2000] 01000/03000, Loss=0.00143, gfake=-12.93016 errG=17012.99609
[Epoch:41/2000] 01200/03000, Loss=0.00165, gfake=-22.88047 errG=18951.83203
[Epoch:41/2000] 01400/03000, Loss=0.00146, gfake=-11.77397 errG=22471.70508
[Epoch:41/2000] 01600/03000, Loss=0.00171, gfake=-14.33780 errG=21456.22656
[Epoch:41/2000] 01800/03000, Loss=0.00195, gfake=-7.94049 errG=22535.17188
[Epoch:41/2000] 02000/03000, Loss=0.00168, gfake=-11.32123 errG=17805.57031
[Epoch:41/2000] 02200/03000, Loss=0.00212, gfake=-7.82271 errG=29331.09180
[Epoch:41/2000] 02400/03000, Loss=0.00416, gfake=-4.39398 errG=39683.16797
[Epoch:41/2000] 02600/03000, Loss=0.00178, gfake=-24.43320 errG=22448.47266
[Epoch:41/2000] 02800/03000, Loss=0.00260, gfake=-7.75488 errG=28582.87305
Epoch:41, Derain_Loss=0.00200
This epoch take time 319.06
----------------------------------------------------------------------------------------------------
lr_Derain 0.000200
lr_ED 0.000100
lrD 0.000400
[Epoch:42/2000] 00000/03000, Loss=0.00228, gfake=-4.72793 errG=24682.33594
[Epoch:42/2000] 00200/03000, Loss=0.00115, gfake=-20.67120 errG=18807.05078
[Epoch:42/2000] 00400/03000, Loss=0.00198, gfake=-13.61871 errG=27784.02930
[Epoch:42/2000] 00600/03000, Loss=0.00129, gfake=-18.78354 errG=20058.33008
[Epoch:42/2000] 00800/03000, Loss=0.00110, gfake=-14.79161 errG=18007.47656
[Epoch:42/2000] 01000/03000, Loss=0.00337, gfake=-13.81561 errG=31651.85156
[Epoch:42/2000] 01200/03000, Loss=0.00221, gfake=-12.38607 errG=23547.30469
[Epoch:42/2000] 01400/03000, Loss=0.00175, gfake=-16.34281 errG=17234.89258
[Epoch:42/2000] 01600/03000, Loss=0.00161, gfake=-19.43841 errG=18507.27148
[Epoch:42/2000] 01800/03000, Loss=0.00153, gfake=-11.06689 errG=28771.55078
[Epoch:42/2000] 02000/03000, Loss=0.00309, gfake=-16.72820 errG=28424.70703
[Epoch:42/2000] 02200/03000, Loss=0.00189, gfake=-16.20607 errG=23300.92773
[Epoch:42/2000] 02400/03000, Loss=0.00238, gfake=-4.29980 errG=22482.11719
[Epoch:42/2000] 02600/03000, Loss=0.00231, gfake=-14.84616 errG=34643.29688
[Epoch:42/2000] 02800/03000, Loss=0.00214, gfake=-20.37905 errG=22368.63281
Epoch:42, Derain_Loss=0.00197
This epoch take time 317.91
----------------------------------------------------------------------------------------------------
lr_Derain 0.000200
lr_ED 0.000100
lrD 0.000400
[Epoch:43/2000] 00000/03000, Loss=0.00247, gfake=-13.62138 errG=31863.05859
[Epoch:43/2000] 00200/03000, Loss=0.00179, gfake=-16.50114 errG=23225.02539
[Epoch:43/2000] 00400/03000, Loss=0.00217, gfake=-18.81910 errG=26231.62109
[Epoch:43/2000] 00600/03000, Loss=0.00103, gfake=-16.72294 errG=22450.93359
[Epoch:43/2000] 00800/03000, Loss=0.00191, gfake=-20.70558 errG=20186.79297
[Epoch:43/2000] 01000/03000, Loss=0.00240, gfake=0.42521 errG=25169.79492
[Epoch:43/2000] 01200/03000, Loss=0.00241, gfake=-10.00260 errG=26625.27930
[Epoch:43/2000] 01400/03000, Loss=0.00181, gfake=-17.57189 errG=27234.84766
[Epoch:43/2000] 01600/03000, Loss=0.00202, gfake=-7.15997 errG=27580.44141
[Epoch:43/2000] 01800/03000, Loss=0.00311, gfake=-12.73642 errG=33703.26953
[Epoch:43/2000] 02000/03000, Loss=0.00140, gfake=-21.23034 errG=19185.23242
[Epoch:43/2000] 02200/03000, Loss=0.00177, gfake=-6.26562 errG=22224.99023
[Epoch:43/2000] 02400/03000, Loss=0.00176, gfake=-9.05151 errG=19473.06055
[Epoch:43/2000] 02600/03000, Loss=0.00251, gfake=-14.67287 errG=28311.62891
[Epoch:43/2000] 02800/03000, Loss=0.00246, gfake=-19.90652 errG=23850.18555
Epoch:43, Derain_Loss=0.00197
This epoch take time 318.52
----------------------------------------------------------------------------------------------------
lr_Derain 0.000200
lr_ED 0.000100
lrD 0.000400
[Epoch:44/2000] 00000/03000, Loss=0.00166, gfake=-14.18617 errG=28060.51367
[Epoch:44/2000] 00200/03000, Loss=0.00202, gfake=-15.92941 errG=27781.88867
[Epoch:44/2000] 00400/03000, Loss=0.00130, gfake=-18.62744 errG=21520.74023
[Epoch:44/2000] 00600/03000, Loss=0.00294, gfake=-13.32170 errG=31159.55273
[Epoch:44/2000] 00800/03000, Loss=0.00230, gfake=-13.86900 errG=23169.48047
[Epoch:44/2000] 01000/03000, Loss=0.00235, gfake=-10.31110 errG=31090.96680
[Epoch:44/2000] 01200/03000, Loss=0.00148, gfake=-22.38632 errG=25005.08594
[Epoch:44/2000] 01400/03000, Loss=0.00238, gfake=-16.45656 errG=27623.76953
[Epoch:44/2000] 01600/03000, Loss=0.00217, gfake=-18.77766 errG=21341.86133
[Epoch:44/2000] 01800/03000, Loss=0.00138, gfake=-13.36277 errG=23445.93164
[Epoch:44/2000] 02000/03000, Loss=0.00145, gfake=-13.61126 errG=18441.26758
[Epoch:44/2000] 02200/03000, Loss=0.00222, gfake=-8.84473 errG=22154.90039
[Epoch:44/2000] 02400/03000, Loss=0.00200, gfake=-8.26351 errG=31857.01172
[Epoch:44/2000] 02600/03000, Loss=0.00334, gfake=-10.20048 errG=31106.04102
[Epoch:44/2000] 02800/03000, Loss=0.00236, gfake=-4.95267 errG=34490.62109
Epoch:44, Derain_Loss=0.00196
This epoch take time 318.11
----------------------------------------------------------------------------------------------------
lr_Derain 0.000200
lr_ED 0.000100
lrD 0.000400
[Epoch:45/2000] 00000/03000, Loss=0.00213, gfake=-21.39454 errG=24692.45898
[Epoch:45/2000] 00200/03000, Loss=0.00165, gfake=-12.28602 errG=26664.46094
[Epoch:45/2000] 00400/03000, Loss=0.00158, gfake=-4.90648 errG=34603.75781
[Epoch:45/2000] 00600/03000, Loss=0.00141, gfake=-12.61323 errG=16301.05176
[Epoch:45/2000] 00800/03000, Loss=0.00111, gfake=-19.18134 errG=15193.17383
[Epoch:45/2000] 01000/03000, Loss=0.00126, gfake=-23.83396 errG=18246.00000
[Epoch:45/2000] 01200/03000, Loss=0.00160, gfake=-1.48135 errG=21089.36328
[Epoch:45/2000] 01400/03000, Loss=0.00227, gfake=-4.78232 errG=29495.91406
[Epoch:45/2000] 01600/03000, Loss=0.00099, gfake=-14.58016 errG=16430.40234
[Epoch:45/2000] 01800/03000, Loss=0.00188, gfake=-11.05644 errG=27124.74219
[Epoch:45/2000] 02000/03000, Loss=0.00231, gfake=-20.10243 errG=24496.54492
[Epoch:45/2000] 02200/03000, Loss=0.00134, gfake=-7.58986 errG=24149.27344
[Epoch:45/2000] 02400/03000, Loss=0.00223, gfake=-14.80871 errG=20113.82031
[Epoch:45/2000] 02600/03000, Loss=0.00217, gfake=-15.64629 errG=23767.53711
[Epoch:45/2000] 02800/03000, Loss=0.00191, gfake=-18.44061 errG=20652.96289
Epoch:45, Derain_Loss=0.00191
This epoch take time 319.23
----------------------------------------------------------------------------------------------------
lr_Derain 0.000200
lr_ED 0.000100
lrD 0.000400
