Random Seed:  6188
lr_Derain 0.000200
lr_ED 0.000100
lrD 0.000400
[Epoch:137/2000] 00000/03000, Loss=0.00053, gfake=-6.43618 errG=17135.52539
[Epoch:137/2000] 00200/03000, Loss=0.00172, gfake=-6.51155 errG=24367.14062
[Epoch:137/2000] 00400/03000, Loss=0.00127, gfake=-14.64293 errG=19615.92773
[Epoch:137/2000] 00600/03000, Loss=0.00125, gfake=-0.13334 errG=22082.17383
[Epoch:137/2000] 00800/03000, Loss=0.00198, gfake=1.90338 errG=33407.73438
[Epoch:137/2000] 01000/03000, Loss=0.00138, gfake=-10.13468 errG=23495.83594
[Epoch:137/2000] 01200/03000, Loss=0.00075, gfake=-3.07125 errG=19627.68164
[Epoch:137/2000] 01400/03000, Loss=0.00107, gfake=-14.43017 errG=18644.21484
[Epoch:137/2000] 01600/03000, Loss=0.00223, gfake=-10.48103 errG=25255.90039
[Epoch:137/2000] 01800/03000, Loss=0.00153, gfake=-17.72741 errG=21542.17383
[Epoch:137/2000] 02000/03000, Loss=0.00108, gfake=-14.47204 errG=16823.86133
[Epoch:137/2000] 02200/03000, Loss=0.00236, gfake=-3.42633 errG=32311.00586
[Epoch:137/2000] 02400/03000, Loss=0.00162, gfake=5.54984 errG=27895.21094
[Epoch:137/2000] 02600/03000, Loss=0.00107, gfake=-4.12747 errG=24842.06445
[Epoch:137/2000] 02800/03000, Loss=0.00145, gfake=-14.73295 errG=26146.03320
Epoch:137, Derain_Loss=0.00154
This epoch take time 322.76
----------------------------------------------------------------------------------------------------
lr_Derain 0.000200
lr_ED 0.000100
lrD 0.000400
[Epoch:138/2000] 00000/03000, Loss=0.00127, gfake=-18.40474 errG=18769.67578
[Epoch:138/2000] 00200/03000, Loss=0.00138, gfake=-15.66769 errG=24738.68164
[Epoch:138/2000] 00400/03000, Loss=0.00142, gfake=-3.04516 errG=20149.53320
[Epoch:138/2000] 00600/03000, Loss=0.00183, gfake=1.11560 errG=26543.61719
[Epoch:138/2000] 00800/03000, Loss=0.00134, gfake=-18.15416 errG=23318.96875
[Epoch:138/2000] 01000/03000, Loss=0.00135, gfake=-18.45575 errG=19240.33984
[Epoch:138/2000] 01200/03000, Loss=0.00144, gfake=-2.97657 errG=24457.29102
[Epoch:138/2000] 01400/03000, Loss=0.00195, gfake=-7.86453 errG=26956.55859
[Epoch:138/2000] 01600/03000, Loss=0.00120, gfake=-19.88898 errG=17534.90820
[Epoch:138/2000] 01800/03000, Loss=0.00126, gfake=-7.62523 errG=22304.80273
[Epoch:138/2000] 02000/03000, Loss=0.00133, gfake=-13.75350 errG=20927.85742
[Epoch:138/2000] 02200/03000, Loss=0.00134, gfake=-4.67381 errG=22013.32031
[Epoch:138/2000] 02400/03000, Loss=0.00092, gfake=-19.69184 errG=17350.36133
[Epoch:138/2000] 02600/03000, Loss=0.00101, gfake=-3.42234 errG=23569.75977
[Epoch:138/2000] 02800/03000, Loss=0.00258, gfake=-10.46550 errG=23870.29102
Epoch:138, Derain_Loss=0.00153
This epoch take time 320.59
----------------------------------------------------------------------------------------------------
lr_Derain 0.000200
lr_ED 0.000100
lrD 0.000400
[Epoch:139/2000] 00000/03000, Loss=0.00169, gfake=-6.52914 errG=20664.26367
[Epoch:139/2000] 00200/03000, Loss=0.00250, gfake=-12.58886 errG=25411.57617
[Epoch:139/2000] 00400/03000, Loss=0.00158, gfake=-17.48864 errG=14052.33203
[Epoch:139/2000] 00600/03000, Loss=0.00167, gfake=-8.71181 errG=21526.80078
[Epoch:139/2000] 00800/03000, Loss=0.00172, gfake=-13.53971 errG=25782.87500
[Epoch:139/2000] 01000/03000, Loss=0.00168, gfake=6.54850 errG=26684.39844
[Epoch:139/2000] 01200/03000, Loss=0.00088, gfake=-10.27953 errG=20669.63477
[Epoch:139/2000] 01400/03000, Loss=0.00140, gfake=-4.00201 errG=25514.48438
[Epoch:139/2000] 01600/03000, Loss=0.00087, gfake=-14.78562 errG=19249.84766
[Epoch:139/2000] 01800/03000, Loss=0.00093, gfake=-19.15985 errG=16447.41211
[Epoch:139/2000] 02000/03000, Loss=0.00200, gfake=-10.26790 errG=33149.87891
[Epoch:139/2000] 02200/03000, Loss=0.00116, gfake=-6.70666 errG=26334.23047
[Epoch:139/2000] 02400/03000, Loss=0.00201, gfake=-5.06393 errG=29862.86328
[Epoch:139/2000] 02600/03000, Loss=0.00055, gfake=-12.53309 errG=14428.26367
[Epoch:139/2000] 02800/03000, Loss=0.00190, gfake=-16.90296 errG=22808.18750
Epoch:139, Derain_Loss=0.00155
This epoch take time 319.67
----------------------------------------------------------------------------------------------------
lr_Derain 0.000200
lr_ED 0.000100
lrD 0.000400
[Epoch:140/2000] 00000/03000, Loss=0.00123, gfake=-19.43721 errG=15139.40430
[Epoch:140/2000] 00200/03000, Loss=0.00154, gfake=-9.30710 errG=22241.21484
[Epoch:140/2000] 00400/03000, Loss=0.00171, gfake=-7.30696 errG=22061.50195
[Epoch:140/2000] 00600/03000, Loss=0.00091, gfake=-14.12530 errG=18150.04297
[Epoch:140/2000] 00800/03000, Loss=0.00115, gfake=-16.06371 errG=20620.85938
[Epoch:140/2000] 01000/03000, Loss=0.00133, gfake=-9.65652 errG=18105.35742
[Epoch:140/2000] 01200/03000, Loss=0.00123, gfake=-9.88926 errG=19153.33789
[Epoch:140/2000] 01400/03000, Loss=0.00129, gfake=-10.25483 errG=18111.35742
[Epoch:140/2000] 01600/03000, Loss=0.00146, gfake=-11.09066 errG=31044.60547
[Epoch:140/2000] 01800/03000, Loss=0.00149, gfake=-0.08780 errG=23340.91016
[Epoch:140/2000] 02000/03000, Loss=0.00212, gfake=-0.49683 errG=22079.69141
[Epoch:140/2000] 02200/03000, Loss=0.00119, gfake=-2.49527 errG=28754.10156
[Epoch:140/2000] 02400/03000, Loss=0.00176, gfake=-12.13065 errG=20901.32227
[Epoch:140/2000] 02600/03000, Loss=0.00148, gfake=-0.97004 errG=22167.60938
[Epoch:140/2000] 02800/03000, Loss=0.00248, gfake=-4.77584 errG=35109.72656
Epoch:140, Derain_Loss=0.00151
This epoch take time 324.52
----------------------------------------------------------------------------------------------------
lr_Derain 0.000200
lr_ED 0.000100
lrD 0.000400
[Epoch:141/2000] 00000/03000, Loss=0.00240, gfake=-12.36513 errG=25449.41797
[Epoch:141/2000] 00200/03000, Loss=0.00197, gfake=-9.72543 errG=29104.42188
[Epoch:141/2000] 00400/03000, Loss=0.00102, gfake=-17.88855 errG=16324.99219
[Epoch:141/2000] 00600/03000, Loss=0.00119, gfake=-7.73414 errG=21701.48828
[Epoch:141/2000] 00800/03000, Loss=0.00152, gfake=-1.15957 errG=24045.05078
[Epoch:141/2000] 01000/03000, Loss=0.00098, gfake=-11.37569 errG=18056.88086
[Epoch:141/2000] 01200/03000, Loss=0.00155, gfake=0.85607 errG=26909.34180
[Epoch:141/2000] 01400/03000, Loss=0.00111, gfake=-0.24455 errG=22939.51367
[Epoch:141/2000] 01600/03000, Loss=0.00091, gfake=-8.23624 errG=16643.71094
[Epoch:141/2000] 01800/03000, Loss=0.00148, gfake=-8.07240 errG=25319.81055
[Epoch:141/2000] 02000/03000, Loss=0.00192, gfake=-4.79577 errG=26600.36133
[Epoch:141/2000] 02200/03000, Loss=0.00148, gfake=-1.56123 errG=27608.94141
[Epoch:141/2000] 02400/03000, Loss=0.00210, gfake=-10.04298 errG=23102.73242
[Epoch:141/2000] 02600/03000, Loss=0.00147, gfake=-6.84045 errG=23739.09180
[Epoch:141/2000] 02800/03000, Loss=0.00138, gfake=-2.63461 errG=20134.77734
Epoch:141, Derain_Loss=0.00152
This epoch take time 323.46
----------------------------------------------------------------------------------------------------
lr_Derain 0.000200
lr_ED 0.000100
lrD 0.000400
[Epoch:142/2000] 00000/03000, Loss=0.00180, gfake=-2.53690 errG=22367.18555
[Epoch:142/2000] 00200/03000, Loss=0.00115, gfake=-15.04918 errG=23526.09375
[Epoch:142/2000] 00400/03000, Loss=0.00208, gfake=-5.11348 errG=25874.61133
[Epoch:142/2000] 00600/03000, Loss=0.00175, gfake=2.76017 errG=25501.50195
[Epoch:142/2000] 00800/03000, Loss=0.00112, gfake=-3.43904 errG=24568.04883
[Epoch:142/2000] 01000/03000, Loss=0.00132, gfake=-13.48695 errG=17637.13867
[Epoch:142/2000] 01200/03000, Loss=0.00192, gfake=-3.97383 errG=22657.93359
[Epoch:142/2000] 01400/03000, Loss=0.00212, gfake=-2.35042 errG=29695.18359
[Epoch:142/2000] 01600/03000, Loss=0.00103, gfake=-8.59981 errG=23612.78320
[Epoch:142/2000] 01800/03000, Loss=0.00143, gfake=-10.27976 errG=21331.29688
[Epoch:142/2000] 02000/03000, Loss=0.00126, gfake=-6.87055 errG=21497.60547
[Epoch:142/2000] 02200/03000, Loss=0.00092, gfake=-11.80356 errG=13406.16211
[Epoch:142/2000] 02400/03000, Loss=0.00141, gfake=1.79324 errG=24133.20703
[Epoch:142/2000] 02600/03000, Loss=0.00133, gfake=-7.95465 errG=21918.20312
[Epoch:142/2000] 02800/03000, Loss=0.00254, gfake=-6.07999 errG=32812.25000
Epoch:142, Derain_Loss=0.00153
This epoch take time 322.04
----------------------------------------------------------------------------------------------------
lr_Derain 0.000200
lr_ED 0.000100
lrD 0.000400
[Epoch:143/2000] 00000/03000, Loss=0.00106, gfake=-11.65861 errG=20924.88281
[Epoch:143/2000] 00200/03000, Loss=0.00159, gfake=-15.21965 errG=19672.76562
[Epoch:143/2000] 00400/03000, Loss=0.00104, gfake=-20.03893 errG=17341.64844
[Epoch:143/2000] 00600/03000, Loss=0.00159, gfake=-9.56025 errG=19328.78516
[Epoch:143/2000] 00800/03000, Loss=0.00200, gfake=-2.47933 errG=26183.36328
[Epoch:143/2000] 01000/03000, Loss=0.00207, gfake=1.46817 errG=32506.28906
[Epoch:143/2000] 01200/03000, Loss=0.00063, gfake=-6.79111 errG=22911.98633
[Epoch:143/2000] 01400/03000, Loss=0.00205, gfake=-13.61679 errG=27667.46094
[Epoch:143/2000] 01600/03000, Loss=0.00164, gfake=-13.34120 errG=21622.42969
[Epoch:143/2000] 01800/03000, Loss=0.00089, gfake=-9.75545 errG=21487.47070
[Epoch:143/2000] 02000/03000, Loss=0.00179, gfake=-8.87170 errG=20483.74609
[Epoch:143/2000] 02200/03000, Loss=0.00236, gfake=-10.14234 errG=24916.27148
[Epoch:143/2000] 02400/03000, Loss=0.00152, gfake=1.08086 errG=33924.64844
[Epoch:143/2000] 02600/03000, Loss=0.00150, gfake=-10.55030 errG=25688.85938
[Epoch:143/2000] 02800/03000, Loss=0.00138, gfake=-8.95802 errG=21966.08789
Epoch:143, Derain_Loss=0.00151
This epoch take time 316.64
----------------------------------------------------------------------------------------------------
lr_Derain 0.000200
lr_ED 0.000100
lrD 0.000400
[Epoch:144/2000] 00000/03000, Loss=0.00191, gfake=-1.76357 errG=24839.68359
[Epoch:144/2000] 00200/03000, Loss=0.00125, gfake=-17.38847 errG=17930.46289
[Epoch:144/2000] 00400/03000, Loss=0.00166, gfake=-12.24936 errG=25978.80664
[Epoch:144/2000] 00600/03000, Loss=0.00139, gfake=-2.61024 errG=25285.46484
[Epoch:144/2000] 00800/03000, Loss=0.00196, gfake=-0.94371 errG=27358.53125
[Epoch:144/2000] 01000/03000, Loss=0.00113, gfake=-11.70533 errG=20690.30469
[Epoch:144/2000] 01200/03000, Loss=0.00124, gfake=-10.46634 errG=19290.02734
[Epoch:144/2000] 01400/03000, Loss=0.00110, gfake=-13.69812 errG=18988.75195
[Epoch:144/2000] 01600/03000, Loss=0.00188, gfake=-6.59443 errG=26381.21875
[Epoch:144/2000] 01800/03000, Loss=0.00158, gfake=-13.00971 errG=22663.73438
[Epoch:144/2000] 02000/03000, Loss=0.00122, gfake=-16.85341 errG=21199.94141
[Epoch:144/2000] 02200/03000, Loss=0.00128, gfake=-5.92332 errG=21996.02344
[Epoch:144/2000] 02400/03000, Loss=0.00116, gfake=-9.32407 errG=24005.82422
[Epoch:144/2000] 02600/03000, Loss=0.00065, gfake=-11.05552 errG=17093.91992
[Epoch:144/2000] 02800/03000, Loss=0.00214, gfake=-9.63015 errG=26727.77148
Epoch:144, Derain_Loss=0.00153
This epoch take time 319.48
----------------------------------------------------------------------------------------------------
lr_Derain 0.000200
lr_ED 0.000100
lrD 0.000400
[Epoch:145/2000] 00000/03000, Loss=0.00155, gfake=-11.40697 errG=22889.51172
[Epoch:145/2000] 00200/03000, Loss=0.00175, gfake=-5.95484 errG=23638.37500
[Epoch:145/2000] 00400/03000, Loss=0.00243, gfake=0.06773 errG=35425.94531
[Epoch:145/2000] 00600/03000, Loss=0.00139, gfake=-11.39707 errG=23721.71875
[Epoch:145/2000] 00800/03000, Loss=0.00162, gfake=-17.95041 errG=18670.10938
[Epoch:145/2000] 01000/03000, Loss=0.00171, gfake=-8.22695 errG=26099.70898
[Epoch:145/2000] 01200/03000, Loss=0.00177, gfake=-9.39654 errG=26162.72070
[Epoch:145/2000] 01400/03000, Loss=0.00183, gfake=-2.66287 errG=26987.53711
[Epoch:145/2000] 01600/03000, Loss=0.00230, gfake=-3.00455 errG=39656.34766
[Epoch:145/2000] 01800/03000, Loss=0.00120, gfake=-12.94107 errG=18562.91406
[Epoch:145/2000] 02000/03000, Loss=0.00094, gfake=-2.94438 errG=22750.41992
[Epoch:145/2000] 02200/03000, Loss=0.00089, gfake=-5.07219 errG=19304.30273
[Epoch:145/2000] 02400/03000, Loss=0.00097, gfake=-8.54628 errG=17840.87305
[Epoch:145/2000] 02600/03000, Loss=0.00173, gfake=-15.84319 errG=18413.18164
[Epoch:145/2000] 02800/03000, Loss=0.00135, gfake=-18.90524 errG=19958.18359
Epoch:145, Derain_Loss=0.00152
This epoch take time 320.10
----------------------------------------------------------------------------------------------------
lr_Derain 0.000200
lr_ED 0.000100
lrD 0.000400
[Epoch:146/2000] 00000/03000, Loss=0.00167, gfake=-10.62335 errG=21241.78516
[Epoch:146/2000] 00200/03000, Loss=0.00131, gfake=-5.92176 errG=20632.32227
[Epoch:146/2000] 00400/03000, Loss=0.00173, gfake=-15.72061 errG=19942.43555
[Epoch:146/2000] 00600/03000, Loss=0.00106, gfake=-10.67440 errG=22828.92969
[Epoch:146/2000] 00800/03000, Loss=0.00147, gfake=-14.83080 errG=21449.88086
[Epoch:146/2000] 01000/03000, Loss=0.00162, gfake=-10.01428 errG=29602.16211
[Epoch:146/2000] 01200/03000, Loss=0.00163, gfake=-0.60201 errG=26341.90039
[Epoch:146/2000] 01400/03000, Loss=0.00192, gfake=-4.33067 errG=29567.76953
[Epoch:146/2000] 01600/03000, Loss=0.00116, gfake=-12.67720 errG=19544.19141
[Epoch:146/2000] 01800/03000, Loss=0.00190, gfake=-6.37633 errG=23904.29883
[Epoch:146/2000] 02000/03000, Loss=0.00169, gfake=-4.68799 errG=24083.35547
[Epoch:146/2000] 02200/03000, Loss=0.00241, gfake=-14.37489 errG=30027.07812
[Epoch:146/2000] 02400/03000, Loss=0.00123, gfake=-4.45985 errG=22305.48047
[Epoch:146/2000] 02600/03000, Loss=0.00121, gfake=-12.56599 errG=24985.03516
[Epoch:146/2000] 02800/03000, Loss=0.00148, gfake=-10.62362 errG=21592.84766
Epoch:146, Derain_Loss=0.00149
This epoch take time 321.70
----------------------------------------------------------------------------------------------------
lr_Derain 0.000200
lr_ED 0.000100
lrD 0.000400
[Epoch:147/2000] 00000/03000, Loss=0.00117, gfake=-15.96738 errG=15610.33887
[Epoch:147/2000] 00200/03000, Loss=0.00158, gfake=0.55974 errG=24196.83203
[Epoch:147/2000] 00400/03000, Loss=0.00187, gfake=1.43235 errG=30008.84570
[Epoch:147/2000] 00600/03000, Loss=0.00120, gfake=-14.71211 errG=24879.41602
[Epoch:147/2000] 00800/03000, Loss=0.00093, gfake=-9.73035 errG=19351.08203
[Epoch:147/2000] 01000/03000, Loss=0.00238, gfake=-8.99529 errG=30222.76758
[Epoch:147/2000] 01200/03000, Loss=0.00163, gfake=-11.93917 errG=23237.84961
[Epoch:147/2000] 01400/03000, Loss=0.00144, gfake=-15.78093 errG=16677.62500
[Epoch:147/2000] 01600/03000, Loss=0.00195, gfake=-7.30381 errG=25104.28906
[Epoch:147/2000] 01800/03000, Loss=0.00122, gfake=-7.41166 errG=30094.91602
[Epoch:147/2000] 02000/03000, Loss=0.00083, gfake=-4.08941 errG=15372.75977
[Epoch:147/2000] 02200/03000, Loss=0.00103, gfake=-8.25505 errG=17074.05078
[Epoch:147/2000] 02400/03000, Loss=0.00127, gfake=-16.25831 errG=17324.52344
[Epoch:147/2000] 02600/03000, Loss=0.00310, gfake=1.12310 errG=21071.86133
[Epoch:147/2000] 02800/03000, Loss=0.00162, gfake=-4.68127 errG=27941.75977
Epoch:147, Derain_Loss=0.00151
This epoch take time 321.75
----------------------------------------------------------------------------------------------------
lr_Derain 0.000200
lr_ED 0.000100
lrD 0.000400
[Epoch:148/2000] 00000/03000, Loss=0.00281, gfake=-6.72567 errG=40494.79688
[Epoch:148/2000] 00200/03000, Loss=0.00121, gfake=-16.60004 errG=22706.85547
[Epoch:148/2000] 00400/03000, Loss=0.00122, gfake=-10.37520 errG=23708.96289
[Epoch:148/2000] 00600/03000, Loss=0.00143, gfake=-16.12265 errG=22847.58789
[Epoch:148/2000] 00800/03000, Loss=0.00210, gfake=-7.86166 errG=33079.30859
[Epoch:148/2000] 01000/03000, Loss=0.00069, gfake=-15.23168 errG=19406.91602
[Epoch:148/2000] 01200/03000, Loss=0.00281, gfake=-4.44544 errG=31823.44727
[Epoch:148/2000] 01400/03000, Loss=0.00204, gfake=-4.49464 errG=31168.19531
[Epoch:148/2000] 01600/03000, Loss=0.00137, gfake=-0.93816 errG=23778.03516
[Epoch:148/2000] 01800/03000, Loss=0.00080, gfake=-10.18100 errG=21206.88477
[Epoch:148/2000] 02000/03000, Loss=0.00213, gfake=0.46274 errG=23780.03516
[Epoch:148/2000] 02200/03000, Loss=0.00175, gfake=-10.80891 errG=26300.75000
[Epoch:148/2000] 02400/03000, Loss=0.00147, gfake=-8.84347 errG=23926.91406
[Epoch:148/2000] 02600/03000, Loss=0.00192, gfake=-3.10220 errG=29600.83984
[Epoch:148/2000] 02800/03000, Loss=0.00155, gfake=-7.82732 errG=20132.81641
Epoch:148, Derain_Loss=0.00152
This epoch take time 319.51
----------------------------------------------------------------------------------------------------
lr_Derain 0.000200
lr_ED 0.000100
lrD 0.000400
[Epoch:149/2000] 00000/03000, Loss=0.00080, gfake=-5.95111 errG=15253.00293
[Epoch:149/2000] 00200/03000, Loss=0.00184, gfake=-9.25797 errG=23136.79883
[Epoch:149/2000] 00400/03000, Loss=0.00174, gfake=-1.85084 errG=31662.66992
[Epoch:149/2000] 00600/03000, Loss=0.00147, gfake=-10.95423 errG=20608.99414
[Epoch:149/2000] 00800/03000, Loss=0.00293, gfake=-11.40777 errG=29412.32422
[Epoch:149/2000] 01000/03000, Loss=0.00122, gfake=-6.20785 errG=20089.59180
[Epoch:149/2000] 01200/03000, Loss=0.00115, gfake=5.37115 errG=22391.78125
[Epoch:149/2000] 01400/03000, Loss=0.00173, gfake=-9.71666 errG=23218.59766
[Epoch:149/2000] 01600/03000, Loss=0.00132, gfake=-9.26201 errG=26146.23438
[Epoch:149/2000] 01800/03000, Loss=0.00150, gfake=-0.01031 errG=28837.14062
[Epoch:149/2000] 02000/03000, Loss=0.00180, gfake=0.91454 errG=26802.98633
[Epoch:149/2000] 02200/03000, Loss=0.00132, gfake=-5.06854 errG=21630.82422
[Epoch:149/2000] 02400/03000, Loss=0.00108, gfake=-7.32831 errG=18818.43555
[Epoch:149/2000] 02600/03000, Loss=0.00152, gfake=-8.14676 errG=22517.79688
[Epoch:149/2000] 02800/03000, Loss=0.00149, gfake=-16.81092 errG=22798.14258
Epoch:149, Derain_Loss=0.00151
This epoch take time 322.36
----------------------------------------------------------------------------------------------------
lr_Derain 0.000200
lr_ED 0.000100
lrD 0.000400
[Epoch:150/2000] 00000/03000, Loss=0.00144, gfake=-7.71948 errG=23691.45117
[Epoch:150/2000] 00200/03000, Loss=0.00177, gfake=-8.77022 errG=21949.15234
[Epoch:150/2000] 00400/03000, Loss=0.00098, gfake=-10.21269 errG=19135.48828
[Epoch:150/2000] 00600/03000, Loss=0.00128, gfake=-9.07999 errG=20536.76758
[Epoch:150/2000] 00800/03000, Loss=0.00244, gfake=-0.48895 errG=36628.21484
[Epoch:150/2000] 01000/03000, Loss=0.00221, gfake=0.71356 errG=27303.88477
[Epoch:150/2000] 01200/03000, Loss=0.00129, gfake=-13.16417 errG=24755.75781
[Epoch:150/2000] 01400/03000, Loss=0.00074, gfake=-16.37531 errG=15044.22266
[Epoch:150/2000] 01600/03000, Loss=0.00221, gfake=-2.07224 errG=30877.28516
[Epoch:150/2000] 01800/03000, Loss=0.00115, gfake=1.89993 errG=21704.85156
[Epoch:150/2000] 02000/03000, Loss=0.00159, gfake=-9.11017 errG=21577.02344
[Epoch:150/2000] 02200/03000, Loss=0.00101, gfake=-1.28318 errG=19438.94141
[Epoch:150/2000] 02400/03000, Loss=0.00113, gfake=-2.77278 errG=21269.23633
[Epoch:150/2000] 02600/03000, Loss=0.00124, gfake=-6.24333 errG=16014.26758
[Epoch:150/2000] 02800/03000, Loss=0.00130, gfake=-11.02471 errG=22478.87500
Epoch:150, Derain_Loss=0.00153
This epoch take time 320.31
----------------------------------------------------------------------------------------------------
lr_Derain 0.000200
lr_ED 0.000100
lrD 0.000400
[Epoch:151/2000] 00000/03000, Loss=0.00079, gfake=-13.37299 errG=19048.35156
[Epoch:151/2000] 00200/03000, Loss=0.00112, gfake=-15.80472 errG=22337.76953
[Epoch:151/2000] 00400/03000, Loss=0.00138, gfake=-6.40204 errG=27674.30664
[Epoch:151/2000] 00600/03000, Loss=0.00076, gfake=-4.36464 errG=18608.43750
[Epoch:151/2000] 00800/03000, Loss=0.00186, gfake=-16.70900 errG=19648.95508
[Epoch:151/2000] 01000/03000, Loss=0.00125, gfake=-1.56572 errG=16594.57617
[Epoch:151/2000] 01200/03000, Loss=0.00157, gfake=-0.54584 errG=29583.63086
[Epoch:151/2000] 01400/03000, Loss=0.00170, gfake=-8.56925 errG=21838.01953
[Epoch:151/2000] 01600/03000, Loss=0.00130, gfake=-6.33046 errG=18751.59375
[Epoch:151/2000] 01800/03000, Loss=0.00264, gfake=-6.07365 errG=35710.68359
[Epoch:151/2000] 02000/03000, Loss=0.00106, gfake=-2.69445 errG=18598.71289
[Epoch:151/2000] 02200/03000, Loss=0.00180, gfake=-9.34088 errG=24064.26953
[Epoch:151/2000] 02400/03000, Loss=0.00138, gfake=-2.13927 errG=21454.78125
[Epoch:151/2000] 02600/03000, Loss=0.00099, gfake=3.57481 errG=19796.98633
[Epoch:151/2000] 02800/03000, Loss=0.00184, gfake=-12.76151 errG=24308.91211
Epoch:151, Derain_Loss=0.00150
This epoch take time 319.85
----------------------------------------------------------------------------------------------------
lr_Derain 0.000200
lr_ED 0.000100
lrD 0.000400
[Epoch:152/2000] 00000/03000, Loss=0.00142, gfake=-4.80235 errG=23178.32031
[Epoch:152/2000] 00200/03000, Loss=0.00174, gfake=-11.02535 errG=27361.48633
[Epoch:152/2000] 00400/03000, Loss=0.00186, gfake=1.06464 errG=24606.11328
[Epoch:152/2000] 00600/03000, Loss=0.00122, gfake=-6.86418 errG=20519.83203
[Epoch:152/2000] 00800/03000, Loss=0.00216, gfake=-14.35946 errG=25890.63867
[Epoch:152/2000] 01000/03000, Loss=0.00156, gfake=-6.03806 errG=26592.33789
[Epoch:152/2000] 01200/03000, Loss=0.00101, gfake=-6.52074 errG=18277.22070
[Epoch:152/2000] 01400/03000, Loss=0.00187, gfake=-11.95149 errG=22607.72852
[Epoch:152/2000] 01600/03000, Loss=0.00136, gfake=-16.97649 errG=17649.64062
[Epoch:152/2000] 01800/03000, Loss=0.00125, gfake=-5.83682 errG=17549.85547
[Epoch:152/2000] 02000/03000, Loss=0.00184, gfake=-3.31725 errG=26389.93359
[Epoch:152/2000] 02200/03000, Loss=0.00186, gfake=-17.05029 errG=20217.74219
[Epoch:152/2000] 02400/03000, Loss=0.00191, gfake=-5.09938 errG=30338.16797
[Epoch:152/2000] 02600/03000, Loss=0.00178, gfake=0.79694 errG=35280.57812
[Epoch:152/2000] 02800/03000, Loss=0.00166, gfake=1.26200 errG=30124.40039
Epoch:152, Derain_Loss=0.00152
This epoch take time 319.88
----------------------------------------------------------------------------------------------------
lr_Derain 0.000200
lr_ED 0.000100
lrD 0.000400
[Epoch:153/2000] 00000/03000, Loss=0.00185, gfake=-9.84511 errG=28723.11523
[Epoch:153/2000] 00200/03000, Loss=0.00207, gfake=-7.03507 errG=29957.69922
[Epoch:153/2000] 00400/03000, Loss=0.00173, gfake=-8.32126 errG=25508.92188
[Epoch:153/2000] 00600/03000, Loss=0.00100, gfake=-13.43322 errG=16018.10352
[Epoch:153/2000] 00800/03000, Loss=0.00181, gfake=-8.52698 errG=20756.40430
[Epoch:153/2000] 01000/03000, Loss=0.00093, gfake=-14.97185 errG=18495.42773
[Epoch:153/2000] 01200/03000, Loss=0.00129, gfake=-5.52658 errG=28500.36719
[Epoch:153/2000] 01400/03000, Loss=0.00153, gfake=-10.21382 errG=23069.25586
[Epoch:153/2000] 01600/03000, Loss=0.00090, gfake=-0.60967 errG=18978.97070
[Epoch:153/2000] 01800/03000, Loss=0.00120, gfake=-9.12270 errG=20131.38672
[Epoch:153/2000] 02000/03000, Loss=0.00127, gfake=-0.59026 errG=31539.82227
[Epoch:153/2000] 02200/03000, Loss=0.00167, gfake=-8.64579 errG=25217.44336
[Epoch:153/2000] 02400/03000, Loss=0.00170, gfake=-14.43361 errG=25792.99805
[Epoch:153/2000] 02600/03000, Loss=0.00122, gfake=-4.08099 errG=17520.33984
[Epoch:153/2000] 02800/03000, Loss=0.00172, gfake=-3.13491 errG=21485.07227
Epoch:153, Derain_Loss=0.00150
This epoch take time 322.75
----------------------------------------------------------------------------------------------------
lr_Derain 0.000200
lr_ED 0.000100
lrD 0.000400
[Epoch:154/2000] 00000/03000, Loss=0.00138, gfake=-13.67529 errG=24433.20117
[Epoch:154/2000] 00200/03000, Loss=0.00135, gfake=-11.85420 errG=25002.50195
[Epoch:154/2000] 00400/03000, Loss=0.00111, gfake=-1.25436 errG=25827.25781
[Epoch:154/2000] 00600/03000, Loss=0.00093, gfake=-8.06052 errG=17321.98047
[Epoch:154/2000] 00800/03000, Loss=0.00194, gfake=-11.94164 errG=27530.78320
[Epoch:154/2000] 01000/03000, Loss=0.00130, gfake=-15.61934 errG=22971.92773
[Epoch:154/2000] 01200/03000, Loss=0.00109, gfake=-13.52586 errG=19308.79883
[Epoch:154/2000] 01400/03000, Loss=0.00224, gfake=-11.39143 errG=24187.24023
[Epoch:154/2000] 01600/03000, Loss=0.00147, gfake=-12.57146 errG=24214.85156
[Epoch:154/2000] 01800/03000, Loss=0.00177, gfake=-1.47405 errG=28178.38867
[Epoch:154/2000] 02000/03000, Loss=0.00129, gfake=-11.30242 errG=22247.90430
[Epoch:154/2000] 02200/03000, Loss=0.00111, gfake=-5.68980 errG=17923.50000
[Epoch:154/2000] 02400/03000, Loss=0.00132, gfake=-5.77301 errG=22338.40039
[Epoch:154/2000] 02600/03000, Loss=0.00132, gfake=5.51987 errG=27562.05469
[Epoch:154/2000] 02800/03000, Loss=0.00118, gfake=-10.67562 errG=20543.61719
Epoch:154, Derain_Loss=0.00150
This epoch take time 319.51
----------------------------------------------------------------------------------------------------
lr_Derain 0.000200
lr_ED 0.000100
lrD 0.000400
[Epoch:155/2000] 00000/03000, Loss=0.00136, gfake=-8.78180 errG=20563.28906
[Epoch:155/2000] 00200/03000, Loss=0.00149, gfake=-2.81171 errG=27461.69141
[Epoch:155/2000] 00400/03000, Loss=0.00223, gfake=-12.57921 errG=24902.69531
[Epoch:155/2000] 00600/03000, Loss=0.00121, gfake=-11.08535 errG=16618.18555
[Epoch:155/2000] 00800/03000, Loss=0.00155, gfake=-11.65182 errG=22674.77539
[Epoch:155/2000] 01000/03000, Loss=0.00148, gfake=-10.08012 errG=22814.74609
[Epoch:155/2000] 01200/03000, Loss=0.00170, gfake=-14.30196 errG=24661.52148
[Epoch:155/2000] 01400/03000, Loss=0.00147, gfake=-6.42973 errG=23726.10938
[Epoch:155/2000] 01600/03000, Loss=0.00101, gfake=-10.20451 errG=22547.41016
[Epoch:155/2000] 01800/03000, Loss=0.00117, gfake=-2.06405 errG=26238.08203
[Epoch:155/2000] 02000/03000, Loss=0.00138, gfake=-4.57543 errG=24240.49805
[Epoch:155/2000] 02200/03000, Loss=0.00153, gfake=-13.40247 errG=22736.94531
[Epoch:155/2000] 02400/03000, Loss=0.00150, gfake=0.29810 errG=35648.53906
[Epoch:155/2000] 02600/03000, Loss=0.00158, gfake=7.97787 errG=27035.51562
[Epoch:155/2000] 02800/03000, Loss=0.00139, gfake=-11.48214 errG=20975.43945
Epoch:155, Derain_Loss=0.00150
This epoch take time 320.72
----------------------------------------------------------------------------------------------------
lr_Derain 0.000200
lr_ED 0.000100
lrD 0.000400
[Epoch:156/2000] 00000/03000, Loss=0.00081, gfake=-12.18031 errG=19173.26367
[Epoch:156/2000] 00200/03000, Loss=0.00188, gfake=1.00672 errG=20311.68945
[Epoch:156/2000] 00400/03000, Loss=0.00137, gfake=-7.68227 errG=21343.91602
[Epoch:156/2000] 00600/03000, Loss=0.00140, gfake=-7.86296 errG=24181.05469
[Epoch:156/2000] 00800/03000, Loss=0.00233, gfake=-7.76990 errG=30592.82031
[Epoch:156/2000] 01000/03000, Loss=0.00165, gfake=-5.70262 errG=25299.07422
[Epoch:156/2000] 01200/03000, Loss=0.00155, gfake=-11.19136 errG=26967.57422
[Epoch:156/2000] 01400/03000, Loss=0.00210, gfake=-7.09435 errG=21910.77539
[Epoch:156/2000] 01600/03000, Loss=0.00212, gfake=-15.14765 errG=25089.56836
[Epoch:156/2000] 01800/03000, Loss=0.00225, gfake=-6.56711 errG=23204.32031
[Epoch:156/2000] 02000/03000, Loss=0.00208, gfake=-6.69319 errG=26735.00000
[Epoch:156/2000] 02200/03000, Loss=0.00130, gfake=3.00876 errG=24072.13867
[Epoch:156/2000] 02400/03000, Loss=0.00128, gfake=-12.28951 errG=18785.71875
[Epoch:156/2000] 02600/03000, Loss=0.00193, gfake=-7.90916 errG=21515.94922
[Epoch:156/2000] 02800/03000, Loss=0.00100, gfake=-11.35668 errG=24141.16016
Epoch:156, Derain_Loss=0.00151
This epoch take time 320.23
----------------------------------------------------------------------------------------------------
lr_Derain 0.000200
lr_ED 0.000100
lrD 0.000400
[Epoch:157/2000] 00000/03000, Loss=0.00136, gfake=-10.69998 errG=19580.30469
[Epoch:157/2000] 00200/03000, Loss=0.00166, gfake=-17.01492 errG=21589.81055
[Epoch:157/2000] 00400/03000, Loss=0.00156, gfake=-7.93775 errG=26821.41602
[Epoch:157/2000] 00600/03000, Loss=0.00143, gfake=-6.76125 errG=29311.47266
[Epoch:157/2000] 00800/03000, Loss=0.00212, gfake=-2.62841 errG=29226.08008
[Epoch:157/2000] 01000/03000, Loss=0.00197, gfake=-6.79156 errG=29706.39648
[Epoch:157/2000] 01200/03000, Loss=0.00205, gfake=-9.13470 errG=28095.36523
[Epoch:157/2000] 01400/03000, Loss=0.00183, gfake=0.75978 errG=20047.43164
[Epoch:157/2000] 01600/03000, Loss=0.00103, gfake=-16.74942 errG=17839.07422
[Epoch:157/2000] 01800/03000, Loss=0.00188, gfake=-8.88228 errG=24117.57422
[Epoch:157/2000] 02000/03000, Loss=0.00211, gfake=-5.43672 errG=26631.35156
[Epoch:157/2000] 02200/03000, Loss=0.00234, gfake=-7.27208 errG=32602.89648
[Epoch:157/2000] 02400/03000, Loss=0.00167, gfake=-7.27495 errG=27180.66406
[Epoch:157/2000] 02600/03000, Loss=0.00159, gfake=-7.84409 errG=28341.23242
[Epoch:157/2000] 02800/03000, Loss=0.00112, gfake=-8.26034 errG=18303.93164
Epoch:157, Derain_Loss=0.00149
This epoch take time 320.74
----------------------------------------------------------------------------------------------------
lr_Derain 0.000200
lr_ED 0.000100
lrD 0.000400
[Epoch:158/2000] 00000/03000, Loss=0.00098, gfake=-8.64603 errG=17442.62891
[Epoch:158/2000] 00200/03000, Loss=0.00130, gfake=-13.20899 errG=24472.91992
[Epoch:158/2000] 00400/03000, Loss=0.00219, gfake=-1.96813 errG=32186.66211
[Epoch:158/2000] 00600/03000, Loss=0.00102, gfake=-12.08560 errG=15775.47168
[Epoch:158/2000] 00800/03000, Loss=0.00155, gfake=-7.90124 errG=22314.77930
[Epoch:158/2000] 01000/03000, Loss=0.00156, gfake=-8.83488 errG=24262.47461
[Epoch:158/2000] 01200/03000, Loss=0.00181, gfake=-8.06955 errG=24137.44336
[Epoch:158/2000] 01400/03000, Loss=0.00173, gfake=-7.51029 errG=26437.57031
[Epoch:158/2000] 01600/03000, Loss=0.00235, gfake=-9.03825 errG=32923.46875
[Epoch:158/2000] 01800/03000, Loss=0.00198, gfake=-8.01619 errG=27277.52539
[Epoch:158/2000] 02000/03000, Loss=0.00107, gfake=-2.65523 errG=20254.40234
[Epoch:158/2000] 02200/03000, Loss=0.00087, gfake=-14.67764 errG=16706.67969
[Epoch:158/2000] 02400/03000, Loss=0.00132, gfake=-0.68097 errG=31205.51172
[Epoch:158/2000] 02600/03000, Loss=0.00158, gfake=-11.61191 errG=23384.46484
[Epoch:158/2000] 02800/03000, Loss=0.00237, gfake=-9.31380 errG=26810.44727
Epoch:158, Derain_Loss=0.00152
This epoch take time 319.42
----------------------------------------------------------------------------------------------------
lr_Derain 0.000200
lr_ED 0.000100
lrD 0.000400
[Epoch:159/2000] 00000/03000, Loss=0.00153, gfake=-16.77634 errG=18748.99414
[Epoch:159/2000] 00200/03000, Loss=0.00137, gfake=-9.11952 errG=20598.34766
[Epoch:159/2000] 00400/03000, Loss=0.00171, gfake=-11.49448 errG=21788.24219
[Epoch:159/2000] 00600/03000, Loss=0.00107, gfake=-7.98960 errG=20459.19727
[Epoch:159/2000] 00800/03000, Loss=0.00072, gfake=-7.97504 errG=21224.79102
[Epoch:159/2000] 01000/03000, Loss=0.00124, gfake=-8.69015 errG=19757.36719
[Epoch:159/2000] 01200/03000, Loss=0.00191, gfake=-0.96060 errG=25907.88867
[Epoch:159/2000] 01400/03000, Loss=0.00184, gfake=-4.24924 errG=30285.62109
[Epoch:159/2000] 01600/03000, Loss=0.00158, gfake=-11.80121 errG=24806.15039
[Epoch:159/2000] 01800/03000, Loss=0.00170, gfake=0.52675 errG=20441.05078
[Epoch:159/2000] 02000/03000, Loss=0.00193, gfake=-5.27635 errG=30351.55469
[Epoch:159/2000] 02200/03000, Loss=0.00065, gfake=-0.63162 errG=20389.77539
[Epoch:159/2000] 02400/03000, Loss=0.00125, gfake=8.72511 errG=18554.78516
[Epoch:159/2000] 02600/03000, Loss=0.00139, gfake=-3.00932 errG=31443.85352
[Epoch:159/2000] 02800/03000, Loss=0.00152, gfake=-2.01210 errG=27809.50977
Epoch:159, Derain_Loss=0.00150
This epoch take time 320.66
----------------------------------------------------------------------------------------------------
lr_Derain 0.000200
lr_ED 0.000100
lrD 0.000400
[Epoch:160/2000] 00000/03000, Loss=0.00083, gfake=-19.25693 errG=16308.66602
[Epoch:160/2000] 00200/03000, Loss=0.00071, gfake=-10.61341 errG=18363.78906
[Epoch:160/2000] 00400/03000, Loss=0.00197, gfake=-5.89759 errG=25904.46094
[Epoch:160/2000] 00600/03000, Loss=0.00192, gfake=-5.05901 errG=27276.88477
[Epoch:160/2000] 00800/03000, Loss=0.00152, gfake=-6.98391 errG=24066.22852
[Epoch:160/2000] 01000/03000, Loss=0.00165, gfake=-1.77674 errG=29763.31641
[Epoch:160/2000] 01200/03000, Loss=0.00212, gfake=-10.13051 errG=24121.51758
[Epoch:160/2000] 01400/03000, Loss=0.00139, gfake=-2.49427 errG=28007.26953
[Epoch:160/2000] 01600/03000, Loss=0.00241, gfake=-9.60258 errG=33180.72656
[Epoch:160/2000] 01800/03000, Loss=0.00105, gfake=-14.47548 errG=21338.62891
[Epoch:160/2000] 02000/03000, Loss=0.00120, gfake=-10.20174 errG=22013.67969
[Epoch:160/2000] 02200/03000, Loss=0.00179, gfake=-13.33310 errG=29688.82227
[Epoch:160/2000] 02400/03000, Loss=0.00167, gfake=-5.61437 errG=25205.72070
[Epoch:160/2000] 02600/03000, Loss=0.00130, gfake=-0.72925 errG=24918.11914
[Epoch:160/2000] 02800/03000, Loss=0.00197, gfake=-2.79003 errG=36352.69531
Epoch:160, Derain_Loss=0.00150
This epoch take time 320.11
----------------------------------------------------------------------------------------------------
lr_Derain 0.000200
lr_ED 0.000100
lrD 0.000400
[Epoch:161/2000] 00000/03000, Loss=0.00181, gfake=-1.51301 errG=28847.92578
[Epoch:161/2000] 00200/03000, Loss=0.00143, gfake=-8.66222 errG=21607.31055
[Epoch:161/2000] 00400/03000, Loss=0.00175, gfake=-15.69555 errG=21513.43750
[Epoch:161/2000] 00600/03000, Loss=0.00071, gfake=-3.03882 errG=17427.72266
[Epoch:161/2000] 00800/03000, Loss=0.00114, gfake=-11.80338 errG=20317.05273
[Epoch:161/2000] 01000/03000, Loss=0.00094, gfake=-12.79399 errG=16370.07227
[Epoch:161/2000] 01200/03000, Loss=0.00073, gfake=-3.64175 errG=16328.55957
[Epoch:161/2000] 01400/03000, Loss=0.00225, gfake=0.50197 errG=33512.14453
[Epoch:161/2000] 01600/03000, Loss=0.00166, gfake=-12.46176 errG=20842.12695
[Epoch:161/2000] 01800/03000, Loss=0.00159, gfake=-0.78052 errG=25956.98828
[Epoch:161/2000] 02000/03000, Loss=0.00157, gfake=-8.68746 errG=29215.82227
[Epoch:161/2000] 02200/03000, Loss=0.00215, gfake=-15.20219 errG=25557.20703
[Epoch:161/2000] 02400/03000, Loss=0.00221, gfake=-14.13957 errG=25448.81055
[Epoch:161/2000] 02600/03000, Loss=0.00109, gfake=-7.24837 errG=22556.57617
[Epoch:161/2000] 02800/03000, Loss=0.00206, gfake=-8.73035 errG=30317.33984
Epoch:161, Derain_Loss=0.00149
This epoch take time 320.53
----------------------------------------------------------------------------------------------------
lr_Derain 0.000200
lr_ED 0.000100
lrD 0.000400
[Epoch:162/2000] 00000/03000, Loss=0.00066, gfake=-7.57599 errG=21281.70898
[Epoch:162/2000] 00200/03000, Loss=0.00232, gfake=-13.34500 errG=28577.23438
[Epoch:162/2000] 00400/03000, Loss=0.00177, gfake=0.55487 errG=26660.31445
[Epoch:162/2000] 00600/03000, Loss=0.00113, gfake=2.23417 errG=21584.80469
[Epoch:162/2000] 00800/03000, Loss=0.00212, gfake=-12.22830 errG=25546.97852
[Epoch:162/2000] 01000/03000, Loss=0.00174, gfake=-11.10238 errG=22327.85156
[Epoch:162/2000] 01200/03000, Loss=0.00211, gfake=-4.01926 errG=37650.78125
[Epoch:162/2000] 01400/03000, Loss=0.00105, gfake=-10.41901 errG=21422.02930
[Epoch:162/2000] 01600/03000, Loss=0.00102, gfake=-14.46149 errG=17981.53906
[Epoch:162/2000] 01800/03000, Loss=0.00160, gfake=-4.36790 errG=24643.83789
[Epoch:162/2000] 02000/03000, Loss=0.00151, gfake=-8.83333 errG=23432.81836
[Epoch:162/2000] 02200/03000, Loss=0.00154, gfake=-1.67723 errG=26542.05273
[Epoch:162/2000] 02400/03000, Loss=0.00144, gfake=-10.30815 errG=20753.93164
[Epoch:162/2000] 02600/03000, Loss=0.00125, gfake=-16.87345 errG=20431.48438
[Epoch:162/2000] 02800/03000, Loss=0.00334, gfake=-5.66576 errG=27346.12500
Epoch:162, Derain_Loss=0.00149
This epoch take time 319.52
----------------------------------------------------------------------------------------------------
lr_Derain 0.000200
lr_ED 0.000100
lrD 0.000400
[Epoch:163/2000] 00000/03000, Loss=0.00120, gfake=-11.54536 errG=25855.31641
[Epoch:163/2000] 00200/03000, Loss=0.00193, gfake=-11.25115 errG=29329.66992
[Epoch:163/2000] 00400/03000, Loss=0.00152, gfake=-12.59728 errG=20412.68555
[Epoch:163/2000] 00600/03000, Loss=0.00109, gfake=-5.79380 errG=16240.07617
[Epoch:163/2000] 00800/03000, Loss=0.00253, gfake=-12.46121 errG=32228.81445
[Epoch:163/2000] 01000/03000, Loss=0.00145, gfake=-2.80373 errG=25473.26758
[Epoch:163/2000] 01200/03000, Loss=0.00125, gfake=-19.54761 errG=21462.73242
[Epoch:163/2000] 01400/03000, Loss=0.00096, gfake=-19.57942 errG=17152.61914
[Epoch:163/2000] 01600/03000, Loss=0.00159, gfake=-8.73277 errG=23566.66602
[Epoch:163/2000] 01800/03000, Loss=0.00101, gfake=-17.32308 errG=18876.07617
[Epoch:163/2000] 02000/03000, Loss=0.00186, gfake=-8.46581 errG=23631.23242
[Epoch:163/2000] 02200/03000, Loss=0.00163, gfake=-8.31801 errG=21587.48828
[Epoch:163/2000] 02400/03000, Loss=0.00117, gfake=-12.23616 errG=17740.52930
[Epoch:163/2000] 02600/03000, Loss=0.00136, gfake=-2.74880 errG=25756.01562
[Epoch:163/2000] 02800/03000, Loss=0.00099, gfake=-2.35808 errG=17250.93164
Epoch:163, Derain_Loss=0.00151
This epoch take time 319.48
----------------------------------------------------------------------------------------------------
lr_Derain 0.000200
lr_ED 0.000100
lrD 0.000400
[Epoch:164/2000] 00000/03000, Loss=0.00181, gfake=-2.70843 errG=30561.73633
[Epoch:164/2000] 00200/03000, Loss=0.00083, gfake=-11.33157 errG=26079.03516
[Epoch:164/2000] 00400/03000, Loss=0.00158, gfake=-12.95536 errG=21396.89844
[Epoch:164/2000] 00600/03000, Loss=0.00153, gfake=-14.12570 errG=20964.37695
[Epoch:164/2000] 00800/03000, Loss=0.00137, gfake=-9.13752 errG=22563.61914
[Epoch:164/2000] 01000/03000, Loss=0.00123, gfake=5.61466 errG=22391.23047
[Epoch:164/2000] 01200/03000, Loss=0.00268, gfake=-10.75564 errG=36134.15234
[Epoch:164/2000] 01400/03000, Loss=0.00256, gfake=-11.51396 errG=34666.92969
[Epoch:164/2000] 01600/03000, Loss=0.00108, gfake=-9.19196 errG=21243.11523
[Epoch:164/2000] 01800/03000, Loss=0.00148, gfake=3.86074 errG=32969.67578
[Epoch:164/2000] 02000/03000, Loss=0.00179, gfake=-4.65277 errG=32233.64844
[Epoch:164/2000] 02200/03000, Loss=0.00212, gfake=-14.42478 errG=17962.72266
[Epoch:164/2000] 02400/03000, Loss=0.00156, gfake=-5.11744 errG=25476.69336
[Epoch:164/2000] 02600/03000, Loss=0.00171, gfake=-4.36831 errG=23845.26953
[Epoch:164/2000] 02800/03000, Loss=0.00210, gfake=-6.02311 errG=25846.95508
Epoch:164, Derain_Loss=0.00149
This epoch take time 319.84
----------------------------------------------------------------------------------------------------
lr_Derain 0.000200
lr_ED 0.000100
lrD 0.000400
[Epoch:165/2000] 00000/03000, Loss=0.00113, gfake=-13.72985 errG=18137.17188
[Epoch:165/2000] 00200/03000, Loss=0.00068, gfake=-4.85566 errG=19175.84766
[Epoch:165/2000] 00400/03000, Loss=0.00169, gfake=-12.64903 errG=22290.56641
[Epoch:165/2000] 00600/03000, Loss=0.00200, gfake=-8.08916 errG=27844.21484
[Epoch:165/2000] 00800/03000, Loss=0.00102, gfake=-5.57467 errG=19762.04883
[Epoch:165/2000] 01000/03000, Loss=0.00108, gfake=-11.97412 errG=17277.32617
[Epoch:165/2000] 01200/03000, Loss=0.00108, gfake=-12.02870 errG=23667.67188
[Epoch:165/2000] 01400/03000, Loss=0.00190, gfake=-7.92767 errG=27903.61133
[Epoch:165/2000] 01600/03000, Loss=0.00110, gfake=-8.87779 errG=28090.38086
[Epoch:165/2000] 01800/03000, Loss=0.00122, gfake=-8.47328 errG=22139.43555
[Epoch:165/2000] 02000/03000, Loss=0.00183, gfake=-2.96647 errG=23038.25000
[Epoch:165/2000] 02200/03000, Loss=0.00134, gfake=-10.16086 errG=21435.30664
[Epoch:165/2000] 02400/03000, Loss=0.00123, gfake=-10.52144 errG=26081.31836
[Epoch:165/2000] 02600/03000, Loss=0.00141, gfake=-4.09421 errG=29751.60547
[Epoch:165/2000] 02800/03000, Loss=0.00171, gfake=2.88325 errG=22084.64844
Epoch:165, Derain_Loss=0.00150
This epoch take time 319.39
----------------------------------------------------------------------------------------------------
lr_Derain 0.000200
lr_ED 0.000100
lrD 0.000400
[Epoch:166/2000] 00000/03000, Loss=0.00187, gfake=-17.21593 errG=25441.93555
[Epoch:166/2000] 00200/03000, Loss=0.00055, gfake=-15.70173 errG=15813.34082
[Epoch:166/2000] 00400/03000, Loss=0.00110, gfake=-17.02462 errG=16848.11133
[Epoch:166/2000] 00600/03000, Loss=0.00162, gfake=-14.08575 errG=23955.30273
[Epoch:166/2000] 00800/03000, Loss=0.00141, gfake=-5.09396 errG=20151.75195
[Epoch:166/2000] 01000/03000, Loss=0.00191, gfake=0.78624 errG=36491.62109
[Epoch:166/2000] 01200/03000, Loss=0.00144, gfake=-11.67475 errG=20096.07227
[Epoch:166/2000] 01400/03000, Loss=0.00174, gfake=-8.89304 errG=23400.62305
[Epoch:166/2000] 01600/03000, Loss=0.00264, gfake=-2.23544 errG=29718.64062
[Epoch:166/2000] 01800/03000, Loss=0.00175, gfake=-7.91912 errG=20593.83984
[Epoch:166/2000] 02000/03000, Loss=0.00166, gfake=-13.75063 errG=21969.52930
[Epoch:166/2000] 02200/03000, Loss=0.00170, gfake=2.16097 errG=32022.58789
[Epoch:166/2000] 02400/03000, Loss=0.00158, gfake=7.45822 errG=32439.17773
[Epoch:166/2000] 02600/03000, Loss=0.00167, gfake=-4.12724 errG=26745.94922
[Epoch:166/2000] 02800/03000, Loss=0.00168, gfake=-7.81925 errG=25714.07031
Epoch:166, Derain_Loss=0.00150
This epoch take time 320.95
----------------------------------------------------------------------------------------------------
lr_Derain 0.000200
lr_ED 0.000100
lrD 0.000400
[Epoch:167/2000] 00000/03000, Loss=0.00212, gfake=-1.72398 errG=21710.21875
[Epoch:167/2000] 00200/03000, Loss=0.00210, gfake=-8.09131 errG=28478.97852
[Epoch:167/2000] 00400/03000, Loss=0.00134, gfake=2.11817 errG=25618.78906
[Epoch:167/2000] 00600/03000, Loss=0.00090, gfake=-13.47072 errG=16988.78125
[Epoch:167/2000] 00800/03000, Loss=0.00104, gfake=-6.14793 errG=23102.09961
[Epoch:167/2000] 01000/03000, Loss=0.00178, gfake=-4.62843 errG=28206.78320
[Epoch:167/2000] 01200/03000, Loss=0.00177, gfake=-4.58063 errG=25275.11133
[Epoch:167/2000] 01400/03000, Loss=0.00114, gfake=-6.22946 errG=16999.36328
[Epoch:167/2000] 01600/03000, Loss=0.00153, gfake=0.96710 errG=22853.97852
[Epoch:167/2000] 01800/03000, Loss=0.00146, gfake=1.83770 errG=32872.62109
[Epoch:167/2000] 02000/03000, Loss=0.00142, gfake=-1.61913 errG=21203.28906
[Epoch:167/2000] 02200/03000, Loss=0.00159, gfake=-10.44678 errG=26049.49805
[Epoch:167/2000] 02400/03000, Loss=0.00177, gfake=-12.88295 errG=26166.83594
[Epoch:167/2000] 02600/03000, Loss=0.00142, gfake=-11.28790 errG=22130.51758
[Epoch:167/2000] 02800/03000, Loss=0.00111, gfake=2.24037 errG=21316.40820
Epoch:167, Derain_Loss=0.00147
This epoch take time 319.65
----------------------------------------------------------------------------------------------------
lr_Derain 0.000200
lr_ED 0.000100
lrD 0.000400
[Epoch:168/2000] 00000/03000, Loss=0.00127, gfake=-19.18398 errG=23025.08594
[Epoch:168/2000] 00200/03000, Loss=0.00152, gfake=-13.99451 errG=27735.83008
[Epoch:168/2000] 00400/03000, Loss=0.00165, gfake=-7.09729 errG=22200.11328
[Epoch:168/2000] 00600/03000, Loss=0.00117, gfake=-15.48119 errG=17871.53711
[Epoch:168/2000] 00800/03000, Loss=0.00073, gfake=-12.40391 errG=21898.75391
[Epoch:168/2000] 01000/03000, Loss=0.00193, gfake=-10.04311 errG=29058.18555
[Epoch:168/2000] 01200/03000, Loss=0.00171, gfake=-17.37503 errG=17180.71289
[Epoch:168/2000] 01400/03000, Loss=0.00227, gfake=-10.70572 errG=30675.21289
[Epoch:168/2000] 01600/03000, Loss=0.00146, gfake=-2.07354 errG=26161.69727
[Epoch:168/2000] 01800/03000, Loss=0.00236, gfake=-15.31309 errG=26122.63086
[Epoch:168/2000] 02000/03000, Loss=0.00218, gfake=-11.06969 errG=29784.69141
[Epoch:168/2000] 02200/03000, Loss=0.00108, gfake=-10.27896 errG=24990.29492
[Epoch:168/2000] 02400/03000, Loss=0.00149, gfake=-4.65566 errG=23290.78711
[Epoch:168/2000] 02600/03000, Loss=0.00079, gfake=-6.64488 errG=16499.78906
[Epoch:168/2000] 02800/03000, Loss=0.00131, gfake=-10.13777 errG=19785.57422
Epoch:168, Derain_Loss=0.00148
This epoch take time 319.80
----------------------------------------------------------------------------------------------------
lr_Derain 0.000200
lr_ED 0.000100
lrD 0.000400
[Epoch:169/2000] 00000/03000, Loss=0.00174, gfake=-7.83074 errG=17923.00391
[Epoch:169/2000] 00200/03000, Loss=0.00174, gfake=-8.18032 errG=26006.83789
[Epoch:169/2000] 00400/03000, Loss=0.00179, gfake=-14.75011 errG=17189.69922
[Epoch:169/2000] 00600/03000, Loss=0.00111, gfake=-8.02906 errG=21357.34375
[Epoch:169/2000] 00800/03000, Loss=0.00123, gfake=-6.65211 errG=24865.30273
[Epoch:169/2000] 01000/03000, Loss=0.00103, gfake=-10.68825 errG=22049.47656
[Epoch:169/2000] 01200/03000, Loss=0.00166, gfake=-4.76492 errG=30510.75195
[Epoch:169/2000] 01400/03000, Loss=0.00165, gfake=-14.10976 errG=19841.29688
[Epoch:169/2000] 01600/03000, Loss=0.00203, gfake=-10.33957 errG=19009.65039
[Epoch:169/2000] 01800/03000, Loss=0.00171, gfake=-7.69558 errG=27758.47852
[Epoch:169/2000] 02000/03000, Loss=0.00198, gfake=-0.86380 errG=34133.32031
[Epoch:169/2000] 02200/03000, Loss=0.00112, gfake=-6.23592 errG=20673.06250
[Epoch:169/2000] 02400/03000, Loss=0.00206, gfake=-7.61617 errG=25055.30469
[Epoch:169/2000] 02600/03000, Loss=0.00294, gfake=1.80433 errG=41096.55859
[Epoch:169/2000] 02800/03000, Loss=0.00117, gfake=-13.45987 errG=18453.41211
Epoch:169, Derain_Loss=0.00148
This epoch take time 319.86
----------------------------------------------------------------------------------------------------
lr_Derain 0.000200
lr_ED 0.000100
lrD 0.000400
[Epoch:170/2000] 00000/03000, Loss=0.00245, gfake=-4.83940 errG=33415.69141
[Epoch:170/2000] 00200/03000, Loss=0.00053, gfake=-20.05789 errG=14930.50488
[Epoch:170/2000] 00400/03000, Loss=0.00116, gfake=-1.72069 errG=19228.63086
[Epoch:170/2000] 00600/03000, Loss=0.00174, gfake=-10.89934 errG=21927.25781
[Epoch:170/2000] 00800/03000, Loss=0.00128, gfake=-13.45398 errG=24610.52344
[Epoch:170/2000] 01000/03000, Loss=0.00106, gfake=-15.07793 errG=20401.51562
[Epoch:170/2000] 01200/03000, Loss=0.00122, gfake=-11.28206 errG=21808.87305
[Epoch:170/2000] 01400/03000, Loss=0.00106, gfake=-4.25859 errG=21102.05469
[Epoch:170/2000] 01600/03000, Loss=0.00097, gfake=-2.12702 errG=24132.55469
[Epoch:170/2000] 01800/03000, Loss=0.00139, gfake=-6.68717 errG=26286.75195
[Epoch:170/2000] 02000/03000, Loss=0.00167, gfake=-3.46460 errG=27372.51172
[Epoch:170/2000] 02200/03000, Loss=0.00142, gfake=-5.57212 errG=20819.34766
[Epoch:170/2000] 02400/03000, Loss=0.00143, gfake=-1.18257 errG=27563.50195
[Epoch:170/2000] 02600/03000, Loss=0.00080, gfake=-16.52238 errG=20020.38086
[Epoch:170/2000] 02800/03000, Loss=0.00165, gfake=-6.70985 errG=24903.97461
Epoch:170, Derain_Loss=0.00149
This epoch take time 320.71
----------------------------------------------------------------------------------------------------
lr_Derain 0.000200
lr_ED 0.000100
lrD 0.000400
[Epoch:171/2000] 00000/03000, Loss=0.00086, gfake=-17.19807 errG=19211.79883
[Epoch:171/2000] 00200/03000, Loss=0.00186, gfake=-6.03724 errG=34109.24219
[Epoch:171/2000] 00400/03000, Loss=0.00184, gfake=-9.07036 errG=27214.74609
[Epoch:171/2000] 00600/03000, Loss=0.00115, gfake=-1.29757 errG=27945.93750
[Epoch:171/2000] 00800/03000, Loss=0.00195, gfake=-13.26065 errG=24281.98242
[Epoch:171/2000] 01000/03000, Loss=0.00184, gfake=-7.49818 errG=19142.73242
[Epoch:171/2000] 01200/03000, Loss=0.00114, gfake=-14.37936 errG=17376.34766
[Epoch:171/2000] 01400/03000, Loss=0.00162, gfake=-14.25107 errG=25041.73633
[Epoch:171/2000] 01600/03000, Loss=0.00204, gfake=-14.10414 errG=27331.49805
[Epoch:171/2000] 01800/03000, Loss=0.00159, gfake=-7.09690 errG=23336.02734
[Epoch:171/2000] 02000/03000, Loss=0.00110, gfake=1.75998 errG=23584.41992
[Epoch:171/2000] 02200/03000, Loss=0.00198, gfake=7.21878 errG=35771.97656
[Epoch:171/2000] 02400/03000, Loss=0.00202, gfake=-0.49025 errG=33181.50781
[Epoch:171/2000] 02600/03000, Loss=0.00218, gfake=-3.16525 errG=31812.36133
[Epoch:171/2000] 02800/03000, Loss=0.00142, gfake=-2.67768 errG=21422.42578
Epoch:171, Derain_Loss=0.00148
This epoch take time 320.07
----------------------------------------------------------------------------------------------------
lr_Derain 0.000200
lr_ED 0.000100
lrD 0.000400
[Epoch:172/2000] 00000/03000, Loss=0.00174, gfake=-6.51954 errG=21785.40234
[Epoch:172/2000] 00200/03000, Loss=0.00112, gfake=-13.84019 errG=15668.24219
[Epoch:172/2000] 00400/03000, Loss=0.00167, gfake=-11.29018 errG=28969.87500
[Epoch:172/2000] 00600/03000, Loss=0.00106, gfake=3.49289 errG=27674.80469
[Epoch:172/2000] 00800/03000, Loss=0.00090, gfake=-20.37243 errG=21125.33984
[Epoch:172/2000] 01000/03000, Loss=0.00245, gfake=-6.73550 errG=29603.84375
[Epoch:172/2000] 01200/03000, Loss=0.00180, gfake=-6.85990 errG=28035.17773
[Epoch:172/2000] 01400/03000, Loss=0.00114, gfake=1.62724 errG=14859.28320
[Epoch:172/2000] 01600/03000, Loss=0.00143, gfake=-11.99600 errG=24521.52344
[Epoch:172/2000] 01800/03000, Loss=0.00225, gfake=-5.88129 errG=35030.11328
[Epoch:172/2000] 02000/03000, Loss=0.00188, gfake=2.86794 errG=25091.85547
[Epoch:172/2000] 02200/03000, Loss=0.00168, gfake=-4.55735 errG=28321.51172
[Epoch:172/2000] 02400/03000, Loss=0.00138, gfake=-10.91758 errG=23730.41016
[Epoch:172/2000] 02600/03000, Loss=0.00119, gfake=0.59084 errG=21163.07812
[Epoch:172/2000] 02800/03000, Loss=0.00198, gfake=-11.46279 errG=24237.13672
Epoch:172, Derain_Loss=0.00149
This epoch take time 319.76
----------------------------------------------------------------------------------------------------
lr_Derain 0.000200
lr_ED 0.000100
lrD 0.000400
[Epoch:173/2000] 00000/03000, Loss=0.00124, gfake=-17.82980 errG=20678.96484
[Epoch:173/2000] 00200/03000, Loss=0.00107, gfake=-11.20821 errG=21116.39844
[Epoch:173/2000] 00400/03000, Loss=0.00142, gfake=-11.37598 errG=20133.36523
[Epoch:173/2000] 00600/03000, Loss=0.00125, gfake=-6.64218 errG=22798.82227
[Epoch:173/2000] 00800/03000, Loss=0.00147, gfake=-0.93684 errG=25459.79688
[Epoch:173/2000] 01000/03000, Loss=0.00157, gfake=-14.13763 errG=15986.92383
[Epoch:173/2000] 01200/03000, Loss=0.00138, gfake=-14.34821 errG=21210.31641
[Epoch:173/2000] 01400/03000, Loss=0.00146, gfake=-9.42843 errG=20798.69531
[Epoch:173/2000] 01600/03000, Loss=0.00117, gfake=-7.38132 errG=19237.51562
[Epoch:173/2000] 01800/03000, Loss=0.00045, gfake=-16.16349 errG=17031.11523
[Epoch:173/2000] 02000/03000, Loss=0.00197, gfake=-1.73438 errG=26185.20312
[Epoch:173/2000] 02200/03000, Loss=0.00129, gfake=-15.12640 errG=20808.09961
[Epoch:173/2000] 02400/03000, Loss=0.00143, gfake=-3.62270 errG=20701.26367
[Epoch:173/2000] 02600/03000, Loss=0.00211, gfake=-9.27801 errG=34452.30078
[Epoch:173/2000] 02800/03000, Loss=0.00176, gfake=1.67754 errG=26859.15430
Epoch:173, Derain_Loss=0.00148
This epoch take time 317.55
----------------------------------------------------------------------------------------------------
lr_Derain 0.000200
lr_ED 0.000100
lrD 0.000400
[Epoch:174/2000] 00000/03000, Loss=0.00142, gfake=-10.95534 errG=26971.13672
[Epoch:174/2000] 00200/03000, Loss=0.00099, gfake=-0.32389 errG=25084.08008
[Epoch:174/2000] 00400/03000, Loss=0.00127, gfake=-3.26289 errG=26790.97852
[Epoch:174/2000] 00600/03000, Loss=0.00090, gfake=-18.61835 errG=21540.70117
[Epoch:174/2000] 00800/03000, Loss=0.00132, gfake=-0.53471 errG=22112.76172
[Epoch:174/2000] 01000/03000, Loss=0.00170, gfake=0.97848 errG=29556.60156
[Epoch:174/2000] 01200/03000, Loss=0.00117, gfake=-15.70217 errG=20950.84766
[Epoch:174/2000] 01400/03000, Loss=0.00168, gfake=-11.26315 errG=27155.74219
[Epoch:174/2000] 01600/03000, Loss=0.00119, gfake=-12.81846 errG=21569.90039
[Epoch:174/2000] 01800/03000, Loss=0.00183, gfake=-12.93365 errG=26580.00195
[Epoch:174/2000] 02000/03000, Loss=0.00111, gfake=-9.02126 errG=17755.19727
[Epoch:174/2000] 02200/03000, Loss=0.00204, gfake=-2.65373 errG=27353.25195
[Epoch:174/2000] 02400/03000, Loss=0.00174, gfake=-14.12986 errG=31419.08984
[Epoch:174/2000] 02600/03000, Loss=0.00108, gfake=-7.90391 errG=18895.26758
[Epoch:174/2000] 02800/03000, Loss=0.00112, gfake=-10.55179 errG=18555.13867
Epoch:174, Derain_Loss=0.00149
This epoch take time 317.53
----------------------------------------------------------------------------------------------------
lr_Derain 0.000200
lr_ED 0.000100
lrD 0.000400
[Epoch:175/2000] 00000/03000, Loss=0.00228, gfake=-18.99992 errG=23650.79297
[Epoch:175/2000] 00200/03000, Loss=0.00105, gfake=-8.31890 errG=26973.58008
[Epoch:175/2000] 00400/03000, Loss=0.00075, gfake=-14.24694 errG=20855.18945
[Epoch:175/2000] 00600/03000, Loss=0.00175, gfake=-4.52376 errG=32730.84180
[Epoch:175/2000] 00800/03000, Loss=0.00140, gfake=-8.77111 errG=22543.56641
[Epoch:175/2000] 01000/03000, Loss=0.00158, gfake=-16.91236 errG=19494.52734
[Epoch:175/2000] 01200/03000, Loss=0.00152, gfake=-0.92100 errG=19118.11719
[Epoch:175/2000] 01400/03000, Loss=0.00169, gfake=5.01091 errG=22787.81445
[Epoch:175/2000] 01600/03000, Loss=0.00141, gfake=-13.20074 errG=21313.75781
[Epoch:175/2000] 01800/03000, Loss=0.00117, gfake=1.27050 errG=23698.01758
[Epoch:175/2000] 02000/03000, Loss=0.00165, gfake=-8.02568 errG=20253.20117
[Epoch:175/2000] 02200/03000, Loss=0.00161, gfake=-7.43541 errG=27972.58008
[Epoch:175/2000] 02400/03000, Loss=0.00115, gfake=7.71593 errG=25913.21484
[Epoch:175/2000] 02600/03000, Loss=0.00122, gfake=2.76460 errG=23157.77148
[Epoch:175/2000] 02800/03000, Loss=0.00163, gfake=-0.13338 errG=33517.03906
Epoch:175, Derain_Loss=0.00147
This epoch take time 316.88
----------------------------------------------------------------------------------------------------
lr_Derain 0.000200
lr_ED 0.000100
lrD 0.000400
[Epoch:176/2000] 00000/03000, Loss=0.00183, gfake=-4.36188 errG=32751.18750
[Epoch:176/2000] 00200/03000, Loss=0.00092, gfake=-9.60289 errG=24377.41992
[Epoch:176/2000] 00400/03000, Loss=0.00212, gfake=-8.74010 errG=24352.24219
[Epoch:176/2000] 00600/03000, Loss=0.00168, gfake=-9.98558 errG=27309.23828
[Epoch:176/2000] 00800/03000, Loss=0.00098, gfake=-15.61718 errG=14835.69727
[Epoch:176/2000] 01000/03000, Loss=0.00099, gfake=-7.84426 errG=17935.25391
[Epoch:176/2000] 01200/03000, Loss=0.00160, gfake=-6.48623 errG=27197.89453
[Epoch:176/2000] 01400/03000, Loss=0.00168, gfake=-11.58723 errG=22790.49609
[Epoch:176/2000] 01600/03000, Loss=0.00096, gfake=-18.02783 errG=15889.54004
[Epoch:176/2000] 01800/03000, Loss=0.00193, gfake=-4.85896 errG=27204.62500
[Epoch:176/2000] 02000/03000, Loss=0.00212, gfake=-6.74500 errG=26841.88086
[Epoch:176/2000] 02200/03000, Loss=0.00180, gfake=-5.89417 errG=29584.35352
[Epoch:176/2000] 02400/03000, Loss=0.00142, gfake=-10.25078 errG=19194.03320
[Epoch:176/2000] 02600/03000, Loss=0.00155, gfake=-13.77074 errG=25300.23047
[Epoch:176/2000] 02800/03000, Loss=0.00138, gfake=-0.47293 errG=28524.64062
Epoch:176, Derain_Loss=0.00148
This epoch take time 318.50
----------------------------------------------------------------------------------------------------
lr_Derain 0.000200
lr_ED 0.000100
lrD 0.000400
[Epoch:177/2000] 00000/03000, Loss=0.00128, gfake=-4.70163 errG=25471.64844
[Epoch:177/2000] 00200/03000, Loss=0.00124, gfake=-12.69974 errG=21827.04883
[Epoch:177/2000] 00400/03000, Loss=0.00097, gfake=-11.31878 errG=23201.34180
[Epoch:177/2000] 00600/03000, Loss=0.00135, gfake=-4.74396 errG=22839.00195
[Epoch:177/2000] 00800/03000, Loss=0.00099, gfake=3.58215 errG=22074.78516
[Epoch:177/2000] 01000/03000, Loss=0.00125, gfake=-0.05955 errG=29649.40430
[Epoch:177/2000] 01200/03000, Loss=0.00090, gfake=-14.22378 errG=20918.37109
[Epoch:177/2000] 01400/03000, Loss=0.00214, gfake=-1.69275 errG=26754.64062
[Epoch:177/2000] 01600/03000, Loss=0.00076, gfake=-8.57865 errG=16326.07324
[Epoch:177/2000] 01800/03000, Loss=0.00136, gfake=-2.98976 errG=28384.94141
[Epoch:177/2000] 02000/03000, Loss=0.00142, gfake=-7.53908 errG=25451.37305
[Epoch:177/2000] 02200/03000, Loss=0.00112, gfake=-7.52872 errG=24382.05859
[Epoch:177/2000] 02400/03000, Loss=0.00077, gfake=-7.25118 errG=14901.61719
[Epoch:177/2000] 02600/03000, Loss=0.00158, gfake=-3.08064 errG=27373.73633
[Epoch:177/2000] 02800/03000, Loss=0.00084, gfake=-2.71303 errG=23391.51562
Epoch:177, Derain_Loss=0.00148
This epoch take time 317.26
----------------------------------------------------------------------------------------------------
lr_Derain 0.000200
lr_ED 0.000100
lrD 0.000400
[Epoch:178/2000] 00000/03000, Loss=0.00168, gfake=-9.81438 errG=21791.02539
[Epoch:178/2000] 00200/03000, Loss=0.00159, gfake=-12.03419 errG=23640.79297
[Epoch:178/2000] 00400/03000, Loss=0.00165, gfake=-10.71384 errG=24577.32812
[Epoch:178/2000] 00600/03000, Loss=0.00148, gfake=-14.09680 errG=21128.72461
[Epoch:178/2000] 00800/03000, Loss=0.00097, gfake=-6.69327 errG=23219.60352
[Epoch:178/2000] 01000/03000, Loss=0.00242, gfake=-7.65653 errG=30800.56250
[Epoch:178/2000] 01200/03000, Loss=0.00105, gfake=-4.48131 errG=19025.81250
[Epoch:178/2000] 01400/03000, Loss=0.00108, gfake=-10.57549 errG=27790.03516
[Epoch:178/2000] 01600/03000, Loss=0.00124, gfake=-7.32907 errG=18936.20703
[Epoch:178/2000] 01800/03000, Loss=0.00095, gfake=-8.23216 errG=18306.73242
[Epoch:178/2000] 02000/03000, Loss=0.00091, gfake=-15.54028 errG=16197.91602
[Epoch:178/2000] 02200/03000, Loss=0.00164, gfake=0.39993 errG=19946.93359
[Epoch:178/2000] 02400/03000, Loss=0.00193, gfake=-11.20919 errG=23740.19922
[Epoch:178/2000] 02600/03000, Loss=0.00200, gfake=-9.70944 errG=25841.19727
[Epoch:178/2000] 02800/03000, Loss=0.00158, gfake=-10.86560 errG=22561.53711
Epoch:178, Derain_Loss=0.00149
This epoch take time 319.51
----------------------------------------------------------------------------------------------------
lr_Derain 0.000200
lr_ED 0.000100
lrD 0.000400
[Epoch:179/2000] 00000/03000, Loss=0.00168, gfake=-10.15849 errG=23444.74414
[Epoch:179/2000] 00200/03000, Loss=0.00092, gfake=-18.01285 errG=13705.20312
[Epoch:179/2000] 00400/03000, Loss=0.00141, gfake=-7.89461 errG=21680.15625
[Epoch:179/2000] 00600/03000, Loss=0.00120, gfake=-5.65549 errG=23813.18555
[Epoch:179/2000] 00800/03000, Loss=0.00112, gfake=-17.68900 errG=20991.31445
[Epoch:179/2000] 01000/03000, Loss=0.00165, gfake=-7.04715 errG=27764.36133
[Epoch:179/2000] 01200/03000, Loss=0.00188, gfake=-12.59739 errG=23472.42773
[Epoch:179/2000] 01400/03000, Loss=0.00120, gfake=-6.16100 errG=20969.44922
[Epoch:179/2000] 01600/03000, Loss=0.00071, gfake=-14.12296 errG=15012.98145
[Epoch:179/2000] 01800/03000, Loss=0.00144, gfake=-10.70075 errG=21263.26367
[Epoch:179/2000] 02000/03000, Loss=0.00166, gfake=-9.42791 errG=19403.00781
[Epoch:179/2000] 02200/03000, Loss=0.00134, gfake=-4.99557 errG=22890.95703
[Epoch:179/2000] 02400/03000, Loss=0.00140, gfake=-5.31994 errG=23524.38281
[Epoch:179/2000] 02600/03000, Loss=0.00195, gfake=-16.67123 errG=28125.66016
[Epoch:179/2000] 02800/03000, Loss=0.00109, gfake=-13.86256 errG=21865.44727
Epoch:179, Derain_Loss=0.00148
This epoch take time 321.63
----------------------------------------------------------------------------------------------------
lr_Derain 0.000200
lr_ED 0.000100
lrD 0.000400
[Epoch:180/2000] 00000/03000, Loss=0.00118, gfake=-4.72499 errG=30362.62109
[Epoch:180/2000] 00200/03000, Loss=0.00086, gfake=-18.38284 errG=15175.21680
[Epoch:180/2000] 00400/03000, Loss=0.00127, gfake=-9.55191 errG=15754.71973
[Epoch:180/2000] 00600/03000, Loss=0.00147, gfake=-9.28757 errG=29193.15430
[Epoch:180/2000] 00800/03000, Loss=0.00160, gfake=-7.09044 errG=27151.07227
[Epoch:180/2000] 01000/03000, Loss=0.00185, gfake=-15.38709 errG=21133.48438
[Epoch:180/2000] 01200/03000, Loss=0.00087, gfake=-1.58924 errG=24421.53320
[Epoch:180/2000] 01400/03000, Loss=0.00227, gfake=-4.70872 errG=29735.89453
[Epoch:180/2000] 01600/03000, Loss=0.00185, gfake=-9.99654 errG=25467.48242
[Epoch:180/2000] 01800/03000, Loss=0.00165, gfake=-14.02020 errG=26031.95312
[Epoch:180/2000] 02000/03000, Loss=0.00175, gfake=-7.29142 errG=23465.37500
[Epoch:180/2000] 02200/03000, Loss=0.00184, gfake=-15.57100 errG=27699.58594
[Epoch:180/2000] 02400/03000, Loss=0.00107, gfake=-10.72914 errG=24840.75391
[Epoch:180/2000] 02600/03000, Loss=0.00132, gfake=0.81438 errG=18853.28125
[Epoch:180/2000] 02800/03000, Loss=0.00135, gfake=-5.57876 errG=22392.10547
Epoch:180, Derain_Loss=0.00148
This epoch take time 320.00
----------------------------------------------------------------------------------------------------
lr_Derain 0.000200
lr_ED 0.000100
lrD 0.000400
