Random Seed:  7886
lr_Derain 0.000200
lr_ED 0.000100
lrD 0.000400
[Epoch:92/2000] 00000/03000, Loss=0.00207, gfake=-11.73211 errG=27392.32422
[Epoch:92/2000] 00200/03000, Loss=0.00145, gfake=-10.39480 errG=21117.74805
[Epoch:92/2000] 00400/03000, Loss=0.00116, gfake=-5.98690 errG=23110.16016
[Epoch:92/2000] 00600/03000, Loss=0.00110, gfake=-8.31470 errG=19046.34375
[Epoch:92/2000] 00800/03000, Loss=0.00112, gfake=-16.21220 errG=21434.48438
[Epoch:92/2000] 01000/03000, Loss=0.00110, gfake=-11.53140 errG=21821.05859
[Epoch:92/2000] 01200/03000, Loss=0.00210, gfake=-12.33390 errG=19423.63086
[Epoch:92/2000] 01400/03000, Loss=0.00316, gfake=-4.75644 errG=32822.79688
[Epoch:92/2000] 01600/03000, Loss=0.00187, gfake=-10.71125 errG=24140.29102
[Epoch:92/2000] 01800/03000, Loss=0.00110, gfake=-9.48591 errG=19371.92578
[Epoch:92/2000] 02000/03000, Loss=0.00152, gfake=-14.77552 errG=18037.91016
[Epoch:92/2000] 02200/03000, Loss=0.00118, gfake=-12.54070 errG=23951.77344
[Epoch:92/2000] 02400/03000, Loss=0.00145, gfake=-7.86736 errG=31696.81836
[Epoch:92/2000] 02600/03000, Loss=0.00201, gfake=-9.90735 errG=24722.72656
[Epoch:92/2000] 02800/03000, Loss=0.00219, gfake=-9.75093 errG=29403.51172
Epoch:92, Derain_Loss=0.00164
This epoch take time 320.12
----------------------------------------------------------------------------------------------------
lr_Derain 0.000200
lr_ED 0.000100
lrD 0.000400
[Epoch:93/2000] 00000/03000, Loss=0.00139, gfake=-7.94464 errG=20197.21484
[Epoch:93/2000] 00200/03000, Loss=0.00162, gfake=-13.60150 errG=22764.32031
[Epoch:93/2000] 00400/03000, Loss=0.00266, gfake=-4.31429 errG=29475.62891
[Epoch:93/2000] 00600/03000, Loss=0.00231, gfake=-11.13886 errG=25448.47656
[Epoch:93/2000] 00800/03000, Loss=0.00249, gfake=-17.59478 errG=23466.73242
[Epoch:93/2000] 01000/03000, Loss=0.00149, gfake=-7.89580 errG=22560.29688
[Epoch:93/2000] 01200/03000, Loss=0.00128, gfake=-21.73246 errG=19415.01172
[Epoch:93/2000] 01400/03000, Loss=0.00154, gfake=-16.13472 errG=20795.83789
[Epoch:93/2000] 01600/03000, Loss=0.00165, gfake=-12.79000 errG=24951.41016
[Epoch:93/2000] 01800/03000, Loss=0.00156, gfake=-11.06626 errG=17574.86914
[Epoch:93/2000] 02000/03000, Loss=0.00218, gfake=-7.34535 errG=24759.88086
[Epoch:93/2000] 02200/03000, Loss=0.00234, gfake=-5.91097 errG=26060.97656
[Epoch:93/2000] 02400/03000, Loss=0.00130, gfake=-16.38763 errG=20330.55273
[Epoch:93/2000] 02600/03000, Loss=0.00165, gfake=-7.86683 errG=25387.01367
[Epoch:93/2000] 02800/03000, Loss=0.00148, gfake=-7.99432 errG=18537.39453
Epoch:93, Derain_Loss=0.00164
This epoch take time 317.49
----------------------------------------------------------------------------------------------------
lr_Derain 0.000200
lr_ED 0.000100
lrD 0.000400
[Epoch:94/2000] 00000/03000, Loss=0.00174, gfake=-16.25356 errG=21198.06250
[Epoch:94/2000] 00200/03000, Loss=0.00223, gfake=0.17376 errG=31250.40234
[Epoch:94/2000] 00400/03000, Loss=0.00107, gfake=-13.54465 errG=19088.91016
[Epoch:94/2000] 00600/03000, Loss=0.00113, gfake=-6.14473 errG=20924.12109
[Epoch:94/2000] 00800/03000, Loss=0.00253, gfake=-14.35231 errG=27821.58594
[Epoch:94/2000] 01000/03000, Loss=0.00164, gfake=-20.15911 errG=20234.99805
[Epoch:94/2000] 01200/03000, Loss=0.00188, gfake=-8.12335 errG=22697.37695
[Epoch:94/2000] 01400/03000, Loss=0.00160, gfake=-19.18919 errG=18548.56641
[Epoch:94/2000] 01600/03000, Loss=0.00134, gfake=-7.21660 errG=26667.85938
[Epoch:94/2000] 01800/03000, Loss=0.00290, gfake=-10.52511 errG=25153.35742
[Epoch:94/2000] 02000/03000, Loss=0.00128, gfake=-3.42401 errG=18391.95312
[Epoch:94/2000] 02200/03000, Loss=0.00125, gfake=-4.26767 errG=23506.08203
[Epoch:94/2000] 02400/03000, Loss=0.00277, gfake=5.16413 errG=37075.45703
[Epoch:94/2000] 02600/03000, Loss=0.00220, gfake=-5.11824 errG=25450.22070
[Epoch:94/2000] 02800/03000, Loss=0.00314, gfake=-5.23493 errG=36244.24609
Epoch:94, Derain_Loss=0.00163
This epoch take time 316.52
----------------------------------------------------------------------------------------------------
lr_Derain 0.000200
lr_ED 0.000100
lrD 0.000400
[Epoch:95/2000] 00000/03000, Loss=0.00198, gfake=-11.55169 errG=22158.14453
[Epoch:95/2000] 00200/03000, Loss=0.00113, gfake=-6.30727 errG=20386.58008
[Epoch:95/2000] 00400/03000, Loss=0.00215, gfake=-11.79341 errG=28937.53906
[Epoch:95/2000] 00600/03000, Loss=0.00123, gfake=-13.36754 errG=20536.90625
[Epoch:95/2000] 00800/03000, Loss=0.00140, gfake=-12.26097 errG=19510.58008
[Epoch:95/2000] 01000/03000, Loss=0.00091, gfake=-12.65234 errG=17614.70898
[Epoch:95/2000] 01200/03000, Loss=0.00115, gfake=-11.04521 errG=20992.51367
[Epoch:95/2000] 01400/03000, Loss=0.00160, gfake=-13.28433 errG=25507.34180
[Epoch:95/2000] 01600/03000, Loss=0.00306, gfake=-12.56848 errG=30195.49609
[Epoch:95/2000] 01800/03000, Loss=0.00137, gfake=-2.72419 errG=19049.06445
[Epoch:95/2000] 02000/03000, Loss=0.00142, gfake=-7.90479 errG=26173.02148
[Epoch:95/2000] 02200/03000, Loss=0.00177, gfake=-12.29020 errG=22960.26172
[Epoch:95/2000] 02400/03000, Loss=0.00159, gfake=-5.88062 errG=21284.46484
[Epoch:95/2000] 02600/03000, Loss=0.00161, gfake=-8.84830 errG=18051.33984
[Epoch:95/2000] 02800/03000, Loss=0.00181, gfake=4.41524 errG=24347.02148
Epoch:95, Derain_Loss=0.00163
This epoch take time 317.01
----------------------------------------------------------------------------------------------------
lr_Derain 0.000200
lr_ED 0.000100
lrD 0.000400
[Epoch:96/2000] 00000/03000, Loss=0.00115, gfake=-9.53552 errG=17881.85156
[Epoch:96/2000] 00200/03000, Loss=0.00192, gfake=-3.29570 errG=25493.24805
[Epoch:96/2000] 00400/03000, Loss=0.00136, gfake=1.70673 errG=28142.69922
[Epoch:96/2000] 00600/03000, Loss=0.00155, gfake=-12.91451 errG=21314.77148
[Epoch:96/2000] 00800/03000, Loss=0.00122, gfake=-8.41912 errG=17880.67383
[Epoch:96/2000] 01000/03000, Loss=0.00143, gfake=-0.63681 errG=29156.77539
[Epoch:96/2000] 01200/03000, Loss=0.00166, gfake=-18.03844 errG=18000.24219
[Epoch:96/2000] 01400/03000, Loss=0.00199, gfake=-2.96478 errG=28062.77148
[Epoch:96/2000] 01600/03000, Loss=0.00096, gfake=-9.61723 errG=14109.74023
[Epoch:96/2000] 01800/03000, Loss=0.00095, gfake=-16.70316 errG=16837.18359
[Epoch:96/2000] 02000/03000, Loss=0.00219, gfake=-8.60143 errG=28348.77734
[Epoch:96/2000] 02200/03000, Loss=0.00187, gfake=0.68079 errG=33320.50391
[Epoch:96/2000] 02400/03000, Loss=0.00161, gfake=-7.85561 errG=23413.33398
[Epoch:96/2000] 02600/03000, Loss=0.00118, gfake=-11.34355 errG=24826.01953
[Epoch:96/2000] 02800/03000, Loss=0.00212, gfake=-13.43648 errG=23570.19727
Epoch:96, Derain_Loss=0.00163
This epoch take time 319.58
----------------------------------------------------------------------------------------------------
lr_Derain 0.000200
lr_ED 0.000100
lrD 0.000400
[Epoch:97/2000] 00000/03000, Loss=0.00129, gfake=-7.56821 errG=22403.92383
[Epoch:97/2000] 00200/03000, Loss=0.00198, gfake=-7.81523 errG=28276.12305
[Epoch:97/2000] 00400/03000, Loss=0.00234, gfake=-8.71926 errG=31591.83398
[Epoch:97/2000] 00600/03000, Loss=0.00098, gfake=-19.01084 errG=15933.18066
[Epoch:97/2000] 00800/03000, Loss=0.00170, gfake=-15.79363 errG=17378.78906
[Epoch:97/2000] 01000/03000, Loss=0.00152, gfake=-9.60224 errG=24316.10742
[Epoch:97/2000] 01200/03000, Loss=0.00224, gfake=-11.28068 errG=26641.89844
[Epoch:97/2000] 01400/03000, Loss=0.00138, gfake=-12.01742 errG=15670.59277
[Epoch:97/2000] 01600/03000, Loss=0.00098, gfake=-19.40347 errG=16322.83789
[Epoch:97/2000] 01800/03000, Loss=0.00190, gfake=-0.15453 errG=32506.85742
[Epoch:97/2000] 02000/03000, Loss=0.00133, gfake=2.74242 errG=26828.32227
[Epoch:97/2000] 02200/03000, Loss=0.00104, gfake=-12.36105 errG=23845.89648
[Epoch:97/2000] 02400/03000, Loss=0.00190, gfake=-6.20428 errG=27471.91211
[Epoch:97/2000] 02600/03000, Loss=0.00163, gfake=0.05575 errG=22230.04492
[Epoch:97/2000] 02800/03000, Loss=0.00131, gfake=-5.39760 errG=22433.61328
Epoch:97, Derain_Loss=0.00161
This epoch take time 318.88
----------------------------------------------------------------------------------------------------
lr_Derain 0.000200
lr_ED 0.000100
lrD 0.000400
[Epoch:98/2000] 00000/03000, Loss=0.00103, gfake=1.24056 errG=21817.50781
[Epoch:98/2000] 00200/03000, Loss=0.00207, gfake=-6.08511 errG=28563.11523
[Epoch:98/2000] 00400/03000, Loss=0.00195, gfake=-9.55166 errG=28606.19727
[Epoch:98/2000] 00600/03000, Loss=0.00205, gfake=-7.21939 errG=19925.95508
[Epoch:98/2000] 00800/03000, Loss=0.00173, gfake=-9.61504 errG=23630.79688
[Epoch:98/2000] 01000/03000, Loss=0.00102, gfake=-0.69789 errG=25067.39648
[Epoch:98/2000] 01200/03000, Loss=0.00106, gfake=-5.15464 errG=20207.88281
[Epoch:98/2000] 01400/03000, Loss=0.00161, gfake=-11.62610 errG=21011.07617
[Epoch:98/2000] 01600/03000, Loss=0.00109, gfake=-22.38068 errG=19073.55078
[Epoch:98/2000] 01800/03000, Loss=0.00130, gfake=-6.85896 errG=22704.21875
[Epoch:98/2000] 02000/03000, Loss=0.00121, gfake=-10.38730 errG=25681.34961
[Epoch:98/2000] 02200/03000, Loss=0.00131, gfake=-4.80850 errG=25102.84570
[Epoch:98/2000] 02400/03000, Loss=0.00180, gfake=-3.01097 errG=25438.41602
[Epoch:98/2000] 02600/03000, Loss=0.00183, gfake=-14.03466 errG=23852.71289
[Epoch:98/2000] 02800/03000, Loss=0.00224, gfake=-10.63478 errG=27807.60547
Epoch:98, Derain_Loss=0.00163
This epoch take time 317.28
----------------------------------------------------------------------------------------------------
lr_Derain 0.000200
lr_ED 0.000100
lrD 0.000400
[Epoch:99/2000] 00000/03000, Loss=0.00101, gfake=-15.68212 errG=18632.16211
[Epoch:99/2000] 00200/03000, Loss=0.00090, gfake=-16.43974 errG=20127.60938
[Epoch:99/2000] 00400/03000, Loss=0.00157, gfake=-17.16044 errG=26608.98828
[Epoch:99/2000] 00600/03000, Loss=0.00129, gfake=-13.88151 errG=30067.84375
[Epoch:99/2000] 00800/03000, Loss=0.00086, gfake=-10.93993 errG=15191.66309
[Epoch:99/2000] 01000/03000, Loss=0.00277, gfake=-7.37266 errG=30449.30273
[Epoch:99/2000] 01200/03000, Loss=0.00144, gfake=-17.70365 errG=20452.12891
[Epoch:99/2000] 01400/03000, Loss=0.00130, gfake=-17.81044 errG=18359.27344
[Epoch:99/2000] 01600/03000, Loss=0.00270, gfake=-10.21599 errG=30752.80469
[Epoch:99/2000] 01800/03000, Loss=0.00160, gfake=-2.97838 errG=22706.79883
[Epoch:99/2000] 02000/03000, Loss=0.00106, gfake=-11.28554 errG=14471.77344
[Epoch:99/2000] 02200/03000, Loss=0.00119, gfake=-11.83950 errG=19795.37500
[Epoch:99/2000] 02400/03000, Loss=0.00159, gfake=-9.92657 errG=24133.06250
[Epoch:99/2000] 02600/03000, Loss=0.00188, gfake=-6.07415 errG=22515.79102
[Epoch:99/2000] 02800/03000, Loss=0.00083, gfake=-15.55376 errG=16755.79883
Epoch:99, Derain_Loss=0.00162
This epoch take time 318.07
----------------------------------------------------------------------------------------------------
lr_Derain 0.000200
lr_ED 0.000100
lrD 0.000400
[Epoch:100/2000] 00000/03000, Loss=0.00119, gfake=-8.16597 errG=23133.38086
[Epoch:100/2000] 00200/03000, Loss=0.00148, gfake=-10.88559 errG=21435.58203
[Epoch:100/2000] 00400/03000, Loss=0.00132, gfake=-18.55243 errG=24335.40234
[Epoch:100/2000] 00600/03000, Loss=0.00151, gfake=-15.31991 errG=24176.41602
[Epoch:100/2000] 00800/03000, Loss=0.00160, gfake=-10.07680 errG=20919.47070
[Epoch:100/2000] 01000/03000, Loss=0.00279, gfake=-8.33104 errG=42960.08594
[Epoch:100/2000] 01200/03000, Loss=0.00201, gfake=-4.45510 errG=25968.06055
[Epoch:100/2000] 01400/03000, Loss=0.00215, gfake=-13.30568 errG=24812.60547
[Epoch:100/2000] 01600/03000, Loss=0.00168, gfake=-3.11606 errG=26130.31250
[Epoch:100/2000] 01800/03000, Loss=0.00159, gfake=-8.00643 errG=26591.62695
[Epoch:100/2000] 02000/03000, Loss=0.00115, gfake=-5.13810 errG=23072.92969
[Epoch:100/2000] 02200/03000, Loss=0.00176, gfake=-22.56112 errG=22304.16602
[Epoch:100/2000] 02400/03000, Loss=0.00156, gfake=-13.96075 errG=26092.76953
[Epoch:100/2000] 02600/03000, Loss=0.00120, gfake=-17.18662 errG=23395.19727
[Epoch:100/2000] 02800/03000, Loss=0.00121, gfake=-12.46662 errG=17978.78320
Epoch:100, Derain_Loss=0.00162
This epoch take time 317.81
----------------------------------------------------------------------------------------------------
lr_Derain 0.000200
lr_ED 0.000100
lrD 0.000400
[Epoch:101/2000] 00000/03000, Loss=0.00174, gfake=-6.24846 errG=23747.68750
[Epoch:101/2000] 00200/03000, Loss=0.00197, gfake=-11.29825 errG=26708.59766
[Epoch:101/2000] 00400/03000, Loss=0.00167, gfake=-6.14776 errG=27770.09766
[Epoch:101/2000] 00600/03000, Loss=0.00089, gfake=-9.83102 errG=19194.22656
[Epoch:101/2000] 00800/03000, Loss=0.00188, gfake=-8.60363 errG=22238.27344
[Epoch:101/2000] 01000/03000, Loss=0.00185, gfake=5.80270 errG=34866.08984
[Epoch:101/2000] 01200/03000, Loss=0.00167, gfake=2.88193 errG=30235.95312
[Epoch:101/2000] 01400/03000, Loss=0.00172, gfake=-5.91250 errG=25507.33594
[Epoch:101/2000] 01600/03000, Loss=0.00225, gfake=-1.65882 errG=33061.64453
[Epoch:101/2000] 01800/03000, Loss=0.00123, gfake=-19.50502 errG=18519.22070
[Epoch:101/2000] 02000/03000, Loss=0.00201, gfake=-15.27054 errG=25223.58789
[Epoch:101/2000] 02200/03000, Loss=0.00129, gfake=-11.07250 errG=21823.81055
[Epoch:101/2000] 02400/03000, Loss=0.00152, gfake=-16.13658 errG=17490.20898
[Epoch:101/2000] 02600/03000, Loss=0.00124, gfake=-6.66094 errG=17125.57617
[Epoch:101/2000] 02800/03000, Loss=0.00134, gfake=-13.84515 errG=23350.98828
Epoch:101, Derain_Loss=0.00162
This epoch take time 319.14
----------------------------------------------------------------------------------------------------
lr_Derain 0.000200
lr_ED 0.000100
lrD 0.000400
[Epoch:102/2000] 00000/03000, Loss=0.00257, gfake=-11.13103 errG=26348.70703
[Epoch:102/2000] 00200/03000, Loss=0.00120, gfake=-7.80880 errG=16420.90234
[Epoch:102/2000] 00400/03000, Loss=0.00067, gfake=-13.13090 errG=15824.52051
[Epoch:102/2000] 00600/03000, Loss=0.00176, gfake=-15.61423 errG=22928.87891
[Epoch:102/2000] 00800/03000, Loss=0.00091, gfake=-6.98274 errG=18956.36523
[Epoch:102/2000] 01000/03000, Loss=0.00132, gfake=-12.17888 errG=21822.57031
[Epoch:102/2000] 01200/03000, Loss=0.00188, gfake=-7.32554 errG=22865.97852
[Epoch:102/2000] 01400/03000, Loss=0.00270, gfake=-18.05925 errG=30147.57812
[Epoch:102/2000] 01600/03000, Loss=0.00204, gfake=-19.16187 errG=21932.56836
[Epoch:102/2000] 01800/03000, Loss=0.00173, gfake=-11.62109 errG=26551.22266
[Epoch:102/2000] 02000/03000, Loss=0.00144, gfake=-6.32129 errG=23961.88672
[Epoch:102/2000] 02200/03000, Loss=0.00223, gfake=-5.34513 errG=25378.21680
[Epoch:102/2000] 02400/03000, Loss=0.00121, gfake=-10.60077 errG=23531.89453
[Epoch:102/2000] 02600/03000, Loss=0.00141, gfake=-8.16633 errG=23809.76758
[Epoch:102/2000] 02800/03000, Loss=0.00259, gfake=-7.49448 errG=29422.75781
Epoch:102, Derain_Loss=0.00161
This epoch take time 317.36
----------------------------------------------------------------------------------------------------
lr_Derain 0.000200
lr_ED 0.000100
lrD 0.000400
[Epoch:103/2000] 00000/03000, Loss=0.00091, gfake=-16.80877 errG=17489.53711
[Epoch:103/2000] 00200/03000, Loss=0.00227, gfake=-20.18300 errG=33650.75391
[Epoch:103/2000] 00400/03000, Loss=0.00138, gfake=-15.59622 errG=17725.77734
[Epoch:103/2000] 00600/03000, Loss=0.00149, gfake=-12.31063 errG=19801.97852
[Epoch:103/2000] 00800/03000, Loss=0.00228, gfake=-6.50708 errG=28588.07617
[Epoch:103/2000] 01000/03000, Loss=0.00121, gfake=-8.43224 errG=23265.74609
[Epoch:103/2000] 01200/03000, Loss=0.00146, gfake=-1.18132 errG=23500.51172
[Epoch:103/2000] 01400/03000, Loss=0.00179, gfake=-11.60490 errG=25192.43750
[Epoch:103/2000] 01600/03000, Loss=0.00197, gfake=-10.58925 errG=26505.19336
[Epoch:103/2000] 01800/03000, Loss=0.00235, gfake=-11.57068 errG=26223.35547
[Epoch:103/2000] 02000/03000, Loss=0.00082, gfake=-9.94345 errG=21268.72461
[Epoch:103/2000] 02200/03000, Loss=0.00170, gfake=-2.83490 errG=20407.61914
[Epoch:103/2000] 02400/03000, Loss=0.00178, gfake=-9.06721 errG=26907.78516
[Epoch:103/2000] 02600/03000, Loss=0.00121, gfake=-10.45578 errG=21142.10938
[Epoch:103/2000] 02800/03000, Loss=0.00188, gfake=-9.70746 errG=32250.76562
Epoch:103, Derain_Loss=0.00162
This epoch take time 317.89
----------------------------------------------------------------------------------------------------
lr_Derain 0.000200
lr_ED 0.000100
lrD 0.000400
[Epoch:104/2000] 00000/03000, Loss=0.00250, gfake=-9.77611 errG=33303.62891
[Epoch:104/2000] 00200/03000, Loss=0.00141, gfake=-5.53392 errG=19779.88672
[Epoch:104/2000] 00400/03000, Loss=0.00114, gfake=-4.43014 errG=25664.56055
[Epoch:104/2000] 00600/03000, Loss=0.00137, gfake=-14.51941 errG=22911.22852
[Epoch:104/2000] 00800/03000, Loss=0.00133, gfake=-9.05035 errG=20808.76562
[Epoch:104/2000] 01000/03000, Loss=0.00156, gfake=-17.29074 errG=20358.59375
[Epoch:104/2000] 01200/03000, Loss=0.00201, gfake=-2.07393 errG=24344.55273
[Epoch:104/2000] 01400/03000, Loss=0.00179, gfake=4.55291 errG=27428.65234
[Epoch:104/2000] 01600/03000, Loss=0.00106, gfake=-16.50493 errG=17406.47070
[Epoch:104/2000] 01800/03000, Loss=0.00186, gfake=-9.50717 errG=23104.83008
[Epoch:104/2000] 02000/03000, Loss=0.00165, gfake=-14.51759 errG=16956.01953
[Epoch:104/2000] 02200/03000, Loss=0.00167, gfake=-5.07593 errG=20892.44922
[Epoch:104/2000] 02400/03000, Loss=0.00127, gfake=-19.32264 errG=22895.13281
[Epoch:104/2000] 02600/03000, Loss=0.00178, gfake=-7.23127 errG=19195.78906
[Epoch:104/2000] 02800/03000, Loss=0.00142, gfake=-15.25973 errG=18166.77930
Epoch:104, Derain_Loss=0.00162
This epoch take time 318.92
----------------------------------------------------------------------------------------------------
lr_Derain 0.000200
lr_ED 0.000100
lrD 0.000400
[Epoch:105/2000] 00000/03000, Loss=0.00345, gfake=-13.39000 errG=29297.19922
[Epoch:105/2000] 00200/03000, Loss=0.00169, gfake=-10.12480 errG=26682.97656
[Epoch:105/2000] 00400/03000, Loss=0.00159, gfake=-4.40548 errG=22866.82422
[Epoch:105/2000] 00600/03000, Loss=0.00140, gfake=-14.64843 errG=19507.67969
[Epoch:105/2000] 00800/03000, Loss=0.00129, gfake=-13.53135 errG=21124.95898
[Epoch:105/2000] 01000/03000, Loss=0.00276, gfake=-18.87455 errG=26475.72461
[Epoch:105/2000] 01200/03000, Loss=0.00196, gfake=-28.10270 errG=25700.11719
[Epoch:105/2000] 01400/03000, Loss=0.00062, gfake=-17.33165 errG=16587.91211
[Epoch:105/2000] 01600/03000, Loss=0.00277, gfake=-3.28691 errG=36062.28516
[Epoch:105/2000] 01800/03000, Loss=0.00194, gfake=-7.01329 errG=30663.15820
[Epoch:105/2000] 02000/03000, Loss=0.00191, gfake=-6.44245 errG=24157.78125
[Epoch:105/2000] 02200/03000, Loss=0.00167, gfake=-7.25712 errG=31131.27148
[Epoch:105/2000] 02400/03000, Loss=0.00251, gfake=-10.15622 errG=34087.34375
[Epoch:105/2000] 02600/03000, Loss=0.00101, gfake=-8.51833 errG=17882.39648
[Epoch:105/2000] 02800/03000, Loss=0.00101, gfake=-18.39217 errG=20926.88672
Epoch:105, Derain_Loss=0.00161
This epoch take time 316.11
----------------------------------------------------------------------------------------------------
lr_Derain 0.000200
lr_ED 0.000100
lrD 0.000400
[Epoch:106/2000] 00000/03000, Loss=0.00137, gfake=-12.30188 errG=26324.43555
[Epoch:106/2000] 00200/03000, Loss=0.00167, gfake=-9.73730 errG=25387.48438
[Epoch:106/2000] 00400/03000, Loss=0.00209, gfake=2.42458 errG=28565.38477
[Epoch:106/2000] 00600/03000, Loss=0.00130, gfake=-9.25156 errG=19239.54883
[Epoch:106/2000] 00800/03000, Loss=0.00143, gfake=-10.55478 errG=21691.95898
[Epoch:106/2000] 01000/03000, Loss=0.00127, gfake=-9.78548 errG=22853.49219
[Epoch:106/2000] 01200/03000, Loss=0.00183, gfake=-6.17080 errG=26641.01367
[Epoch:106/2000] 01400/03000, Loss=0.00203, gfake=0.82814 errG=27017.22266
[Epoch:106/2000] 01600/03000, Loss=0.00261, gfake=-3.30770 errG=33322.46094
[Epoch:106/2000] 01800/03000, Loss=0.00185, gfake=-1.85113 errG=23962.21094
[Epoch:106/2000] 02000/03000, Loss=0.00120, gfake=-11.25364 errG=24273.13086
[Epoch:106/2000] 02200/03000, Loss=0.00139, gfake=3.43902 errG=22389.11328
[Epoch:106/2000] 02400/03000, Loss=0.00195, gfake=-4.15774 errG=28839.55859
[Epoch:106/2000] 02600/03000, Loss=0.00281, gfake=-7.61171 errG=24301.59180
[Epoch:106/2000] 02800/03000, Loss=0.00090, gfake=-16.21510 errG=21906.72070
Epoch:106, Derain_Loss=0.00159
This epoch take time 318.05
----------------------------------------------------------------------------------------------------
lr_Derain 0.000200
lr_ED 0.000100
lrD 0.000400
[Epoch:107/2000] 00000/03000, Loss=0.00196, gfake=-14.98160 errG=23270.78516
[Epoch:107/2000] 00200/03000, Loss=0.00153, gfake=-9.37104 errG=30313.82617
[Epoch:107/2000] 00400/03000, Loss=0.00125, gfake=-13.64879 errG=19663.78125
[Epoch:107/2000] 00600/03000, Loss=0.00141, gfake=-18.06599 errG=19500.05078
[Epoch:107/2000] 00800/03000, Loss=0.00162, gfake=-2.29002 errG=23959.74023
[Epoch:107/2000] 01000/03000, Loss=0.00270, gfake=-4.32421 errG=32902.52734
[Epoch:107/2000] 01200/03000, Loss=0.00189, gfake=-11.67715 errG=33021.17578
[Epoch:107/2000] 01400/03000, Loss=0.00165, gfake=-17.14328 errG=23197.55078
[Epoch:107/2000] 01600/03000, Loss=0.00237, gfake=-8.78809 errG=19217.08008
[Epoch:107/2000] 01800/03000, Loss=0.00191, gfake=-7.70864 errG=29625.43750
[Epoch:107/2000] 02000/03000, Loss=0.00276, gfake=-10.48709 errG=40343.70312
[Epoch:107/2000] 02200/03000, Loss=0.00219, gfake=-6.84190 errG=34761.98828
[Epoch:107/2000] 02400/03000, Loss=0.00149, gfake=-7.59280 errG=29915.66016
[Epoch:107/2000] 02600/03000, Loss=0.00207, gfake=-10.85076 errG=24724.72070
[Epoch:107/2000] 02800/03000, Loss=0.00085, gfake=-10.50384 errG=16817.55078
Epoch:107, Derain_Loss=0.00160
This epoch take time 317.37
----------------------------------------------------------------------------------------------------
lr_Derain 0.000200
lr_ED 0.000100
lrD 0.000400
[Epoch:108/2000] 00000/03000, Loss=0.00150, gfake=-7.56851 errG=21718.95703
[Epoch:108/2000] 00200/03000, Loss=0.00180, gfake=-18.79234 errG=20961.02148
[Epoch:108/2000] 00400/03000, Loss=0.00136, gfake=-12.74001 errG=24676.36719
[Epoch:108/2000] 00600/03000, Loss=0.00158, gfake=-18.49105 errG=20206.62500
[Epoch:108/2000] 00800/03000, Loss=0.00165, gfake=-15.29622 errG=25734.37109
[Epoch:108/2000] 01000/03000, Loss=0.00263, gfake=-12.86450 errG=31563.24414
[Epoch:108/2000] 01200/03000, Loss=0.00150, gfake=-9.79877 errG=28937.42578
[Epoch:108/2000] 01400/03000, Loss=0.00172, gfake=-13.89914 errG=22028.96484
[Epoch:108/2000] 01600/03000, Loss=0.00146, gfake=-8.49986 errG=24671.22070
[Epoch:108/2000] 01800/03000, Loss=0.00118, gfake=-3.29872 errG=25720.58203
[Epoch:108/2000] 02000/03000, Loss=0.00163, gfake=-18.04383 errG=20852.80859
[Epoch:108/2000] 02200/03000, Loss=0.00189, gfake=-15.26840 errG=20129.18945
[Epoch:108/2000] 02400/03000, Loss=0.00207, gfake=-15.84385 errG=29274.87695
[Epoch:108/2000] 02600/03000, Loss=0.00125, gfake=-11.02256 errG=17312.65039
[Epoch:108/2000] 02800/03000, Loss=0.00115, gfake=-13.70149 errG=19514.08008
Epoch:108, Derain_Loss=0.00158
This epoch take time 318.80
----------------------------------------------------------------------------------------------------
lr_Derain 0.000200
lr_ED 0.000100
lrD 0.000400
[Epoch:109/2000] 00000/03000, Loss=0.00145, gfake=-11.29168 errG=20341.94141
[Epoch:109/2000] 00200/03000, Loss=0.00199, gfake=-9.64589 errG=24675.26758
[Epoch:109/2000] 00400/03000, Loss=0.00231, gfake=-4.67102 errG=32108.02930
[Epoch:109/2000] 00600/03000, Loss=0.00133, gfake=-8.19936 errG=22991.51562
[Epoch:109/2000] 00800/03000, Loss=0.00274, gfake=-20.56758 errG=29116.25977
[Epoch:109/2000] 01000/03000, Loss=0.00094, gfake=-12.96130 errG=15016.32910
[Epoch:109/2000] 01200/03000, Loss=0.00106, gfake=-9.41545 errG=21691.43555
[Epoch:109/2000] 01400/03000, Loss=0.00150, gfake=-12.61754 errG=19536.04102
[Epoch:109/2000] 01600/03000, Loss=0.00114, gfake=-16.92760 errG=21397.05664
[Epoch:109/2000] 01800/03000, Loss=0.00146, gfake=-8.04738 errG=26814.21875
[Epoch:109/2000] 02000/03000, Loss=0.00173, gfake=-11.75295 errG=23880.77930
[Epoch:109/2000] 02200/03000, Loss=0.00119, gfake=-7.05876 errG=22134.28906
[Epoch:109/2000] 02400/03000, Loss=0.00099, gfake=-6.97660 errG=24688.80859
[Epoch:109/2000] 02600/03000, Loss=0.00202, gfake=-6.50017 errG=23145.41406
[Epoch:109/2000] 02800/03000, Loss=0.00203, gfake=-3.52514 errG=32845.70703
Epoch:109, Derain_Loss=0.00158
This epoch take time 319.58
----------------------------------------------------------------------------------------------------
lr_Derain 0.000200
lr_ED 0.000100
lrD 0.000400
[Epoch:110/2000] 00000/03000, Loss=0.00158, gfake=-21.43544 errG=16636.08984
[Epoch:110/2000] 00200/03000, Loss=0.00071, gfake=-15.88302 errG=17056.81055
[Epoch:110/2000] 00400/03000, Loss=0.00209, gfake=-15.94383 errG=24219.45703
[Epoch:110/2000] 00600/03000, Loss=0.00148, gfake=-8.87128 errG=22061.95508
[Epoch:110/2000] 00800/03000, Loss=0.00087, gfake=-3.18921 errG=25822.22656
[Epoch:110/2000] 01000/03000, Loss=0.00121, gfake=-0.69290 errG=20042.72461
[Epoch:110/2000] 01200/03000, Loss=0.00132, gfake=-15.36207 errG=17743.52930
[Epoch:110/2000] 01400/03000, Loss=0.00138, gfake=-12.53675 errG=22721.49023
[Epoch:110/2000] 01600/03000, Loss=0.00144, gfake=-24.63542 errG=16670.40820
[Epoch:110/2000] 01800/03000, Loss=0.00189, gfake=-13.07962 errG=27798.21289
[Epoch:110/2000] 02000/03000, Loss=0.00076, gfake=-12.72420 errG=18884.50195
[Epoch:110/2000] 02200/03000, Loss=0.00153, gfake=-14.86447 errG=21387.25781
[Epoch:110/2000] 02400/03000, Loss=0.00145, gfake=-0.47436 errG=28459.52734
[Epoch:110/2000] 02600/03000, Loss=0.00152, gfake=-6.72500 errG=19976.39062
[Epoch:110/2000] 02800/03000, Loss=0.00142, gfake=-3.11120 errG=26113.19727
Epoch:110, Derain_Loss=0.00160
This epoch take time 318.35
----------------------------------------------------------------------------------------------------
lr_Derain 0.000200
lr_ED 0.000100
lrD 0.000400
[Epoch:111/2000] 00000/03000, Loss=0.00107, gfake=-18.48576 errG=18876.56445
[Epoch:111/2000] 00200/03000, Loss=0.00115, gfake=-2.73833 errG=21980.85156
[Epoch:111/2000] 00400/03000, Loss=0.00106, gfake=-17.52803 errG=18136.20312
[Epoch:111/2000] 00600/03000, Loss=0.00116, gfake=-20.77596 errG=20293.15625
[Epoch:111/2000] 00800/03000, Loss=0.00179, gfake=-11.21933 errG=24414.72656
[Epoch:111/2000] 01000/03000, Loss=0.00111, gfake=-9.50897 errG=19938.40234
[Epoch:111/2000] 01200/03000, Loss=0.00122, gfake=-21.68855 errG=20224.70703
[Epoch:111/2000] 01400/03000, Loss=0.00175, gfake=-14.65942 errG=26141.30859
[Epoch:111/2000] 01600/03000, Loss=0.00053, gfake=-14.45171 errG=15250.80078
[Epoch:111/2000] 01800/03000, Loss=0.00189, gfake=-5.95351 errG=21541.84375
[Epoch:111/2000] 02000/03000, Loss=0.00189, gfake=-18.85850 errG=26681.83594
[Epoch:111/2000] 02200/03000, Loss=0.00115, gfake=-12.14120 errG=20910.75977
[Epoch:111/2000] 02400/03000, Loss=0.00118, gfake=-10.64788 errG=21007.39453
[Epoch:111/2000] 02600/03000, Loss=0.00189, gfake=-10.82915 errG=29650.85938
[Epoch:111/2000] 02800/03000, Loss=0.00190, gfake=-7.61795 errG=23963.46094
Epoch:111, Derain_Loss=0.00159
This epoch take time 318.90
----------------------------------------------------------------------------------------------------
lr_Derain 0.000200
lr_ED 0.000100
lrD 0.000400
[Epoch:112/2000] 00000/03000, Loss=0.00143, gfake=-7.98385 errG=21528.99609
[Epoch:112/2000] 00200/03000, Loss=0.00104, gfake=-6.58066 errG=17794.81641
[Epoch:112/2000] 00400/03000, Loss=0.00110, gfake=-8.57680 errG=15077.15137
[Epoch:112/2000] 00600/03000, Loss=0.00105, gfake=-11.76257 errG=21237.14258
[Epoch:112/2000] 00800/03000, Loss=0.00175, gfake=-12.30823 errG=20260.13672
[Epoch:112/2000] 01000/03000, Loss=0.00181, gfake=-10.77662 errG=27788.08984
[Epoch:112/2000] 01200/03000, Loss=0.00075, gfake=-2.56107 errG=21359.83398
[Epoch:112/2000] 01400/03000, Loss=0.00153, gfake=-8.40605 errG=23050.55078
[Epoch:112/2000] 01600/03000, Loss=0.00135, gfake=-7.52709 errG=18111.02344
[Epoch:112/2000] 01800/03000, Loss=0.00182, gfake=-8.34652 errG=30354.55859
[Epoch:112/2000] 02000/03000, Loss=0.00128, gfake=-16.52506 errG=19071.86133
[Epoch:112/2000] 02200/03000, Loss=0.00132, gfake=-4.36044 errG=19377.24219
[Epoch:112/2000] 02400/03000, Loss=0.00237, gfake=-19.06535 errG=27590.96484
[Epoch:112/2000] 02600/03000, Loss=0.00150, gfake=-13.57787 errG=22775.06836
[Epoch:112/2000] 02800/03000, Loss=0.00276, gfake=-12.66107 errG=21861.80273
Epoch:112, Derain_Loss=0.00158
This epoch take time 319.40
----------------------------------------------------------------------------------------------------
lr_Derain 0.000200
lr_ED 0.000100
lrD 0.000400
[Epoch:113/2000] 00000/03000, Loss=0.00206, gfake=-13.11489 errG=24227.76367
[Epoch:113/2000] 00200/03000, Loss=0.00115, gfake=-7.56338 errG=22591.09180
[Epoch:113/2000] 00400/03000, Loss=0.00180, gfake=-17.25414 errG=25040.55664
[Epoch:113/2000] 00600/03000, Loss=0.00107, gfake=-11.84148 errG=18711.78906
[Epoch:113/2000] 00800/03000, Loss=0.00082, gfake=-5.29575 errG=17297.33203
[Epoch:113/2000] 01000/03000, Loss=0.00194, gfake=-4.16994 errG=31654.14258
[Epoch:113/2000] 01200/03000, Loss=0.00145, gfake=-5.22015 errG=24167.52930
[Epoch:113/2000] 01400/03000, Loss=0.00175, gfake=-13.39190 errG=27159.87500
[Epoch:113/2000] 01600/03000, Loss=0.00127, gfake=-11.09704 errG=18830.81836
[Epoch:113/2000] 01800/03000, Loss=0.00161, gfake=1.99209 errG=27656.16797
[Epoch:113/2000] 02000/03000, Loss=0.00216, gfake=-9.80846 errG=20742.47070
[Epoch:113/2000] 02200/03000, Loss=0.00138, gfake=-12.67668 errG=25142.70312
[Epoch:113/2000] 02400/03000, Loss=0.00134, gfake=-2.26952 errG=20164.75586
[Epoch:113/2000] 02600/03000, Loss=0.00182, gfake=-8.97884 errG=22605.59570
[Epoch:113/2000] 02800/03000, Loss=0.00211, gfake=-8.06693 errG=29296.05664
Epoch:113, Derain_Loss=0.00157
This epoch take time 317.61
----------------------------------------------------------------------------------------------------
lr_Derain 0.000200
lr_ED 0.000100
lrD 0.000400
[Epoch:114/2000] 00000/03000, Loss=0.00220, gfake=-10.34998 errG=26471.69141
[Epoch:114/2000] 00200/03000, Loss=0.00089, gfake=-14.85162 errG=22375.91016
[Epoch:114/2000] 00400/03000, Loss=0.00161, gfake=-7.77511 errG=23440.65234
[Epoch:114/2000] 00600/03000, Loss=0.00128, gfake=-9.45430 errG=21010.27344
[Epoch:114/2000] 00800/03000, Loss=0.00197, gfake=-19.07557 errG=23713.67773
[Epoch:114/2000] 01000/03000, Loss=0.00180, gfake=-5.66369 errG=29119.49023
[Epoch:114/2000] 01200/03000, Loss=0.00142, gfake=-14.37481 errG=18164.61914
[Epoch:114/2000] 01400/03000, Loss=0.00129, gfake=-11.50825 errG=24379.12109
[Epoch:114/2000] 01600/03000, Loss=0.00124, gfake=-4.18538 errG=19397.35352
[Epoch:114/2000] 01800/03000, Loss=0.00151, gfake=-8.86561 errG=20525.89258
[Epoch:114/2000] 02000/03000, Loss=0.00173, gfake=-17.18703 errG=22752.76953
[Epoch:114/2000] 02200/03000, Loss=0.00178, gfake=-5.91252 errG=29636.42578
[Epoch:114/2000] 02400/03000, Loss=0.00086, gfake=-0.55460 errG=20842.48633
[Epoch:114/2000] 02600/03000, Loss=0.00155, gfake=-4.30989 errG=24293.38672
[Epoch:114/2000] 02800/03000, Loss=0.00127, gfake=-2.29352 errG=26127.00195
Epoch:114, Derain_Loss=0.00159
This epoch take time 316.54
----------------------------------------------------------------------------------------------------
lr_Derain 0.000200
lr_ED 0.000100
lrD 0.000400
[Epoch:115/2000] 00000/03000, Loss=0.00126, gfake=-11.79601 errG=19893.79297
[Epoch:115/2000] 00200/03000, Loss=0.00165, gfake=-11.25616 errG=23761.66211
[Epoch:115/2000] 00400/03000, Loss=0.00120, gfake=-13.10855 errG=22749.86133
[Epoch:115/2000] 00600/03000, Loss=0.00182, gfake=-9.00356 errG=25802.11523
[Epoch:115/2000] 00800/03000, Loss=0.00135, gfake=-22.12039 errG=18672.92188
[Epoch:115/2000] 01000/03000, Loss=0.00252, gfake=1.57497 errG=26562.53516
[Epoch:115/2000] 01200/03000, Loss=0.00160, gfake=-11.74626 errG=22091.73828
[Epoch:115/2000] 01400/03000, Loss=0.00235, gfake=-15.42891 errG=26903.02734
[Epoch:115/2000] 01600/03000, Loss=0.00135, gfake=-11.20550 errG=25559.08203
[Epoch:115/2000] 01800/03000, Loss=0.00202, gfake=-9.89247 errG=25999.50586
[Epoch:115/2000] 02000/03000, Loss=0.00109, gfake=-9.13465 errG=21900.06836
[Epoch:115/2000] 02200/03000, Loss=0.00180, gfake=-15.40459 errG=19200.19141
[Epoch:115/2000] 02400/03000, Loss=0.00254, gfake=-7.67889 errG=26111.48633
[Epoch:115/2000] 02600/03000, Loss=0.00163, gfake=-8.16718 errG=24087.19141
[Epoch:115/2000] 02800/03000, Loss=0.00085, gfake=-21.11071 errG=17950.78125
Epoch:115, Derain_Loss=0.00159
This epoch take time 316.79
----------------------------------------------------------------------------------------------------
lr_Derain 0.000200
lr_ED 0.000100
lrD 0.000400
[Epoch:116/2000] 00000/03000, Loss=0.00101, gfake=-18.27925 errG=17818.22656
[Epoch:116/2000] 00200/03000, Loss=0.00150, gfake=3.95724 errG=32002.35547
[Epoch:116/2000] 00400/03000, Loss=0.00170, gfake=-13.26442 errG=20395.98047
[Epoch:116/2000] 00600/03000, Loss=0.00156, gfake=-19.34694 errG=21718.80664
[Epoch:116/2000] 00800/03000, Loss=0.00125, gfake=-9.11197 errG=18729.17188
[Epoch:116/2000] 01000/03000, Loss=0.00158, gfake=-9.05004 errG=21805.82812
[Epoch:116/2000] 01200/03000, Loss=0.00194, gfake=-10.61690 errG=26231.39453
[Epoch:116/2000] 01400/03000, Loss=0.00196, gfake=-12.07987 errG=24567.75586
[Epoch:116/2000] 01600/03000, Loss=0.00150, gfake=-2.70490 errG=28500.68945
[Epoch:116/2000] 01800/03000, Loss=0.00196, gfake=-11.44814 errG=24869.94336
[Epoch:116/2000] 02000/03000, Loss=0.00142, gfake=-15.19611 errG=21900.10156
[Epoch:116/2000] 02200/03000, Loss=0.00233, gfake=-2.42976 errG=27865.40039
[Epoch:116/2000] 02400/03000, Loss=0.00139, gfake=-11.09157 errG=23558.15039
[Epoch:116/2000] 02600/03000, Loss=0.00184, gfake=-11.51464 errG=33788.77344
[Epoch:116/2000] 02800/03000, Loss=0.00193, gfake=-15.12912 errG=19417.18359
Epoch:116, Derain_Loss=0.00158
This epoch take time 315.91
----------------------------------------------------------------------------------------------------
lr_Derain 0.000200
lr_ED 0.000100
lrD 0.000400
[Epoch:117/2000] 00000/03000, Loss=0.00130, gfake=-3.62815 errG=22473.80273
[Epoch:117/2000] 00200/03000, Loss=0.00165, gfake=-11.74232 errG=25586.43555
[Epoch:117/2000] 00400/03000, Loss=0.00308, gfake=-6.75108 errG=33195.68359
[Epoch:117/2000] 00600/03000, Loss=0.00106, gfake=-5.76202 errG=23008.87500
[Epoch:117/2000] 00800/03000, Loss=0.00157, gfake=-7.50627 errG=20072.11914
[Epoch:117/2000] 01000/03000, Loss=0.00115, gfake=-14.13588 errG=22863.74609
[Epoch:117/2000] 01200/03000, Loss=0.00071, gfake=-17.76715 errG=15727.23340
[Epoch:117/2000] 01400/03000, Loss=0.00181, gfake=-12.54747 errG=26327.34375
[Epoch:117/2000] 01600/03000, Loss=0.00147, gfake=-9.31892 errG=25306.84570
[Epoch:117/2000] 01800/03000, Loss=0.00199, gfake=-11.54571 errG=22797.55469
[Epoch:117/2000] 02000/03000, Loss=0.00130, gfake=-15.10803 errG=18740.27344
[Epoch:117/2000] 02200/03000, Loss=0.00084, gfake=-9.20659 errG=19424.69336
[Epoch:117/2000] 02400/03000, Loss=0.00223, gfake=-5.99095 errG=28250.83984
[Epoch:117/2000] 02600/03000, Loss=0.00120, gfake=-0.46487 errG=25691.67773
[Epoch:117/2000] 02800/03000, Loss=0.00223, gfake=0.35544 errG=27683.78320
Epoch:117, Derain_Loss=0.00157
This epoch take time 316.75
----------------------------------------------------------------------------------------------------
lr_Derain 0.000200
lr_ED 0.000100
lrD 0.000400
[Epoch:118/2000] 00000/03000, Loss=0.00243, gfake=-14.95218 errG=28481.60547
[Epoch:118/2000] 00200/03000, Loss=0.00254, gfake=-2.71773 errG=35786.39453
[Epoch:118/2000] 00400/03000, Loss=0.00194, gfake=-15.32367 errG=22770.19531
[Epoch:118/2000] 00600/03000, Loss=0.00184, gfake=-9.04489 errG=27108.43555
[Epoch:118/2000] 00800/03000, Loss=0.00134, gfake=-14.16246 errG=22022.00000
[Epoch:118/2000] 01000/03000, Loss=0.00141, gfake=-5.80459 errG=25486.75000
[Epoch:118/2000] 01200/03000, Loss=0.00121, gfake=-4.55332 errG=19584.17969
[Epoch:118/2000] 01400/03000, Loss=0.00141, gfake=-6.40445 errG=19270.94727
[Epoch:118/2000] 01600/03000, Loss=0.00261, gfake=-18.26610 errG=24109.45898
[Epoch:118/2000] 01800/03000, Loss=0.00158, gfake=-6.68806 errG=26926.75977
[Epoch:118/2000] 02000/03000, Loss=0.00161, gfake=-6.28744 errG=24837.15625
[Epoch:118/2000] 02200/03000, Loss=0.00113, gfake=-1.50054 errG=23403.95703
[Epoch:118/2000] 02400/03000, Loss=0.00144, gfake=-13.01218 errG=28055.38477
[Epoch:118/2000] 02600/03000, Loss=0.00176, gfake=-13.11773 errG=20209.41016
[Epoch:118/2000] 02800/03000, Loss=0.00121, gfake=-2.91980 errG=21418.14648
Epoch:118, Derain_Loss=0.00157
This epoch take time 316.18
----------------------------------------------------------------------------------------------------
lr_Derain 0.000200
lr_ED 0.000100
lrD 0.000400
[Epoch:119/2000] 00000/03000, Loss=0.00121, gfake=-13.10735 errG=19155.36328
[Epoch:119/2000] 00200/03000, Loss=0.00159, gfake=-12.85499 errG=19550.70703
[Epoch:119/2000] 00400/03000, Loss=0.00162, gfake=-12.83231 errG=24887.20312
[Epoch:119/2000] 00600/03000, Loss=0.00175, gfake=-4.89830 errG=28078.88867
[Epoch:119/2000] 00800/03000, Loss=0.00146, gfake=0.64323 errG=15457.04004
[Epoch:119/2000] 01000/03000, Loss=0.00142, gfake=0.97640 errG=21208.18359
[Epoch:119/2000] 01200/03000, Loss=0.00176, gfake=-1.09915 errG=33587.04297
[Epoch:119/2000] 01400/03000, Loss=0.00129, gfake=1.42759 errG=25120.34375
[Epoch:119/2000] 01600/03000, Loss=0.00146, gfake=-13.53172 errG=25825.99414
[Epoch:119/2000] 01800/03000, Loss=0.00205, gfake=-6.70245 errG=33930.65234
[Epoch:119/2000] 02000/03000, Loss=0.00120, gfake=-11.23363 errG=21171.88867
[Epoch:119/2000] 02200/03000, Loss=0.00156, gfake=-12.26210 errG=21067.96484
[Epoch:119/2000] 02400/03000, Loss=0.00155, gfake=-5.37560 errG=30079.18359
[Epoch:119/2000] 02600/03000, Loss=0.00233, gfake=-12.82566 errG=26756.01562
[Epoch:119/2000] 02800/03000, Loss=0.00147, gfake=-13.32826 errG=22741.51562
Epoch:119, Derain_Loss=0.00154
This epoch take time 316.19
----------------------------------------------------------------------------------------------------
lr_Derain 0.000200
lr_ED 0.000100
lrD 0.000400
[Epoch:120/2000] 00000/03000, Loss=0.00172, gfake=-5.43873 errG=24295.90625
[Epoch:120/2000] 00200/03000, Loss=0.00129, gfake=-3.55059 errG=26490.01953
[Epoch:120/2000] 00400/03000, Loss=0.00127, gfake=-7.85782 errG=16595.25781
[Epoch:120/2000] 00600/03000, Loss=0.00272, gfake=-5.87373 errG=32872.82812
[Epoch:120/2000] 00800/03000, Loss=0.00178, gfake=-2.81068 errG=31460.37891
[Epoch:120/2000] 01000/03000, Loss=0.00255, gfake=-5.76603 errG=30059.66406
[Epoch:120/2000] 01200/03000, Loss=0.00255, gfake=-12.83947 errG=32894.13672
[Epoch:120/2000] 01400/03000, Loss=0.00145, gfake=-12.51037 errG=25376.38281
[Epoch:120/2000] 01600/03000, Loss=0.00262, gfake=-9.20776 errG=31286.26758
[Epoch:120/2000] 01800/03000, Loss=0.00161, gfake=-6.61334 errG=25827.51758
[Epoch:120/2000] 02000/03000, Loss=0.00170, gfake=-11.71919 errG=29073.19336
[Epoch:120/2000] 02200/03000, Loss=0.00159, gfake=-10.74360 errG=19583.24219
[Epoch:120/2000] 02400/03000, Loss=0.00118, gfake=-0.45638 errG=21783.13281
[Epoch:120/2000] 02600/03000, Loss=0.00145, gfake=-7.04151 errG=25684.95117
[Epoch:120/2000] 02800/03000, Loss=0.00134, gfake=-2.91496 errG=19698.51758
Epoch:120, Derain_Loss=0.00156
This epoch take time 316.83
----------------------------------------------------------------------------------------------------
lr_Derain 0.000200
lr_ED 0.000100
lrD 0.000400
[Epoch:121/2000] 00000/03000, Loss=0.00165, gfake=-6.44216 errG=25952.26367
[Epoch:121/2000] 00200/03000, Loss=0.00202, gfake=0.02027 errG=33945.71484
[Epoch:121/2000] 00400/03000, Loss=0.00132, gfake=-10.74485 errG=16390.38086
[Epoch:121/2000] 00600/03000, Loss=0.00090, gfake=-10.65313 errG=18047.14453
[Epoch:121/2000] 00800/03000, Loss=0.00168, gfake=-8.91432 errG=24036.68555
[Epoch:121/2000] 01000/03000, Loss=0.00195, gfake=-13.65630 errG=26071.08203
[Epoch:121/2000] 01200/03000, Loss=0.00177, gfake=0.54697 errG=26990.56055
[Epoch:121/2000] 01400/03000, Loss=0.00143, gfake=-6.04170 errG=26743.07031
[Epoch:121/2000] 01600/03000, Loss=0.00143, gfake=-10.16642 errG=24202.35547
[Epoch:121/2000] 01800/03000, Loss=0.00130, gfake=-2.80032 errG=22825.90625
[Epoch:121/2000] 02000/03000, Loss=0.00210, gfake=-4.21185 errG=30030.13867
[Epoch:121/2000] 02200/03000, Loss=0.00169, gfake=-4.20922 errG=23629.87695
[Epoch:121/2000] 02400/03000, Loss=0.00131, gfake=-7.89187 errG=25311.04883
[Epoch:121/2000] 02600/03000, Loss=0.00241, gfake=3.25470 errG=28192.87500
[Epoch:121/2000] 02800/03000, Loss=0.00200, gfake=-11.61264 errG=21244.31641
Epoch:121, Derain_Loss=0.00156
This epoch take time 316.94
----------------------------------------------------------------------------------------------------
lr_Derain 0.000200
lr_ED 0.000100
lrD 0.000400
[Epoch:122/2000] 00000/03000, Loss=0.00178, gfake=-12.90747 errG=23271.70703
[Epoch:122/2000] 00200/03000, Loss=0.00149, gfake=-16.22488 errG=21058.77734
[Epoch:122/2000] 00400/03000, Loss=0.00152, gfake=-1.95410 errG=28512.37305
[Epoch:122/2000] 00600/03000, Loss=0.00152, gfake=-3.48885 errG=23174.01562
[Epoch:122/2000] 00800/03000, Loss=0.00145, gfake=-5.87316 errG=21896.97070
[Epoch:122/2000] 01000/03000, Loss=0.00221, gfake=-8.53710 errG=33610.04688
[Epoch:122/2000] 01200/03000, Loss=0.00104, gfake=-7.08389 errG=23796.40820
[Epoch:122/2000] 01400/03000, Loss=0.00132, gfake=-15.98393 errG=17158.85156
[Epoch:122/2000] 01600/03000, Loss=0.00240, gfake=-10.64188 errG=35194.95312
[Epoch:122/2000] 01800/03000, Loss=0.00149, gfake=-16.02455 errG=21842.52734
[Epoch:122/2000] 02000/03000, Loss=0.00092, gfake=-12.71980 errG=18842.49609
[Epoch:122/2000] 02200/03000, Loss=0.00116, gfake=-8.10168 errG=20818.24805
[Epoch:122/2000] 02400/03000, Loss=0.00194, gfake=-5.82911 errG=23732.79688
[Epoch:122/2000] 02600/03000, Loss=0.00154, gfake=-6.97816 errG=25769.24023
[Epoch:122/2000] 02800/03000, Loss=0.00138, gfake=-6.87055 errG=22714.36133
Epoch:122, Derain_Loss=0.00157
This epoch take time 315.42
----------------------------------------------------------------------------------------------------
lr_Derain 0.000200
lr_ED 0.000100
lrD 0.000400
[Epoch:123/2000] 00000/03000, Loss=0.00215, gfake=-7.56462 errG=30306.63867
[Epoch:123/2000] 00200/03000, Loss=0.00184, gfake=3.09530 errG=27918.07617
[Epoch:123/2000] 00400/03000, Loss=0.00184, gfake=-11.73576 errG=22679.01367
[Epoch:123/2000] 00600/03000, Loss=0.00140, gfake=-5.08121 errG=23579.28711
[Epoch:123/2000] 00800/03000, Loss=0.00101, gfake=-6.65218 errG=22418.65039
[Epoch:123/2000] 01000/03000, Loss=0.00140, gfake=-15.85566 errG=21088.11133
[Epoch:123/2000] 01200/03000, Loss=0.00123, gfake=-5.42542 errG=26766.38672
[Epoch:123/2000] 01400/03000, Loss=0.00172, gfake=-1.00851 errG=36692.07422
[Epoch:123/2000] 01600/03000, Loss=0.00246, gfake=-2.43003 errG=31836.25391
[Epoch:123/2000] 01800/03000, Loss=0.00186, gfake=-4.16085 errG=23443.81641
[Epoch:123/2000] 02000/03000, Loss=0.00233, gfake=-8.85842 errG=35142.60156
[Epoch:123/2000] 02200/03000, Loss=0.00155, gfake=-10.92032 errG=20476.70898
[Epoch:123/2000] 02400/03000, Loss=0.00228, gfake=4.87855 errG=32741.96289
[Epoch:123/2000] 02600/03000, Loss=0.00110, gfake=-8.05516 errG=23087.98828
[Epoch:123/2000] 02800/03000, Loss=0.00150, gfake=-7.06081 errG=24444.62305
Epoch:123, Derain_Loss=0.00155
This epoch take time 317.13
----------------------------------------------------------------------------------------------------
lr_Derain 0.000200
lr_ED 0.000100
lrD 0.000400
[Epoch:124/2000] 00000/03000, Loss=0.00131, gfake=-19.66894 errG=21749.42773
[Epoch:124/2000] 00200/03000, Loss=0.00188, gfake=-10.38017 errG=33188.39844
[Epoch:124/2000] 00400/03000, Loss=0.00095, gfake=-12.03886 errG=18346.35742
[Epoch:124/2000] 00600/03000, Loss=0.00131, gfake=-2.21020 errG=24164.31641
[Epoch:124/2000] 00800/03000, Loss=0.00070, gfake=-12.28977 errG=17676.47461
[Epoch:124/2000] 01000/03000, Loss=0.00196, gfake=-0.94359 errG=26082.88672
[Epoch:124/2000] 01200/03000, Loss=0.00260, gfake=-7.75311 errG=29478.44141
[Epoch:124/2000] 01400/03000, Loss=0.00247, gfake=-12.32815 errG=27386.04492
[Epoch:124/2000] 01600/03000, Loss=0.00075, gfake=10.30252 errG=25563.54883
[Epoch:124/2000] 01800/03000, Loss=0.00132, gfake=-4.91381 errG=22784.49023
[Epoch:124/2000] 02000/03000, Loss=0.00112, gfake=-13.08692 errG=15096.27441
[Epoch:124/2000] 02200/03000, Loss=0.00180, gfake=-10.15496 errG=23495.34766
[Epoch:124/2000] 02400/03000, Loss=0.00192, gfake=0.79386 errG=33795.85938
[Epoch:124/2000] 02600/03000, Loss=0.00230, gfake=0.55517 errG=25578.56055
[Epoch:124/2000] 02800/03000, Loss=0.00157, gfake=-15.51540 errG=17223.41602
Epoch:124, Derain_Loss=0.00156
This epoch take time 317.20
----------------------------------------------------------------------------------------------------
lr_Derain 0.000200
lr_ED 0.000100
lrD 0.000400
[Epoch:125/2000] 00000/03000, Loss=0.00203, gfake=-2.15405 errG=32647.29102
[Epoch:125/2000] 00200/03000, Loss=0.00141, gfake=-3.99228 errG=23226.54102
[Epoch:125/2000] 00400/03000, Loss=0.00151, gfake=-14.40704 errG=22742.87695
[Epoch:125/2000] 00600/03000, Loss=0.00125, gfake=-21.73980 errG=19542.00586
[Epoch:125/2000] 00800/03000, Loss=0.00117, gfake=-11.05529 errG=20260.45898
[Epoch:125/2000] 01000/03000, Loss=0.00139, gfake=-16.78503 errG=19619.07422
[Epoch:125/2000] 01200/03000, Loss=0.00125, gfake=-12.20201 errG=19889.54102
[Epoch:125/2000] 01400/03000, Loss=0.00204, gfake=-4.15830 errG=26961.76953
[Epoch:125/2000] 01600/03000, Loss=0.00076, gfake=-15.48296 errG=21559.63672
[Epoch:125/2000] 01800/03000, Loss=0.00290, gfake=-5.10983 errG=32450.15430
[Epoch:125/2000] 02000/03000, Loss=0.00175, gfake=-13.62902 errG=20166.54102
[Epoch:125/2000] 02200/03000, Loss=0.00184, gfake=-4.80664 errG=22933.68945
[Epoch:125/2000] 02400/03000, Loss=0.00166, gfake=-6.15158 errG=26571.71289
[Epoch:125/2000] 02600/03000, Loss=0.00182, gfake=-10.22593 errG=22039.41992
[Epoch:125/2000] 02800/03000, Loss=0.00124, gfake=-10.22576 errG=23262.74609
Epoch:125, Derain_Loss=0.00155
This epoch take time 315.57
----------------------------------------------------------------------------------------------------
lr_Derain 0.000200
lr_ED 0.000100
lrD 0.000400
[Epoch:126/2000] 00000/03000, Loss=0.00163, gfake=-5.35603 errG=24222.76953
[Epoch:126/2000] 00200/03000, Loss=0.00125, gfake=-16.37866 errG=21288.83594
[Epoch:126/2000] 00400/03000, Loss=0.00079, gfake=-6.47614 errG=19689.99805
[Epoch:126/2000] 00600/03000, Loss=0.00175, gfake=-4.80559 errG=26984.25586
[Epoch:126/2000] 00800/03000, Loss=0.00128, gfake=3.14855 errG=24275.19336
[Epoch:126/2000] 01000/03000, Loss=0.00136, gfake=-3.36002 errG=30208.52344
[Epoch:126/2000] 01200/03000, Loss=0.00138, gfake=-9.52025 errG=26773.42188
[Epoch:126/2000] 01400/03000, Loss=0.00235, gfake=-15.74098 errG=29057.52344
[Epoch:126/2000] 01600/03000, Loss=0.00166, gfake=-8.96974 errG=23590.21289
[Epoch:126/2000] 01800/03000, Loss=0.00137, gfake=-7.06982 errG=23011.28125
[Epoch:126/2000] 02000/03000, Loss=0.00130, gfake=-9.02438 errG=16561.05469
[Epoch:126/2000] 02200/03000, Loss=0.00114, gfake=-18.21548 errG=19462.03711
[Epoch:126/2000] 02400/03000, Loss=0.00122, gfake=-7.93066 errG=16842.36133
[Epoch:126/2000] 02600/03000, Loss=0.00215, gfake=-9.46656 errG=28716.23828
[Epoch:126/2000] 02800/03000, Loss=0.00141, gfake=-3.59203 errG=24116.29102
Epoch:126, Derain_Loss=0.00157
This epoch take time 316.78
----------------------------------------------------------------------------------------------------
lr_Derain 0.000200
lr_ED 0.000100
lrD 0.000400
[Epoch:127/2000] 00000/03000, Loss=0.00170, gfake=-12.65944 errG=22980.35156
[Epoch:127/2000] 00200/03000, Loss=0.00120, gfake=-14.25229 errG=21536.08594
[Epoch:127/2000] 00400/03000, Loss=0.00119, gfake=-15.43494 errG=17185.06445
[Epoch:127/2000] 00600/03000, Loss=0.00124, gfake=-6.54984 errG=22259.19336
[Epoch:127/2000] 00800/03000, Loss=0.00126, gfake=-0.65013 errG=20072.91992
[Epoch:127/2000] 01000/03000, Loss=0.00112, gfake=2.91550 errG=22779.59961
[Epoch:127/2000] 01200/03000, Loss=0.00119, gfake=-9.63528 errG=21097.51367
[Epoch:127/2000] 01400/03000, Loss=0.00167, gfake=-19.29055 errG=22312.89844
[Epoch:127/2000] 01600/03000, Loss=0.00163, gfake=-15.66683 errG=24602.39648
[Epoch:127/2000] 01800/03000, Loss=0.00201, gfake=2.63395 errG=32277.47852
[Epoch:127/2000] 02000/03000, Loss=0.00115, gfake=-11.22405 errG=17208.17383
[Epoch:127/2000] 02200/03000, Loss=0.00173, gfake=-8.66990 errG=24892.31250
[Epoch:127/2000] 02400/03000, Loss=0.00134, gfake=-8.66842 errG=24990.88477
[Epoch:127/2000] 02600/03000, Loss=0.00224, gfake=-9.42963 errG=31865.04688
[Epoch:127/2000] 02800/03000, Loss=0.00122, gfake=-5.84340 errG=25451.50977
Epoch:127, Derain_Loss=0.00155
This epoch take time 320.30
----------------------------------------------------------------------------------------------------
lr_Derain 0.000200
lr_ED 0.000100
lrD 0.000400
[Epoch:128/2000] 00000/03000, Loss=0.00069, gfake=-1.94398 errG=14079.56250
[Epoch:128/2000] 00200/03000, Loss=0.00171, gfake=-8.62519 errG=23846.41602
[Epoch:128/2000] 00400/03000, Loss=0.00132, gfake=-12.66350 errG=22510.29883
[Epoch:128/2000] 00600/03000, Loss=0.00147, gfake=-6.65390 errG=28337.64648
[Epoch:128/2000] 00800/03000, Loss=0.00139, gfake=-16.19910 errG=20844.86719
[Epoch:128/2000] 01000/03000, Loss=0.00129, gfake=-0.38752 errG=20235.15820
[Epoch:128/2000] 01200/03000, Loss=0.00101, gfake=-15.55045 errG=17206.30469
[Epoch:128/2000] 01400/03000, Loss=0.00122, gfake=-9.97850 errG=17664.79102
[Epoch:128/2000] 01600/03000, Loss=0.00174, gfake=3.48196 errG=30423.57812
[Epoch:128/2000] 01800/03000, Loss=0.00160, gfake=-12.20046 errG=21226.75000
[Epoch:128/2000] 02000/03000, Loss=0.00130, gfake=-6.64826 errG=24904.21875
[Epoch:128/2000] 02200/03000, Loss=0.00158, gfake=3.34627 errG=31360.08008
[Epoch:128/2000] 02400/03000, Loss=0.00097, gfake=-2.28423 errG=22138.38672
[Epoch:128/2000] 02600/03000, Loss=0.00111, gfake=-8.78428 errG=21503.00391
[Epoch:128/2000] 02800/03000, Loss=0.00194, gfake=-6.30509 errG=21459.25586
Epoch:128, Derain_Loss=0.00155
This epoch take time 317.79
----------------------------------------------------------------------------------------------------
lr_Derain 0.000200
lr_ED 0.000100
lrD 0.000400
[Epoch:129/2000] 00000/03000, Loss=0.00116, gfake=-9.49592 errG=26886.41016
[Epoch:129/2000] 00200/03000, Loss=0.00084, gfake=-12.44692 errG=18133.15234
[Epoch:129/2000] 00400/03000, Loss=0.00142, gfake=-0.72473 errG=27650.56055
[Epoch:129/2000] 00600/03000, Loss=0.00237, gfake=-2.78501 errG=33445.51172
[Epoch:129/2000] 00800/03000, Loss=0.00072, gfake=-15.87878 errG=16420.27344
[Epoch:129/2000] 01000/03000, Loss=0.00141, gfake=5.82069 errG=29418.53906
[Epoch:129/2000] 01200/03000, Loss=0.00176, gfake=-16.66689 errG=21108.41797
[Epoch:129/2000] 01400/03000, Loss=0.00266, gfake=-8.16933 errG=32673.20508
[Epoch:129/2000] 01600/03000, Loss=0.00164, gfake=-11.96995 errG=22824.76953
[Epoch:129/2000] 01800/03000, Loss=0.00206, gfake=-1.51915 errG=27306.22852
[Epoch:129/2000] 02000/03000, Loss=0.00177, gfake=1.70314 errG=30410.88672
[Epoch:129/2000] 02200/03000, Loss=0.00189, gfake=-16.87661 errG=23578.26562
[Epoch:129/2000] 02400/03000, Loss=0.00334, gfake=-0.24196 errG=42519.32812
[Epoch:129/2000] 02600/03000, Loss=0.00129, gfake=-1.76302 errG=18073.90430
[Epoch:129/2000] 02800/03000, Loss=0.00113, gfake=-11.00361 errG=19071.08594
Epoch:129, Derain_Loss=0.00155
This epoch take time 315.15
----------------------------------------------------------------------------------------------------
lr_Derain 0.000200
lr_ED 0.000100
lrD 0.000400
[Epoch:130/2000] 00000/03000, Loss=0.00149, gfake=-0.53554 errG=22540.99805
[Epoch:130/2000] 00200/03000, Loss=0.00108, gfake=-8.34367 errG=16661.42773
[Epoch:130/2000] 00400/03000, Loss=0.00141, gfake=-13.80936 errG=24711.61914
[Epoch:130/2000] 00600/03000, Loss=0.00123, gfake=3.05112 errG=27284.94531
[Epoch:130/2000] 00800/03000, Loss=0.00164, gfake=-2.80483 errG=25742.70508
[Epoch:130/2000] 01000/03000, Loss=0.00131, gfake=-9.52083 errG=18226.50977
[Epoch:130/2000] 01200/03000, Loss=0.00138, gfake=-20.18507 errG=24582.04492
[Epoch:130/2000] 01400/03000, Loss=0.00153, gfake=-9.80394 errG=23348.03711
[Epoch:130/2000] 01600/03000, Loss=0.00159, gfake=-9.41148 errG=25168.41211
[Epoch:130/2000] 01800/03000, Loss=0.00168, gfake=-0.41275 errG=28195.98828
[Epoch:130/2000] 02000/03000, Loss=0.00161, gfake=-9.68531 errG=23103.74414
[Epoch:130/2000] 02200/03000, Loss=0.00168, gfake=-6.57139 errG=27040.10742
[Epoch:130/2000] 02400/03000, Loss=0.00180, gfake=-3.84808 errG=26971.56250
[Epoch:130/2000] 02600/03000, Loss=0.00069, gfake=-21.27053 errG=15060.50879
[Epoch:130/2000] 02800/03000, Loss=0.00159, gfake=5.70419 errG=30767.43750
Epoch:130, Derain_Loss=0.00153
This epoch take time 314.46
----------------------------------------------------------------------------------------------------
lr_Derain 0.000200
lr_ED 0.000100
lrD 0.000400
[Epoch:131/2000] 00000/03000, Loss=0.00331, gfake=-5.09095 errG=29881.66211
[Epoch:131/2000] 00200/03000, Loss=0.00129, gfake=-8.99696 errG=20575.27148
[Epoch:131/2000] 00400/03000, Loss=0.00176, gfake=-4.12516 errG=28507.72461
[Epoch:131/2000] 00600/03000, Loss=0.00139, gfake=-2.62725 errG=24874.95703
[Epoch:131/2000] 00800/03000, Loss=0.00096, gfake=-4.56729 errG=16802.42578
[Epoch:131/2000] 01000/03000, Loss=0.00156, gfake=-13.35190 errG=22864.94141
[Epoch:131/2000] 01200/03000, Loss=0.00139, gfake=-7.54671 errG=19178.96094
[Epoch:131/2000] 01400/03000, Loss=0.00162, gfake=-12.59856 errG=28179.73438
[Epoch:131/2000] 01600/03000, Loss=0.00151, gfake=-5.26605 errG=23869.78125
[Epoch:131/2000] 01800/03000, Loss=0.00190, gfake=-2.58736 errG=35997.70312
[Epoch:131/2000] 02000/03000, Loss=0.00146, gfake=-0.46349 errG=21306.46289
[Epoch:131/2000] 02200/03000, Loss=0.00180, gfake=-1.95023 errG=28388.65039
[Epoch:131/2000] 02400/03000, Loss=0.00103, gfake=-6.87737 errG=23331.27344
[Epoch:131/2000] 02600/03000, Loss=0.00109, gfake=1.01403 errG=21351.73633
[Epoch:131/2000] 02800/03000, Loss=0.00108, gfake=-8.79519 errG=20724.16406
Epoch:131, Derain_Loss=0.00157
This epoch take time 311.31
----------------------------------------------------------------------------------------------------
lr_Derain 0.000200
lr_ED 0.000100
lrD 0.000400
[Epoch:132/2000] 00000/03000, Loss=0.00157, gfake=-6.09907 errG=23486.96484
[Epoch:132/2000] 00200/03000, Loss=0.00119, gfake=-5.76682 errG=18818.35938
[Epoch:132/2000] 00400/03000, Loss=0.00065, gfake=-19.45160 errG=18473.47852
[Epoch:132/2000] 00600/03000, Loss=0.00082, gfake=-7.58133 errG=17119.58594
[Epoch:132/2000] 00800/03000, Loss=0.00159, gfake=-2.56491 errG=26243.87500
[Epoch:132/2000] 01000/03000, Loss=0.00111, gfake=1.48728 errG=26167.68750
[Epoch:132/2000] 01200/03000, Loss=0.00154, gfake=-0.78335 errG=29847.76172
[Epoch:132/2000] 01400/03000, Loss=0.00206, gfake=-3.77025 errG=21259.39648
[Epoch:132/2000] 01600/03000, Loss=0.00190, gfake=-7.73765 errG=29871.08594
[Epoch:132/2000] 01800/03000, Loss=0.00149, gfake=-11.49508 errG=24474.41406
[Epoch:132/2000] 02000/03000, Loss=0.00157, gfake=-14.70587 errG=22939.94336
[Epoch:132/2000] 02200/03000, Loss=0.00085, gfake=-8.34144 errG=20412.62891
[Epoch:132/2000] 02400/03000, Loss=0.00094, gfake=-10.96522 errG=18837.99805
[Epoch:132/2000] 02600/03000, Loss=0.00089, gfake=0.91556 errG=25057.98828
[Epoch:132/2000] 02800/03000, Loss=0.00124, gfake=-14.77576 errG=17695.13086
Epoch:132, Derain_Loss=0.00152
This epoch take time 310.88
----------------------------------------------------------------------------------------------------
lr_Derain 0.000200
lr_ED 0.000100
lrD 0.000400
[Epoch:133/2000] 00000/03000, Loss=0.00105, gfake=-10.33612 errG=22683.09570
[Epoch:133/2000] 00200/03000, Loss=0.00173, gfake=-12.45504 errG=25274.76562
[Epoch:133/2000] 00400/03000, Loss=0.00091, gfake=-17.52297 errG=17007.27734
[Epoch:133/2000] 00600/03000, Loss=0.00191, gfake=-9.56259 errG=26313.46680
[Epoch:133/2000] 00800/03000, Loss=0.00122, gfake=-4.03067 errG=23650.33984
[Epoch:133/2000] 01000/03000, Loss=0.00122, gfake=-6.97525 errG=25062.90039
[Epoch:133/2000] 01200/03000, Loss=0.00059, gfake=-25.75587 errG=16710.44727
[Epoch:133/2000] 01400/03000, Loss=0.00152, gfake=-11.10636 errG=16519.46094
[Epoch:133/2000] 01600/03000, Loss=0.00134, gfake=-9.28300 errG=20753.71484
[Epoch:133/2000] 01800/03000, Loss=0.00155, gfake=-4.51385 errG=17761.51758
[Epoch:133/2000] 02000/03000, Loss=0.00093, gfake=-8.24670 errG=21123.13477
[Epoch:133/2000] 02200/03000, Loss=0.00133, gfake=-6.73984 errG=20718.56641
[Epoch:133/2000] 02400/03000, Loss=0.00123, gfake=-7.17706 errG=17483.08984
[Epoch:133/2000] 02600/03000, Loss=0.00138, gfake=-11.63062 errG=20524.22070
[Epoch:133/2000] 02800/03000, Loss=0.00134, gfake=-16.11310 errG=19535.38672
Epoch:133, Derain_Loss=0.00153
This epoch take time 315.70
----------------------------------------------------------------------------------------------------
lr_Derain 0.000200
lr_ED 0.000100
lrD 0.000400
[Epoch:134/2000] 00000/03000, Loss=0.00083, gfake=-7.81806 errG=21395.07617
[Epoch:134/2000] 00200/03000, Loss=0.00222, gfake=-9.50823 errG=27297.13672
[Epoch:134/2000] 00400/03000, Loss=0.00125, gfake=-8.73504 errG=19087.62695
[Epoch:134/2000] 00600/03000, Loss=0.00174, gfake=-11.17151 errG=27428.82812
[Epoch:134/2000] 00800/03000, Loss=0.00155, gfake=-6.97445 errG=22604.24609
[Epoch:134/2000] 01000/03000, Loss=0.00265, gfake=-1.08028 errG=35512.88281
[Epoch:134/2000] 01200/03000, Loss=0.00110, gfake=-10.08916 errG=21833.36719
[Epoch:134/2000] 01400/03000, Loss=0.00182, gfake=-3.31985 errG=23864.64453
[Epoch:134/2000] 01600/03000, Loss=0.00075, gfake=-15.29315 errG=19228.53906
[Epoch:134/2000] 01800/03000, Loss=0.00138, gfake=-4.05781 errG=25367.98828
[Epoch:134/2000] 02000/03000, Loss=0.00183, gfake=-4.95950 errG=28686.08398
[Epoch:134/2000] 02200/03000, Loss=0.00154, gfake=-5.68842 errG=24075.49414
[Epoch:134/2000] 02400/03000, Loss=0.00184, gfake=-8.63513 errG=25902.90234
[Epoch:134/2000] 02600/03000, Loss=0.00099, gfake=-8.69765 errG=18398.82227
[Epoch:134/2000] 02800/03000, Loss=0.00286, gfake=-3.81667 errG=26971.30664
Epoch:134, Derain_Loss=0.00155
This epoch take time 312.50
----------------------------------------------------------------------------------------------------
lr_Derain 0.000200
lr_ED 0.000100
lrD 0.000400
[Epoch:135/2000] 00000/03000, Loss=0.00158, gfake=3.52486 errG=27909.08594
[Epoch:135/2000] 00200/03000, Loss=0.00168, gfake=-10.11089 errG=21490.29297
[Epoch:135/2000] 00400/03000, Loss=0.00202, gfake=-13.22063 errG=26619.55078
[Epoch:135/2000] 00600/03000, Loss=0.00189, gfake=-9.36603 errG=23079.51758
[Epoch:135/2000] 00800/03000, Loss=0.00180, gfake=-11.02244 errG=23067.50977
[Epoch:135/2000] 01000/03000, Loss=0.00143, gfake=-5.42041 errG=18617.57422
[Epoch:135/2000] 01200/03000, Loss=0.00135, gfake=1.00592 errG=30417.93555
[Epoch:135/2000] 01400/03000, Loss=0.00142, gfake=-3.72937 errG=24279.49219
[Epoch:135/2000] 01600/03000, Loss=0.00131, gfake=-8.92511 errG=21957.32422
[Epoch:135/2000] 01800/03000, Loss=0.00132, gfake=1.59652 errG=22177.42578
[Epoch:135/2000] 02000/03000, Loss=0.00212, gfake=2.37595 errG=40394.53906
[Epoch:135/2000] 02200/03000, Loss=0.00140, gfake=-2.37762 errG=21200.69336
[Epoch:135/2000] 02400/03000, Loss=0.00116, gfake=-7.05630 errG=19132.07031
[Epoch:135/2000] 02600/03000, Loss=0.00093, gfake=-7.98185 errG=19451.58789
[Epoch:135/2000] 02800/03000, Loss=0.00208, gfake=-8.64665 errG=20497.40625
Epoch:135, Derain_Loss=0.00154
This epoch take time 311.33
----------------------------------------------------------------------------------------------------
lr_Derain 0.000200
lr_ED 0.000100
lrD 0.000400
[Epoch:136/2000] 00000/03000, Loss=0.00179, gfake=-15.65229 errG=23119.65039
[Epoch:136/2000] 00200/03000, Loss=0.00142, gfake=-8.19159 errG=20321.30664
[Epoch:136/2000] 00400/03000, Loss=0.00112, gfake=-8.17216 errG=22100.63867
[Epoch:136/2000] 00600/03000, Loss=0.00141, gfake=-11.34618 errG=26255.41406
[Epoch:136/2000] 00800/03000, Loss=0.00215, gfake=-4.33825 errG=19545.68750
[Epoch:136/2000] 01000/03000, Loss=0.00087, gfake=-6.89437 errG=19383.89844
[Epoch:136/2000] 01200/03000, Loss=0.00080, gfake=-1.08053 errG=20860.25977
[Epoch:136/2000] 01400/03000, Loss=0.00083, gfake=-6.79557 errG=16621.55859
[Epoch:136/2000] 01600/03000, Loss=0.00084, gfake=-13.51481 errG=18502.32617
[Epoch:136/2000] 01800/03000, Loss=0.00093, gfake=-9.73713 errG=18954.35742
[Epoch:136/2000] 02000/03000, Loss=0.00187, gfake=-12.53064 errG=22585.47852
[Epoch:136/2000] 02200/03000, Loss=0.00135, gfake=2.84907 errG=33457.88672
[Epoch:136/2000] 02400/03000, Loss=0.00174, gfake=-13.09763 errG=22742.10352
[Epoch:136/2000] 02600/03000, Loss=0.00144, gfake=-14.20462 errG=16330.72754
[Epoch:136/2000] 02800/03000, Loss=0.00190, gfake=-5.03636 errG=24432.78516
Epoch:136, Derain_Loss=0.00153
This epoch take time 312.69
----------------------------------------------------------------------------------------------------
lr_Derain 0.000200
lr_ED 0.000100
lrD 0.000400
