Random Seed:  4738
lr_Derain 0.000200
lr_ED 0.000100
lrD 0.000400
[Epoch:181/2000] 00000/03000, Loss=0.00192, gfake=0.60693 errG=26113.34961
[Epoch:181/2000] 00200/03000, Loss=0.00112, gfake=-8.39020 errG=15247.76758
[Epoch:181/2000] 00400/03000, Loss=0.00156, gfake=-6.05643 errG=21139.41602
[Epoch:181/2000] 00600/03000, Loss=0.00117, gfake=-17.81126 errG=15360.04199
[Epoch:181/2000] 00800/03000, Loss=0.00112, gfake=-2.54367 errG=25013.22266
[Epoch:181/2000] 01000/03000, Loss=0.00135, gfake=-5.83687 errG=23273.16992
[Epoch:181/2000] 01200/03000, Loss=0.00163, gfake=-14.83242 errG=24275.48828
[Epoch:181/2000] 01400/03000, Loss=0.00156, gfake=-10.09319 errG=22189.34375
[Epoch:181/2000] 01600/03000, Loss=0.00119, gfake=-5.31250 errG=23684.38867
[Epoch:181/2000] 01800/03000, Loss=0.00112, gfake=-11.12232 errG=21385.00781
[Epoch:181/2000] 02000/03000, Loss=0.00128, gfake=0.56122 errG=23625.80664
[Epoch:181/2000] 02200/03000, Loss=0.00073, gfake=-12.17260 errG=16952.83008
[Epoch:181/2000] 02400/03000, Loss=0.00090, gfake=-18.62229 errG=18706.16992
[Epoch:181/2000] 02600/03000, Loss=0.00193, gfake=-4.09281 errG=25328.20117
[Epoch:181/2000] 02800/03000, Loss=0.00062, gfake=-10.29845 errG=16633.76562
Epoch:181, Derain_Loss=0.00146
This epoch take time 317.60
----------------------------------------------------------------------------------------------------
lr_Derain 0.000200
lr_ED 0.000100
lrD 0.000400
[Epoch:182/2000] 00000/03000, Loss=0.00150, gfake=-3.82393 errG=22486.41797
[Epoch:182/2000] 00200/03000, Loss=0.00152, gfake=-15.12245 errG=26700.55664
[Epoch:182/2000] 00400/03000, Loss=0.00123, gfake=-4.96024 errG=25415.12695
[Epoch:182/2000] 00600/03000, Loss=0.00117, gfake=-14.13447 errG=19811.84766
[Epoch:182/2000] 00800/03000, Loss=0.00200, gfake=-16.47717 errG=24927.90820
[Epoch:182/2000] 01000/03000, Loss=0.00128, gfake=-9.14974 errG=22260.98047
[Epoch:182/2000] 01200/03000, Loss=0.00109, gfake=-10.16012 errG=19559.06836
[Epoch:182/2000] 01400/03000, Loss=0.00125, gfake=-7.83347 errG=20013.95508
[Epoch:182/2000] 01600/03000, Loss=0.00107, gfake=-13.61884 errG=18101.19141
[Epoch:182/2000] 01800/03000, Loss=0.00075, gfake=-12.06300 errG=15927.29688
[Epoch:182/2000] 02000/03000, Loss=0.00167, gfake=-9.24037 errG=26331.87891
[Epoch:182/2000] 02200/03000, Loss=0.00106, gfake=-3.35521 errG=28437.93164
[Epoch:182/2000] 02400/03000, Loss=0.00173, gfake=-0.77231 errG=24786.70703
[Epoch:182/2000] 02600/03000, Loss=0.00123, gfake=-8.52373 errG=20988.18555
[Epoch:182/2000] 02800/03000, Loss=0.00147, gfake=-4.64809 errG=22230.58008
Epoch:182, Derain_Loss=0.00147
This epoch take time 313.86
----------------------------------------------------------------------------------------------------
lr_Derain 0.000200
lr_ED 0.000100
lrD 0.000400
[Epoch:183/2000] 00000/03000, Loss=0.00151, gfake=-8.34355 errG=19570.81836
[Epoch:183/2000] 00200/03000, Loss=0.00039, gfake=-18.05953 errG=13164.06152
[Epoch:183/2000] 00400/03000, Loss=0.00177, gfake=-8.52910 errG=26155.85547
[Epoch:183/2000] 00600/03000, Loss=0.00091, gfake=-3.90814 errG=30480.66797
[Epoch:183/2000] 00800/03000, Loss=0.00175, gfake=-5.52102 errG=22123.72266
[Epoch:183/2000] 01000/03000, Loss=0.00131, gfake=-7.85463 errG=23732.86328
[Epoch:183/2000] 01200/03000, Loss=0.00181, gfake=-3.02259 errG=24791.26953
[Epoch:183/2000] 01400/03000, Loss=0.00154, gfake=-9.61796 errG=22889.85547
[Epoch:183/2000] 01600/03000, Loss=0.00090, gfake=-10.21765 errG=19718.09375
[Epoch:183/2000] 01800/03000, Loss=0.00108, gfake=-6.03324 errG=22063.33203
[Epoch:183/2000] 02000/03000, Loss=0.00124, gfake=0.36307 errG=21576.36133
[Epoch:183/2000] 02200/03000, Loss=0.00136, gfake=-8.92209 errG=21172.15625
[Epoch:183/2000] 02400/03000, Loss=0.00189, gfake=-7.95728 errG=24359.00000
[Epoch:183/2000] 02600/03000, Loss=0.00219, gfake=-10.89495 errG=28873.45117
[Epoch:183/2000] 02800/03000, Loss=0.00134, gfake=0.23275 errG=19548.11719
Epoch:183, Derain_Loss=0.00147
This epoch take time 314.25
----------------------------------------------------------------------------------------------------
lr_Derain 0.000200
lr_ED 0.000100
lrD 0.000400
[Epoch:184/2000] 00000/03000, Loss=0.00118, gfake=-13.38278 errG=18066.49023
[Epoch:184/2000] 00200/03000, Loss=0.00135, gfake=-5.86251 errG=23040.58594
[Epoch:184/2000] 00400/03000, Loss=0.00110, gfake=-8.21890 errG=22882.38672
[Epoch:184/2000] 00600/03000, Loss=0.00193, gfake=-4.70079 errG=30262.40430
[Epoch:184/2000] 00800/03000, Loss=0.00120, gfake=2.28999 errG=20484.02734
[Epoch:184/2000] 01000/03000, Loss=0.00154, gfake=-10.52586 errG=27911.16992
[Epoch:184/2000] 01200/03000, Loss=0.00121, gfake=-5.76980 errG=20247.00781
[Epoch:184/2000] 01400/03000, Loss=0.00120, gfake=-16.02806 errG=20820.70312
[Epoch:184/2000] 01600/03000, Loss=0.00160, gfake=-9.53479 errG=31328.49609
[Epoch:184/2000] 01800/03000, Loss=0.00198, gfake=-8.92003 errG=28965.16016
[Epoch:184/2000] 02000/03000, Loss=0.00183, gfake=-6.82434 errG=30246.17188
[Epoch:184/2000] 02200/03000, Loss=0.00120, gfake=-9.54815 errG=21632.72852
[Epoch:184/2000] 02400/03000, Loss=0.00172, gfake=-8.67488 errG=27229.06836
[Epoch:184/2000] 02600/03000, Loss=0.00145, gfake=-15.88963 errG=22048.81250
[Epoch:184/2000] 02800/03000, Loss=0.00123, gfake=-10.28434 errG=24661.96484
Epoch:184, Derain_Loss=0.00147
This epoch take time 313.43
----------------------------------------------------------------------------------------------------
lr_Derain 0.000200
lr_ED 0.000100
lrD 0.000400
[Epoch:185/2000] 00000/03000, Loss=0.00123, gfake=-0.75472 errG=23762.67969
[Epoch:185/2000] 00200/03000, Loss=0.00168, gfake=-4.30047 errG=18093.90234
[Epoch:185/2000] 00400/03000, Loss=0.00130, gfake=0.03491 errG=28976.94922
[Epoch:185/2000] 00600/03000, Loss=0.00105, gfake=-7.37888 errG=21803.33594
[Epoch:185/2000] 00800/03000, Loss=0.00128, gfake=-10.81415 errG=16401.45898
[Epoch:185/2000] 01000/03000, Loss=0.00146, gfake=-16.56343 errG=20919.56055
[Epoch:185/2000] 01200/03000, Loss=0.00147, gfake=-1.99732 errG=33677.74219
[Epoch:185/2000] 01400/03000, Loss=0.00099, gfake=-15.12179 errG=14837.29590
[Epoch:185/2000] 01600/03000, Loss=0.00084, gfake=2.16390 errG=24559.94727
[Epoch:185/2000] 01800/03000, Loss=0.00146, gfake=-14.40043 errG=21147.68164
[Epoch:185/2000] 02000/03000, Loss=0.00206, gfake=-9.30313 errG=21337.66211
[Epoch:185/2000] 02200/03000, Loss=0.00126, gfake=-8.62853 errG=24545.15234
[Epoch:185/2000] 02400/03000, Loss=0.00117, gfake=-8.77879 errG=25715.43555
[Epoch:185/2000] 02600/03000, Loss=0.00138, gfake=-1.49568 errG=31142.97852
[Epoch:185/2000] 02800/03000, Loss=0.00121, gfake=-5.12227 errG=22846.94922
Epoch:185, Derain_Loss=0.00147
This epoch take time 313.30
----------------------------------------------------------------------------------------------------
lr_Derain 0.000200
lr_ED 0.000100
lrD 0.000400
[Epoch:186/2000] 00000/03000, Loss=0.00225, gfake=-16.22923 errG=27728.10938
[Epoch:186/2000] 00200/03000, Loss=0.00109, gfake=-14.05914 errG=17963.46289
[Epoch:186/2000] 00400/03000, Loss=0.00166, gfake=-9.21596 errG=28003.88477
[Epoch:186/2000] 00600/03000, Loss=0.00100, gfake=-11.10402 errG=19113.30664
[Epoch:186/2000] 00800/03000, Loss=0.00162, gfake=-9.79031 errG=19770.02344
[Epoch:186/2000] 01000/03000, Loss=0.00125, gfake=-4.61997 errG=19163.38086
[Epoch:186/2000] 01200/03000, Loss=0.00122, gfake=-12.09430 errG=22143.07812
[Epoch:186/2000] 01400/03000, Loss=0.00178, gfake=-2.50025 errG=24818.68750
[Epoch:186/2000] 01600/03000, Loss=0.00108, gfake=-9.71740 errG=20535.40625
[Epoch:186/2000] 01800/03000, Loss=0.00132, gfake=-4.13515 errG=20256.67578
[Epoch:186/2000] 02000/03000, Loss=0.00149, gfake=-11.94888 errG=24050.47656
[Epoch:186/2000] 02200/03000, Loss=0.00107, gfake=7.66715 errG=28021.49805
[Epoch:186/2000] 02400/03000, Loss=0.00228, gfake=-9.48806 errG=24367.34961
[Epoch:186/2000] 02600/03000, Loss=0.00103, gfake=-17.49867 errG=18598.10938
[Epoch:186/2000] 02800/03000, Loss=0.00290, gfake=-9.62330 errG=23513.21484
Epoch:186, Derain_Loss=0.00147
This epoch take time 313.49
----------------------------------------------------------------------------------------------------
lr_Derain 0.000200
lr_ED 0.000100
lrD 0.000400
[Epoch:187/2000] 00000/03000, Loss=0.00116, gfake=-4.96754 errG=22771.30664
[Epoch:187/2000] 00200/03000, Loss=0.00116, gfake=-13.68523 errG=22429.67578
[Epoch:187/2000] 00400/03000, Loss=0.00078, gfake=-5.87117 errG=20831.26367
[Epoch:187/2000] 00600/03000, Loss=0.00145, gfake=2.95138 errG=30242.06445
[Epoch:187/2000] 00800/03000, Loss=0.00147, gfake=-12.59353 errG=21228.28906
[Epoch:187/2000] 01000/03000, Loss=0.00180, gfake=-2.25414 errG=29843.16406
[Epoch:187/2000] 01200/03000, Loss=0.00146, gfake=-7.44619 errG=27443.55664
[Epoch:187/2000] 01400/03000, Loss=0.00123, gfake=-21.43509 errG=15373.53223
[Epoch:187/2000] 01600/03000, Loss=0.00121, gfake=-8.43017 errG=24722.08789
[Epoch:187/2000] 01800/03000, Loss=0.00096, gfake=-14.13271 errG=16455.01953
[Epoch:187/2000] 02000/03000, Loss=0.00194, gfake=-9.59512 errG=25224.34961
[Epoch:187/2000] 02200/03000, Loss=0.00145, gfake=-8.00618 errG=22342.07227
[Epoch:187/2000] 02400/03000, Loss=0.00076, gfake=-16.06591 errG=18016.96484
[Epoch:187/2000] 02600/03000, Loss=0.00195, gfake=0.56843 errG=41575.38672
[Epoch:187/2000] 02800/03000, Loss=0.00131, gfake=-4.09079 errG=22830.78125
Epoch:187, Derain_Loss=0.00146
This epoch take time 314.63
----------------------------------------------------------------------------------------------------
lr_Derain 0.000200
lr_ED 0.000100
lrD 0.000400
[Epoch:188/2000] 00000/03000, Loss=0.00178, gfake=4.11650 errG=38044.52344
[Epoch:188/2000] 00200/03000, Loss=0.00171, gfake=7.93013 errG=30817.36328
[Epoch:188/2000] 00400/03000, Loss=0.00102, gfake=-1.42645 errG=24858.12891
[Epoch:188/2000] 00600/03000, Loss=0.00125, gfake=-7.72191 errG=22750.46484
[Epoch:188/2000] 00800/03000, Loss=0.00123, gfake=-6.47703 errG=20616.25391
[Epoch:188/2000] 01000/03000, Loss=0.00097, gfake=-12.57328 errG=17755.88867
[Epoch:188/2000] 01200/03000, Loss=0.00174, gfake=0.84037 errG=27102.60938
[Epoch:188/2000] 01400/03000, Loss=0.00148, gfake=-17.52835 errG=24141.33398
[Epoch:188/2000] 01600/03000, Loss=0.00108, gfake=-17.11333 errG=19369.65039
[Epoch:188/2000] 01800/03000, Loss=0.00134, gfake=-8.45232 errG=19817.94727
[Epoch:188/2000] 02000/03000, Loss=0.00121, gfake=-9.77420 errG=21166.21875
[Epoch:188/2000] 02200/03000, Loss=0.00120, gfake=-15.84997 errG=20825.26562
[Epoch:188/2000] 02400/03000, Loss=0.00164, gfake=-1.71326 errG=26354.66797
[Epoch:188/2000] 02600/03000, Loss=0.00107, gfake=-4.16857 errG=21141.50391
[Epoch:188/2000] 02800/03000, Loss=0.00172, gfake=7.86800 errG=30173.23047
Epoch:188, Derain_Loss=0.00147
This epoch take time 314.95
----------------------------------------------------------------------------------------------------
lr_Derain 0.000200
lr_ED 0.000100
lrD 0.000400
[Epoch:189/2000] 00000/03000, Loss=0.00163, gfake=-4.09306 errG=25849.94141
[Epoch:189/2000] 00200/03000, Loss=0.00076, gfake=-15.81977 errG=17301.27930
[Epoch:189/2000] 00400/03000, Loss=0.00055, gfake=-15.52689 errG=15664.19336
[Epoch:189/2000] 00600/03000, Loss=0.00080, gfake=-9.32797 errG=25382.28125
[Epoch:189/2000] 00800/03000, Loss=0.00148, gfake=-8.56950 errG=25409.82617
[Epoch:189/2000] 01000/03000, Loss=0.00134, gfake=3.51290 errG=29153.91602
[Epoch:189/2000] 01200/03000, Loss=0.00122, gfake=-6.99096 errG=18877.69141
[Epoch:189/2000] 01400/03000, Loss=0.00129, gfake=-12.06888 errG=21109.95312
[Epoch:189/2000] 01600/03000, Loss=0.00184, gfake=-5.31857 errG=22955.78125
[Epoch:189/2000] 01800/03000, Loss=0.00111, gfake=-9.65963 errG=22556.41406
[Epoch:189/2000] 02000/03000, Loss=0.00154, gfake=-6.51642 errG=24608.23242
[Epoch:189/2000] 02200/03000, Loss=0.00089, gfake=-12.14367 errG=20455.41406
[Epoch:189/2000] 02400/03000, Loss=0.00142, gfake=-10.92513 errG=19152.25977
[Epoch:189/2000] 02600/03000, Loss=0.00115, gfake=1.73090 errG=17291.22461
[Epoch:189/2000] 02800/03000, Loss=0.00133, gfake=-7.91466 errG=21489.73828
Epoch:189, Derain_Loss=0.00146
This epoch take time 314.97
----------------------------------------------------------------------------------------------------
lr_Derain 0.000200
lr_ED 0.000100
lrD 0.000400
[Epoch:190/2000] 00000/03000, Loss=0.00146, gfake=-8.87524 errG=18277.22461
[Epoch:190/2000] 00200/03000, Loss=0.00136, gfake=-9.39210 errG=21793.12305
[Epoch:190/2000] 00400/03000, Loss=0.00229, gfake=-6.97227 errG=29631.42578
[Epoch:190/2000] 00600/03000, Loss=0.00154, gfake=4.55148 errG=26405.03906
[Epoch:190/2000] 00800/03000, Loss=0.00079, gfake=-4.94207 errG=19231.64648
[Epoch:190/2000] 01000/03000, Loss=0.00213, gfake=-7.33271 errG=31845.27734
[Epoch:190/2000] 01200/03000, Loss=0.00118, gfake=0.94843 errG=23151.47266
[Epoch:190/2000] 01400/03000, Loss=0.00187, gfake=-7.33018 errG=17443.86133
[Epoch:190/2000] 01600/03000, Loss=0.00071, gfake=-12.86900 errG=18198.03906
[Epoch:190/2000] 01800/03000, Loss=0.00161, gfake=-8.63711 errG=25419.26367
[Epoch:190/2000] 02000/03000, Loss=0.00106, gfake=-0.59199 errG=28128.37305
[Epoch:190/2000] 02200/03000, Loss=0.00064, gfake=-14.86938 errG=17499.50781
[Epoch:190/2000] 02400/03000, Loss=0.00136, gfake=-13.36665 errG=26007.86914
[Epoch:190/2000] 02600/03000, Loss=0.00156, gfake=3.54286 errG=21069.56836
[Epoch:190/2000] 02800/03000, Loss=0.00110, gfake=-16.69230 errG=20274.99609
Epoch:190, Derain_Loss=0.00144
This epoch take time 313.46
----------------------------------------------------------------------------------------------------
lr_Derain 0.000200
lr_ED 0.000100
lrD 0.000400
[Epoch:191/2000] 00000/03000, Loss=0.00150, gfake=-14.29471 errG=17317.44531
[Epoch:191/2000] 00200/03000, Loss=0.00173, gfake=-9.34777 errG=18188.92383
[Epoch:191/2000] 00400/03000, Loss=0.00107, gfake=-15.64165 errG=16051.78027
[Epoch:191/2000] 00600/03000, Loss=0.00184, gfake=-6.16009 errG=31103.15234
[Epoch:191/2000] 00800/03000, Loss=0.00156, gfake=-9.22547 errG=23582.41992
[Epoch:191/2000] 01000/03000, Loss=0.00083, gfake=-2.74442 errG=22792.58203
[Epoch:191/2000] 01200/03000, Loss=0.00123, gfake=-0.42629 errG=25526.58398
[Epoch:191/2000] 01400/03000, Loss=0.00143, gfake=-3.83474 errG=22227.41797
[Epoch:191/2000] 01600/03000, Loss=0.00138, gfake=-6.10265 errG=21364.30664
[Epoch:191/2000] 01800/03000, Loss=0.00191, gfake=5.76493 errG=38115.07031
[Epoch:191/2000] 02000/03000, Loss=0.00138, gfake=-10.44261 errG=22603.84961
[Epoch:191/2000] 02200/03000, Loss=0.00089, gfake=6.47486 errG=25342.07617
[Epoch:191/2000] 02400/03000, Loss=0.00147, gfake=-8.04802 errG=21025.43750
[Epoch:191/2000] 02600/03000, Loss=0.00120, gfake=3.28032 errG=23864.01562
[Epoch:191/2000] 02800/03000, Loss=0.00111, gfake=-11.78311 errG=24092.70898
Epoch:191, Derain_Loss=0.00147
This epoch take time 313.58
----------------------------------------------------------------------------------------------------
lr_Derain 0.000200
lr_ED 0.000100
lrD 0.000400
[Epoch:192/2000] 00000/03000, Loss=0.00141, gfake=-9.91682 errG=24169.49023
[Epoch:192/2000] 00200/03000, Loss=0.00115, gfake=-10.90940 errG=19223.40039
[Epoch:192/2000] 00400/03000, Loss=0.00217, gfake=-5.61045 errG=24161.76953
[Epoch:192/2000] 00600/03000, Loss=0.00109, gfake=-7.85483 errG=21226.39844
[Epoch:192/2000] 00800/03000, Loss=0.00181, gfake=-2.36157 errG=28368.06445
[Epoch:192/2000] 01000/03000, Loss=0.00155, gfake=-5.87362 errG=31422.92969
[Epoch:192/2000] 01200/03000, Loss=0.00137, gfake=-7.54289 errG=18366.02148
[Epoch:192/2000] 01400/03000, Loss=0.00229, gfake=-1.06009 errG=25464.72656
[Epoch:192/2000] 01600/03000, Loss=0.00085, gfake=-3.76337 errG=17028.21680
[Epoch:192/2000] 01800/03000, Loss=0.00146, gfake=-9.28301 errG=21097.65234
[Epoch:192/2000] 02000/03000, Loss=0.00218, gfake=-4.46464 errG=21683.63281
[Epoch:192/2000] 02200/03000, Loss=0.00187, gfake=-7.30517 errG=27028.81445
[Epoch:192/2000] 02400/03000, Loss=0.00128, gfake=-10.42129 errG=24145.74414
[Epoch:192/2000] 02600/03000, Loss=0.00174, gfake=-1.35000 errG=30093.33203
[Epoch:192/2000] 02800/03000, Loss=0.00165, gfake=-1.53137 errG=21756.49414
Epoch:192, Derain_Loss=0.00147
This epoch take time 312.44
----------------------------------------------------------------------------------------------------
lr_Derain 0.000200
lr_ED 0.000100
lrD 0.000400
[Epoch:193/2000] 00000/03000, Loss=0.00096, gfake=-14.61968 errG=21955.01953
[Epoch:193/2000] 00200/03000, Loss=0.00077, gfake=-15.64151 errG=21078.48438
[Epoch:193/2000] 00400/03000, Loss=0.00145, gfake=3.79758 errG=26357.00977
[Epoch:193/2000] 00600/03000, Loss=0.00093, gfake=-7.46106 errG=19466.76172
[Epoch:193/2000] 00800/03000, Loss=0.00191, gfake=3.09169 errG=33093.55469
[Epoch:193/2000] 01000/03000, Loss=0.00148, gfake=-12.38976 errG=17917.03516
[Epoch:193/2000] 01200/03000, Loss=0.00081, gfake=-8.00582 errG=24122.46484
[Epoch:193/2000] 01400/03000, Loss=0.00150, gfake=1.49258 errG=28960.09570
[Epoch:193/2000] 01600/03000, Loss=0.00184, gfake=-12.29893 errG=21543.29688
[Epoch:193/2000] 01800/03000, Loss=0.00105, gfake=-2.27925 errG=19347.28906
[Epoch:193/2000] 02000/03000, Loss=0.00231, gfake=-9.61525 errG=25801.96484
[Epoch:193/2000] 02200/03000, Loss=0.00147, gfake=-5.29155 errG=25188.72461
[Epoch:193/2000] 02400/03000, Loss=0.00116, gfake=-14.76558 errG=16982.10742
[Epoch:193/2000] 02600/03000, Loss=0.00202, gfake=-4.79858 errG=29641.82031
[Epoch:193/2000] 02800/03000, Loss=0.00089, gfake=2.79319 errG=20536.37500
Epoch:193, Derain_Loss=0.00145
This epoch take time 313.11
----------------------------------------------------------------------------------------------------
lr_Derain 0.000200
lr_ED 0.000100
lrD 0.000400
[Epoch:194/2000] 00000/03000, Loss=0.00141, gfake=-4.00404 errG=17697.39062
[Epoch:194/2000] 00200/03000, Loss=0.00109, gfake=-5.43675 errG=19125.35352
[Epoch:194/2000] 00400/03000, Loss=0.00090, gfake=-12.19851 errG=16254.57031
[Epoch:194/2000] 00600/03000, Loss=0.00101, gfake=-8.78993 errG=20951.49023
[Epoch:194/2000] 00800/03000, Loss=0.00125, gfake=1.15761 errG=25925.57617
[Epoch:194/2000] 01000/03000, Loss=0.00185, gfake=-2.21781 errG=29996.10938
[Epoch:194/2000] 01200/03000, Loss=0.00163, gfake=-2.32048 errG=23137.84375
[Epoch:194/2000] 01400/03000, Loss=0.00112, gfake=-9.87177 errG=16954.24609
[Epoch:194/2000] 01600/03000, Loss=0.00091, gfake=-6.01228 errG=19233.21484
[Epoch:194/2000] 01800/03000, Loss=0.00116, gfake=-8.26357 errG=26173.16406
[Epoch:194/2000] 02000/03000, Loss=0.00177, gfake=-0.67636 errG=28992.28711
[Epoch:194/2000] 02200/03000, Loss=0.00141, gfake=-6.31002 errG=18622.35938
[Epoch:194/2000] 02400/03000, Loss=0.00116, gfake=-5.25530 errG=19653.55859
[Epoch:194/2000] 02600/03000, Loss=0.00152, gfake=-0.00627 errG=25747.22852
[Epoch:194/2000] 02800/03000, Loss=0.00130, gfake=5.01256 errG=21984.47852
Epoch:194, Derain_Loss=0.00146
This epoch take time 313.31
----------------------------------------------------------------------------------------------------
lr_Derain 0.000200
lr_ED 0.000100
lrD 0.000400
[Epoch:195/2000] 00000/03000, Loss=0.00117, gfake=-5.54998 errG=20644.52539
[Epoch:195/2000] 00200/03000, Loss=0.00171, gfake=3.83188 errG=29076.93359
[Epoch:195/2000] 00400/03000, Loss=0.00144, gfake=-9.77253 errG=22046.42188
[Epoch:195/2000] 00600/03000, Loss=0.00133, gfake=-15.85826 errG=20362.98242
[Epoch:195/2000] 00800/03000, Loss=0.00157, gfake=-11.45442 errG=22530.87695
[Epoch:195/2000] 01000/03000, Loss=0.00133, gfake=5.53868 errG=28173.92773
[Epoch:195/2000] 01200/03000, Loss=0.00136, gfake=-10.94621 errG=17654.78320
[Epoch:195/2000] 01400/03000, Loss=0.00083, gfake=-10.69091 errG=16695.97852
[Epoch:195/2000] 01600/03000, Loss=0.00110, gfake=-18.49802 errG=19226.66797
[Epoch:195/2000] 01800/03000, Loss=0.00111, gfake=-5.16345 errG=17319.13281
[Epoch:195/2000] 02000/03000, Loss=0.00150, gfake=-0.64172 errG=27539.20117
[Epoch:195/2000] 02200/03000, Loss=0.00106, gfake=-14.21790 errG=14611.35449
[Epoch:195/2000] 02400/03000, Loss=0.00147, gfake=-7.11933 errG=25072.93750
[Epoch:195/2000] 02600/03000, Loss=0.00163, gfake=-11.70523 errG=23142.54297
[Epoch:195/2000] 02800/03000, Loss=0.00104, gfake=-13.49256 errG=18963.44922
Epoch:195, Derain_Loss=0.00145
This epoch take time 314.11
----------------------------------------------------------------------------------------------------
lr_Derain 0.000200
lr_ED 0.000100
lrD 0.000400
[Epoch:196/2000] 00000/03000, Loss=0.00089, gfake=-11.52128 errG=16107.87598
[Epoch:196/2000] 00200/03000, Loss=0.00140, gfake=-10.73406 errG=25205.31445
[Epoch:196/2000] 00400/03000, Loss=0.00154, gfake=-6.40602 errG=24503.57031
[Epoch:196/2000] 00600/03000, Loss=0.00188, gfake=-12.20645 errG=23419.00977
[Epoch:196/2000] 00800/03000, Loss=0.00161, gfake=-14.36132 errG=18575.31055
[Epoch:196/2000] 01000/03000, Loss=0.00110, gfake=-5.82812 errG=22157.70898
[Epoch:196/2000] 01200/03000, Loss=0.00108, gfake=-4.14867 errG=26588.90625
[Epoch:196/2000] 01400/03000, Loss=0.00162, gfake=-11.60859 errG=25849.73438
[Epoch:196/2000] 01600/03000, Loss=0.00180, gfake=-6.25778 errG=30755.74609
[Epoch:196/2000] 01800/03000, Loss=0.00150, gfake=-10.39959 errG=24317.48047
[Epoch:196/2000] 02000/03000, Loss=0.00090, gfake=-7.32290 errG=20560.47656
[Epoch:196/2000] 02200/03000, Loss=0.00138, gfake=7.62695 errG=27456.06836
[Epoch:196/2000] 02400/03000, Loss=0.00143, gfake=-5.91990 errG=22036.77539
[Epoch:196/2000] 02600/03000, Loss=0.00143, gfake=-15.25370 errG=22462.97461
[Epoch:196/2000] 02800/03000, Loss=0.00129, gfake=3.21111 errG=21458.67578
Epoch:196, Derain_Loss=0.00145
This epoch take time 312.98
----------------------------------------------------------------------------------------------------
lr_Derain 0.000200
lr_ED 0.000100
lrD 0.000400
[Epoch:197/2000] 00000/03000, Loss=0.00176, gfake=-10.15291 errG=25115.12500
[Epoch:197/2000] 00200/03000, Loss=0.00075, gfake=-4.82526 errG=19895.66016
[Epoch:197/2000] 00400/03000, Loss=0.00150, gfake=-6.39217 errG=29086.79297
[Epoch:197/2000] 00600/03000, Loss=0.00174, gfake=3.62166 errG=29522.44336
[Epoch:197/2000] 00800/03000, Loss=0.00118, gfake=-3.26900 errG=19350.97461
[Epoch:197/2000] 01000/03000, Loss=0.00139, gfake=-2.34341 errG=20626.46484
[Epoch:197/2000] 01200/03000, Loss=0.00116, gfake=-5.29453 errG=21691.67969
[Epoch:197/2000] 01400/03000, Loss=0.00087, gfake=-11.99431 errG=21115.51367
[Epoch:197/2000] 01600/03000, Loss=0.00167, gfake=-11.90030 errG=19931.54492
[Epoch:197/2000] 01800/03000, Loss=0.00111, gfake=-12.42613 errG=19882.98438
[Epoch:197/2000] 02000/03000, Loss=0.00178, gfake=3.20504 errG=31061.52734
[Epoch:197/2000] 02200/03000, Loss=0.00116, gfake=-11.37404 errG=28138.45508
[Epoch:197/2000] 02400/03000, Loss=0.00076, gfake=-6.13860 errG=19174.69336
[Epoch:197/2000] 02600/03000, Loss=0.00176, gfake=5.26997 errG=29849.62500
[Epoch:197/2000] 02800/03000, Loss=0.00206, gfake=-10.12155 errG=20837.09766
Epoch:197, Derain_Loss=0.00144
This epoch take time 312.26
----------------------------------------------------------------------------------------------------
lr_Derain 0.000200
lr_ED 0.000100
lrD 0.000400
[Epoch:198/2000] 00000/03000, Loss=0.00151, gfake=-5.89858 errG=21491.62109
[Epoch:198/2000] 00200/03000, Loss=0.00118, gfake=1.35213 errG=19951.05469
[Epoch:198/2000] 00400/03000, Loss=0.00164, gfake=-8.63114 errG=24770.41406
[Epoch:198/2000] 00600/03000, Loss=0.00165, gfake=-7.45994 errG=19098.80078
[Epoch:198/2000] 00800/03000, Loss=0.00122, gfake=-8.19050 errG=24255.36328
[Epoch:198/2000] 01000/03000, Loss=0.00128, gfake=-3.71542 errG=25998.11133
[Epoch:198/2000] 01200/03000, Loss=0.00164, gfake=-8.16883 errG=23697.99609
[Epoch:198/2000] 01400/03000, Loss=0.00121, gfake=-6.75274 errG=24946.09375
[Epoch:198/2000] 01600/03000, Loss=0.00153, gfake=6.23211 errG=25570.91406
[Epoch:198/2000] 01800/03000, Loss=0.00102, gfake=-9.99208 errG=17284.74219
[Epoch:198/2000] 02000/03000, Loss=0.00201, gfake=-13.91366 errG=25764.66016
[Epoch:198/2000] 02200/03000, Loss=0.00159, gfake=9.33947 errG=32327.51758
[Epoch:198/2000] 02400/03000, Loss=0.00136, gfake=-3.83535 errG=30635.83789
[Epoch:198/2000] 02600/03000, Loss=0.00153, gfake=-15.92447 errG=21083.55078
[Epoch:198/2000] 02800/03000, Loss=0.00132, gfake=0.38082 errG=32053.48438
Epoch:198, Derain_Loss=0.00146
This epoch take time 314.10
----------------------------------------------------------------------------------------------------
lr_Derain 0.000200
lr_ED 0.000100
lrD 0.000400
[Epoch:199/2000] 00000/03000, Loss=0.00127, gfake=-8.61626 errG=21111.66992
[Epoch:199/2000] 00200/03000, Loss=0.00101, gfake=4.51858 errG=25640.62500
[Epoch:199/2000] 00400/03000, Loss=0.00125, gfake=-11.08429 errG=19841.84570
[Epoch:199/2000] 00600/03000, Loss=0.00173, gfake=-4.44391 errG=22293.41992
[Epoch:199/2000] 00800/03000, Loss=0.00230, gfake=-0.51419 errG=24196.50000
[Epoch:199/2000] 01000/03000, Loss=0.00210, gfake=-0.88401 errG=27280.38477
[Epoch:199/2000] 01200/03000, Loss=0.00213, gfake=-13.55497 errG=21959.92969
[Epoch:199/2000] 01400/03000, Loss=0.00166, gfake=-8.02604 errG=22210.55273
[Epoch:199/2000] 01600/03000, Loss=0.00162, gfake=-4.58463 errG=26018.94141
[Epoch:199/2000] 01800/03000, Loss=0.00220, gfake=0.14885 errG=33992.80078
[Epoch:199/2000] 02000/03000, Loss=0.00135, gfake=-10.81684 errG=16425.98047
[Epoch:199/2000] 02200/03000, Loss=0.00143, gfake=-13.91266 errG=19625.11133
[Epoch:199/2000] 02400/03000, Loss=0.00136, gfake=-8.44822 errG=23530.17969
[Epoch:199/2000] 02600/03000, Loss=0.00107, gfake=5.94992 errG=28405.14648
[Epoch:199/2000] 02800/03000, Loss=0.00135, gfake=-10.16144 errG=23752.62109
Epoch:199, Derain_Loss=0.00146
This epoch take time 312.51
----------------------------------------------------------------------------------------------------
lr_Derain 0.000200
lr_ED 0.000100
lrD 0.000400
[Epoch:200/2000] 00000/03000, Loss=0.00101, gfake=-2.31646 errG=23249.57227
[Epoch:200/2000] 00200/03000, Loss=0.00102, gfake=1.30212 errG=25205.46094
[Epoch:200/2000] 00400/03000, Loss=0.00132, gfake=-9.63806 errG=15970.41699
[Epoch:200/2000] 00600/03000, Loss=0.00179, gfake=-3.78812 errG=28692.41406
[Epoch:200/2000] 00800/03000, Loss=0.00314, gfake=0.02653 errG=29331.36328
[Epoch:200/2000] 01000/03000, Loss=0.00177, gfake=-4.03973 errG=25568.89844
[Epoch:200/2000] 01200/03000, Loss=0.00095, gfake=-0.27897 errG=23726.31641
[Epoch:200/2000] 01400/03000, Loss=0.00230, gfake=-9.19646 errG=28846.10547
[Epoch:200/2000] 01600/03000, Loss=0.00180, gfake=-14.43766 errG=22924.48633
[Epoch:200/2000] 01800/03000, Loss=0.00126, gfake=-7.90541 errG=21973.51172
[Epoch:200/2000] 02000/03000, Loss=0.00118, gfake=5.58332 errG=20340.86328
[Epoch:200/2000] 02200/03000, Loss=0.00184, gfake=-3.62116 errG=28756.84961
[Epoch:200/2000] 02400/03000, Loss=0.00133, gfake=1.72097 errG=21757.19531
[Epoch:200/2000] 02600/03000, Loss=0.00150, gfake=-5.64159 errG=22057.24219
[Epoch:200/2000] 02800/03000, Loss=0.00174, gfake=-8.69623 errG=23101.90234
Epoch:200, Derain_Loss=0.00147
This epoch take time 314.14
----------------------------------------------------------------------------------------------------
lr_Derain 0.000200
lr_ED 0.000100
lrD 0.000400
[Epoch:201/2000] 00000/03000, Loss=0.00157, gfake=-6.18126 errG=23042.57617
[Epoch:201/2000] 00200/03000, Loss=0.00089, gfake=-6.43974 errG=13735.17871
[Epoch:201/2000] 00400/03000, Loss=0.00109, gfake=-2.26769 errG=23491.40430
[Epoch:201/2000] 00600/03000, Loss=0.00132, gfake=-10.08081 errG=19830.12891
[Epoch:201/2000] 00800/03000, Loss=0.00085, gfake=3.17841 errG=24213.21484
[Epoch:201/2000] 01000/03000, Loss=0.00102, gfake=-8.02500 errG=17534.71875
[Epoch:201/2000] 01200/03000, Loss=0.00113, gfake=-0.48955 errG=29361.33203
[Epoch:201/2000] 01400/03000, Loss=0.00135, gfake=2.84699 errG=26252.25781
[Epoch:201/2000] 01600/03000, Loss=0.00115, gfake=-14.41040 errG=18175.09375
[Epoch:201/2000] 01800/03000, Loss=0.00114, gfake=-5.53367 errG=18752.69922
[Epoch:201/2000] 02000/03000, Loss=0.00119, gfake=-6.38519 errG=24468.65234
[Epoch:201/2000] 02200/03000, Loss=0.00136, gfake=0.18315 errG=27606.57812
[Epoch:201/2000] 02400/03000, Loss=0.00115, gfake=4.02811 errG=22832.18359
[Epoch:201/2000] 02600/03000, Loss=0.00145, gfake=-11.57671 errG=21662.83594
[Epoch:201/2000] 02800/03000, Loss=0.00146, gfake=-3.62135 errG=22477.89258
Epoch:201, Derain_Loss=0.00145
This epoch take time 312.47
----------------------------------------------------------------------------------------------------
lr_Derain 0.000200
lr_ED 0.000100
lrD 0.000400
[Epoch:202/2000] 00000/03000, Loss=0.00153, gfake=-5.20814 errG=20556.08984
[Epoch:202/2000] 00200/03000, Loss=0.00167, gfake=-10.58551 errG=19885.44336
[Epoch:202/2000] 00400/03000, Loss=0.00099, gfake=-12.33053 errG=20732.82422
[Epoch:202/2000] 00600/03000, Loss=0.00166, gfake=-16.23170 errG=16922.30273
[Epoch:202/2000] 00800/03000, Loss=0.00220, gfake=-3.07209 errG=22755.57812
[Epoch:202/2000] 01000/03000, Loss=0.00091, gfake=-6.36569 errG=18513.39258
[Epoch:202/2000] 01200/03000, Loss=0.00150, gfake=-13.92650 errG=24518.45117
[Epoch:202/2000] 01400/03000, Loss=0.00079, gfake=-14.59479 errG=15011.69727
[Epoch:202/2000] 01600/03000, Loss=0.00095, gfake=-4.25436 errG=18891.93750
[Epoch:202/2000] 01800/03000, Loss=0.00151, gfake=-15.07145 errG=18485.17578
[Epoch:202/2000] 02000/03000, Loss=0.00144, gfake=-11.42103 errG=19607.53516
[Epoch:202/2000] 02200/03000, Loss=0.00112, gfake=-9.69495 errG=17813.24609
[Epoch:202/2000] 02400/03000, Loss=0.00129, gfake=-8.16230 errG=22771.13086
[Epoch:202/2000] 02600/03000, Loss=0.00144, gfake=1.26701 errG=27760.95117
[Epoch:202/2000] 02800/03000, Loss=0.00232, gfake=-5.91008 errG=18075.28906
Epoch:202, Derain_Loss=0.00147
This epoch take time 312.97
----------------------------------------------------------------------------------------------------
lr_Derain 0.000200
lr_ED 0.000100
lrD 0.000400
[Epoch:203/2000] 00000/03000, Loss=0.00116, gfake=-11.38802 errG=18930.36523
[Epoch:203/2000] 00200/03000, Loss=0.00122, gfake=-8.14440 errG=24253.41992
[Epoch:203/2000] 00400/03000, Loss=0.00176, gfake=-4.38303 errG=24379.11914
[Epoch:203/2000] 00600/03000, Loss=0.00191, gfake=4.81182 errG=31100.08594
[Epoch:203/2000] 00800/03000, Loss=0.00215, gfake=-14.43200 errG=22433.65039
[Epoch:203/2000] 01000/03000, Loss=0.00095, gfake=-10.70867 errG=19899.00000
[Epoch:203/2000] 01200/03000, Loss=0.00159, gfake=-11.30851 errG=19442.30078
[Epoch:203/2000] 01400/03000, Loss=0.00079, gfake=-4.91176 errG=21195.09961
[Epoch:203/2000] 01600/03000, Loss=0.00182, gfake=-0.63956 errG=33212.40625
[Epoch:203/2000] 01800/03000, Loss=0.00145, gfake=-0.43773 errG=32672.72656
[Epoch:203/2000] 02000/03000, Loss=0.00115, gfake=-4.89163 errG=21524.00781
[Epoch:203/2000] 02200/03000, Loss=0.00194, gfake=-3.63109 errG=25570.99219
[Epoch:203/2000] 02400/03000, Loss=0.00185, gfake=-13.61330 errG=26104.26562
[Epoch:203/2000] 02600/03000, Loss=0.00133, gfake=-5.73269 errG=21431.15039
[Epoch:203/2000] 02800/03000, Loss=0.00134, gfake=-4.78256 errG=23706.46875
Epoch:203, Derain_Loss=0.00144
This epoch take time 313.70
----------------------------------------------------------------------------------------------------
lr_Derain 0.000200
lr_ED 0.000100
lrD 0.000400
[Epoch:204/2000] 00000/03000, Loss=0.00087, gfake=-5.61484 errG=18086.87891
[Epoch:204/2000] 00200/03000, Loss=0.00136, gfake=-9.68125 errG=20480.52930
[Epoch:204/2000] 00400/03000, Loss=0.00147, gfake=-7.31331 errG=31012.82031
[Epoch:204/2000] 00600/03000, Loss=0.00161, gfake=-4.46687 errG=26614.81641
[Epoch:204/2000] 00800/03000, Loss=0.00159, gfake=-10.12492 errG=22901.44336
[Epoch:204/2000] 01000/03000, Loss=0.00132, gfake=-8.60880 errG=21043.79297
[Epoch:204/2000] 01200/03000, Loss=0.00143, gfake=-4.16046 errG=24628.09961
[Epoch:204/2000] 01400/03000, Loss=0.00132, gfake=-0.42606 errG=26586.89648
[Epoch:204/2000] 01600/03000, Loss=0.00171, gfake=2.76997 errG=30605.60547
[Epoch:204/2000] 01800/03000, Loss=0.00147, gfake=-1.42063 errG=22275.35547
[Epoch:204/2000] 02000/03000, Loss=0.00213, gfake=-0.80449 errG=25243.39258
[Epoch:204/2000] 02200/03000, Loss=0.00089, gfake=-4.32051 errG=25032.84766
[Epoch:204/2000] 02400/03000, Loss=0.00132, gfake=-7.47665 errG=28181.64258
[Epoch:204/2000] 02600/03000, Loss=0.00216, gfake=-12.12254 errG=26248.54883
[Epoch:204/2000] 02800/03000, Loss=0.00108, gfake=-7.80728 errG=24401.26953
Epoch:204, Derain_Loss=0.00146
This epoch take time 318.49
----------------------------------------------------------------------------------------------------
lr_Derain 0.000200
lr_ED 0.000100
lrD 0.000400
[Epoch:205/2000] 00000/03000, Loss=0.00159, gfake=-11.13838 errG=27182.44141
[Epoch:205/2000] 00200/03000, Loss=0.00076, gfake=-12.99431 errG=15476.51855
[Epoch:205/2000] 00400/03000, Loss=0.00153, gfake=-6.77954 errG=22615.01758
[Epoch:205/2000] 00600/03000, Loss=0.00109, gfake=-14.20249 errG=20021.80273
[Epoch:205/2000] 00800/03000, Loss=0.00122, gfake=-4.09820 errG=24399.76367
[Epoch:205/2000] 01000/03000, Loss=0.00117, gfake=-2.42291 errG=27531.21289
[Epoch:205/2000] 01200/03000, Loss=0.00127, gfake=-8.54754 errG=25086.37305
[Epoch:205/2000] 01400/03000, Loss=0.00136, gfake=-4.98124 errG=21495.88281
[Epoch:205/2000] 01600/03000, Loss=0.00148, gfake=6.94147 errG=28911.40430
[Epoch:205/2000] 01800/03000, Loss=0.00158, gfake=-7.78915 errG=21716.39258
[Epoch:205/2000] 02000/03000, Loss=0.00135, gfake=0.46766 errG=23625.71875
[Epoch:205/2000] 02200/03000, Loss=0.00136, gfake=-9.28749 errG=23684.12891
[Epoch:205/2000] 02400/03000, Loss=0.00108, gfake=-7.43477 errG=17371.54102
[Epoch:205/2000] 02600/03000, Loss=0.00147, gfake=-2.79043 errG=22197.39453
[Epoch:205/2000] 02800/03000, Loss=0.00160, gfake=-8.01706 errG=26819.38086
Epoch:205, Derain_Loss=0.00145
This epoch take time 318.72
----------------------------------------------------------------------------------------------------
lr_Derain 0.000200
lr_ED 0.000100
lrD 0.000400
[Epoch:206/2000] 00000/03000, Loss=0.00132, gfake=-11.06111 errG=21036.90625
[Epoch:206/2000] 00200/03000, Loss=0.00111, gfake=-11.31013 errG=23128.40820
[Epoch:206/2000] 00400/03000, Loss=0.00142, gfake=-10.46954 errG=19825.79688
[Epoch:206/2000] 00600/03000, Loss=0.00182, gfake=-1.89492 errG=30924.90625
[Epoch:206/2000] 00800/03000, Loss=0.00148, gfake=-4.50038 errG=24856.67773
[Epoch:206/2000] 01000/03000, Loss=0.00222, gfake=-5.50175 errG=26245.43164
[Epoch:206/2000] 01200/03000, Loss=0.00199, gfake=-7.03360 errG=26603.43750
[Epoch:206/2000] 01400/03000, Loss=0.00123, gfake=-14.15847 errG=20209.04688
[Epoch:206/2000] 01600/03000, Loss=0.00235, gfake=-2.37080 errG=31938.43555
[Epoch:206/2000] 01800/03000, Loss=0.00123, gfake=-9.04024 errG=15744.57520
[Epoch:206/2000] 02000/03000, Loss=0.00206, gfake=-14.90330 errG=24094.12695
[Epoch:206/2000] 02200/03000, Loss=0.00188, gfake=9.64915 errG=39153.64062
[Epoch:206/2000] 02400/03000, Loss=0.00148, gfake=-0.57193 errG=26543.54688
[Epoch:206/2000] 02600/03000, Loss=0.00203, gfake=0.17881 errG=25056.55078
[Epoch:206/2000] 02800/03000, Loss=0.00140, gfake=-9.63838 errG=18863.66211
Epoch:206, Derain_Loss=0.00146
This epoch take time 317.18
----------------------------------------------------------------------------------------------------
lr_Derain 0.000200
lr_ED 0.000100
lrD 0.000400
[Epoch:207/2000] 00000/03000, Loss=0.00149, gfake=-7.19418 errG=26807.94141
[Epoch:207/2000] 00200/03000, Loss=0.00144, gfake=0.07138 errG=25035.16602
[Epoch:207/2000] 00400/03000, Loss=0.00193, gfake=-7.22808 errG=24122.40820
[Epoch:207/2000] 00600/03000, Loss=0.00110, gfake=-6.18017 errG=21076.33398
[Epoch:207/2000] 00800/03000, Loss=0.00145, gfake=-7.30856 errG=22294.10938
[Epoch:207/2000] 01000/03000, Loss=0.00200, gfake=-0.78933 errG=30714.74219
[Epoch:207/2000] 01200/03000, Loss=0.00105, gfake=-6.49162 errG=25696.98828
[Epoch:207/2000] 01400/03000, Loss=0.00126, gfake=-7.95676 errG=20061.30469
[Epoch:207/2000] 01600/03000, Loss=0.00096, gfake=-1.82171 errG=24105.91602
[Epoch:207/2000] 01800/03000, Loss=0.00144, gfake=6.79014 errG=28794.12500
[Epoch:207/2000] 02000/03000, Loss=0.00144, gfake=-8.96824 errG=20897.50391
[Epoch:207/2000] 02200/03000, Loss=0.00156, gfake=6.86993 errG=23775.72266
[Epoch:207/2000] 02400/03000, Loss=0.00180, gfake=-9.93298 errG=23734.13086
[Epoch:207/2000] 02600/03000, Loss=0.00209, gfake=-5.42828 errG=25631.12305
[Epoch:207/2000] 02800/03000, Loss=0.00124, gfake=-1.03388 errG=26972.39453
Epoch:207, Derain_Loss=0.00145
This epoch take time 318.18
----------------------------------------------------------------------------------------------------
lr_Derain 0.000200
lr_ED 0.000100
lrD 0.000400
[Epoch:208/2000] 00000/03000, Loss=0.00221, gfake=-5.99100 errG=26004.33008
[Epoch:208/2000] 00200/03000, Loss=0.00094, gfake=-11.06147 errG=23134.46094
[Epoch:208/2000] 00400/03000, Loss=0.00145, gfake=-5.83668 errG=22631.98242
[Epoch:208/2000] 00600/03000, Loss=0.00148, gfake=-3.39068 errG=23577.18945
[Epoch:208/2000] 00800/03000, Loss=0.00148, gfake=-14.26022 errG=21294.32812
[Epoch:208/2000] 01000/03000, Loss=0.00099, gfake=1.45594 errG=27454.93945
[Epoch:208/2000] 01200/03000, Loss=0.00150, gfake=-7.06431 errG=25280.07812
[Epoch:208/2000] 01400/03000, Loss=0.00161, gfake=-1.75208 errG=26026.92578
[Epoch:208/2000] 01600/03000, Loss=0.00110, gfake=-2.42799 errG=20835.59570
[Epoch:208/2000] 01800/03000, Loss=0.00148, gfake=-5.44425 errG=19563.64258
[Epoch:208/2000] 02000/03000, Loss=0.00114, gfake=-2.36444 errG=26775.02734
[Epoch:208/2000] 02200/03000, Loss=0.00174, gfake=-9.66757 errG=21664.10938
[Epoch:208/2000] 02400/03000, Loss=0.00110, gfake=5.93924 errG=20237.86914
[Epoch:208/2000] 02600/03000, Loss=0.00079, gfake=0.43792 errG=23992.28516
[Epoch:208/2000] 02800/03000, Loss=0.00208, gfake=-13.08607 errG=23394.03516
Epoch:208, Derain_Loss=0.00143
This epoch take time 318.75
----------------------------------------------------------------------------------------------------
lr_Derain 0.000200
lr_ED 0.000100
lrD 0.000400
[Epoch:209/2000] 00000/03000, Loss=0.00100, gfake=-10.09116 errG=18802.96875
[Epoch:209/2000] 00200/03000, Loss=0.00083, gfake=-8.13711 errG=17047.08984
[Epoch:209/2000] 00400/03000, Loss=0.00101, gfake=-10.77767 errG=16983.14258
[Epoch:209/2000] 00600/03000, Loss=0.00057, gfake=-2.80894 errG=20543.62695
[Epoch:209/2000] 00800/03000, Loss=0.00199, gfake=-3.22459 errG=32532.60742
[Epoch:209/2000] 01000/03000, Loss=0.00153, gfake=-3.58584 errG=22655.15820
[Epoch:209/2000] 01200/03000, Loss=0.00101, gfake=-0.71851 errG=20557.43359
[Epoch:209/2000] 01400/03000, Loss=0.00150, gfake=-17.32941 errG=16625.18164
[Epoch:209/2000] 01600/03000, Loss=0.00130, gfake=3.09709 errG=24129.65625
[Epoch:209/2000] 01800/03000, Loss=0.00158, gfake=-3.48874 errG=27955.81445
[Epoch:209/2000] 02000/03000, Loss=0.00083, gfake=-6.02109 errG=21667.25781
[Epoch:209/2000] 02200/03000, Loss=0.00091, gfake=1.31529 errG=24054.90039
[Epoch:209/2000] 02400/03000, Loss=0.00166, gfake=-8.82299 errG=22308.16406
[Epoch:209/2000] 02600/03000, Loss=0.00149, gfake=-13.99165 errG=18374.49023
[Epoch:209/2000] 02800/03000, Loss=0.00103, gfake=-10.57814 errG=19403.44922
Epoch:209, Derain_Loss=0.00145
This epoch take time 318.69
----------------------------------------------------------------------------------------------------
lr_Derain 0.000200
lr_ED 0.000100
lrD 0.000400
[Epoch:210/2000] 00000/03000, Loss=0.00248, gfake=-14.03407 errG=29815.54297
[Epoch:210/2000] 00200/03000, Loss=0.00141, gfake=4.66497 errG=22738.79492
[Epoch:210/2000] 00400/03000, Loss=0.00123, gfake=-13.59861 errG=21187.40430
[Epoch:210/2000] 00600/03000, Loss=0.00130, gfake=-9.06054 errG=23298.21289
[Epoch:210/2000] 00800/03000, Loss=0.00188, gfake=-6.92575 errG=33717.90625
[Epoch:210/2000] 01000/03000, Loss=0.00165, gfake=1.35990 errG=28798.20312
[Epoch:210/2000] 01200/03000, Loss=0.00171, gfake=-10.99261 errG=25806.51172
[Epoch:210/2000] 01400/03000, Loss=0.00149, gfake=-1.33614 errG=27053.14844
[Epoch:210/2000] 01600/03000, Loss=0.00202, gfake=-9.81898 errG=26378.38672
[Epoch:210/2000] 01800/03000, Loss=0.00163, gfake=-15.00720 errG=23874.01562
[Epoch:210/2000] 02000/03000, Loss=0.00164, gfake=-1.08943 errG=26993.17578
[Epoch:210/2000] 02200/03000, Loss=0.00191, gfake=-11.19665 errG=23336.04492
[Epoch:210/2000] 02400/03000, Loss=0.00186, gfake=-7.89141 errG=24868.67773
[Epoch:210/2000] 02600/03000, Loss=0.00182, gfake=-6.03886 errG=33204.68750
[Epoch:210/2000] 02800/03000, Loss=0.00166, gfake=-9.73161 errG=18592.88086
Epoch:210, Derain_Loss=0.00143
This epoch take time 319.03
----------------------------------------------------------------------------------------------------
lr_Derain 0.000200
lr_ED 0.000100
lrD 0.000400
[Epoch:211/2000] 00000/03000, Loss=0.00093, gfake=-2.04402 errG=18638.33594
[Epoch:211/2000] 00200/03000, Loss=0.00060, gfake=-0.67117 errG=20729.35352
[Epoch:211/2000] 00400/03000, Loss=0.00201, gfake=-9.64919 errG=24063.73828
[Epoch:211/2000] 00600/03000, Loss=0.00129, gfake=-5.67319 errG=17887.51953
[Epoch:211/2000] 00800/03000, Loss=0.00152, gfake=-5.32543 errG=27255.49805
[Epoch:211/2000] 01000/03000, Loss=0.00168, gfake=-6.91838 errG=21064.33008
[Epoch:211/2000] 01200/03000, Loss=0.00094, gfake=-10.78918 errG=18823.51953
[Epoch:211/2000] 01400/03000, Loss=0.00133, gfake=0.60818 errG=20119.01562
[Epoch:211/2000] 01600/03000, Loss=0.00142, gfake=-1.19974 errG=21225.85156
[Epoch:211/2000] 01800/03000, Loss=0.00080, gfake=6.41149 errG=20134.88281
[Epoch:211/2000] 02000/03000, Loss=0.00144, gfake=-5.47618 errG=23894.07422
[Epoch:211/2000] 02200/03000, Loss=0.00077, gfake=-17.83199 errG=14517.45703
[Epoch:211/2000] 02400/03000, Loss=0.00161, gfake=-0.76960 errG=23246.30078
[Epoch:211/2000] 02600/03000, Loss=0.00212, gfake=-3.19691 errG=26216.82617
[Epoch:211/2000] 02800/03000, Loss=0.00118, gfake=-4.62591 errG=27305.06836
Epoch:211, Derain_Loss=0.00146
This epoch take time 318.64
----------------------------------------------------------------------------------------------------
lr_Derain 0.000200
lr_ED 0.000100
lrD 0.000400
[Epoch:212/2000] 00000/03000, Loss=0.00135, gfake=-10.53504 errG=25877.81836
[Epoch:212/2000] 00200/03000, Loss=0.00107, gfake=-10.01005 errG=21743.16992
[Epoch:212/2000] 00400/03000, Loss=0.00131, gfake=-0.17980 errG=23500.81250
[Epoch:212/2000] 00600/03000, Loss=0.00117, gfake=-7.64124 errG=21291.77539
[Epoch:212/2000] 00800/03000, Loss=0.00142, gfake=-5.07843 errG=23853.64453
[Epoch:212/2000] 01000/03000, Loss=0.00123, gfake=-6.22980 errG=19551.79297
[Epoch:212/2000] 01200/03000, Loss=0.00124, gfake=-2.97317 errG=22522.83203
[Epoch:212/2000] 01400/03000, Loss=0.00096, gfake=-6.74831 errG=18613.83984
[Epoch:212/2000] 01600/03000, Loss=0.00129, gfake=2.22233 errG=20906.04688
[Epoch:212/2000] 01800/03000, Loss=0.00166, gfake=-16.24337 errG=20965.42188
[Epoch:212/2000] 02000/03000, Loss=0.00121, gfake=-3.20221 errG=23554.09766
[Epoch:212/2000] 02200/03000, Loss=0.00180, gfake=-5.14827 errG=22194.59961
[Epoch:212/2000] 02400/03000, Loss=0.00130, gfake=1.57138 errG=29823.69531
[Epoch:212/2000] 02600/03000, Loss=0.00117, gfake=-4.38012 errG=22098.91992
[Epoch:212/2000] 02800/03000, Loss=0.00088, gfake=-9.85690 errG=21453.80469
Epoch:212, Derain_Loss=0.00144
This epoch take time 317.96
----------------------------------------------------------------------------------------------------
lr_Derain 0.000200
lr_ED 0.000100
lrD 0.000400
[Epoch:213/2000] 00000/03000, Loss=0.00189, gfake=1.01711 errG=29275.93164
[Epoch:213/2000] 00200/03000, Loss=0.00165, gfake=-0.51810 errG=29557.83984
[Epoch:213/2000] 00400/03000, Loss=0.00143, gfake=0.63491 errG=21341.50195
[Epoch:213/2000] 00600/03000, Loss=0.00099, gfake=-3.28744 errG=19390.94727
[Epoch:213/2000] 00800/03000, Loss=0.00156, gfake=-9.24966 errG=23324.11914
[Epoch:213/2000] 01000/03000, Loss=0.00055, gfake=-17.08873 errG=13456.66406
[Epoch:213/2000] 01200/03000, Loss=0.00160, gfake=0.57201 errG=21700.98438
[Epoch:213/2000] 01400/03000, Loss=0.00132, gfake=-8.30119 errG=21863.76367
[Epoch:213/2000] 01600/03000, Loss=0.00146, gfake=-5.16646 errG=26685.25977
[Epoch:213/2000] 01800/03000, Loss=0.00077, gfake=-16.04749 errG=18039.63281
[Epoch:213/2000] 02000/03000, Loss=0.00184, gfake=-1.38950 errG=30671.02148
[Epoch:213/2000] 02200/03000, Loss=0.00155, gfake=2.80854 errG=32305.73828
[Epoch:213/2000] 02400/03000, Loss=0.00246, gfake=-7.81614 errG=31369.29102
[Epoch:213/2000] 02600/03000, Loss=0.00086, gfake=-5.13151 errG=19439.37695
[Epoch:213/2000] 02800/03000, Loss=0.00090, gfake=-6.54765 errG=20747.44922
Epoch:213, Derain_Loss=0.00143
This epoch take time 318.52
----------------------------------------------------------------------------------------------------
lr_Derain 0.000200
lr_ED 0.000100
lrD 0.000400
[Epoch:214/2000] 00000/03000, Loss=0.00179, gfake=-9.74439 errG=23506.94922
[Epoch:214/2000] 00200/03000, Loss=0.00035, gfake=-10.07573 errG=16415.27148
[Epoch:214/2000] 00400/03000, Loss=0.00160, gfake=-3.84044 errG=24731.95898
[Epoch:214/2000] 00600/03000, Loss=0.00100, gfake=-9.23124 errG=21156.02344
[Epoch:214/2000] 00800/03000, Loss=0.00128, gfake=-13.94004 errG=17638.89844
[Epoch:214/2000] 01000/03000, Loss=0.00149, gfake=-4.94536 errG=19457.64453
[Epoch:214/2000] 01200/03000, Loss=0.00201, gfake=-2.84804 errG=30601.54883
[Epoch:214/2000] 01400/03000, Loss=0.00077, gfake=-3.82141 errG=14994.42773
[Epoch:214/2000] 01600/03000, Loss=0.00081, gfake=-11.03981 errG=20221.06836
[Epoch:214/2000] 01800/03000, Loss=0.00090, gfake=0.50652 errG=21049.10156
[Epoch:214/2000] 02000/03000, Loss=0.00140, gfake=-1.72316 errG=29771.72070
[Epoch:214/2000] 02200/03000, Loss=0.00110, gfake=-0.76664 errG=23554.10547
[Epoch:214/2000] 02400/03000, Loss=0.00146, gfake=-1.99408 errG=20358.63086
[Epoch:214/2000] 02600/03000, Loss=0.00140, gfake=-1.98409 errG=21981.06836
[Epoch:214/2000] 02800/03000, Loss=0.00174, gfake=-4.82747 errG=26712.81641
Epoch:214, Derain_Loss=0.00143
This epoch take time 312.67
----------------------------------------------------------------------------------------------------
lr_Derain 0.000200
lr_ED 0.000100
lrD 0.000400
[Epoch:215/2000] 00000/03000, Loss=0.00210, gfake=-3.09516 errG=27982.28125
[Epoch:215/2000] 00200/03000, Loss=0.00133, gfake=2.81785 errG=21659.80859
[Epoch:215/2000] 00400/03000, Loss=0.00143, gfake=-8.17691 errG=20281.24414
[Epoch:215/2000] 00600/03000, Loss=0.00137, gfake=-13.44066 errG=24812.38281
[Epoch:215/2000] 00800/03000, Loss=0.00252, gfake=-1.02181 errG=38472.66406
[Epoch:215/2000] 01000/03000, Loss=0.00122, gfake=-5.74532 errG=17731.10352
[Epoch:215/2000] 01200/03000, Loss=0.00191, gfake=-0.43959 errG=23743.29688
[Epoch:215/2000] 01400/03000, Loss=0.00140, gfake=0.73578 errG=24705.32422
[Epoch:215/2000] 01600/03000, Loss=0.00186, gfake=-7.41964 errG=21175.99219
[Epoch:215/2000] 01800/03000, Loss=0.00142, gfake=-15.42393 errG=18518.45703
[Epoch:215/2000] 02000/03000, Loss=0.00146, gfake=-0.72991 errG=19599.68555
[Epoch:215/2000] 02200/03000, Loss=0.00164, gfake=4.76419 errG=27634.82617
[Epoch:215/2000] 02400/03000, Loss=0.00148, gfake=-9.95753 errG=24926.41016
[Epoch:215/2000] 02600/03000, Loss=0.00124, gfake=-12.82645 errG=16646.17773
[Epoch:215/2000] 02800/03000, Loss=0.00239, gfake=-0.11617 errG=26421.44336
Epoch:215, Derain_Loss=0.00145
This epoch take time 315.00
----------------------------------------------------------------------------------------------------
lr_Derain 0.000200
lr_ED 0.000100
lrD 0.000400
[Epoch:216/2000] 00000/03000, Loss=0.00079, gfake=0.99078 errG=23086.23438
[Epoch:216/2000] 00200/03000, Loss=0.00179, gfake=-3.97179 errG=25372.83203
[Epoch:216/2000] 00400/03000, Loss=0.00131, gfake=-6.50251 errG=20833.31445
[Epoch:216/2000] 00600/03000, Loss=0.00172, gfake=-6.34460 errG=23551.67773
[Epoch:216/2000] 00800/03000, Loss=0.00126, gfake=-5.95741 errG=19584.89844
[Epoch:216/2000] 01000/03000, Loss=0.00074, gfake=-10.12443 errG=17583.43359
[Epoch:216/2000] 01200/03000, Loss=0.00167, gfake=-11.44516 errG=23274.13672
[Epoch:216/2000] 01400/03000, Loss=0.00093, gfake=0.03435 errG=20230.12891
[Epoch:216/2000] 01600/03000, Loss=0.00198, gfake=2.90624 errG=29658.07227
[Epoch:216/2000] 01800/03000, Loss=0.00162, gfake=-8.40971 errG=22383.88281
[Epoch:216/2000] 02000/03000, Loss=0.00115, gfake=-4.98723 errG=17231.07227
[Epoch:216/2000] 02200/03000, Loss=0.00135, gfake=-2.22150 errG=31549.59180
[Epoch:216/2000] 02400/03000, Loss=0.00088, gfake=-2.84211 errG=23140.57812
[Epoch:216/2000] 02600/03000, Loss=0.00230, gfake=1.57774 errG=27837.86914
[Epoch:216/2000] 02800/03000, Loss=0.00170, gfake=-5.49613 errG=20865.73047
Epoch:216, Derain_Loss=0.00145
This epoch take time 314.90
----------------------------------------------------------------------------------------------------
lr_Derain 0.000200
lr_ED 0.000100
lrD 0.000400
[Epoch:217/2000] 00000/03000, Loss=0.00099, gfake=-11.08929 errG=16342.00195
[Epoch:217/2000] 00200/03000, Loss=0.00112, gfake=-11.58172 errG=18180.94336
[Epoch:217/2000] 00400/03000, Loss=0.00218, gfake=-7.23961 errG=26154.11133
[Epoch:217/2000] 00600/03000, Loss=0.00136, gfake=-13.03214 errG=19754.16406
[Epoch:217/2000] 00800/03000, Loss=0.00146, gfake=-5.77929 errG=22037.47656
[Epoch:217/2000] 01000/03000, Loss=0.00134, gfake=-4.24507 errG=27940.63672
[Epoch:217/2000] 01200/03000, Loss=0.00084, gfake=-5.32954 errG=19476.58203
[Epoch:217/2000] 01400/03000, Loss=0.00099, gfake=-6.26941 errG=22828.02344
[Epoch:217/2000] 01600/03000, Loss=0.00117, gfake=-2.75826 errG=17563.68359
[Epoch:217/2000] 01800/03000, Loss=0.00112, gfake=-4.54107 errG=18845.17578
[Epoch:217/2000] 02000/03000, Loss=0.00147, gfake=-12.36971 errG=21007.33008
[Epoch:217/2000] 02200/03000, Loss=0.00140, gfake=-9.97137 errG=20535.46875
[Epoch:217/2000] 02400/03000, Loss=0.00108, gfake=-10.88874 errG=17103.52930
[Epoch:217/2000] 02600/03000, Loss=0.00181, gfake=-3.19033 errG=30615.34961
[Epoch:217/2000] 02800/03000, Loss=0.00156, gfake=-11.52002 errG=22114.18164
Epoch:217, Derain_Loss=0.00144
This epoch take time 313.80
----------------------------------------------------------------------------------------------------
lr_Derain 0.000200
lr_ED 0.000100
lrD 0.000400
[Epoch:218/2000] 00000/03000, Loss=0.00125, gfake=-0.50323 errG=24129.99414
[Epoch:218/2000] 00200/03000, Loss=0.00103, gfake=-12.76662 errG=20178.95508
[Epoch:218/2000] 00400/03000, Loss=0.00197, gfake=3.32067 errG=27438.61328
[Epoch:218/2000] 00600/03000, Loss=0.00144, gfake=-5.82653 errG=25047.58594
[Epoch:218/2000] 00800/03000, Loss=0.00118, gfake=-2.12565 errG=26964.57617
[Epoch:218/2000] 01000/03000, Loss=0.00156, gfake=-2.23186 errG=22445.02930
[Epoch:218/2000] 01200/03000, Loss=0.00098, gfake=-7.11457 errG=19408.83398
[Epoch:218/2000] 01400/03000, Loss=0.00126, gfake=-5.70321 errG=24171.68359
[Epoch:218/2000] 01600/03000, Loss=0.00074, gfake=-11.17000 errG=18655.45508
[Epoch:218/2000] 01800/03000, Loss=0.00074, gfake=-6.01873 errG=12871.98145
[Epoch:218/2000] 02000/03000, Loss=0.00129, gfake=-11.83941 errG=21197.98633
[Epoch:218/2000] 02200/03000, Loss=0.00077, gfake=-11.58852 errG=17231.58984
[Epoch:218/2000] 02400/03000, Loss=0.00179, gfake=1.10066 errG=26995.99609
[Epoch:218/2000] 02600/03000, Loss=0.00094, gfake=-5.99393 errG=23145.25781
[Epoch:218/2000] 02800/03000, Loss=0.00197, gfake=-8.72754 errG=27102.60938
Epoch:218, Derain_Loss=0.00145
This epoch take time 316.35
----------------------------------------------------------------------------------------------------
lr_Derain 0.000200
lr_ED 0.000100
lrD 0.000400
[Epoch:219/2000] 00000/03000, Loss=0.00087, gfake=-6.45838 errG=20910.01172
[Epoch:219/2000] 00200/03000, Loss=0.00143, gfake=-6.01227 errG=22639.87891
[Epoch:219/2000] 00400/03000, Loss=0.00143, gfake=-16.72195 errG=18232.59961
[Epoch:219/2000] 00600/03000, Loss=0.00109, gfake=-2.46828 errG=25108.96484
[Epoch:219/2000] 00800/03000, Loss=0.00158, gfake=-14.02528 errG=19653.50781
[Epoch:219/2000] 01000/03000, Loss=0.00194, gfake=-8.23410 errG=25692.85547
[Epoch:219/2000] 01200/03000, Loss=0.00232, gfake=-9.24109 errG=33395.08594
[Epoch:219/2000] 01400/03000, Loss=0.00103, gfake=-5.48823 errG=20650.92969
[Epoch:219/2000] 01600/03000, Loss=0.00093, gfake=-5.47408 errG=18133.06836
[Epoch:219/2000] 01800/03000, Loss=0.00118, gfake=-1.16332 errG=20340.52734
[Epoch:219/2000] 02000/03000, Loss=0.00136, gfake=-10.75333 errG=17476.02734
[Epoch:219/2000] 02200/03000, Loss=0.00115, gfake=-5.20937 errG=20929.27930
[Epoch:219/2000] 02400/03000, Loss=0.00128, gfake=3.73983 errG=24694.84766
[Epoch:219/2000] 02600/03000, Loss=0.00152, gfake=1.08155 errG=28156.05078
[Epoch:219/2000] 02800/03000, Loss=0.00141, gfake=-16.08253 errG=23547.46875
Epoch:219, Derain_Loss=0.00142
This epoch take time 313.61
----------------------------------------------------------------------------------------------------
lr_Derain 0.000200
lr_ED 0.000100
lrD 0.000400
[Epoch:220/2000] 00000/03000, Loss=0.00147, gfake=-4.45904 errG=23303.33594
[Epoch:220/2000] 00200/03000, Loss=0.00116, gfake=-2.71415 errG=22853.44727
[Epoch:220/2000] 00400/03000, Loss=0.00066, gfake=-20.09232 errG=11217.11914
[Epoch:220/2000] 00600/03000, Loss=0.00159, gfake=0.14499 errG=31338.04297
[Epoch:220/2000] 00800/03000, Loss=0.00146, gfake=-5.26823 errG=21102.61719
[Epoch:220/2000] 01000/03000, Loss=0.00242, gfake=-5.52346 errG=30560.70898
[Epoch:220/2000] 01200/03000, Loss=0.00152, gfake=-9.78553 errG=22256.69336
[Epoch:220/2000] 01400/03000, Loss=0.00148, gfake=-5.01145 errG=30311.81055
[Epoch:220/2000] 01600/03000, Loss=0.00157, gfake=-10.46232 errG=21314.01172
[Epoch:220/2000] 01800/03000, Loss=0.00218, gfake=-1.99820 errG=29563.98828
[Epoch:220/2000] 02000/03000, Loss=0.00131, gfake=-5.60587 errG=24738.30078
[Epoch:220/2000] 02200/03000, Loss=0.00173, gfake=-13.49112 errG=23594.77539
[Epoch:220/2000] 02400/03000, Loss=0.00112, gfake=7.40770 errG=27093.58984
[Epoch:220/2000] 02600/03000, Loss=0.00133, gfake=1.62872 errG=26327.01172
[Epoch:220/2000] 02800/03000, Loss=0.00081, gfake=-11.15043 errG=21456.09570
Epoch:220, Derain_Loss=0.00142
This epoch take time 314.17
----------------------------------------------------------------------------------------------------
lr_Derain 0.000200
lr_ED 0.000100
lrD 0.000400
[Epoch:221/2000] 00000/03000, Loss=0.00064, gfake=-4.31067 errG=13713.19336
[Epoch:221/2000] 00200/03000, Loss=0.00141, gfake=10.86843 errG=32799.89844
[Epoch:221/2000] 00400/03000, Loss=0.00129, gfake=1.78061 errG=23969.73438
[Epoch:221/2000] 00600/03000, Loss=0.00172, gfake=-0.12885 errG=30832.05859
[Epoch:221/2000] 00800/03000, Loss=0.00354, gfake=-3.68174 errG=37370.72656
[Epoch:221/2000] 01000/03000, Loss=0.00141, gfake=0.41815 errG=25642.69336
[Epoch:221/2000] 01200/03000, Loss=0.00102, gfake=-15.59470 errG=18589.89844
[Epoch:221/2000] 01400/03000, Loss=0.00109, gfake=-3.99118 errG=23299.45312
[Epoch:221/2000] 01600/03000, Loss=0.00188, gfake=-6.21275 errG=26565.06641
[Epoch:221/2000] 01800/03000, Loss=0.00104, gfake=-15.33473 errG=18226.60742
[Epoch:221/2000] 02000/03000, Loss=0.00118, gfake=-7.08869 errG=20461.33984
[Epoch:221/2000] 02200/03000, Loss=0.00084, gfake=-5.76991 errG=20147.57031
[Epoch:221/2000] 02400/03000, Loss=0.00173, gfake=0.72125 errG=29324.10547
[Epoch:221/2000] 02600/03000, Loss=0.00119, gfake=-6.60778 errG=24275.48438
[Epoch:221/2000] 02800/03000, Loss=0.00111, gfake=-1.15883 errG=30138.92773
Epoch:221, Derain_Loss=0.00144
This epoch take time 316.51
----------------------------------------------------------------------------------------------------
lr_Derain 0.000200
lr_ED 0.000100
lrD 0.000400
[Epoch:222/2000] 00000/03000, Loss=0.00138, gfake=-9.97733 errG=20637.07617
[Epoch:222/2000] 00200/03000, Loss=0.00165, gfake=4.01247 errG=24927.03711
[Epoch:222/2000] 00400/03000, Loss=0.00147, gfake=-7.47596 errG=21762.86328
[Epoch:222/2000] 00600/03000, Loss=0.00119, gfake=-12.99119 errG=21926.95703
[Epoch:222/2000] 00800/03000, Loss=0.00163, gfake=-12.36188 errG=20232.87109
[Epoch:222/2000] 01000/03000, Loss=0.00201, gfake=-1.87809 errG=28521.39258
[Epoch:222/2000] 01200/03000, Loss=0.00116, gfake=-11.21334 errG=19590.75781
[Epoch:222/2000] 01400/03000, Loss=0.00174, gfake=-4.13851 errG=26552.17188
[Epoch:222/2000] 01600/03000, Loss=0.00204, gfake=-1.28754 errG=31447.04688
[Epoch:222/2000] 01800/03000, Loss=0.00108, gfake=-14.42351 errG=19822.34961
[Epoch:222/2000] 02000/03000, Loss=0.00093, gfake=-1.80921 errG=20848.80078
[Epoch:222/2000] 02200/03000, Loss=0.00107, gfake=0.90741 errG=23073.66406
[Epoch:222/2000] 02400/03000, Loss=0.00165, gfake=-9.49062 errG=21050.59570
[Epoch:222/2000] 02600/03000, Loss=0.00178, gfake=-8.66651 errG=23451.14648
[Epoch:222/2000] 02800/03000, Loss=0.00134, gfake=-11.23929 errG=21646.08984
Epoch:222, Derain_Loss=0.00144
This epoch take time 314.75
----------------------------------------------------------------------------------------------------
lr_Derain 0.000200
lr_ED 0.000100
lrD 0.000400
[Epoch:223/2000] 00000/03000, Loss=0.00144, gfake=0.12825 errG=28076.99219
[Epoch:223/2000] 00200/03000, Loss=0.00120, gfake=-9.16560 errG=25170.58789
[Epoch:223/2000] 00400/03000, Loss=0.00155, gfake=-4.53360 errG=27248.12891
[Epoch:223/2000] 00600/03000, Loss=0.00133, gfake=-4.02981 errG=25674.02734
[Epoch:223/2000] 00800/03000, Loss=0.00177, gfake=-3.07157 errG=20460.19531
[Epoch:223/2000] 01000/03000, Loss=0.00093, gfake=-0.75449 errG=24732.86328
[Epoch:223/2000] 01200/03000, Loss=0.00116, gfake=-8.80808 errG=24595.58594
[Epoch:223/2000] 01400/03000, Loss=0.00172, gfake=-1.74864 errG=28675.98047
[Epoch:223/2000] 01600/03000, Loss=0.00128, gfake=-8.34415 errG=22411.98438
[Epoch:223/2000] 01800/03000, Loss=0.00132, gfake=-4.97011 errG=20431.85938
[Epoch:223/2000] 02000/03000, Loss=0.00150, gfake=-8.75180 errG=20511.51953
[Epoch:223/2000] 02200/03000, Loss=0.00073, gfake=-5.73411 errG=20871.88672
[Epoch:223/2000] 02400/03000, Loss=0.00168, gfake=-0.75972 errG=23887.69141
[Epoch:223/2000] 02600/03000, Loss=0.00067, gfake=-17.96349 errG=18788.15234
[Epoch:223/2000] 02800/03000, Loss=0.00238, gfake=-4.22744 errG=29310.03320
Epoch:223, Derain_Loss=0.00144
This epoch take time 314.45
----------------------------------------------------------------------------------------------------
lr_Derain 0.000200
lr_ED 0.000100
lrD 0.000400
[Epoch:224/2000] 00000/03000, Loss=0.00084, gfake=1.61119 errG=20995.07422
[Epoch:224/2000] 00200/03000, Loss=0.00183, gfake=-9.15900 errG=28299.11914
[Epoch:224/2000] 00400/03000, Loss=0.00181, gfake=-11.43057 errG=20396.21094
[Epoch:224/2000] 00600/03000, Loss=0.00140, gfake=-0.75958 errG=21164.30078
[Epoch:224/2000] 00800/03000, Loss=0.00168, gfake=-0.79129 errG=24933.18555
[Epoch:224/2000] 01000/03000, Loss=0.00184, gfake=-2.71575 errG=29992.93359
[Epoch:224/2000] 01200/03000, Loss=0.00098, gfake=-7.20668 errG=23513.65820
[Epoch:224/2000] 01400/03000, Loss=0.00124, gfake=-5.87955 errG=23950.91211
[Epoch:224/2000] 01600/03000, Loss=0.00133, gfake=-10.44065 errG=25671.72656
[Epoch:224/2000] 01800/03000, Loss=0.00108, gfake=-7.42311 errG=25457.45703
[Epoch:224/2000] 02000/03000, Loss=0.00123, gfake=-13.16530 errG=20359.18945
[Epoch:224/2000] 02200/03000, Loss=0.00192, gfake=4.70420 errG=31546.91797
[Epoch:224/2000] 02400/03000, Loss=0.00112, gfake=-3.91767 errG=23346.88281
[Epoch:224/2000] 02600/03000, Loss=0.00162, gfake=-0.94655 errG=23954.81445
[Epoch:224/2000] 02800/03000, Loss=0.00138, gfake=4.34252 errG=25697.25586
Epoch:224, Derain_Loss=0.00143
This epoch take time 314.39
----------------------------------------------------------------------------------------------------
lr_Derain 0.000200
lr_ED 0.000100
lrD 0.000400
[Epoch:225/2000] 00000/03000, Loss=0.00101, gfake=-5.28003 errG=25322.26367
[Epoch:225/2000] 00200/03000, Loss=0.00131, gfake=-8.17852 errG=26082.10938
[Epoch:225/2000] 00400/03000, Loss=0.00140, gfake=0.35444 errG=29331.30273
[Epoch:225/2000] 00600/03000, Loss=0.00179, gfake=-1.52594 errG=34755.11719
[Epoch:225/2000] 00800/03000, Loss=0.00269, gfake=1.24034 errG=31472.03906
[Epoch:225/2000] 01000/03000, Loss=0.00113, gfake=-11.84604 errG=20156.43945
[Epoch:225/2000] 01200/03000, Loss=0.00111, gfake=-13.84184 errG=22364.52148
[Epoch:225/2000] 01400/03000, Loss=0.00153, gfake=8.44453 errG=27053.25195
[Epoch:225/2000] 01600/03000, Loss=0.00118, gfake=-19.76887 errG=18714.76953
[Epoch:225/2000] 01800/03000, Loss=0.00237, gfake=-6.70308 errG=27136.30664
[Epoch:225/2000] 02000/03000, Loss=0.00133, gfake=-2.83208 errG=29641.27344
[Epoch:225/2000] 02200/03000, Loss=0.00182, gfake=-7.12354 errG=24243.89453
[Epoch:225/2000] 02400/03000, Loss=0.00173, gfake=-5.62268 errG=29436.19141
[Epoch:225/2000] 02600/03000, Loss=0.00143, gfake=-13.97707 errG=23148.61719
[Epoch:225/2000] 02800/03000, Loss=0.00097, gfake=-14.38499 errG=15513.16406
Epoch:225, Derain_Loss=0.00143
This epoch take time 313.31
----------------------------------------------------------------------------------------------------
lr_Derain 0.000200
lr_ED 0.000100
lrD 0.000400
