Random Seed:  1147
lr_Derain 0.000200
lr_ED 0.000100
lrD 0.000400
[Epoch:46/2000] 00000/03000, Loss=0.00248, gfake=-22.80062 errG=26671.25000
[Epoch:46/2000] 00200/03000, Loss=0.00126, gfake=-22.19717 errG=19007.16016
[Epoch:46/2000] 00400/03000, Loss=0.00152, gfake=-11.38936 errG=23611.64648
[Epoch:46/2000] 00600/03000, Loss=0.00166, gfake=-10.38039 errG=17210.76953
[Epoch:46/2000] 00800/03000, Loss=0.00335, gfake=-18.75403 errG=30852.10938
[Epoch:46/2000] 01000/03000, Loss=0.00205, gfake=-8.44684 errG=21412.78711
[Epoch:46/2000] 01200/03000, Loss=0.00320, gfake=-13.81850 errG=26314.92188
[Epoch:46/2000] 01400/03000, Loss=0.00107, gfake=-14.93894 errG=18257.15820
[Epoch:46/2000] 01600/03000, Loss=0.00196, gfake=-10.16041 errG=25695.19531
[Epoch:46/2000] 01800/03000, Loss=0.00161, gfake=-9.23713 errG=26812.73242
[Epoch:46/2000] 02000/03000, Loss=0.00190, gfake=-8.61765 errG=23749.74609
[Epoch:46/2000] 02200/03000, Loss=0.00236, gfake=-10.49664 errG=26292.46289
[Epoch:46/2000] 02400/03000, Loss=0.00127, gfake=-11.61407 errG=17774.06055
[Epoch:46/2000] 02600/03000, Loss=0.00251, gfake=-10.25169 errG=19049.05469
[Epoch:46/2000] 02800/03000, Loss=0.00154, gfake=-13.20463 errG=22316.58789
Epoch:46, Derain_Loss=0.00195
This epoch take time 324.25
----------------------------------------------------------------------------------------------------
lr_Derain 0.000200
lr_ED 0.000100
lrD 0.000400
[Epoch:47/2000] 00000/03000, Loss=0.00150, gfake=-6.99935 errG=25534.60742
[Epoch:47/2000] 00200/03000, Loss=0.00152, gfake=-2.71140 errG=25760.67578
[Epoch:47/2000] 00400/03000, Loss=0.00091, gfake=-15.27744 errG=13724.69824
[Epoch:47/2000] 00600/03000, Loss=0.00148, gfake=-17.30391 errG=21503.29688
[Epoch:47/2000] 00800/03000, Loss=0.00194, gfake=-13.78691 errG=25350.79492
[Epoch:47/2000] 01000/03000, Loss=0.00247, gfake=-2.89573 errG=28809.76367
[Epoch:47/2000] 01200/03000, Loss=0.00219, gfake=-12.56325 errG=21977.18555
[Epoch:47/2000] 01400/03000, Loss=0.00145, gfake=-10.72888 errG=27639.52734
[Epoch:47/2000] 01600/03000, Loss=0.00232, gfake=-13.60474 errG=28834.83594
[Epoch:47/2000] 01800/03000, Loss=0.00183, gfake=-11.55445 errG=23755.68164
[Epoch:47/2000] 02000/03000, Loss=0.00194, gfake=-20.12215 errG=21149.61914
[Epoch:47/2000] 02200/03000, Loss=0.00117, gfake=-10.86797 errG=21320.42773
[Epoch:47/2000] 02400/03000, Loss=0.00144, gfake=-3.06760 errG=20060.70898
[Epoch:47/2000] 02600/03000, Loss=0.00121, gfake=-15.83960 errG=18875.75977
[Epoch:47/2000] 02800/03000, Loss=0.00141, gfake=-9.81192 errG=20514.21680
Epoch:47, Derain_Loss=0.00193
This epoch take time 312.12
----------------------------------------------------------------------------------------------------
lr_Derain 0.000200
lr_ED 0.000100
lrD 0.000400
[Epoch:48/2000] 00000/03000, Loss=0.00157, gfake=-6.53697 errG=24330.32031
[Epoch:48/2000] 00200/03000, Loss=0.00096, gfake=-2.69739 errG=24113.67578
[Epoch:48/2000] 00400/03000, Loss=0.00206, gfake=-7.43836 errG=24382.72070
[Epoch:48/2000] 00600/03000, Loss=0.00186, gfake=-12.73954 errG=20044.35742
[Epoch:48/2000] 00800/03000, Loss=0.00281, gfake=-4.02865 errG=28816.28906
[Epoch:48/2000] 01000/03000, Loss=0.00182, gfake=-16.89722 errG=23196.92773
[Epoch:48/2000] 01200/03000, Loss=0.00306, gfake=-9.85524 errG=32244.83008
[Epoch:48/2000] 01400/03000, Loss=0.00208, gfake=-13.48027 errG=25707.88672
[Epoch:48/2000] 01600/03000, Loss=0.00194, gfake=-7.11768 errG=21360.80273
[Epoch:48/2000] 01800/03000, Loss=0.00189, gfake=-10.87637 errG=19913.94531
[Epoch:48/2000] 02000/03000, Loss=0.00128, gfake=-21.65131 errG=19052.64844
[Epoch:48/2000] 02200/03000, Loss=0.00318, gfake=-7.88170 errG=34530.70312
[Epoch:48/2000] 02400/03000, Loss=0.00074, gfake=-17.27061 errG=16135.57324
[Epoch:48/2000] 02600/03000, Loss=0.00215, gfake=-14.69734 errG=25403.73047
[Epoch:48/2000] 02800/03000, Loss=0.00208, gfake=-11.82417 errG=33556.69141
Epoch:48, Derain_Loss=0.00191
This epoch take time 311.37
----------------------------------------------------------------------------------------------------
lr_Derain 0.000200
lr_ED 0.000100
lrD 0.000400
[Epoch:49/2000] 00000/03000, Loss=0.00232, gfake=-19.71740 errG=29563.69922
[Epoch:49/2000] 00200/03000, Loss=0.00313, gfake=-25.47687 errG=23075.82812
[Epoch:49/2000] 00400/03000, Loss=0.00233, gfake=-11.24284 errG=29443.57031
[Epoch:49/2000] 00600/03000, Loss=0.00155, gfake=-7.34966 errG=25833.16211
[Epoch:49/2000] 00800/03000, Loss=0.00232, gfake=-12.39511 errG=27810.57812
[Epoch:49/2000] 01000/03000, Loss=0.00277, gfake=-9.06776 errG=35035.62500
[Epoch:49/2000] 01200/03000, Loss=0.00288, gfake=-13.98895 errG=31814.86914
[Epoch:49/2000] 01400/03000, Loss=0.00124, gfake=-18.51157 errG=25274.95898
[Epoch:49/2000] 01600/03000, Loss=0.00210, gfake=-10.92248 errG=21603.56445
[Epoch:49/2000] 01800/03000, Loss=0.00183, gfake=-3.18025 errG=31371.59961
[Epoch:49/2000] 02000/03000, Loss=0.00187, gfake=-14.19208 errG=25479.48242
[Epoch:49/2000] 02200/03000, Loss=0.00181, gfake=-10.81851 errG=24595.23242
[Epoch:49/2000] 02400/03000, Loss=0.00134, gfake=-1.63563 errG=23903.34375
[Epoch:49/2000] 02600/03000, Loss=0.00268, gfake=-1.94409 errG=37912.52734
[Epoch:49/2000] 02800/03000, Loss=0.00116, gfake=-12.41041 errG=18927.09961
Epoch:49, Derain_Loss=0.00190
This epoch take time 311.75
----------------------------------------------------------------------------------------------------
lr_Derain 0.000200
lr_ED 0.000100
lrD 0.000400
[Epoch:50/2000] 00000/03000, Loss=0.00180, gfake=-10.99929 errG=21598.83984
[Epoch:50/2000] 00200/03000, Loss=0.00187, gfake=-14.86452 errG=22422.52148
[Epoch:50/2000] 00400/03000, Loss=0.00107, gfake=-15.63596 errG=15416.38867
[Epoch:50/2000] 00600/03000, Loss=0.00114, gfake=-15.94367 errG=22667.54297
[Epoch:50/2000] 00800/03000, Loss=0.00155, gfake=-17.63981 errG=25112.72656
[Epoch:50/2000] 01000/03000, Loss=0.00131, gfake=-19.45777 errG=23683.68164
[Epoch:50/2000] 01200/03000, Loss=0.00324, gfake=-10.94839 errG=30419.80859
[Epoch:50/2000] 01400/03000, Loss=0.00119, gfake=-17.92347 errG=16251.44727
[Epoch:50/2000] 01600/03000, Loss=0.00186, gfake=-8.69122 errG=25565.44141
[Epoch:50/2000] 01800/03000, Loss=0.00269, gfake=-14.01245 errG=28519.57617
[Epoch:50/2000] 02000/03000, Loss=0.00182, gfake=-8.07681 errG=24977.99609
[Epoch:50/2000] 02200/03000, Loss=0.00145, gfake=-24.88631 errG=19819.16602
[Epoch:50/2000] 02400/03000, Loss=0.00155, gfake=-11.29972 errG=17462.31250
[Epoch:50/2000] 02600/03000, Loss=0.00281, gfake=-18.17167 errG=32035.92578
[Epoch:50/2000] 02800/03000, Loss=0.00155, gfake=-4.36804 errG=26127.00586
Epoch:50, Derain_Loss=0.00187
This epoch take time 310.96
----------------------------------------------------------------------------------------------------
lr_Derain 0.000200
lr_ED 0.000100
lrD 0.000400
[Epoch:51/2000] 00000/03000, Loss=0.00136, gfake=-21.15364 errG=18366.84961
[Epoch:51/2000] 00200/03000, Loss=0.00145, gfake=-16.94812 errG=28461.49414
[Epoch:51/2000] 00400/03000, Loss=0.00131, gfake=-13.23299 errG=16192.31055
[Epoch:51/2000] 00600/03000, Loss=0.00208, gfake=-14.87460 errG=29004.36719
[Epoch:51/2000] 00800/03000, Loss=0.00217, gfake=-21.19145 errG=24117.00586
[Epoch:51/2000] 01000/03000, Loss=0.00146, gfake=-21.88929 errG=20124.74805
[Epoch:51/2000] 01200/03000, Loss=0.00174, gfake=-17.01738 errG=18821.02539
[Epoch:51/2000] 01400/03000, Loss=0.00149, gfake=-24.03979 errG=23704.46484
[Epoch:51/2000] 01600/03000, Loss=0.00158, gfake=-10.51029 errG=30829.22852
[Epoch:51/2000] 01800/03000, Loss=0.00250, gfake=-25.87360 errG=24545.51562
[Epoch:51/2000] 02000/03000, Loss=0.00081, gfake=-2.92083 errG=23539.50000
[Epoch:51/2000] 02200/03000, Loss=0.00178, gfake=-9.65981 errG=26243.50586
[Epoch:51/2000] 02400/03000, Loss=0.00205, gfake=-16.74308 errG=22486.43359
[Epoch:51/2000] 02600/03000, Loss=0.00190, gfake=-9.53031 errG=32699.74219
[Epoch:51/2000] 02800/03000, Loss=0.00179, gfake=-21.71279 errG=20970.21680
Epoch:51, Derain_Loss=0.00186
This epoch take time 310.88
----------------------------------------------------------------------------------------------------
lr_Derain 0.000200
lr_ED 0.000100
lrD 0.000400
[Epoch:52/2000] 00000/03000, Loss=0.00151, gfake=-6.21539 errG=20165.87500
[Epoch:52/2000] 00200/03000, Loss=0.00185, gfake=-9.23745 errG=30773.24023
[Epoch:52/2000] 00400/03000, Loss=0.00315, gfake=-16.59475 errG=30223.32031
[Epoch:52/2000] 00600/03000, Loss=0.00210, gfake=-7.89433 errG=28087.28320
[Epoch:52/2000] 00800/03000, Loss=0.00294, gfake=-14.68900 errG=23748.77539
[Epoch:52/2000] 01000/03000, Loss=0.00117, gfake=-18.50478 errG=23191.26562
[Epoch:52/2000] 01200/03000, Loss=0.00132, gfake=-10.37627 errG=17985.21680
[Epoch:52/2000] 01400/03000, Loss=0.00164, gfake=-15.96217 errG=21818.91211
[Epoch:52/2000] 01600/03000, Loss=0.00147, gfake=-16.77116 errG=21597.96680
[Epoch:52/2000] 01800/03000, Loss=0.00127, gfake=-13.04587 errG=19427.83984
[Epoch:52/2000] 02000/03000, Loss=0.00215, gfake=-17.99043 errG=22692.85156
[Epoch:52/2000] 02200/03000, Loss=0.00121, gfake=-12.16316 errG=16710.92773
[Epoch:52/2000] 02400/03000, Loss=0.00140, gfake=-8.36180 errG=23339.32422
[Epoch:52/2000] 02600/03000, Loss=0.00246, gfake=-14.41105 errG=30885.16406
[Epoch:52/2000] 02800/03000, Loss=0.00232, gfake=-13.81111 errG=20165.56836
Epoch:52, Derain_Loss=0.00186
This epoch take time 312.28
----------------------------------------------------------------------------------------------------
lr_Derain 0.000200
lr_ED 0.000100
lrD 0.000400
[Epoch:53/2000] 00000/03000, Loss=0.00222, gfake=-20.57211 errG=24978.36523
[Epoch:53/2000] 00200/03000, Loss=0.00341, gfake=-12.93933 errG=39472.75781
[Epoch:53/2000] 00400/03000, Loss=0.00169, gfake=-14.47249 errG=22195.96484
[Epoch:53/2000] 00600/03000, Loss=0.00230, gfake=-13.03367 errG=21197.80078
[Epoch:53/2000] 00800/03000, Loss=0.00203, gfake=-9.24015 errG=26155.86523
[Epoch:53/2000] 01000/03000, Loss=0.00254, gfake=-6.62456 errG=31609.84180
[Epoch:53/2000] 01200/03000, Loss=0.00114, gfake=-2.57328 errG=18175.58984
[Epoch:53/2000] 01400/03000, Loss=0.00162, gfake=-8.16352 errG=22060.14453
[Epoch:53/2000] 01600/03000, Loss=0.00170, gfake=-13.54247 errG=22125.98438
[Epoch:53/2000] 01800/03000, Loss=0.00364, gfake=-10.43284 errG=34280.07031
[Epoch:53/2000] 02000/03000, Loss=0.00150, gfake=-22.77549 errG=21549.05664
[Epoch:53/2000] 02200/03000, Loss=0.00202, gfake=-17.50503 errG=21065.31641
[Epoch:53/2000] 02400/03000, Loss=0.00163, gfake=-6.37550 errG=20049.13477
[Epoch:53/2000] 02600/03000, Loss=0.00323, gfake=-22.75920 errG=27004.71094
[Epoch:53/2000] 02800/03000, Loss=0.00195, gfake=-13.62283 errG=21489.45508
Epoch:53, Derain_Loss=0.00189
This epoch take time 311.38
----------------------------------------------------------------------------------------------------
lr_Derain 0.000200
lr_ED 0.000100
lrD 0.000400
[Epoch:54/2000] 00000/03000, Loss=0.00129, gfake=-17.66589 errG=20050.06250
[Epoch:54/2000] 00200/03000, Loss=0.00176, gfake=-23.92524 errG=20404.86719
[Epoch:54/2000] 00400/03000, Loss=0.00168, gfake=-25.89939 errG=21155.30469
[Epoch:54/2000] 00600/03000, Loss=0.00190, gfake=-5.04567 errG=25293.08203
[Epoch:54/2000] 00800/03000, Loss=0.00120, gfake=-7.91002 errG=19821.62500
[Epoch:54/2000] 01000/03000, Loss=0.00145, gfake=-6.22196 errG=27823.51953
[Epoch:54/2000] 01200/03000, Loss=0.00159, gfake=-14.39949 errG=20556.51953
[Epoch:54/2000] 01400/03000, Loss=0.00223, gfake=-15.61467 errG=24499.28711
[Epoch:54/2000] 01600/03000, Loss=0.00218, gfake=-12.24018 errG=23418.10547
[Epoch:54/2000] 01800/03000, Loss=0.00127, gfake=-22.54698 errG=17824.18750
[Epoch:54/2000] 02000/03000, Loss=0.00175, gfake=-18.35497 errG=20271.21289
[Epoch:54/2000] 02200/03000, Loss=0.00155, gfake=-16.63814 errG=20211.97070
[Epoch:54/2000] 02400/03000, Loss=0.00190, gfake=-13.24096 errG=27830.08008
[Epoch:54/2000] 02600/03000, Loss=0.00093, gfake=-19.93855 errG=18448.66992
[Epoch:54/2000] 02800/03000, Loss=0.00298, gfake=-11.92060 errG=34932.01172
Epoch:54, Derain_Loss=0.00185
This epoch take time 311.35
----------------------------------------------------------------------------------------------------
lr_Derain 0.000200
lr_ED 0.000100
lrD 0.000400
[Epoch:55/2000] 00000/03000, Loss=0.00193, gfake=-11.60187 errG=22392.13086
[Epoch:55/2000] 00200/03000, Loss=0.00181, gfake=-16.51930 errG=20893.11328
[Epoch:55/2000] 00400/03000, Loss=0.00239, gfake=-13.35546 errG=26227.52734
[Epoch:55/2000] 00600/03000, Loss=0.00138, gfake=-7.44318 errG=26097.75195
[Epoch:55/2000] 00800/03000, Loss=0.00231, gfake=-14.96953 errG=24107.49023
[Epoch:55/2000] 01000/03000, Loss=0.00218, gfake=-15.64547 errG=21694.21484
[Epoch:55/2000] 01200/03000, Loss=0.00123, gfake=-9.42443 errG=23657.42773
[Epoch:55/2000] 01400/03000, Loss=0.00188, gfake=-16.37954 errG=22298.84180
[Epoch:55/2000] 01600/03000, Loss=0.00286, gfake=-3.24756 errG=31631.44141
[Epoch:55/2000] 01800/03000, Loss=0.00108, gfake=-24.78421 errG=20167.07617
[Epoch:55/2000] 02000/03000, Loss=0.00152, gfake=-25.51894 errG=19675.95703
[Epoch:55/2000] 02200/03000, Loss=0.00222, gfake=-21.47190 errG=19569.18555
[Epoch:55/2000] 02400/03000, Loss=0.00138, gfake=-10.55972 errG=19273.40625
[Epoch:55/2000] 02600/03000, Loss=0.00146, gfake=-12.27288 errG=22537.38477
[Epoch:55/2000] 02800/03000, Loss=0.00231, gfake=-13.46587 errG=30093.84961
Epoch:55, Derain_Loss=0.00184
This epoch take time 311.71
----------------------------------------------------------------------------------------------------
lr_Derain 0.000200
lr_ED 0.000100
lrD 0.000400
[Epoch:56/2000] 00000/03000, Loss=0.00108, gfake=-2.12077 errG=22227.87891
[Epoch:56/2000] 00200/03000, Loss=0.00142, gfake=-8.97782 errG=23717.25781
[Epoch:56/2000] 00400/03000, Loss=0.00256, gfake=-6.80455 errG=29269.97852
[Epoch:56/2000] 00600/03000, Loss=0.00144, gfake=-11.67186 errG=26316.17773
[Epoch:56/2000] 00800/03000, Loss=0.00116, gfake=-20.92654 errG=17842.10742
[Epoch:56/2000] 01000/03000, Loss=0.00343, gfake=-12.51203 errG=34078.50000
[Epoch:56/2000] 01200/03000, Loss=0.00148, gfake=-17.68470 errG=18550.52344
[Epoch:56/2000] 01400/03000, Loss=0.00144, gfake=-15.95238 errG=21063.14844
[Epoch:56/2000] 01600/03000, Loss=0.00178, gfake=-19.56538 errG=30256.29492
[Epoch:56/2000] 01800/03000, Loss=0.00184, gfake=-17.35626 errG=23887.46289
[Epoch:56/2000] 02000/03000, Loss=0.00099, gfake=-22.71094 errG=19488.07812
[Epoch:56/2000] 02200/03000, Loss=0.00245, gfake=-19.81415 errG=30217.81250
[Epoch:56/2000] 02400/03000, Loss=0.00148, gfake=-11.93449 errG=19586.40625
[Epoch:56/2000] 02600/03000, Loss=0.00127, gfake=-4.99489 errG=21190.38867
[Epoch:56/2000] 02800/03000, Loss=0.00194, gfake=-19.21398 errG=25219.98242
Epoch:56, Derain_Loss=0.00183
This epoch take time 313.24
----------------------------------------------------------------------------------------------------
lr_Derain 0.000200
lr_ED 0.000100
lrD 0.000400
[Epoch:57/2000] 00000/03000, Loss=0.00131, gfake=-24.98938 errG=17979.18359
[Epoch:57/2000] 00200/03000, Loss=0.00313, gfake=-6.19563 errG=30969.84961
[Epoch:57/2000] 00400/03000, Loss=0.00155, gfake=-27.68313 errG=20796.33984
[Epoch:57/2000] 00600/03000, Loss=0.00210, gfake=-17.16080 errG=25789.52539
[Epoch:57/2000] 00800/03000, Loss=0.00295, gfake=-9.48178 errG=33739.46484
[Epoch:57/2000] 01000/03000, Loss=0.00167, gfake=-7.08164 errG=27533.44141
[Epoch:57/2000] 01200/03000, Loss=0.00177, gfake=-8.23394 errG=23674.82031
[Epoch:57/2000] 01400/03000, Loss=0.00189, gfake=-24.93132 errG=21680.92188
[Epoch:57/2000] 01600/03000, Loss=0.00142, gfake=-20.97046 errG=19041.16406
[Epoch:57/2000] 01800/03000, Loss=0.00173, gfake=-9.22827 errG=25984.37305
[Epoch:57/2000] 02000/03000, Loss=0.00162, gfake=-15.63273 errG=24176.22070
[Epoch:57/2000] 02200/03000, Loss=0.00168, gfake=-5.98463 errG=23617.53711
[Epoch:57/2000] 02400/03000, Loss=0.00131, gfake=-25.71418 errG=14714.83691
[Epoch:57/2000] 02600/03000, Loss=0.00155, gfake=-13.39273 errG=23163.23438
[Epoch:57/2000] 02800/03000, Loss=0.00115, gfake=-22.49164 errG=24136.60352
Epoch:57, Derain_Loss=0.00182
This epoch take time 312.24
----------------------------------------------------------------------------------------------------
lr_Derain 0.000200
lr_ED 0.000100
lrD 0.000400
[Epoch:58/2000] 00000/03000, Loss=0.00136, gfake=-18.65158 errG=21839.20898
[Epoch:58/2000] 00200/03000, Loss=0.00079, gfake=-14.04864 errG=16667.72656
[Epoch:58/2000] 00400/03000, Loss=0.00184, gfake=-22.44933 errG=24253.96680
[Epoch:58/2000] 00600/03000, Loss=0.00196, gfake=-16.69375 errG=20708.99023
[Epoch:58/2000] 00800/03000, Loss=0.00304, gfake=-3.54697 errG=38928.68750
[Epoch:58/2000] 01000/03000, Loss=0.00250, gfake=-8.50114 errG=26293.50195
[Epoch:58/2000] 01200/03000, Loss=0.00175, gfake=-17.34029 errG=22492.01367
[Epoch:58/2000] 01400/03000, Loss=0.00139, gfake=-13.45245 errG=22726.54297
[Epoch:58/2000] 01600/03000, Loss=0.00159, gfake=-15.73736 errG=24489.69922
[Epoch:58/2000] 01800/03000, Loss=0.00169, gfake=-8.25169 errG=26822.68945
[Epoch:58/2000] 02000/03000, Loss=0.00117, gfake=-12.49904 errG=20114.19141
[Epoch:58/2000] 02200/03000, Loss=0.00210, gfake=-6.46299 errG=29497.94922
[Epoch:58/2000] 02400/03000, Loss=0.00277, gfake=-9.93202 errG=31252.57812
[Epoch:58/2000] 02600/03000, Loss=0.00110, gfake=1.95339 errG=22485.69336
[Epoch:58/2000] 02800/03000, Loss=0.00113, gfake=-18.49595 errG=19856.04297
Epoch:58, Derain_Loss=0.00182
This epoch take time 311.33
----------------------------------------------------------------------------------------------------
lr_Derain 0.000200
lr_ED 0.000100
lrD 0.000400
[Epoch:59/2000] 00000/03000, Loss=0.00286, gfake=-15.62743 errG=24923.67969
[Epoch:59/2000] 00200/03000, Loss=0.00234, gfake=-15.02246 errG=32140.44336
[Epoch:59/2000] 00400/03000, Loss=0.00188, gfake=-15.96215 errG=21654.84766
[Epoch:59/2000] 00600/03000, Loss=0.00120, gfake=-14.32281 errG=22413.48438
[Epoch:59/2000] 00800/03000, Loss=0.00206, gfake=-13.34110 errG=26851.94531
[Epoch:59/2000] 01000/03000, Loss=0.00231, gfake=-13.71753 errG=23371.79297
[Epoch:59/2000] 01200/03000, Loss=0.00143, gfake=-6.67541 errG=24608.76367
[Epoch:59/2000] 01400/03000, Loss=0.00171, gfake=-17.24433 errG=25745.69336
[Epoch:59/2000] 01600/03000, Loss=0.00239, gfake=-12.03263 errG=24349.47461
[Epoch:59/2000] 01800/03000, Loss=0.00113, gfake=-20.53769 errG=18701.54102
[Epoch:59/2000] 02000/03000, Loss=0.00175, gfake=-10.26964 errG=23331.03125
[Epoch:59/2000] 02200/03000, Loss=0.00148, gfake=-2.01610 errG=21745.28516
[Epoch:59/2000] 02400/03000, Loss=0.00248, gfake=-13.14798 errG=28578.11328
[Epoch:59/2000] 02600/03000, Loss=0.00145, gfake=-21.76895 errG=18576.17969
[Epoch:59/2000] 02800/03000, Loss=0.00115, gfake=-15.55083 errG=21467.57422
Epoch:59, Derain_Loss=0.00180
This epoch take time 311.28
----------------------------------------------------------------------------------------------------
lr_Derain 0.000200
lr_ED 0.000100
lrD 0.000400
[Epoch:60/2000] 00000/03000, Loss=0.00162, gfake=-9.65984 errG=26837.63672
[Epoch:60/2000] 00200/03000, Loss=0.00256, gfake=-7.83764 errG=28069.91211
[Epoch:60/2000] 00400/03000, Loss=0.00159, gfake=-4.27154 errG=22501.07422
[Epoch:60/2000] 00600/03000, Loss=0.00191, gfake=-15.57539 errG=21445.54883
[Epoch:60/2000] 00800/03000, Loss=0.00135, gfake=-3.73838 errG=26600.15430
[Epoch:60/2000] 01000/03000, Loss=0.00175, gfake=-9.00868 errG=23362.34570
[Epoch:60/2000] 01200/03000, Loss=0.00116, gfake=-16.89037 errG=22820.69531
[Epoch:60/2000] 01400/03000, Loss=0.00206, gfake=-8.87184 errG=26410.43164
[Epoch:60/2000] 01600/03000, Loss=0.00149, gfake=-9.43245 errG=26229.95312
[Epoch:60/2000] 01800/03000, Loss=0.00173, gfake=-8.14741 errG=21218.72852
[Epoch:60/2000] 02000/03000, Loss=0.00178, gfake=-19.58537 errG=23489.42969
[Epoch:60/2000] 02200/03000, Loss=0.00203, gfake=-11.95605 errG=20440.20117
[Epoch:60/2000] 02400/03000, Loss=0.00246, gfake=-9.31052 errG=31867.26562
[Epoch:60/2000] 02600/03000, Loss=0.00155, gfake=-15.81471 errG=20789.15430
[Epoch:60/2000] 02800/03000, Loss=0.00152, gfake=-25.76356 errG=17859.24805
Epoch:60, Derain_Loss=0.00181
This epoch take time 311.17
----------------------------------------------------------------------------------------------------
lr_Derain 0.000200
lr_ED 0.000100
lrD 0.000400
[Epoch:61/2000] 00000/03000, Loss=0.00273, gfake=-17.07542 errG=28160.89844
[Epoch:61/2000] 00200/03000, Loss=0.00186, gfake=-20.09125 errG=19208.41406
[Epoch:61/2000] 00400/03000, Loss=0.00157, gfake=-7.21172 errG=21795.00977
[Epoch:61/2000] 00600/03000, Loss=0.00187, gfake=-8.80763 errG=22967.16992
[Epoch:61/2000] 00800/03000, Loss=0.00173, gfake=-17.53897 errG=14720.58008
[Epoch:61/2000] 01000/03000, Loss=0.00116, gfake=-24.08305 errG=17773.57422
[Epoch:61/2000] 01200/03000, Loss=0.00142, gfake=-12.21251 errG=18763.74219
[Epoch:61/2000] 01400/03000, Loss=0.00203, gfake=-15.15904 errG=21947.91406
[Epoch:61/2000] 01600/03000, Loss=0.00145, gfake=-18.22794 errG=20451.05859
[Epoch:61/2000] 01800/03000, Loss=0.00159, gfake=-21.22286 errG=20384.32422
[Epoch:61/2000] 02000/03000, Loss=0.00121, gfake=-7.55309 errG=23143.54688
[Epoch:61/2000] 02200/03000, Loss=0.00183, gfake=-9.71493 errG=26658.04102
[Epoch:61/2000] 02400/03000, Loss=0.00165, gfake=-6.12337 errG=31964.86523
[Epoch:61/2000] 02600/03000, Loss=0.00153, gfake=-9.90610 errG=27037.10156
[Epoch:61/2000] 02800/03000, Loss=0.00229, gfake=-2.08953 errG=32170.54102
Epoch:61, Derain_Loss=0.00178
This epoch take time 311.25
----------------------------------------------------------------------------------------------------
lr_Derain 0.000200
lr_ED 0.000100
lrD 0.000400
[Epoch:62/2000] 00000/03000, Loss=0.00142, gfake=-12.76115 errG=23330.73828
[Epoch:62/2000] 00200/03000, Loss=0.00204, gfake=-10.04612 errG=31711.81055
[Epoch:62/2000] 00400/03000, Loss=0.00100, gfake=-13.68394 errG=17421.95508
[Epoch:62/2000] 00600/03000, Loss=0.00175, gfake=-19.03859 errG=23144.66211
[Epoch:62/2000] 00800/03000, Loss=0.00176, gfake=-9.34179 errG=21565.21680
[Epoch:62/2000] 01000/03000, Loss=0.00158, gfake=-5.56289 errG=21300.65039
[Epoch:62/2000] 01200/03000, Loss=0.00249, gfake=-10.63490 errG=21229.82812
[Epoch:62/2000] 01400/03000, Loss=0.00173, gfake=-10.40698 errG=19748.03125
[Epoch:62/2000] 01600/03000, Loss=0.00151, gfake=-15.65260 errG=25592.53125
[Epoch:62/2000] 01800/03000, Loss=0.00123, gfake=-25.34412 errG=14408.52539
[Epoch:62/2000] 02000/03000, Loss=0.00178, gfake=-14.12656 errG=29222.87695
[Epoch:62/2000] 02200/03000, Loss=0.00200, gfake=-18.45100 errG=20302.58203
[Epoch:62/2000] 02400/03000, Loss=0.00134, gfake=-10.04866 errG=20060.90234
[Epoch:62/2000] 02600/03000, Loss=0.00304, gfake=-6.98011 errG=33157.80469
[Epoch:62/2000] 02800/03000, Loss=0.00245, gfake=-5.85600 errG=29369.28906
Epoch:62, Derain_Loss=0.00178
This epoch take time 310.99
----------------------------------------------------------------------------------------------------
lr_Derain 0.000200
lr_ED 0.000100
lrD 0.000400
[Epoch:63/2000] 00000/03000, Loss=0.00180, gfake=-17.76983 errG=22682.07422
[Epoch:63/2000] 00200/03000, Loss=0.00292, gfake=-22.04964 errG=25958.75391
[Epoch:63/2000] 00400/03000, Loss=0.00139, gfake=-21.27134 errG=21159.07617
[Epoch:63/2000] 00600/03000, Loss=0.00198, gfake=-6.08150 errG=24686.68359
[Epoch:63/2000] 00800/03000, Loss=0.00139, gfake=-12.57853 errG=17629.28711
[Epoch:63/2000] 01000/03000, Loss=0.00198, gfake=-8.50636 errG=25732.08008
[Epoch:63/2000] 01200/03000, Loss=0.00250, gfake=-22.88526 errG=26787.46484
[Epoch:63/2000] 01400/03000, Loss=0.00241, gfake=-14.48964 errG=29598.97266
[Epoch:63/2000] 01600/03000, Loss=0.00171, gfake=-8.63608 errG=22493.32227
[Epoch:63/2000] 01800/03000, Loss=0.00140, gfake=-7.07600 errG=23888.43164
[Epoch:63/2000] 02000/03000, Loss=0.00197, gfake=-8.32644 errG=25712.66992
[Epoch:63/2000] 02200/03000, Loss=0.00235, gfake=-7.62399 errG=26280.94336
[Epoch:63/2000] 02400/03000, Loss=0.00254, gfake=-15.84791 errG=27836.83984
[Epoch:63/2000] 02600/03000, Loss=0.00192, gfake=-13.90768 errG=24777.47070
[Epoch:63/2000] 02800/03000, Loss=0.00193, gfake=-4.62383 errG=23133.31836
Epoch:63, Derain_Loss=0.00178
This epoch take time 311.98
----------------------------------------------------------------------------------------------------
lr_Derain 0.000200
lr_ED 0.000100
lrD 0.000400
[Epoch:64/2000] 00000/03000, Loss=0.00114, gfake=-25.72482 errG=18776.20898
[Epoch:64/2000] 00200/03000, Loss=0.00152, gfake=-18.15609 errG=19348.36719
[Epoch:64/2000] 00400/03000, Loss=0.00209, gfake=-13.63162 errG=25380.09375
[Epoch:64/2000] 00600/03000, Loss=0.00225, gfake=-4.25695 errG=35181.42969
[Epoch:64/2000] 00800/03000, Loss=0.00263, gfake=-14.36040 errG=23906.69727
[Epoch:64/2000] 01000/03000, Loss=0.00181, gfake=-14.39145 errG=28210.66016
[Epoch:64/2000] 01200/03000, Loss=0.00255, gfake=-10.74212 errG=20667.67578
[Epoch:64/2000] 01400/03000, Loss=0.00139, gfake=-1.00467 errG=29121.36523
[Epoch:64/2000] 01600/03000, Loss=0.00235, gfake=-5.92835 errG=30452.38867
[Epoch:64/2000] 01800/03000, Loss=0.00148, gfake=-13.35553 errG=23989.39844
[Epoch:64/2000] 02000/03000, Loss=0.00171, gfake=-4.63875 errG=30211.64453
[Epoch:64/2000] 02200/03000, Loss=0.00279, gfake=-4.37757 errG=29433.01172
[Epoch:64/2000] 02400/03000, Loss=0.00215, gfake=-11.44399 errG=25112.84375
[Epoch:64/2000] 02600/03000, Loss=0.00105, gfake=-12.20042 errG=23654.82227
[Epoch:64/2000] 02800/03000, Loss=0.00254, gfake=-10.43578 errG=29240.02930
Epoch:64, Derain_Loss=0.00176
This epoch take time 312.60
----------------------------------------------------------------------------------------------------
lr_Derain 0.000200
lr_ED 0.000100
lrD 0.000400
[Epoch:65/2000] 00000/03000, Loss=0.00174, gfake=-15.09670 errG=21457.71680
[Epoch:65/2000] 00200/03000, Loss=0.00133, gfake=-23.59095 errG=23316.75000
[Epoch:65/2000] 00400/03000, Loss=0.00216, gfake=-13.65379 errG=28416.73047
[Epoch:65/2000] 00600/03000, Loss=0.00234, gfake=-18.32842 errG=23901.70508
[Epoch:65/2000] 00800/03000, Loss=0.00190, gfake=-13.24537 errG=23852.52539
[Epoch:65/2000] 01000/03000, Loss=0.00205, gfake=-22.76153 errG=23948.01953
[Epoch:65/2000] 01200/03000, Loss=0.00149, gfake=3.03344 errG=21610.32617
[Epoch:65/2000] 01400/03000, Loss=0.00207, gfake=-13.76665 errG=27400.37305
[Epoch:65/2000] 01600/03000, Loss=0.00187, gfake=-2.89009 errG=23775.55469
[Epoch:65/2000] 01800/03000, Loss=0.00209, gfake=-14.41340 errG=26896.83008
[Epoch:65/2000] 02000/03000, Loss=0.00146, gfake=-21.29367 errG=20786.32031
[Epoch:65/2000] 02200/03000, Loss=0.00163, gfake=-18.89876 errG=21761.88867
[Epoch:65/2000] 02400/03000, Loss=0.00142, gfake=-15.68498 errG=23459.23047
[Epoch:65/2000] 02600/03000, Loss=0.00111, gfake=-6.24667 errG=15725.22266
[Epoch:65/2000] 02800/03000, Loss=0.00155, gfake=-20.25179 errG=20324.14844
Epoch:65, Derain_Loss=0.00175
This epoch take time 311.75
----------------------------------------------------------------------------------------------------
lr_Derain 0.000200
lr_ED 0.000100
lrD 0.000400
[Epoch:66/2000] 00000/03000, Loss=0.00167, gfake=-18.89633 errG=22586.16797
[Epoch:66/2000] 00200/03000, Loss=0.00217, gfake=-18.66925 errG=22922.33398
[Epoch:66/2000] 00400/03000, Loss=0.00198, gfake=-18.25381 errG=23628.28516
[Epoch:66/2000] 00600/03000, Loss=0.00245, gfake=-13.59607 errG=28656.12695
[Epoch:66/2000] 00800/03000, Loss=0.00410, gfake=-9.01810 errG=32466.08203
[Epoch:66/2000] 01000/03000, Loss=0.00170, gfake=-14.43759 errG=26024.55664
[Epoch:66/2000] 01200/03000, Loss=0.00115, gfake=-14.03089 errG=21229.12305
[Epoch:66/2000] 01400/03000, Loss=0.00181, gfake=-21.77765 errG=19497.15430
[Epoch:66/2000] 01600/03000, Loss=0.00141, gfake=-9.77462 errG=22018.53711
[Epoch:66/2000] 01800/03000, Loss=0.00087, gfake=-4.55834 errG=19532.97852
[Epoch:66/2000] 02000/03000, Loss=0.00147, gfake=-18.30475 errG=22896.99023
[Epoch:66/2000] 02200/03000, Loss=0.00183, gfake=-10.33298 errG=28001.47266
[Epoch:66/2000] 02400/03000, Loss=0.00191, gfake=-7.12293 errG=31751.24219
[Epoch:66/2000] 02600/03000, Loss=0.00255, gfake=-10.62869 errG=29874.32227
[Epoch:66/2000] 02800/03000, Loss=0.00205, gfake=3.02736 errG=32893.21484
Epoch:66, Derain_Loss=0.00177
This epoch take time 311.54
----------------------------------------------------------------------------------------------------
lr_Derain 0.000200
lr_ED 0.000100
lrD 0.000400
[Epoch:67/2000] 00000/03000, Loss=0.00186, gfake=-4.91366 errG=30642.19336
[Epoch:67/2000] 00200/03000, Loss=0.00138, gfake=-2.04463 errG=28360.46094
[Epoch:67/2000] 00400/03000, Loss=0.00201, gfake=-8.95716 errG=21274.57227
[Epoch:67/2000] 00600/03000, Loss=0.00167, gfake=-11.62107 errG=22079.38281
[Epoch:67/2000] 00800/03000, Loss=0.00261, gfake=-16.93458 errG=29945.94141
[Epoch:67/2000] 01000/03000, Loss=0.00182, gfake=-16.85119 errG=22214.21680
[Epoch:67/2000] 01200/03000, Loss=0.00120, gfake=-12.19842 errG=22544.85156
[Epoch:67/2000] 01400/03000, Loss=0.00115, gfake=-12.12163 errG=22562.46484
[Epoch:67/2000] 01600/03000, Loss=0.00178, gfake=-20.00330 errG=20253.69141
[Epoch:67/2000] 01800/03000, Loss=0.00142, gfake=8.05042 errG=24722.06055
[Epoch:67/2000] 02000/03000, Loss=0.00113, gfake=-15.63915 errG=20197.64844
[Epoch:67/2000] 02200/03000, Loss=0.00113, gfake=-23.90048 errG=15726.51367
[Epoch:67/2000] 02400/03000, Loss=0.00295, gfake=-4.34321 errG=33366.33594
[Epoch:67/2000] 02600/03000, Loss=0.00118, gfake=4.84900 errG=21068.11719
[Epoch:67/2000] 02800/03000, Loss=0.00166, gfake=-14.69354 errG=18581.03320
Epoch:67, Derain_Loss=0.00174
This epoch take time 312.01
----------------------------------------------------------------------------------------------------
lr_Derain 0.000200
lr_ED 0.000100
lrD 0.000400
[Epoch:68/2000] 00000/03000, Loss=0.00146, gfake=-16.80224 errG=24159.03711
[Epoch:68/2000] 00200/03000, Loss=0.00167, gfake=-16.31988 errG=23671.13477
[Epoch:68/2000] 00400/03000, Loss=0.00143, gfake=-6.55615 errG=19197.18359
[Epoch:68/2000] 00600/03000, Loss=0.00235, gfake=-12.94610 errG=29451.28906
[Epoch:68/2000] 00800/03000, Loss=0.00209, gfake=-6.24149 errG=30159.23242
[Epoch:68/2000] 01000/03000, Loss=0.00157, gfake=-11.73954 errG=29316.86328
[Epoch:68/2000] 01200/03000, Loss=0.00160, gfake=-2.04379 errG=29153.94922
[Epoch:68/2000] 01400/03000, Loss=0.00154, gfake=-18.43396 errG=20300.58789
[Epoch:68/2000] 01600/03000, Loss=0.00346, gfake=-17.78250 errG=32908.49609
[Epoch:68/2000] 01800/03000, Loss=0.00129, gfake=-23.44972 errG=16841.66992
[Epoch:68/2000] 02000/03000, Loss=0.00112, gfake=-5.71344 errG=23005.27148
[Epoch:68/2000] 02200/03000, Loss=0.00283, gfake=0.50199 errG=32383.35156
[Epoch:68/2000] 02400/03000, Loss=0.00217, gfake=3.63913 errG=32184.76758
[Epoch:68/2000] 02600/03000, Loss=0.00135, gfake=-11.18444 errG=20956.45703
[Epoch:68/2000] 02800/03000, Loss=0.00155, gfake=2.49109 errG=23771.40039
Epoch:68, Derain_Loss=0.00176
This epoch take time 312.25
----------------------------------------------------------------------------------------------------
lr_Derain 0.000200
lr_ED 0.000100
lrD 0.000400
[Epoch:69/2000] 00000/03000, Loss=0.00154, gfake=-8.92607 errG=25206.19141
[Epoch:69/2000] 00200/03000, Loss=0.00108, gfake=-12.25976 errG=19992.62695
[Epoch:69/2000] 00400/03000, Loss=0.00175, gfake=-16.08942 errG=22870.21484
[Epoch:69/2000] 00600/03000, Loss=0.00162, gfake=-2.20296 errG=27550.31250
[Epoch:69/2000] 00800/03000, Loss=0.00135, gfake=-2.60148 errG=25589.02148
[Epoch:69/2000] 01000/03000, Loss=0.00161, gfake=-17.75084 errG=17234.42188
[Epoch:69/2000] 01200/03000, Loss=0.00179, gfake=-13.40582 errG=21855.05469
[Epoch:69/2000] 01400/03000, Loss=0.00101, gfake=-16.39425 errG=17603.24023
[Epoch:69/2000] 01600/03000, Loss=0.00152, gfake=-12.66074 errG=23535.68359
[Epoch:69/2000] 01800/03000, Loss=0.00206, gfake=-11.51458 errG=26239.66797
[Epoch:69/2000] 02000/03000, Loss=0.00145, gfake=-9.28259 errG=22542.49414
[Epoch:69/2000] 02200/03000, Loss=0.00167, gfake=-8.60372 errG=22717.22656
[Epoch:69/2000] 02400/03000, Loss=0.00117, gfake=-20.54484 errG=19329.45508
[Epoch:69/2000] 02600/03000, Loss=0.00142, gfake=-5.60663 errG=21855.92383
[Epoch:69/2000] 02800/03000, Loss=0.00219, gfake=-6.42755 errG=29062.21484
Epoch:69, Derain_Loss=0.00173
This epoch take time 311.36
----------------------------------------------------------------------------------------------------
lr_Derain 0.000200
lr_ED 0.000100
lrD 0.000400
[Epoch:70/2000] 00000/03000, Loss=0.00260, gfake=-16.76243 errG=28631.77148
[Epoch:70/2000] 00200/03000, Loss=0.00130, gfake=-8.52447 errG=26613.75977
[Epoch:70/2000] 00400/03000, Loss=0.00178, gfake=-17.23476 errG=22875.31641
[Epoch:70/2000] 00600/03000, Loss=0.00145, gfake=-15.77359 errG=18844.09180
[Epoch:70/2000] 00800/03000, Loss=0.00079, gfake=-9.66869 errG=17072.53711
[Epoch:70/2000] 01000/03000, Loss=0.00157, gfake=-9.94332 errG=21146.72070
[Epoch:70/2000] 01200/03000, Loss=0.00093, gfake=-13.17466 errG=15101.48340
[Epoch:70/2000] 01400/03000, Loss=0.00171, gfake=-23.19708 errG=19218.40234
[Epoch:70/2000] 01600/03000, Loss=0.00191, gfake=-13.43187 errG=20459.38086
[Epoch:70/2000] 01800/03000, Loss=0.00273, gfake=-7.59110 errG=28362.92383
[Epoch:70/2000] 02000/03000, Loss=0.00220, gfake=-5.03872 errG=29848.53125
[Epoch:70/2000] 02200/03000, Loss=0.00122, gfake=-17.67533 errG=20378.49219
[Epoch:70/2000] 02400/03000, Loss=0.00271, gfake=-4.59590 errG=34945.09375
[Epoch:70/2000] 02600/03000, Loss=0.00155, gfake=-11.88417 errG=24259.36914
[Epoch:70/2000] 02800/03000, Loss=0.00147, gfake=-12.86987 errG=20911.91406
Epoch:70, Derain_Loss=0.00172
This epoch take time 312.77
----------------------------------------------------------------------------------------------------
lr_Derain 0.000200
lr_ED 0.000100
lrD 0.000400
[Epoch:71/2000] 00000/03000, Loss=0.00207, gfake=-15.19351 errG=24649.64258
[Epoch:71/2000] 00200/03000, Loss=0.00146, gfake=-17.65924 errG=21354.57422
[Epoch:71/2000] 00400/03000, Loss=0.00258, gfake=-9.52341 errG=26537.85938
[Epoch:71/2000] 00600/03000, Loss=0.00123, gfake=-6.26104 errG=18275.93945
[Epoch:71/2000] 00800/03000, Loss=0.00174, gfake=2.88024 errG=32616.63477
[Epoch:71/2000] 01000/03000, Loss=0.00204, gfake=-9.47874 errG=22041.70898
[Epoch:71/2000] 01200/03000, Loss=0.00175, gfake=-16.19545 errG=19595.86328
[Epoch:71/2000] 01400/03000, Loss=0.00183, gfake=-11.23762 errG=25748.75391
[Epoch:71/2000] 01600/03000, Loss=0.00166, gfake=-6.39415 errG=23409.56836
[Epoch:71/2000] 01800/03000, Loss=0.00093, gfake=6.11542 errG=29522.47266
[Epoch:71/2000] 02000/03000, Loss=0.00234, gfake=-17.72236 errG=26896.88086
[Epoch:71/2000] 02200/03000, Loss=0.00130, gfake=-5.21303 errG=18568.48438
[Epoch:71/2000] 02400/03000, Loss=0.00147, gfake=12.28578 errG=26098.64258
[Epoch:71/2000] 02600/03000, Loss=0.00152, gfake=-15.58618 errG=20042.82031
[Epoch:71/2000] 02800/03000, Loss=0.00195, gfake=-15.94407 errG=29196.04102
Epoch:71, Derain_Loss=0.00173
This epoch take time 310.68
----------------------------------------------------------------------------------------------------
lr_Derain 0.000200
lr_ED 0.000100
lrD 0.000400
[Epoch:72/2000] 00000/03000, Loss=0.00104, gfake=-3.24856 errG=21694.19336
[Epoch:72/2000] 00200/03000, Loss=0.00063, gfake=-6.78748 errG=19595.56445
[Epoch:72/2000] 00400/03000, Loss=0.00191, gfake=-5.69628 errG=21224.20703
[Epoch:72/2000] 00600/03000, Loss=0.00144, gfake=-11.29288 errG=25748.12109
[Epoch:72/2000] 00800/03000, Loss=0.00195, gfake=-15.39955 errG=23785.65234
[Epoch:72/2000] 01000/03000, Loss=0.00163, gfake=-10.27228 errG=22056.92383
[Epoch:72/2000] 01200/03000, Loss=0.00159, gfake=-6.92622 errG=23398.32812
[Epoch:72/2000] 01400/03000, Loss=0.00298, gfake=-7.83179 errG=36073.42188
[Epoch:72/2000] 01600/03000, Loss=0.00384, gfake=-8.67386 errG=22379.96875
[Epoch:72/2000] 01800/03000, Loss=0.00116, gfake=-17.35190 errG=21695.88477
[Epoch:72/2000] 02000/03000, Loss=0.00108, gfake=-3.37372 errG=23005.15820
[Epoch:72/2000] 02200/03000, Loss=0.00200, gfake=-5.81383 errG=23043.22656
[Epoch:72/2000] 02400/03000, Loss=0.00183, gfake=-5.43461 errG=19839.10742
[Epoch:72/2000] 02600/03000, Loss=0.00166, gfake=2.43973 errG=33209.67578
[Epoch:72/2000] 02800/03000, Loss=0.00115, gfake=-21.75408 errG=17215.76953
Epoch:72, Derain_Loss=0.00176
This epoch take time 311.55
----------------------------------------------------------------------------------------------------
lr_Derain 0.000200
lr_ED 0.000100
lrD 0.000400
[Epoch:73/2000] 00000/03000, Loss=0.00148, gfake=-16.43629 errG=23403.51758
[Epoch:73/2000] 00200/03000, Loss=0.00214, gfake=-16.17636 errG=27298.44141
[Epoch:73/2000] 00400/03000, Loss=0.00134, gfake=-14.25078 errG=20402.61914
[Epoch:73/2000] 00600/03000, Loss=0.00179, gfake=-11.93831 errG=22420.08984
[Epoch:73/2000] 00800/03000, Loss=0.00183, gfake=-18.76034 errG=18963.83594
[Epoch:73/2000] 01000/03000, Loss=0.00237, gfake=-9.48983 errG=29430.43750
[Epoch:73/2000] 01200/03000, Loss=0.00359, gfake=-18.84317 errG=31984.84375
[Epoch:73/2000] 01400/03000, Loss=0.00228, gfake=-19.77906 errG=21134.52539
[Epoch:73/2000] 01600/03000, Loss=0.00213, gfake=-10.33134 errG=20726.16016
[Epoch:73/2000] 01800/03000, Loss=0.00229, gfake=-10.71256 errG=27281.00391
[Epoch:73/2000] 02000/03000, Loss=0.00165, gfake=-10.93809 errG=25010.38281
[Epoch:73/2000] 02200/03000, Loss=0.00158, gfake=-9.42017 errG=23362.15234
[Epoch:73/2000] 02400/03000, Loss=0.00061, gfake=-24.27613 errG=14322.62109
[Epoch:73/2000] 02600/03000, Loss=0.00314, gfake=-9.29559 errG=35895.15625
[Epoch:73/2000] 02800/03000, Loss=0.00125, gfake=-9.22968 errG=19828.74414
Epoch:73, Derain_Loss=0.00171
This epoch take time 313.56
----------------------------------------------------------------------------------------------------
lr_Derain 0.000200
lr_ED 0.000100
lrD 0.000400
[Epoch:74/2000] 00000/03000, Loss=0.00158, gfake=-13.31863 errG=22596.62305
[Epoch:74/2000] 00200/03000, Loss=0.00110, gfake=-16.21381 errG=20271.17383
[Epoch:74/2000] 00400/03000, Loss=0.00287, gfake=-11.57577 errG=30233.64844
[Epoch:74/2000] 00600/03000, Loss=0.00121, gfake=-6.12464 errG=26607.28320
[Epoch:74/2000] 00800/03000, Loss=0.00127, gfake=-9.76002 errG=20712.50000
[Epoch:74/2000] 01000/03000, Loss=0.00193, gfake=-1.62593 errG=31339.19922
[Epoch:74/2000] 01200/03000, Loss=0.00164, gfake=-7.66339 errG=27683.08398
[Epoch:74/2000] 01400/03000, Loss=0.00197, gfake=-5.22668 errG=24415.08203
[Epoch:74/2000] 01600/03000, Loss=0.00200, gfake=-22.27682 errG=23486.91602
[Epoch:74/2000] 01800/03000, Loss=0.00109, gfake=-5.16816 errG=22917.61328
[Epoch:74/2000] 02000/03000, Loss=0.00115, gfake=-6.54813 errG=22345.87305
[Epoch:74/2000] 02200/03000, Loss=0.00270, gfake=-9.54158 errG=25118.43359
[Epoch:74/2000] 02400/03000, Loss=0.00079, gfake=-5.55891 errG=12981.74023
[Epoch:74/2000] 02600/03000, Loss=0.00127, gfake=-14.19972 errG=20696.08203
[Epoch:74/2000] 02800/03000, Loss=0.00123, gfake=-3.60511 errG=21359.68945
Epoch:74, Derain_Loss=0.00171
This epoch take time 310.01
----------------------------------------------------------------------------------------------------
lr_Derain 0.000200
lr_ED 0.000100
lrD 0.000400
[Epoch:75/2000] 00000/03000, Loss=0.00137, gfake=-1.09816 errG=26524.69336
[Epoch:75/2000] 00200/03000, Loss=0.00199, gfake=-12.02019 errG=29030.51953
[Epoch:75/2000] 00400/03000, Loss=0.00161, gfake=-9.28725 errG=18376.17578
[Epoch:75/2000] 00600/03000, Loss=0.00101, gfake=-13.43000 errG=20024.96680
[Epoch:75/2000] 00800/03000, Loss=0.00108, gfake=-10.89993 errG=20055.88477
[Epoch:75/2000] 01000/03000, Loss=0.00225, gfake=-14.55279 errG=26477.33984
[Epoch:75/2000] 01200/03000, Loss=0.00171, gfake=-18.88281 errG=24190.33594
[Epoch:75/2000] 01400/03000, Loss=0.00147, gfake=1.71625 errG=23010.23633
[Epoch:75/2000] 01600/03000, Loss=0.00155, gfake=-15.04677 errG=22784.21680
[Epoch:75/2000] 01800/03000, Loss=0.00204, gfake=-7.96745 errG=31688.00586
[Epoch:75/2000] 02000/03000, Loss=0.00095, gfake=-14.56401 errG=18303.77734
[Epoch:75/2000] 02200/03000, Loss=0.00194, gfake=-9.54188 errG=30083.01953
[Epoch:75/2000] 02400/03000, Loss=0.00156, gfake=-14.28749 errG=21209.08203
[Epoch:75/2000] 02600/03000, Loss=0.00275, gfake=-3.86349 errG=37200.10547
[Epoch:75/2000] 02800/03000, Loss=0.00132, gfake=-9.62781 errG=22867.12305
Epoch:75, Derain_Loss=0.00172
This epoch take time 312.07
----------------------------------------------------------------------------------------------------
lr_Derain 0.000200
lr_ED 0.000100
lrD 0.000400
[Epoch:76/2000] 00000/03000, Loss=0.00173, gfake=-9.63367 errG=24647.47070
[Epoch:76/2000] 00200/03000, Loss=0.00138, gfake=-5.40297 errG=22369.64062
[Epoch:76/2000] 00400/03000, Loss=0.00171, gfake=-1.37531 errG=20934.79883
[Epoch:76/2000] 00600/03000, Loss=0.00383, gfake=-12.42187 errG=33777.45312
[Epoch:76/2000] 00800/03000, Loss=0.00187, gfake=-13.87328 errG=20929.74609
[Epoch:76/2000] 01000/03000, Loss=0.00264, gfake=-2.47349 errG=26280.30859
[Epoch:76/2000] 01200/03000, Loss=0.00183, gfake=-10.57432 errG=26120.83984
[Epoch:76/2000] 01400/03000, Loss=0.00144, gfake=-6.10021 errG=24975.58398
[Epoch:76/2000] 01600/03000, Loss=0.00230, gfake=-15.82567 errG=26891.40234
[Epoch:76/2000] 01800/03000, Loss=0.00170, gfake=-12.10086 errG=25097.74023
[Epoch:76/2000] 02000/03000, Loss=0.00163, gfake=-15.88059 errG=17274.50195
[Epoch:76/2000] 02200/03000, Loss=0.00244, gfake=-14.31006 errG=24724.60352
[Epoch:76/2000] 02400/03000, Loss=0.00118, gfake=-15.89547 errG=22743.93164
[Epoch:76/2000] 02600/03000, Loss=0.00222, gfake=-8.06096 errG=24877.89648
[Epoch:76/2000] 02800/03000, Loss=0.00101, gfake=-27.43380 errG=17096.71680
Epoch:76, Derain_Loss=0.00171
This epoch take time 311.88
----------------------------------------------------------------------------------------------------
lr_Derain 0.000200
lr_ED 0.000100
lrD 0.000400
[Epoch:77/2000] 00000/03000, Loss=0.00157, gfake=-21.59721 errG=19414.07617
[Epoch:77/2000] 00200/03000, Loss=0.00176, gfake=-18.74739 errG=23399.88281
[Epoch:77/2000] 00400/03000, Loss=0.00159, gfake=-14.93806 errG=18968.65820
[Epoch:77/2000] 00600/03000, Loss=0.00191, gfake=-12.91389 errG=21961.38867
[Epoch:77/2000] 00800/03000, Loss=0.00181, gfake=-10.85677 errG=25203.51172
[Epoch:77/2000] 01000/03000, Loss=0.00134, gfake=-11.06658 errG=17897.84375
[Epoch:77/2000] 01200/03000, Loss=0.00153, gfake=-17.89836 errG=18932.07617
[Epoch:77/2000] 01400/03000, Loss=0.00198, gfake=-10.31459 errG=20651.14844
[Epoch:77/2000] 01600/03000, Loss=0.00113, gfake=-11.09958 errG=15336.09570
[Epoch:77/2000] 01800/03000, Loss=0.00170, gfake=-7.80994 errG=26640.61914
[Epoch:77/2000] 02000/03000, Loss=0.00295, gfake=-11.45903 errG=31759.43945
[Epoch:77/2000] 02200/03000, Loss=0.00198, gfake=-11.79619 errG=24914.68945
[Epoch:77/2000] 02400/03000, Loss=0.00065, gfake=-7.37148 errG=13164.78516
[Epoch:77/2000] 02600/03000, Loss=0.00216, gfake=-2.44935 errG=23997.48242
[Epoch:77/2000] 02800/03000, Loss=0.00168, gfake=-11.93837 errG=26552.16211
Epoch:77, Derain_Loss=0.00172
This epoch take time 310.30
----------------------------------------------------------------------------------------------------
lr_Derain 0.000200
lr_ED 0.000100
lrD 0.000400
[Epoch:78/2000] 00000/03000, Loss=0.00252, gfake=-11.83372 errG=29496.46094
[Epoch:78/2000] 00200/03000, Loss=0.00207, gfake=-5.23806 errG=30562.41602
[Epoch:78/2000] 00400/03000, Loss=0.00091, gfake=-11.84791 errG=13055.62012
[Epoch:78/2000] 00600/03000, Loss=0.00349, gfake=-10.98331 errG=33962.61719
[Epoch:78/2000] 00800/03000, Loss=0.00098, gfake=-12.35649 errG=17166.64844
[Epoch:78/2000] 01000/03000, Loss=0.00126, gfake=0.98553 errG=20441.90820
[Epoch:78/2000] 01200/03000, Loss=0.00156, gfake=-10.91695 errG=28668.62109
[Epoch:78/2000] 01400/03000, Loss=0.00100, gfake=-16.70380 errG=15245.09180
[Epoch:78/2000] 01600/03000, Loss=0.00151, gfake=-10.32910 errG=19651.76172
[Epoch:78/2000] 01800/03000, Loss=0.00119, gfake=-3.02821 errG=27870.57617
[Epoch:78/2000] 02000/03000, Loss=0.00182, gfake=-7.22387 errG=27319.81641
[Epoch:78/2000] 02200/03000, Loss=0.00382, gfake=-8.86245 errG=28924.78516
[Epoch:78/2000] 02400/03000, Loss=0.00196, gfake=-10.36630 errG=23126.10742
[Epoch:78/2000] 02600/03000, Loss=0.00101, gfake=1.83964 errG=20642.11523
[Epoch:78/2000] 02800/03000, Loss=0.00127, gfake=-9.61606 errG=20697.75391
Epoch:78, Derain_Loss=0.00172
This epoch take time 309.52
----------------------------------------------------------------------------------------------------
lr_Derain 0.000200
lr_ED 0.000100
lrD 0.000400
[Epoch:79/2000] 00000/03000, Loss=0.00146, gfake=-10.85427 errG=27912.51758
[Epoch:79/2000] 00200/03000, Loss=0.00296, gfake=-8.84993 errG=34632.75391
[Epoch:79/2000] 00400/03000, Loss=0.00183, gfake=-11.32573 errG=20832.34375
[Epoch:79/2000] 00600/03000, Loss=0.00158, gfake=-7.68963 errG=21036.91602
[Epoch:79/2000] 00800/03000, Loss=0.00167, gfake=-0.84230 errG=20690.12891
[Epoch:79/2000] 01000/03000, Loss=0.00158, gfake=-9.34758 errG=18279.67188
[Epoch:79/2000] 01200/03000, Loss=0.00168, gfake=-9.76444 errG=24253.47266
[Epoch:79/2000] 01400/03000, Loss=0.00163, gfake=3.63697 errG=32874.48047
[Epoch:79/2000] 01600/03000, Loss=0.00113, gfake=-9.12115 errG=22840.19922
[Epoch:79/2000] 01800/03000, Loss=0.00208, gfake=-15.35249 errG=19973.16016
[Epoch:79/2000] 02000/03000, Loss=0.00122, gfake=-10.65646 errG=19467.69531
[Epoch:79/2000] 02200/03000, Loss=0.00103, gfake=-14.42876 errG=23024.04297
[Epoch:79/2000] 02400/03000, Loss=0.00084, gfake=-3.59882 errG=25188.58789
[Epoch:79/2000] 02600/03000, Loss=0.00137, gfake=-14.62109 errG=23672.61133
[Epoch:79/2000] 02800/03000, Loss=0.00097, gfake=-2.40497 errG=23802.90625
Epoch:79, Derain_Loss=0.00172
This epoch take time 309.65
----------------------------------------------------------------------------------------------------
lr_Derain 0.000200
lr_ED 0.000100
lrD 0.000400
[Epoch:80/2000] 00000/03000, Loss=0.00262, gfake=-19.41744 errG=32926.34375
[Epoch:80/2000] 00200/03000, Loss=0.00188, gfake=-7.20526 errG=33138.29297
[Epoch:80/2000] 00400/03000, Loss=0.00150, gfake=-9.96359 errG=16954.75391
[Epoch:80/2000] 00600/03000, Loss=0.00116, gfake=5.62443 errG=25617.60352
[Epoch:80/2000] 00800/03000, Loss=0.00203, gfake=-17.08831 errG=23978.68164
[Epoch:80/2000] 01000/03000, Loss=0.00281, gfake=-9.95719 errG=26183.68750
[Epoch:80/2000] 01200/03000, Loss=0.00120, gfake=1.25172 errG=24867.30859
[Epoch:80/2000] 01400/03000, Loss=0.00228, gfake=-13.62996 errG=28964.20898
[Epoch:80/2000] 01600/03000, Loss=0.00207, gfake=-13.88342 errG=20364.06250
[Epoch:80/2000] 01800/03000, Loss=0.00231, gfake=-0.49218 errG=27433.22266
[Epoch:80/2000] 02000/03000, Loss=0.00121, gfake=-9.56106 errG=21857.79102
[Epoch:80/2000] 02200/03000, Loss=0.00170, gfake=-13.06776 errG=21728.50781
[Epoch:80/2000] 02400/03000, Loss=0.00168, gfake=-12.88277 errG=21634.09961
[Epoch:80/2000] 02600/03000, Loss=0.00255, gfake=-10.88189 errG=24506.47461
[Epoch:80/2000] 02800/03000, Loss=0.00110, gfake=-9.74259 errG=18055.45703
Epoch:80, Derain_Loss=0.00169
This epoch take time 310.85
----------------------------------------------------------------------------------------------------
lr_Derain 0.000200
lr_ED 0.000100
lrD 0.000400
[Epoch:81/2000] 00000/03000, Loss=0.00117, gfake=-14.41303 errG=19082.98242
[Epoch:81/2000] 00200/03000, Loss=0.00160, gfake=-4.87200 errG=27167.06055
[Epoch:81/2000] 00400/03000, Loss=0.00197, gfake=-5.81755 errG=28675.72852
[Epoch:81/2000] 00600/03000, Loss=0.00152, gfake=-8.89469 errG=24037.19336
[Epoch:81/2000] 00800/03000, Loss=0.00283, gfake=-10.32454 errG=25173.09375
[Epoch:81/2000] 01000/03000, Loss=0.00226, gfake=-8.02028 errG=22932.19727
[Epoch:81/2000] 01200/03000, Loss=0.00152, gfake=-12.60722 errG=24120.93555
[Epoch:81/2000] 01400/03000, Loss=0.00237, gfake=-8.59759 errG=31969.07812
[Epoch:81/2000] 01600/03000, Loss=0.00111, gfake=-3.39936 errG=22829.88086
[Epoch:81/2000] 01800/03000, Loss=0.00179, gfake=-13.01653 errG=24626.30273
[Epoch:81/2000] 02000/03000, Loss=0.00106, gfake=0.93092 errG=27785.49219
[Epoch:81/2000] 02200/03000, Loss=0.00195, gfake=-12.38084 errG=23496.08789
[Epoch:81/2000] 02400/03000, Loss=0.00137, gfake=-11.68460 errG=20210.04102
[Epoch:81/2000] 02600/03000, Loss=0.00120, gfake=-9.61984 errG=18288.11914
[Epoch:81/2000] 02800/03000, Loss=0.00199, gfake=-3.24424 errG=30965.41016
Epoch:81, Derain_Loss=0.00168
This epoch take time 309.70
----------------------------------------------------------------------------------------------------
lr_Derain 0.000200
lr_ED 0.000100
lrD 0.000400
[Epoch:82/2000] 00000/03000, Loss=0.00186, gfake=-18.31894 errG=24990.77344
[Epoch:82/2000] 00200/03000, Loss=0.00130, gfake=-8.70031 errG=25021.36719
[Epoch:82/2000] 00400/03000, Loss=0.00137, gfake=-10.86430 errG=18442.78320
[Epoch:82/2000] 00600/03000, Loss=0.00230, gfake=-11.41119 errG=26156.91797
[Epoch:82/2000] 00800/03000, Loss=0.00238, gfake=-6.78098 errG=26035.29883
[Epoch:82/2000] 01000/03000, Loss=0.00171, gfake=-11.84863 errG=20703.93750
[Epoch:82/2000] 01200/03000, Loss=0.00317, gfake=-4.71942 errG=25981.84766
[Epoch:82/2000] 01400/03000, Loss=0.00141, gfake=-10.18953 errG=26256.49023
[Epoch:82/2000] 01600/03000, Loss=0.00184, gfake=-6.71645 errG=22288.42773
[Epoch:82/2000] 01800/03000, Loss=0.00146, gfake=-0.30001 errG=26555.35547
[Epoch:82/2000] 02000/03000, Loss=0.00164, gfake=-4.11192 errG=28404.43945
[Epoch:82/2000] 02200/03000, Loss=0.00105, gfake=-7.58521 errG=23573.69922
[Epoch:82/2000] 02400/03000, Loss=0.00148, gfake=-8.32179 errG=23019.47461
[Epoch:82/2000] 02600/03000, Loss=0.00100, gfake=-6.71243 errG=25522.00781
[Epoch:82/2000] 02800/03000, Loss=0.00202, gfake=-10.46276 errG=31673.11914
Epoch:82, Derain_Loss=0.00168
This epoch take time 309.92
----------------------------------------------------------------------------------------------------
lr_Derain 0.000200
lr_ED 0.000100
lrD 0.000400
[Epoch:83/2000] 00000/03000, Loss=0.00199, gfake=-2.32292 errG=25733.33398
[Epoch:83/2000] 00200/03000, Loss=0.00166, gfake=-12.05291 errG=20331.62109
[Epoch:83/2000] 00400/03000, Loss=0.00200, gfake=-7.60877 errG=24845.88086
[Epoch:83/2000] 00600/03000, Loss=0.00116, gfake=-8.69022 errG=17435.98438
[Epoch:83/2000] 00800/03000, Loss=0.00175, gfake=-17.82858 errG=22436.20312
[Epoch:83/2000] 01000/03000, Loss=0.00147, gfake=-11.91891 errG=25334.64648
[Epoch:83/2000] 01200/03000, Loss=0.00126, gfake=-16.84407 errG=17330.98242
[Epoch:83/2000] 01400/03000, Loss=0.00182, gfake=-11.18349 errG=22705.90820
[Epoch:83/2000] 01600/03000, Loss=0.00162, gfake=-7.91554 errG=21760.43359
[Epoch:83/2000] 01800/03000, Loss=0.00184, gfake=-18.07921 errG=27589.67383
[Epoch:83/2000] 02000/03000, Loss=0.00148, gfake=-15.80995 errG=23026.16797
[Epoch:83/2000] 02200/03000, Loss=0.00213, gfake=-9.12937 errG=28772.57422
[Epoch:83/2000] 02400/03000, Loss=0.00147, gfake=-11.78763 errG=29163.22070
[Epoch:83/2000] 02600/03000, Loss=0.00096, gfake=-11.87000 errG=14420.99902
[Epoch:83/2000] 02800/03000, Loss=0.00146, gfake=3.31277 errG=23351.92578
Epoch:83, Derain_Loss=0.00166
This epoch take time 311.16
----------------------------------------------------------------------------------------------------
lr_Derain 0.000200
lr_ED 0.000100
lrD 0.000400
[Epoch:84/2000] 00000/03000, Loss=0.00179, gfake=-13.68899 errG=28095.95508
[Epoch:84/2000] 00200/03000, Loss=0.00173, gfake=-15.99364 errG=23970.84180
[Epoch:84/2000] 00400/03000, Loss=0.00233, gfake=-12.39776 errG=23725.89648
[Epoch:84/2000] 00600/03000, Loss=0.00173, gfake=-17.77832 errG=22338.72266
[Epoch:84/2000] 00800/03000, Loss=0.00159, gfake=-7.68436 errG=19732.41211
[Epoch:84/2000] 01000/03000, Loss=0.00109, gfake=-4.14993 errG=19867.01172
[Epoch:84/2000] 01200/03000, Loss=0.00115, gfake=-10.61018 errG=20863.93359
[Epoch:84/2000] 01400/03000, Loss=0.00174, gfake=-9.67908 errG=24729.45898
[Epoch:84/2000] 01600/03000, Loss=0.00155, gfake=-7.78116 errG=20320.83008
[Epoch:84/2000] 01800/03000, Loss=0.00133, gfake=-14.81695 errG=18905.22070
[Epoch:84/2000] 02000/03000, Loss=0.00207, gfake=-12.78074 errG=16820.81250
[Epoch:84/2000] 02200/03000, Loss=0.00243, gfake=6.28417 errG=38827.53516
[Epoch:84/2000] 02400/03000, Loss=0.00200, gfake=-10.91697 errG=30000.21680
[Epoch:84/2000] 02600/03000, Loss=0.00116, gfake=-5.32945 errG=23408.26953
[Epoch:84/2000] 02800/03000, Loss=0.00214, gfake=-2.32216 errG=32747.25195
Epoch:84, Derain_Loss=0.00165
This epoch take time 310.72
----------------------------------------------------------------------------------------------------
lr_Derain 0.000200
lr_ED 0.000100
lrD 0.000400
[Epoch:85/2000] 00000/03000, Loss=0.00090, gfake=-17.48266 errG=17109.79297
[Epoch:85/2000] 00200/03000, Loss=0.00178, gfake=2.32811 errG=32622.45703
[Epoch:85/2000] 00400/03000, Loss=0.00176, gfake=-14.38906 errG=22745.24414
[Epoch:85/2000] 00600/03000, Loss=0.00105, gfake=-12.90691 errG=21035.21680
[Epoch:85/2000] 00800/03000, Loss=0.00305, gfake=-1.41435 errG=31438.01367
[Epoch:85/2000] 01000/03000, Loss=0.00303, gfake=0.15207 errG=35658.37891
[Epoch:85/2000] 01200/03000, Loss=0.00160, gfake=-6.13361 errG=24227.96289
[Epoch:85/2000] 01400/03000, Loss=0.00197, gfake=-3.40714 errG=22955.38867
[Epoch:85/2000] 01600/03000, Loss=0.00222, gfake=-3.68539 errG=23809.58203
[Epoch:85/2000] 01800/03000, Loss=0.00082, gfake=-17.95433 errG=15408.68066
[Epoch:85/2000] 02000/03000, Loss=0.00153, gfake=-10.45609 errG=24520.27930
[Epoch:85/2000] 02200/03000, Loss=0.00163, gfake=-12.35825 errG=21342.25195
[Epoch:85/2000] 02400/03000, Loss=0.00179, gfake=-1.49014 errG=28928.37109
[Epoch:85/2000] 02600/03000, Loss=0.00159, gfake=-10.04457 errG=23781.32422
[Epoch:85/2000] 02800/03000, Loss=0.00126, gfake=0.76655 errG=19669.28906
Epoch:85, Derain_Loss=0.00169
This epoch take time 310.75
----------------------------------------------------------------------------------------------------
lr_Derain 0.000200
lr_ED 0.000100
lrD 0.000400
[Epoch:86/2000] 00000/03000, Loss=0.00173, gfake=-12.74678 errG=21543.43164
[Epoch:86/2000] 00200/03000, Loss=0.00149, gfake=-14.68682 errG=26670.70117
[Epoch:86/2000] 00400/03000, Loss=0.00236, gfake=-10.45341 errG=30974.16406
[Epoch:86/2000] 00600/03000, Loss=0.00194, gfake=-4.72081 errG=25673.88477
[Epoch:86/2000] 00800/03000, Loss=0.00111, gfake=-5.78452 errG=25687.66992
[Epoch:86/2000] 01000/03000, Loss=0.00241, gfake=-5.98054 errG=23981.78711
[Epoch:86/2000] 01200/03000, Loss=0.00121, gfake=-16.70026 errG=21238.90039
[Epoch:86/2000] 01400/03000, Loss=0.00150, gfake=-7.59559 errG=20240.49609
[Epoch:86/2000] 01600/03000, Loss=0.00198, gfake=-12.41867 errG=25729.04102
[Epoch:86/2000] 01800/03000, Loss=0.00288, gfake=-6.79426 errG=34303.17969
[Epoch:86/2000] 02000/03000, Loss=0.00093, gfake=-23.64977 errG=16338.80273
[Epoch:86/2000] 02200/03000, Loss=0.00102, gfake=-6.64948 errG=16644.31250
[Epoch:86/2000] 02400/03000, Loss=0.00175, gfake=-7.75082 errG=22379.83984
[Epoch:86/2000] 02600/03000, Loss=0.00168, gfake=-8.64844 errG=19825.92188
[Epoch:86/2000] 02800/03000, Loss=0.00083, gfake=-3.16450 errG=17867.04883
Epoch:86, Derain_Loss=0.00166
This epoch take time 309.92
----------------------------------------------------------------------------------------------------
lr_Derain 0.000200
lr_ED 0.000100
lrD 0.000400
[Epoch:87/2000] 00000/03000, Loss=0.00122, gfake=-10.39014 errG=22504.93359
[Epoch:87/2000] 00200/03000, Loss=0.00170, gfake=-6.80773 errG=25716.75000
[Epoch:87/2000] 00400/03000, Loss=0.00228, gfake=-13.35589 errG=28804.85938
[Epoch:87/2000] 00600/03000, Loss=0.00161, gfake=-2.55998 errG=26654.30273
[Epoch:87/2000] 00800/03000, Loss=0.00184, gfake=-17.74601 errG=22785.51758
[Epoch:87/2000] 01000/03000, Loss=0.00200, gfake=-14.67457 errG=23991.12305
[Epoch:87/2000] 01200/03000, Loss=0.00173, gfake=-12.27087 errG=22266.23633
[Epoch:87/2000] 01400/03000, Loss=0.00100, gfake=-4.11861 errG=18597.93164
[Epoch:87/2000] 01600/03000, Loss=0.00187, gfake=-19.54446 errG=22770.73828
[Epoch:87/2000] 01800/03000, Loss=0.00127, gfake=-12.23338 errG=15747.26562
[Epoch:87/2000] 02000/03000, Loss=0.00133, gfake=1.92627 errG=18930.24609
[Epoch:87/2000] 02200/03000, Loss=0.00189, gfake=0.53752 errG=26559.54883
[Epoch:87/2000] 02400/03000, Loss=0.00123, gfake=-11.52751 errG=23828.50195
[Epoch:87/2000] 02600/03000, Loss=0.00153, gfake=-22.18415 errG=20861.35352
[Epoch:87/2000] 02800/03000, Loss=0.00154, gfake=-10.45339 errG=26409.43359
Epoch:87, Derain_Loss=0.00168
This epoch take time 310.53
----------------------------------------------------------------------------------------------------
lr_Derain 0.000200
lr_ED 0.000100
lrD 0.000400
[Epoch:88/2000] 00000/03000, Loss=0.00200, gfake=-3.41935 errG=25724.09961
[Epoch:88/2000] 00200/03000, Loss=0.00177, gfake=-2.68903 errG=20069.00977
[Epoch:88/2000] 00400/03000, Loss=0.00097, gfake=-9.80521 errG=22517.80859
[Epoch:88/2000] 00600/03000, Loss=0.00135, gfake=-1.93009 errG=23976.66602
[Epoch:88/2000] 00800/03000, Loss=0.00183, gfake=-12.61704 errG=25317.14062
[Epoch:88/2000] 01000/03000, Loss=0.00175, gfake=-15.33552 errG=22932.00195
[Epoch:88/2000] 01200/03000, Loss=0.00124, gfake=-7.96115 errG=23133.21094
[Epoch:88/2000] 01400/03000, Loss=0.00245, gfake=-4.33402 errG=27488.22266
[Epoch:88/2000] 01600/03000, Loss=0.00194, gfake=-14.11493 errG=25931.19141
[Epoch:88/2000] 01800/03000, Loss=0.00248, gfake=-10.27937 errG=23870.14648
[Epoch:88/2000] 02000/03000, Loss=0.00222, gfake=-9.04199 errG=26920.56641
[Epoch:88/2000] 02200/03000, Loss=0.00176, gfake=2.32638 errG=29662.73438
[Epoch:88/2000] 02400/03000, Loss=0.00147, gfake=-3.11564 errG=25556.89453
[Epoch:88/2000] 02600/03000, Loss=0.00174, gfake=-6.70329 errG=21662.04883
[Epoch:88/2000] 02800/03000, Loss=0.00159, gfake=-4.34257 errG=25513.15625
Epoch:88, Derain_Loss=0.00166
This epoch take time 310.13
----------------------------------------------------------------------------------------------------
lr_Derain 0.000200
lr_ED 0.000100
lrD 0.000400
[Epoch:89/2000] 00000/03000, Loss=0.00179, gfake=-12.96164 errG=21330.17383
[Epoch:89/2000] 00200/03000, Loss=0.00126, gfake=3.28050 errG=32391.25391
[Epoch:89/2000] 00400/03000, Loss=0.00112, gfake=-14.86686 errG=22261.26172
[Epoch:89/2000] 00600/03000, Loss=0.00148, gfake=-12.28774 errG=21620.83594
[Epoch:89/2000] 00800/03000, Loss=0.00243, gfake=-6.80659 errG=33596.41016
[Epoch:89/2000] 01000/03000, Loss=0.00212, gfake=-12.89352 errG=25035.91602
[Epoch:89/2000] 01200/03000, Loss=0.00201, gfake=-8.78106 errG=23520.36133
[Epoch:89/2000] 01400/03000, Loss=0.00166, gfake=-4.18654 errG=24880.08789
[Epoch:89/2000] 01600/03000, Loss=0.00171, gfake=-10.77421 errG=23696.39453
[Epoch:89/2000] 01800/03000, Loss=0.00180, gfake=-14.42365 errG=23827.45898
[Epoch:89/2000] 02000/03000, Loss=0.00191, gfake=-7.93343 errG=23409.92383
[Epoch:89/2000] 02200/03000, Loss=0.00177, gfake=-8.58490 errG=25546.54883
[Epoch:89/2000] 02400/03000, Loss=0.00178, gfake=-1.65385 errG=25701.55469
[Epoch:89/2000] 02600/03000, Loss=0.00136, gfake=-10.86641 errG=21986.25781
[Epoch:89/2000] 02800/03000, Loss=0.00107, gfake=-11.16735 errG=19870.39453
Epoch:89, Derain_Loss=0.00166
This epoch take time 310.41
----------------------------------------------------------------------------------------------------
lr_Derain 0.000200
lr_ED 0.000100
lrD 0.000400
[Epoch:90/2000] 00000/03000, Loss=0.00165, gfake=-12.84741 errG=24529.27539
[Epoch:90/2000] 00200/03000, Loss=0.00130, gfake=-22.06439 errG=14011.28125
[Epoch:90/2000] 00400/03000, Loss=0.00209, gfake=-15.18413 errG=27260.87305
[Epoch:90/2000] 00600/03000, Loss=0.00175, gfake=-11.94419 errG=20561.79883
[Epoch:90/2000] 00800/03000, Loss=0.00177, gfake=-8.00536 errG=21039.71680
[Epoch:90/2000] 01000/03000, Loss=0.00159, gfake=-18.87046 errG=20041.08594
[Epoch:90/2000] 01200/03000, Loss=0.00145, gfake=-14.24484 errG=15874.55664
[Epoch:90/2000] 01400/03000, Loss=0.00088, gfake=-8.57061 errG=23550.48047
[Epoch:90/2000] 01600/03000, Loss=0.00128, gfake=-14.76748 errG=21680.46875
[Epoch:90/2000] 01800/03000, Loss=0.00173, gfake=-12.95261 errG=23179.29883
[Epoch:90/2000] 02000/03000, Loss=0.00133, gfake=-6.74798 errG=27855.44141
[Epoch:90/2000] 02200/03000, Loss=0.00127, gfake=-10.28071 errG=20949.57812
[Epoch:90/2000] 02400/03000, Loss=0.00120, gfake=-10.93878 errG=21357.12695
[Epoch:90/2000] 02600/03000, Loss=0.00114, gfake=-19.13617 errG=17316.40820
[Epoch:90/2000] 02800/03000, Loss=0.00109, gfake=-18.75750 errG=18460.94922
Epoch:90, Derain_Loss=0.00164
This epoch take time 310.46
----------------------------------------------------------------------------------------------------
lr_Derain 0.000200
lr_ED 0.000100
lrD 0.000400
[Epoch:91/2000] 00000/03000, Loss=0.00122, gfake=-10.18447 errG=21288.04297
[Epoch:91/2000] 00200/03000, Loss=0.00166, gfake=-12.70746 errG=18581.60156
[Epoch:91/2000] 00400/03000, Loss=0.00105, gfake=-14.32434 errG=18286.13672
[Epoch:91/2000] 00600/03000, Loss=0.00210, gfake=-12.42409 errG=21389.30859
[Epoch:91/2000] 00800/03000, Loss=0.00163, gfake=-14.09997 errG=20561.60547
[Epoch:91/2000] 01000/03000, Loss=0.00163, gfake=-13.04832 errG=25369.16602
[Epoch:91/2000] 01200/03000, Loss=0.00124, gfake=-14.16647 errG=20988.34766
[Epoch:91/2000] 01400/03000, Loss=0.00296, gfake=-16.07133 errG=25578.97852
[Epoch:91/2000] 01600/03000, Loss=0.00081, gfake=-9.64061 errG=22536.34961
[Epoch:91/2000] 01800/03000, Loss=0.00201, gfake=-10.10503 errG=24751.49023
[Epoch:91/2000] 02000/03000, Loss=0.00154, gfake=-15.39763 errG=21164.42383
[Epoch:91/2000] 02200/03000, Loss=0.00195, gfake=-7.68396 errG=24408.82422
[Epoch:91/2000] 02400/03000, Loss=0.00182, gfake=-6.41200 errG=25903.38672
[Epoch:91/2000] 02600/03000, Loss=0.00145, gfake=-8.22718 errG=25782.08398
[Epoch:91/2000] 02800/03000, Loss=0.00202, gfake=-5.14310 errG=30312.11914
Epoch:91, Derain_Loss=0.00165
This epoch take time 310.18
----------------------------------------------------------------------------------------------------
lr_Derain 0.000200
lr_ED 0.000100
lrD 0.000400
