True
Using 1 GPUs.
Loading generator from: %s checkpoints/rain/models/GAN_GEN_4_4.pth
Loading discriminator from: %s checkpoints/rain/models/GAN_DIS_4_4.pth
Loading shadow generator from: %s checkpoints/rain/models/GAN_GEN_SHADOW_4_4.pth
Loading generator optimizer from: %s checkpoints/rain/models/GAN_GEN_OPTIM_4_4.pth
Loading discriminator optimizer from: %s checkpoints/rain/models/GAN_DIS_OPTIM_4_4.pth
Starting the training process ... 

Currently working on depth: %d 1
Current resolution: 4 x 4
Epoch: [1]
Elapsed: [0:00:05] Epoch:1 Step: 1  Batch: 1  D_Loss: 1.483287  G_Loss: 0.577233
##################
current_depth: 0 alpha:0
use_ema True
scale_factor 32
##################
Elapsed: [0:00:22] Epoch:1 Step: 71  Batch: 71  D_Loss: 1.386657  G_Loss: 0.693392
##################
current_depth: 0 alpha:0
use_ema True
scale_factor 32
##################
Elapsed: [0:00:39] Epoch:1 Step: 142  Batch: 142  D_Loss: 1.386489  G_Loss: 0.693252
##################
current_depth: 0 alpha:0
use_ema True
scale_factor 32
##################
Elapsed: [0:00:57] Epoch:1 Step: 213  Batch: 213  D_Loss: 1.388398  G_Loss: 0.692362
##################
current_depth: 0 alpha:0
use_ema True
scale_factor 32
##################
Elapsed: [0:01:14] Epoch:1 Step: 284  Batch: 284  D_Loss: 1.386605  G_Loss: 0.693682
##################
current_depth: 0 alpha:0
use_ema True
scale_factor 32
##################
Elapsed: [0:01:32] Epoch:1 Step: 355  Batch: 355  D_Loss: 1.386500  G_Loss: 0.693377
##################
current_depth: 0 alpha:0
use_ema True
scale_factor 32
##################
Elapsed: [0:01:49] Epoch:1 Step: 426  Batch: 426  D_Loss: 1.387005  G_Loss: 0.693911
##################
current_depth: 0 alpha:0
use_ema True
scale_factor 32
##################
Elapsed: [0:02:07] Epoch:1 Step: 497  Batch: 497  D_Loss: 1.386576  G_Loss: 0.692844
##################
current_depth: 0 alpha:0
use_ema True
scale_factor 32
##################
Elapsed: [0:02:25] Epoch:1 Step: 568  Batch: 568  D_Loss: 1.386368  G_Loss: 0.693577
##################
current_depth: 0 alpha:0
use_ema True
scale_factor 32
##################
Elapsed: [0:02:42] Epoch:1 Step: 639  Batch: 639  D_Loss: 1.386499  G_Loss: 0.692389
##################
current_depth: 0 alpha:0
use_ema True
scale_factor 32
##################
Time taken for epoch: 0:02:57

Saving the model to: checkpoints/rain/models/GAN_GEN_0_1.pth

Saving the model to: checkpoints/rain/models/GAN_GEN_SHADOW_0_1.pth

Epoch: [2]
Elapsed: [0:03:04] Epoch:2 Step: 704  Batch: 1  D_Loss: 1.386920  G_Loss: 0.690178
##################
current_depth: 0 alpha:1
use_ema True
scale_factor 32
##################
Elapsed: [0:03:21] Epoch:2 Step: 774  Batch: 71  D_Loss: 1.386627  G_Loss: 0.694393
##################
current_depth: 0 alpha:1
use_ema True
scale_factor 32
##################
Elapsed: [0:03:39] Epoch:2 Step: 845  Batch: 142  D_Loss: 1.386377  G_Loss: 0.691885
##################
current_depth: 0 alpha:1
use_ema True
scale_factor 32
##################
Elapsed: [0:03:57] Epoch:2 Step: 916  Batch: 213  D_Loss: 1.386340  G_Loss: 0.693904
##################
current_depth: 0 alpha:1
use_ema True
scale_factor 32
##################
Elapsed: [0:04:14] Epoch:2 Step: 987  Batch: 284  D_Loss: 1.386356  G_Loss: 0.689956
##################
current_depth: 0 alpha:1
use_ema True
scale_factor 32
##################
Elapsed: [0:04:31] Epoch:2 Step: 1058  Batch: 355  D_Loss: 1.386350  G_Loss: 0.692178
##################
current_depth: 0 alpha:1
use_ema True
scale_factor 32
##################
Elapsed: [0:04:49] Epoch:2 Step: 1129  Batch: 426  D_Loss: 1.386314  G_Loss: 0.689680
##################
current_depth: 0 alpha:1
use_ema True
scale_factor 32
##################
Elapsed: [0:05:07] Epoch:2 Step: 1200  Batch: 497  D_Loss: 1.386307  G_Loss: 0.693061
##################
current_depth: 0 alpha:1
use_ema True
scale_factor 32
##################
Elapsed: [0:05:24] Epoch:2 Step: 1271  Batch: 568  D_Loss: 1.388820  G_Loss: 0.690772
##################
current_depth: 0 alpha:1
use_ema True
scale_factor 32
##################
Elapsed: [0:05:42] Epoch:2 Step: 1342  Batch: 639  D_Loss: 1.388135  G_Loss: 0.694190
##################
current_depth: 0 alpha:1
use_ema True
scale_factor 32
##################
Time taken for epoch: 0:02:55

Saving the model to: checkpoints/rain/models/GAN_GEN_0_2.pth

Saving the model to: checkpoints/rain/models/GAN_GEN_SHADOW_0_2.pth

Currently working on depth: %d 2
Current resolution: 8 x 8
Epoch: [1]
Elapsed: [0:06:05] Epoch:1 Step: 1407  Batch: 1  D_Loss: 1.386548  G_Loss: 0.693459
##################
current_depth: 1 alpha:0
use_ema True
scale_factor 16
##################
Elapsed: [0:06:28] Epoch:1 Step: 1477  Batch: 71  D_Loss: 1.386370  G_Loss: 0.693182
##################
current_depth: 1 alpha:0
use_ema True
scale_factor 16
##################
Elapsed: [0:06:51] Epoch:1 Step: 1548  Batch: 142  D_Loss: 1.386327  G_Loss: 0.693214
##################
current_depth: 1 alpha:0
use_ema True
scale_factor 16
##################
Elapsed: [0:07:13] Epoch:1 Step: 1619  Batch: 213  D_Loss: 1.386351  G_Loss: 0.693298
##################
current_depth: 1 alpha:0
use_ema True
scale_factor 16
##################
Elapsed: [0:07:36] Epoch:1 Step: 1690  Batch: 284  D_Loss: 1.386199  G_Loss: 0.693677
##################
current_depth: 1 alpha:0
use_ema True
scale_factor 16
##################
Elapsed: [0:07:58] Epoch:1 Step: 1761  Batch: 355  D_Loss: 1.386154  G_Loss: 0.693814
##################
current_depth: 1 alpha:0
use_ema True
scale_factor 16
##################
Elapsed: [0:08:19] Epoch:1 Step: 1832  Batch: 426  D_Loss: 1.385665  G_Loss: 0.693385
##################
current_depth: 1 alpha:0
use_ema True
scale_factor 16
##################
Elapsed: [0:08:41] Epoch:1 Step: 1903  Batch: 497  D_Loss: 1.386184  G_Loss: 0.694222
##################
current_depth: 1 alpha:0
use_ema True
scale_factor 16
##################
Elapsed: [0:09:03] Epoch:1 Step: 1974  Batch: 568  D_Loss: 1.386265  G_Loss: 0.692166
##################
current_depth: 1 alpha:0
use_ema True
scale_factor 16
##################
Elapsed: [0:09:25] Epoch:1 Step: 2045  Batch: 639  D_Loss: 1.385557  G_Loss: 0.692919
##################
current_depth: 1 alpha:0
use_ema True
scale_factor 16
##################
Time taken for epoch: 0:03:40

Saving the model to: checkpoints/rain/models/GAN_GEN_1_1.pth

Saving the model to: checkpoints/rain/models/GAN_GEN_SHADOW_1_1.pth

Epoch: [2]
