Random Seed:  2475
lr_Derain 0.000200
lr_ED 0.000100
lrD 0.000400
[Epoch:49/2000] 00000/01575, Loss=0.00221, gfake=-0.14653 errG=1107.56628
[Epoch:49/2000] 00200/01575, Loss=0.00162, gfake=-1.52010 errG=810.91974
[Epoch:49/2000] 00400/01575, Loss=0.00129, gfake=-2.25229 errG=644.47229
[Epoch:49/2000] 00600/01575, Loss=0.00262, gfake=-1.79580 errG=1306.92944
[Epoch:49/2000] 00800/01575, Loss=0.00217, gfake=0.42840 errG=1086.84119
[Epoch:49/2000] 01000/01575, Loss=0.00220, gfake=-0.34630 errG=1100.28943
[Epoch:49/2000] 01200/01575, Loss=0.00169, gfake=-4.39787 errG=838.91174
[Epoch:49/2000] 01400/01575, Loss=0.00199, gfake=-10.67301 errG=985.65521
Epoch:49, Derain_Loss=0.00222
This epoch take time 433.13
----------------------------------------------------------------------------------------------------
lr_Derain 0.000200
lr_ED 0.000100
lrD 0.000400
[Epoch:50/2000] 00000/01575, Loss=0.00247, gfake=4.57179 errG=1237.92139
[Epoch:50/2000] 00200/01575, Loss=0.00216, gfake=6.24530 errG=1088.71240
[Epoch:50/2000] 00400/01575, Loss=0.00232, gfake=5.71482 errG=1164.59436
[Epoch:50/2000] 00600/01575, Loss=0.00300, gfake=-3.82768 errG=1494.58252
[Epoch:50/2000] 00800/01575, Loss=0.00152, gfake=8.44662 errG=767.97211
[Epoch:50/2000] 01000/01575, Loss=0.00286, gfake=8.69786 errG=1439.24976
[Epoch:50/2000] 01200/01575, Loss=0.00184, gfake=14.95070 errG=938.15503
[Epoch:50/2000] 01400/01575, Loss=0.00219, gfake=7.61617 errG=1105.72144
Epoch:50, Derain_Loss=0.00222
This epoch take time 434.60
----------------------------------------------------------------------------------------------------
lr_Derain 0.000200
lr_ED 0.000100
lrD 0.000400
[Epoch:51/2000] 00000/01575, Loss=0.00449, gfake=-6.08623 errG=2240.36353
[Epoch:51/2000] 00200/01575, Loss=0.00394, gfake=-10.42538 errG=1960.46753
[Epoch:51/2000] 00400/01575, Loss=0.00253, gfake=-4.13101 errG=1262.78992
[Epoch:51/2000] 00600/01575, Loss=0.00215, gfake=-5.59839 errG=1068.55640
[Epoch:51/2000] 00800/01575, Loss=0.00261, gfake=-12.63292 errG=1294.00708
[Epoch:51/2000] 01000/01575, Loss=0.00189, gfake=7.92823 errG=954.32050
[Epoch:51/2000] 01200/01575, Loss=0.00254, gfake=3.29975 errG=1273.79492
[Epoch:51/2000] 01400/01575, Loss=0.00411, gfake=1.11515 errG=2055.69165
Epoch:51, Derain_Loss=0.00220
This epoch take time 435.95
----------------------------------------------------------------------------------------------------
lr_Derain 0.000200
lr_ED 0.000100
lrD 0.000400
[Epoch:52/2000] 00000/01575, Loss=0.00289, gfake=1.90706 errG=1445.53931
[Epoch:52/2000] 00200/01575, Loss=0.00181, gfake=0.07706 errG=903.41779
[Epoch:52/2000] 00400/01575, Loss=0.00246, gfake=0.56637 errG=1230.21008
[Epoch:52/2000] 00600/01575, Loss=0.00218, gfake=11.47549 errG=1100.24731
[Epoch:52/2000] 00800/01575, Loss=0.00177, gfake=-0.50519 errG=885.55493
[Epoch:52/2000] 01000/01575, Loss=0.00286, gfake=1.61084 errG=1433.07495
[Epoch:52/2000] 01200/01575, Loss=0.00256, gfake=-0.86286 errG=1277.59387
[Epoch:52/2000] 01400/01575, Loss=0.00205, gfake=-0.57219 errG=1025.84094
Epoch:52, Derain_Loss=0.00219
This epoch take time 435.02
----------------------------------------------------------------------------------------------------
lr_Derain 0.000200
lr_ED 0.000100
lrD 0.000400
[Epoch:53/2000] 00000/01575, Loss=0.00238, gfake=9.02988 errG=1198.64270
[Epoch:53/2000] 00200/01575, Loss=0.00224, gfake=0.75050 errG=1119.57068
[Epoch:53/2000] 00400/01575, Loss=0.00212, gfake=-1.01703 errG=1062.28772
[Epoch:53/2000] 00600/01575, Loss=0.00129, gfake=7.02699 errG=653.53479
[Epoch:53/2000] 00800/01575, Loss=0.00267, gfake=-8.55403 errG=1325.94971
[Epoch:53/2000] 01000/01575, Loss=0.00196, gfake=0.89474 errG=980.95807
[Epoch:53/2000] 01200/01575, Loss=0.00287, gfake=3.11109 errG=1436.76733
[Epoch:53/2000] 01400/01575, Loss=0.00153, gfake=-3.23770 errG=762.29877
Epoch:53, Derain_Loss=0.00218
This epoch take time 429.22
----------------------------------------------------------------------------------------------------
lr_Derain 0.000200
lr_ED 0.000100
lrD 0.000400
[Epoch:54/2000] 00000/01575, Loss=0.00195, gfake=-7.27838 errG=967.86664
[Epoch:54/2000] 00200/01575, Loss=0.00197, gfake=-9.55785 errG=976.61841
[Epoch:54/2000] 00400/01575, Loss=0.00157, gfake=14.09595 errG=800.58862
[Epoch:54/2000] 00600/01575, Loss=0.00214, gfake=-5.29003 errG=1062.87219
[Epoch:54/2000] 00800/01575, Loss=0.00194, gfake=2.78367 errG=971.08643
[Epoch:54/2000] 01000/01575, Loss=0.00308, gfake=2.97208 errG=1541.56567
[Epoch:54/2000] 01200/01575, Loss=0.00228, gfake=3.56023 errG=1144.81750
[Epoch:54/2000] 01400/01575, Loss=0.00236, gfake=-6.79218 errG=1176.91211
Epoch:54, Derain_Loss=0.00214
This epoch take time 434.75
----------------------------------------------------------------------------------------------------
lr_Derain 0.000200
lr_ED 0.000100
lrD 0.000400
[Epoch:55/2000] 00000/01575, Loss=0.00314, gfake=3.17617 errG=1572.04358
[Epoch:55/2000] 00200/01575, Loss=0.00197, gfake=-1.56649 errG=982.42792
[Epoch:55/2000] 00400/01575, Loss=0.00306, gfake=5.11809 errG=1534.21704
[Epoch:55/2000] 00600/01575, Loss=0.00157, gfake=5.27769 errG=789.23083
[Epoch:55/2000] 00800/01575, Loss=0.00253, gfake=-2.39231 errG=1265.76843
[Epoch:55/2000] 01000/01575, Loss=0.00123, gfake=5.11753 errG=618.85040
[Epoch:55/2000] 01200/01575, Loss=0.00264, gfake=0.10532 errG=1318.83752
[Epoch:55/2000] 01400/01575, Loss=0.00253, gfake=-0.27778 errG=1266.21106
Epoch:55, Derain_Loss=0.00217
This epoch take time 432.26
----------------------------------------------------------------------------------------------------
lr_Derain 0.000200
lr_ED 0.000100
lrD 0.000400
[Epoch:56/2000] 00000/01575, Loss=0.00265, gfake=-11.21951 errG=1313.12317
[Epoch:56/2000] 00200/01575, Loss=0.00232, gfake=7.03819 errG=1169.69043
[Epoch:56/2000] 00400/01575, Loss=0.00177, gfake=-7.69329 errG=879.79376
[Epoch:56/2000] 00600/01575, Loss=0.00202, gfake=-3.69276 errG=1005.34033
[Epoch:56/2000] 00800/01575, Loss=0.00218, gfake=-4.21221 errG=1088.63818
[Epoch:56/2000] 01000/01575, Loss=0.00397, gfake=-0.71236 errG=1982.70715
[Epoch:56/2000] 01200/01575, Loss=0.00195, gfake=-2.88489 errG=973.26642
[Epoch:56/2000] 01400/01575, Loss=0.00194, gfake=-2.58037 errG=966.16565
Epoch:56, Derain_Loss=0.00215
This epoch take time 433.51
----------------------------------------------------------------------------------------------------
lr_Derain 0.000200
lr_ED 0.000100
lrD 0.000400
[Epoch:57/2000] 00000/01575, Loss=0.00166, gfake=2.21701 errG=832.55524
[Epoch:57/2000] 00200/01575, Loss=0.00238, gfake=-5.53559 errG=1183.69275
[Epoch:57/2000] 00400/01575, Loss=0.00249, gfake=-8.76906 errG=1236.11011
[Epoch:57/2000] 00600/01575, Loss=0.00248, gfake=7.15103 errG=1247.47009
[Epoch:57/2000] 00800/01575, Loss=0.00202, gfake=4.05324 errG=1016.47290
[Epoch:57/2000] 01000/01575, Loss=0.00234, gfake=4.29950 errG=1174.69409
[Epoch:57/2000] 01200/01575, Loss=0.00202, gfake=1.95456 errG=1013.89362
[Epoch:57/2000] 01400/01575, Loss=0.00197, gfake=7.03314 errG=991.31195
Epoch:57, Derain_Loss=0.00209
This epoch take time 431.45
----------------------------------------------------------------------------------------------------
lr_Derain 0.000200
lr_ED 0.000100
lrD 0.000400
[Epoch:58/2000] 00000/01575, Loss=0.00126, gfake=-1.17801 errG=629.39026
[Epoch:58/2000] 00200/01575, Loss=0.00155, gfake=2.48358 errG=775.66718
[Epoch:58/2000] 00400/01575, Loss=0.00176, gfake=-1.40014 errG=881.51520
[Epoch:58/2000] 00600/01575, Loss=0.00191, gfake=-16.88272 errG=936.99689
[Epoch:58/2000] 00800/01575, Loss=0.00141, gfake=3.69864 errG=710.63367
[Epoch:58/2000] 01000/01575, Loss=0.00195, gfake=-7.83938 errG=967.38513
[Epoch:58/2000] 01200/01575, Loss=0.00331, gfake=-4.40205 errG=1649.62939
[Epoch:58/2000] 01400/01575, Loss=0.00285, gfake=-2.15125 errG=1421.32043
Epoch:58, Derain_Loss=0.00206
This epoch take time 427.93
----------------------------------------------------------------------------------------------------
lr_Derain 0.000200
lr_ED 0.000100
lrD 0.000400
[Epoch:59/2000] 00000/01575, Loss=0.00133, gfake=-5.17373 errG=660.26044
[Epoch:59/2000] 00200/01575, Loss=0.00168, gfake=-1.94768 errG=837.80792
[Epoch:59/2000] 00400/01575, Loss=0.00298, gfake=-8.76551 errG=1482.15894
[Epoch:59/2000] 00600/01575, Loss=0.00237, gfake=-8.14139 errG=1178.15881
[Epoch:59/2000] 00800/01575, Loss=0.00204, gfake=-7.63867 errG=1013.22766
[Epoch:59/2000] 01000/01575, Loss=0.00235, gfake=-2.19158 errG=1174.39221
[Epoch:59/2000] 01200/01575, Loss=0.00190, gfake=-4.61216 errG=948.33771
[Epoch:59/2000] 01400/01575, Loss=0.00174, gfake=2.85061 errG=875.38251
Epoch:59, Derain_Loss=0.00209
This epoch take time 429.93
----------------------------------------------------------------------------------------------------
lr_Derain 0.000200
lr_ED 0.000100
lrD 0.000400
[Epoch:60/2000] 00000/01575, Loss=0.00207, gfake=-6.65365 errG=1030.23633
[Epoch:60/2000] 00200/01575, Loss=0.00202, gfake=-6.89346 errG=1001.42413
[Epoch:60/2000] 00400/01575, Loss=0.00339, gfake=-7.76967 errG=1687.18994
[Epoch:60/2000] 00600/01575, Loss=0.00208, gfake=-5.11162 errG=1034.92847
[Epoch:60/2000] 00800/01575, Loss=0.00166, gfake=-1.04333 errG=829.93195
[Epoch:60/2000] 01000/01575, Loss=0.00235, gfake=-9.66331 errG=1168.57812
[Epoch:60/2000] 01200/01575, Loss=0.00112, gfake=-2.69962 errG=555.29797
[Epoch:60/2000] 01400/01575, Loss=0.00222, gfake=-0.74793 errG=1110.46375
Epoch:60, Derain_Loss=0.00209
This epoch take time 429.54
----------------------------------------------------------------------------------------------------
lr_Derain 0.000200
lr_ED 0.000100
lrD 0.000400
[Epoch:61/2000] 00000/01575, Loss=0.00214, gfake=-8.14806 errG=1063.88843
[Epoch:61/2000] 00200/01575, Loss=0.00190, gfake=-7.46764 errG=941.52783
[Epoch:61/2000] 00400/01575, Loss=0.00139, gfake=-3.14123 errG=691.10785
[Epoch:61/2000] 00600/01575, Loss=0.00203, gfake=-6.64840 errG=1007.19830
[Epoch:61/2000] 00800/01575, Loss=0.00114, gfake=-1.70567 errG=567.11328
[Epoch:61/2000] 01000/01575, Loss=0.00227, gfake=1.51638 errG=1135.92236
[Epoch:61/2000] 01200/01575, Loss=0.00183, gfake=2.21247 errG=916.13263
[Epoch:61/2000] 01400/01575, Loss=0.00140, gfake=4.89525 errG=705.45288
Epoch:61, Derain_Loss=0.00207
This epoch take time 428.48
----------------------------------------------------------------------------------------------------
lr_Derain 0.000200
lr_ED 0.000100
lrD 0.000400
[Epoch:62/2000] 00000/01575, Loss=0.00208, gfake=0.40627 errG=1041.32532
[Epoch:62/2000] 00200/01575, Loss=0.00118, gfake=3.99408 errG=595.52069
[Epoch:62/2000] 00400/01575, Loss=0.00307, gfake=-6.50432 errG=1529.80286
[Epoch:62/2000] 00600/01575, Loss=0.00212, gfake=-2.62852 errG=1059.43555
[Epoch:62/2000] 00800/01575, Loss=0.00246, gfake=-2.66753 errG=1228.41858
[Epoch:62/2000] 01000/01575, Loss=0.00183, gfake=-1.02495 errG=916.26807
[Epoch:62/2000] 01200/01575, Loss=0.00168, gfake=-2.60989 errG=838.06787
[Epoch:62/2000] 01400/01575, Loss=0.00161, gfake=5.86081 errG=811.23193
Epoch:62, Derain_Loss=0.00205
This epoch take time 424.60
----------------------------------------------------------------------------------------------------
lr_Derain 0.000200
lr_ED 0.000100
lrD 0.000400
[Epoch:63/2000] 00000/01575, Loss=0.00240, gfake=-3.44347 errG=1195.12756
[Epoch:63/2000] 00200/01575, Loss=0.00200, gfake=7.79103 errG=1008.88660
[Epoch:63/2000] 00400/01575, Loss=0.00186, gfake=3.70708 errG=932.54474
[Epoch:63/2000] 00600/01575, Loss=0.00134, gfake=-1.99005 errG=669.86969
[Epoch:63/2000] 00800/01575, Loss=0.00228, gfake=-1.74956 errG=1137.48999
[Epoch:63/2000] 01000/01575, Loss=0.00182, gfake=-8.70627 errG=899.95502
[Epoch:63/2000] 01200/01575, Loss=0.00266, gfake=-5.70820 errG=1324.04834
[Epoch:63/2000] 01400/01575, Loss=0.00245, gfake=-7.95426 errG=1219.00745
Epoch:63, Derain_Loss=0.00205
This epoch take time 427.58
----------------------------------------------------------------------------------------------------
lr_Derain 0.000200
lr_ED 0.000100
lrD 0.000400
[Epoch:64/2000] 00000/01575, Loss=0.00448, gfake=-5.17260 errG=2237.04663
[Epoch:64/2000] 00200/01575, Loss=0.00186, gfake=-2.16847 errG=930.31818
[Epoch:64/2000] 00400/01575, Loss=0.00187, gfake=5.22112 errG=939.15753
[Epoch:64/2000] 00600/01575, Loss=0.00172, gfake=0.36344 errG=859.50507
[Epoch:64/2000] 00800/01575, Loss=0.00220, gfake=-5.31669 errG=1096.11169
[Epoch:64/2000] 01000/01575, Loss=0.00230, gfake=-5.58029 errG=1144.83105
[Epoch:64/2000] 01200/01575, Loss=0.00109, gfake=-1.09233 errG=546.19391
[Epoch:64/2000] 01400/01575, Loss=0.00212, gfake=-6.96617 errG=1055.52869
Epoch:64, Derain_Loss=0.00204
This epoch take time 428.17
----------------------------------------------------------------------------------------------------
lr_Derain 0.000200
lr_ED 0.000100
lrD 0.000400
[Epoch:65/2000] 00000/01575, Loss=0.00226, gfake=-2.11629 errG=1127.94531
[Epoch:65/2000] 00200/01575, Loss=0.00162, gfake=3.23418 errG=813.36591
[Epoch:65/2000] 00400/01575, Loss=0.00195, gfake=-5.48826 errG=969.38672
[Epoch:65/2000] 00600/01575, Loss=0.00129, gfake=-2.06389 errG=644.77777
[Epoch:65/2000] 00800/01575, Loss=0.00134, gfake=-3.02323 errG=669.26953
[Epoch:65/2000] 01000/01575, Loss=0.00312, gfake=-8.50554 errG=1550.09924
[Epoch:65/2000] 01200/01575, Loss=0.00282, gfake=3.03162 errG=1413.65515
[Epoch:65/2000] 01400/01575, Loss=0.00254, gfake=2.10290 errG=1271.62756
Epoch:65, Derain_Loss=0.00201
This epoch take time 427.35
----------------------------------------------------------------------------------------------------
lr_Derain 0.000200
lr_ED 0.000100
lrD 0.000400
[Epoch:66/2000] 00000/01575, Loss=0.00132, gfake=4.07414 errG=663.84155
[Epoch:66/2000] 00200/01575, Loss=0.00211, gfake=2.23300 errG=1058.11206
[Epoch:66/2000] 00400/01575, Loss=0.00110, gfake=1.24856 errG=549.79449
[Epoch:66/2000] 00600/01575, Loss=0.00173, gfake=-6.78418 errG=856.91132
[Epoch:66/2000] 00800/01575, Loss=0.00154, gfake=-3.48552 errG=768.53656
[Epoch:66/2000] 01000/01575, Loss=0.00182, gfake=-1.05785 errG=908.57440
[Epoch:66/2000] 01200/01575, Loss=0.00199, gfake=-3.01294 errG=993.95013
[Epoch:66/2000] 01400/01575, Loss=0.00111, gfake=-1.50360 errG=553.49762
Epoch:66, Derain_Loss=0.00204
This epoch take time 432.42
----------------------------------------------------------------------------------------------------
lr_Derain 0.000200
lr_ED 0.000100
lrD 0.000400
[Epoch:67/2000] 00000/01575, Loss=0.00277, gfake=-5.13293 errG=1378.88916
[Epoch:67/2000] 00200/01575, Loss=0.00244, gfake=-7.42141 errG=1213.48975
[Epoch:67/2000] 00400/01575, Loss=0.00281, gfake=-10.16340 errG=1396.96802
[Epoch:67/2000] 00600/01575, Loss=0.00157, gfake=1.43356 errG=787.62616
[Epoch:67/2000] 00800/01575, Loss=0.00160, gfake=-2.31300 errG=800.49738
[Epoch:67/2000] 01000/01575, Loss=0.00184, gfake=2.11362 errG=921.14398
[Epoch:67/2000] 01200/01575, Loss=0.00264, gfake=-9.60773 errG=1310.42627
[Epoch:67/2000] 01400/01575, Loss=0.00227, gfake=-3.92771 errG=1131.37817
Epoch:67, Derain_Loss=0.00200
This epoch take time 424.83
----------------------------------------------------------------------------------------------------
lr_Derain 0.000200
lr_ED 0.000100
lrD 0.000400
[Epoch:68/2000] 00000/01575, Loss=0.00175, gfake=-2.79684 errG=874.51508
[Epoch:68/2000] 00200/01575, Loss=0.00142, gfake=-1.14564 errG=709.71869
[Epoch:68/2000] 00400/01575, Loss=0.00141, gfake=-3.47993 errG=699.94940
[Epoch:68/2000] 00600/01575, Loss=0.00209, gfake=-3.50236 errG=1043.30212
[Epoch:68/2000] 00800/01575, Loss=0.00249, gfake=-10.63041 errG=1233.31653
[Epoch:68/2000] 01000/01575, Loss=0.00223, gfake=-8.65799 errG=1104.81165
[Epoch:68/2000] 01200/01575, Loss=0.00198, gfake=8.32860 errG=1000.25336
[Epoch:68/2000] 01400/01575, Loss=0.00171, gfake=-1.24862 errG=856.50031
Epoch:68, Derain_Loss=0.00201
This epoch take time 429.40
----------------------------------------------------------------------------------------------------
lr_Derain 0.000200
lr_ED 0.000100
lrD 0.000400
[Epoch:69/2000] 00000/01575, Loss=0.00179, gfake=8.12122 errG=901.36584
[Epoch:69/2000] 00200/01575, Loss=0.00184, gfake=1.63231 errG=922.92346
[Epoch:69/2000] 00400/01575, Loss=0.00180, gfake=0.74911 errG=901.01184
[Epoch:69/2000] 00600/01575, Loss=0.00140, gfake=0.03098 errG=698.59387
[Epoch:69/2000] 00800/01575, Loss=0.00135, gfake=6.08175 errG=682.88989
[Epoch:69/2000] 01000/01575, Loss=0.00338, gfake=-3.83409 errG=1688.03662
[Epoch:69/2000] 01200/01575, Loss=0.00101, gfake=-1.30544 errG=502.10492
[Epoch:69/2000] 01400/01575, Loss=0.00167, gfake=-2.84934 errG=834.21228
Epoch:69, Derain_Loss=0.00192
This epoch take time 429.85
----------------------------------------------------------------------------------------------------
lr_Derain 0.000200
lr_ED 0.000100
lrD 0.000400
[Epoch:70/2000] 00000/01575, Loss=0.00259, gfake=-1.43424 errG=1293.84717
[Epoch:70/2000] 00200/01575, Loss=0.00204, gfake=-4.96965 errG=1015.53656
[Epoch:70/2000] 00400/01575, Loss=0.00218, gfake=-8.20611 errG=1081.38989
[Epoch:70/2000] 00600/01575, Loss=0.00252, gfake=-9.46460 errG=1249.17969
[Epoch:70/2000] 00800/01575, Loss=0.00125, gfake=-6.40392 errG=618.71429
[Epoch:70/2000] 01000/01575, Loss=0.00235, gfake=-4.72423 errG=1169.97815
[Epoch:70/2000] 01200/01575, Loss=0.00166, gfake=-4.42887 errG=827.71564
[Epoch:70/2000] 01400/01575, Loss=0.00161, gfake=-3.82634 errG=801.52380
Epoch:70, Derain_Loss=0.00196
This epoch take time 426.85
----------------------------------------------------------------------------------------------------
lr_Derain 0.000200
lr_ED 0.000100
lrD 0.000400
[Epoch:71/2000] 00000/01575, Loss=0.00179, gfake=2.73450 errG=898.34076
[Epoch:71/2000] 00200/01575, Loss=0.00187, gfake=-4.82013 errG=930.98224
[Epoch:71/2000] 00400/01575, Loss=0.00172, gfake=-4.56515 errG=857.65527
[Epoch:71/2000] 00600/01575, Loss=0.00128, gfake=3.22962 errG=645.49951
[Epoch:71/2000] 00800/01575, Loss=0.00190, gfake=-2.92106 errG=949.48633
[Epoch:71/2000] 01000/01575, Loss=0.00222, gfake=-8.24357 errG=1102.54834
[Epoch:71/2000] 01200/01575, Loss=0.00199, gfake=-14.06780 errG=982.66254
[Epoch:71/2000] 01400/01575, Loss=0.00304, gfake=-13.83345 errG=1508.43811
Epoch:71, Derain_Loss=0.00193
This epoch take time 424.85
----------------------------------------------------------------------------------------------------
lr_Derain 0.000200
lr_ED 0.000100
lrD 0.000400
[Epoch:72/2000] 00000/01575, Loss=0.00196, gfake=-9.18521 errG=971.23859
[Epoch:72/2000] 00200/01575, Loss=0.00164, gfake=-8.46086 errG=809.73712
[Epoch:72/2000] 00400/01575, Loss=0.00223, gfake=-2.05554 errG=1114.53796
[Epoch:72/2000] 00600/01575, Loss=0.00117, gfake=-5.10305 errG=580.04767
[Epoch:72/2000] 00800/01575, Loss=0.00139, gfake=0.23914 errG=697.53009
[Epoch:72/2000] 01000/01575, Loss=0.00232, gfake=-4.28873 errG=1156.12952
[Epoch:72/2000] 01200/01575, Loss=0.00106, gfake=-3.68716 errG=525.54462
[Epoch:72/2000] 01400/01575, Loss=0.00115, gfake=-4.50659 errG=569.18658
Epoch:72, Derain_Loss=0.00193
This epoch take time 428.53
----------------------------------------------------------------------------------------------------
lr_Derain 0.000200
lr_ED 0.000100
lrD 0.000400
[Epoch:73/2000] 00000/01575, Loss=0.00213, gfake=1.12656 errG=1066.35254
[Epoch:73/2000] 00200/01575, Loss=0.00169, gfake=-0.32474 errG=842.97986
[Epoch:73/2000] 00400/01575, Loss=0.00165, gfake=-2.19562 errG=820.87305
[Epoch:73/2000] 00600/01575, Loss=0.00158, gfake=-6.32829 errG=786.42456
[Epoch:73/2000] 00800/01575, Loss=0.00149, gfake=-3.42030 errG=739.57733
[Epoch:73/2000] 01000/01575, Loss=0.00267, gfake=-7.24913 errG=1326.31201
[Epoch:73/2000] 01200/01575, Loss=0.00173, gfake=-9.66586 errG=856.09418
[Epoch:73/2000] 01400/01575, Loss=0.00349, gfake=-8.13011 errG=1737.64624
Epoch:73, Derain_Loss=0.00195
This epoch take time 430.64
----------------------------------------------------------------------------------------------------
lr_Derain 0.000200
lr_ED 0.000100
lrD 0.000400
[Epoch:74/2000] 00000/01575, Loss=0.00212, gfake=-4.89446 errG=1056.86987
[Epoch:74/2000] 00200/01575, Loss=0.00159, gfake=-5.34828 errG=788.25830
[Epoch:74/2000] 00400/01575, Loss=0.00202, gfake=-7.12509 errG=1004.47522
[Epoch:74/2000] 00600/01575, Loss=0.00207, gfake=-9.22368 errG=1026.55627
[Epoch:74/2000] 00800/01575, Loss=0.00199, gfake=-0.18826 errG=997.71936
[Epoch:74/2000] 01000/01575, Loss=0.00279, gfake=-5.35662 errG=1389.68005
[Epoch:74/2000] 01200/01575, Loss=0.00192, gfake=-10.78604 errG=950.57880
[Epoch:74/2000] 01400/01575, Loss=0.00137, gfake=-2.05324 errG=683.47009
Epoch:74, Derain_Loss=0.00193
This epoch take time 429.22
----------------------------------------------------------------------------------------------------
lr_Derain 0.000200
lr_ED 0.000100
lrD 0.000400
[Epoch:75/2000] 00000/01575, Loss=0.00169, gfake=3.46761 errG=847.46893
[Epoch:75/2000] 00200/01575, Loss=0.00117, gfake=-1.45286 errG=584.33325
[Epoch:75/2000] 00400/01575, Loss=0.00215, gfake=-4.45993 errG=1070.62268
[Epoch:75/2000] 00600/01575, Loss=0.00232, gfake=-10.85743 errG=1151.71094
[Epoch:75/2000] 00800/01575, Loss=0.00146, gfake=-9.07927 errG=721.47742
[Epoch:75/2000] 01000/01575, Loss=0.00204, gfake=-7.43539 errG=1013.07324
[Epoch:75/2000] 01200/01575, Loss=0.00243, gfake=-10.48044 errG=1204.98743
[Epoch:75/2000] 01400/01575, Loss=0.00188, gfake=-5.69145 errG=935.74634
Epoch:75, Derain_Loss=0.00194
This epoch take time 429.32
----------------------------------------------------------------------------------------------------
lr_Derain 0.000200
lr_ED 0.000100
lrD 0.000400
[Epoch:76/2000] 00000/01575, Loss=0.00197, gfake=-6.12435 errG=981.39490
[Epoch:76/2000] 00200/01575, Loss=0.00091, gfake=-3.90429 errG=450.74335
[Epoch:76/2000] 00400/01575, Loss=0.00216, gfake=-3.44851 errG=1079.23633
[Epoch:76/2000] 00600/01575, Loss=0.00239, gfake=-8.32234 errG=1186.98071
[Epoch:76/2000] 00800/01575, Loss=0.00133, gfake=-6.12976 errG=657.01215
[Epoch:76/2000] 01000/01575, Loss=0.00133, gfake=-3.16281 errG=664.70123
[Epoch:76/2000] 01200/01575, Loss=0.00358, gfake=-4.22753 errG=1786.54224
[Epoch:76/2000] 01400/01575, Loss=0.00176, gfake=-6.54265 errG=875.42712
Epoch:76, Derain_Loss=0.00189
This epoch take time 424.66
----------------------------------------------------------------------------------------------------
lr_Derain 0.000200
lr_ED 0.000100
lrD 0.000400
[Epoch:77/2000] 00000/01575, Loss=0.00220, gfake=-5.19522 errG=1095.54883
[Epoch:77/2000] 00200/01575, Loss=0.00187, gfake=-3.11221 errG=930.59125
[Epoch:77/2000] 00400/01575, Loss=0.00180, gfake=-9.57084 errG=889.57581
[Epoch:77/2000] 00600/01575, Loss=0.00267, gfake=-10.23409 errG=1324.20764
[Epoch:77/2000] 00800/01575, Loss=0.00208, gfake=-8.37744 errG=1033.88037
[Epoch:77/2000] 01000/01575, Loss=0.00322, gfake=-12.34783 errG=1600.30542
[Epoch:77/2000] 01200/01575, Loss=0.00225, gfake=-1.84079 errG=1125.80542
[Epoch:77/2000] 01400/01575, Loss=0.00221, gfake=-5.18678 errG=1102.41907
Epoch:77, Derain_Loss=0.00195
This epoch take time 428.55
----------------------------------------------------------------------------------------------------
lr_Derain 0.000200
lr_ED 0.000100
lrD 0.000400
[Epoch:78/2000] 00000/01575, Loss=0.00220, gfake=2.57887 errG=1105.31396
[Epoch:78/2000] 00200/01575, Loss=0.00108, gfake=-1.12059 errG=538.74365
[Epoch:78/2000] 00400/01575, Loss=0.00194, gfake=-3.55598 errG=965.43811
[Epoch:78/2000] 00600/01575, Loss=0.00200, gfake=-9.64522 errG=989.38959
[Epoch:78/2000] 00800/01575, Loss=0.00227, gfake=-0.15794 errG=1135.01538
[Epoch:78/2000] 01000/01575, Loss=0.00218, gfake=-6.59728 errG=1083.34180
[Epoch:78/2000] 01200/01575, Loss=0.00096, gfake=2.06585 errG=484.21957
[Epoch:78/2000] 01400/01575, Loss=0.00194, gfake=-6.34730 errG=966.28345
Epoch:78, Derain_Loss=0.00191
This epoch take time 429.85
----------------------------------------------------------------------------------------------------
lr_Derain 0.000200
lr_ED 0.000100
lrD 0.000400
[Epoch:79/2000] 00000/01575, Loss=0.00213, gfake=-10.54712 errG=1056.04456
[Epoch:79/2000] 00200/01575, Loss=0.00156, gfake=-3.23651 errG=775.47333
[Epoch:79/2000] 00400/01575, Loss=0.00179, gfake=-10.24924 errG=883.87091
[Epoch:79/2000] 00600/01575, Loss=0.00272, gfake=-7.34839 errG=1350.65955
[Epoch:79/2000] 00800/01575, Loss=0.00193, gfake=-2.69644 errG=960.77350
[Epoch:79/2000] 01000/01575, Loss=0.00242, gfake=-8.73399 errG=1201.61877
[Epoch:79/2000] 01200/01575, Loss=0.00149, gfake=-5.29285 errG=739.78235
[Epoch:79/2000] 01400/01575, Loss=0.00117, gfake=-0.30346 errG=585.55493
Epoch:79, Derain_Loss=0.00191
This epoch take time 428.08
----------------------------------------------------------------------------------------------------
lr_Derain 0.000200
lr_ED 0.000100
lrD 0.000400
[Epoch:80/2000] 00000/01575, Loss=0.00113, gfake=-6.74885 errG=557.32477
[Epoch:80/2000] 00200/01575, Loss=0.00315, gfake=-7.67953 errG=1565.86011
[Epoch:80/2000] 00400/01575, Loss=0.00115, gfake=-2.51680 errG=570.91803
[Epoch:80/2000] 00600/01575, Loss=0.00111, gfake=2.21363 errG=555.49432
[Epoch:80/2000] 00800/01575, Loss=0.00125, gfake=-9.69794 errG=618.05896
[Epoch:80/2000] 01000/01575, Loss=0.00201, gfake=-5.91407 errG=1000.54932
[Epoch:80/2000] 01200/01575, Loss=0.00277, gfake=-6.36630 errG=1379.42651
[Epoch:80/2000] 01400/01575, Loss=0.00231, gfake=-3.19325 errG=1150.73975
Epoch:80, Derain_Loss=0.00188
This epoch take time 424.74
----------------------------------------------------------------------------------------------------
lr_Derain 0.000200
lr_ED 0.000100
lrD 0.000400
[Epoch:81/2000] 00000/01575, Loss=0.00260, gfake=-2.32959 errG=1295.62378
[Epoch:81/2000] 00200/01575, Loss=0.00215, gfake=-4.98537 errG=1071.21289
[Epoch:81/2000] 00400/01575, Loss=0.00277, gfake=-6.01056 errG=1379.56152
[Epoch:81/2000] 00600/01575, Loss=0.00162, gfake=-7.65231 errG=804.13214
[Epoch:81/2000] 00800/01575, Loss=0.00188, gfake=-5.38463 errG=936.13214
[Epoch:81/2000] 01000/01575, Loss=0.00333, gfake=-15.28783 errG=1652.37109
[Epoch:81/2000] 01200/01575, Loss=0.00240, gfake=-4.16874 errG=1195.54028
[Epoch:81/2000] 01400/01575, Loss=0.00307, gfake=-8.27014 errG=1527.78210
Epoch:81, Derain_Loss=0.00191
This epoch take time 429.83
----------------------------------------------------------------------------------------------------
lr_Derain 0.000200
lr_ED 0.000100
lrD 0.000400
[Epoch:82/2000] 00000/01575, Loss=0.00182, gfake=-5.87246 errG=903.05719
[Epoch:82/2000] 00200/01575, Loss=0.00309, gfake=-11.06811 errG=1536.04993
[Epoch:82/2000] 00400/01575, Loss=0.00141, gfake=3.13409 errG=709.19397
[Epoch:82/2000] 00600/01575, Loss=0.00201, gfake=-9.23596 errG=995.92078
[Epoch:82/2000] 00800/01575, Loss=0.00175, gfake=-0.86379 errG=876.15753
[Epoch:82/2000] 01000/01575, Loss=0.00157, gfake=-2.81141 errG=782.65942
[Epoch:82/2000] 01200/01575, Loss=0.00201, gfake=-0.67259 errG=1004.04205
[Epoch:82/2000] 01400/01575, Loss=0.00137, gfake=-0.12280 errG=685.50024
Epoch:82, Derain_Loss=0.00188
This epoch take time 430.73
----------------------------------------------------------------------------------------------------
lr_Derain 0.000200
lr_ED 0.000100
lrD 0.000400
[Epoch:83/2000] 00000/01575, Loss=0.00119, gfake=-5.88399 errG=590.94989
[Epoch:83/2000] 00200/01575, Loss=0.00121, gfake=2.95333 errG=610.61450
[Epoch:83/2000] 00400/01575, Loss=0.00165, gfake=-6.09559 errG=821.51599
[Epoch:83/2000] 00600/01575, Loss=0.00161, gfake=1.55701 errG=809.12921
[Epoch:83/2000] 00800/01575, Loss=0.00167, gfake=-3.70946 errG=831.73730
[Epoch:83/2000] 01000/01575, Loss=0.00132, gfake=-1.49166 errG=659.84607
[Epoch:83/2000] 01200/01575, Loss=0.00175, gfake=-4.40798 errG=870.99261
[Epoch:83/2000] 01400/01575, Loss=0.00261, gfake=-9.95700 errG=1296.69678
Epoch:83, Derain_Loss=0.00189
This epoch take time 428.72
----------------------------------------------------------------------------------------------------
lr_Derain 0.000200
lr_ED 0.000100
lrD 0.000400
[Epoch:84/2000] 00000/01575, Loss=0.00115, gfake=3.58557 errG=580.74585
[Epoch:84/2000] 00200/01575, Loss=0.00139, gfake=-5.44932 errG=688.73975
[Epoch:84/2000] 00400/01575, Loss=0.00093, gfake=9.10203 errG=474.75598
[Epoch:84/2000] 00600/01575, Loss=0.00161, gfake=-3.97995 errG=801.41815
[Epoch:84/2000] 00800/01575, Loss=0.00215, gfake=-12.29720 errG=1064.24097
[Epoch:84/2000] 01000/01575, Loss=0.00231, gfake=0.97741 errG=1155.75720
[Epoch:84/2000] 01200/01575, Loss=0.00239, gfake=-8.20503 errG=1186.38489
[Epoch:84/2000] 01400/01575, Loss=0.00257, gfake=-4.50093 errG=1282.27808
Epoch:84, Derain_Loss=0.00189
This epoch take time 431.22
----------------------------------------------------------------------------------------------------
lr_Derain 0.000200
lr_ED 0.000100
lrD 0.000400
[Epoch:85/2000] 00000/01575, Loss=0.00151, gfake=-8.85462 errG=746.74390
[Epoch:85/2000] 00200/01575, Loss=0.00104, gfake=13.71583 errG=532.80609
[Epoch:85/2000] 00400/01575, Loss=0.00139, gfake=-6.60622 errG=688.96582
[Epoch:85/2000] 00600/01575, Loss=0.00170, gfake=1.07052 errG=851.25549
[Epoch:85/2000] 00800/01575, Loss=0.00213, gfake=-7.43599 errG=1058.61804
[Epoch:85/2000] 01000/01575, Loss=0.00170, gfake=-7.38296 errG=843.86127
[Epoch:85/2000] 01200/01575, Loss=0.00288, gfake=-10.81465 errG=1431.91333
[Epoch:85/2000] 01400/01575, Loss=0.00246, gfake=-10.02338 errG=1221.57690
Epoch:85, Derain_Loss=0.00184
This epoch take time 425.46
----------------------------------------------------------------------------------------------------
lr_Derain 0.000200
lr_ED 0.000100
lrD 0.000400
[Epoch:86/2000] 00000/01575, Loss=0.00167, gfake=-9.68742 errG=823.67645
[Epoch:86/2000] 00200/01575, Loss=0.00211, gfake=-3.22007 errG=1050.04065
[Epoch:86/2000] 00400/01575, Loss=0.00234, gfake=-10.12454 errG=1159.11780
[Epoch:86/2000] 00600/01575, Loss=0.00152, gfake=-3.44950 errG=755.89099
[Epoch:86/2000] 00800/01575, Loss=0.00128, gfake=3.72027 errG=645.94287
[Epoch:86/2000] 01000/01575, Loss=0.00149, gfake=-3.89336 errG=739.62061
[Epoch:86/2000] 01200/01575, Loss=0.00113, gfake=-1.11346 errG=562.79907
[Epoch:86/2000] 01400/01575, Loss=0.00184, gfake=1.21711 errG=922.51404
Epoch:86, Derain_Loss=0.00187
This epoch take time 427.85
----------------------------------------------------------------------------------------------------
lr_Derain 0.000200
lr_ED 0.000100
lrD 0.000400
[Epoch:87/2000] 00000/01575, Loss=0.00152, gfake=-10.30097 errG=749.64526
[Epoch:87/2000] 00200/01575, Loss=0.00334, gfake=-4.63506 errG=1667.62244
[Epoch:87/2000] 00400/01575, Loss=0.00190, gfake=-6.58153 errG=943.05231
[Epoch:87/2000] 00600/01575, Loss=0.00304, gfake=-9.76757 errG=1513.18494
[Epoch:87/2000] 00800/01575, Loss=0.00212, gfake=0.44109 errG=1059.71436
[Epoch:87/2000] 01000/01575, Loss=0.00183, gfake=-3.78443 errG=912.32990
[Epoch:87/2000] 01200/01575, Loss=0.00143, gfake=-4.14590 errG=709.00354
[Epoch:87/2000] 01400/01575, Loss=0.00201, gfake=-17.83694 errG=989.11621
Epoch:87, Derain_Loss=0.00185
This epoch take time 430.17
----------------------------------------------------------------------------------------------------
lr_Derain 0.000200
lr_ED 0.000100
lrD 0.000400
[Epoch:88/2000] 00000/01575, Loss=0.00124, gfake=-8.43883 errG=611.34607
[Epoch:88/2000] 00200/01575, Loss=0.00183, gfake=-4.01144 errG=908.93237
[Epoch:88/2000] 00400/01575, Loss=0.00178, gfake=-2.54943 errG=886.92810
[Epoch:88/2000] 00600/01575, Loss=0.00169, gfake=-5.16674 errG=839.52911
[Epoch:88/2000] 00800/01575, Loss=0.00202, gfake=-7.36244 errG=1000.52637
[Epoch:88/2000] 01000/01575, Loss=0.00259, gfake=-10.80723 errG=1282.82666
[Epoch:88/2000] 01200/01575, Loss=0.00208, gfake=-12.83941 errG=1025.63843
[Epoch:88/2000] 01400/01575, Loss=0.00147, gfake=-8.06973 errG=729.23547
Epoch:88, Derain_Loss=0.00185
This epoch take time 429.14
----------------------------------------------------------------------------------------------------
lr_Derain 0.000200
lr_ED 0.000100
lrD 0.000400
[Epoch:89/2000] 00000/01575, Loss=0.00100, gfake=-4.03495 errG=496.93588
[Epoch:89/2000] 00200/01575, Loss=0.00114, gfake=1.12314 errG=571.62030
[Epoch:89/2000] 00400/01575, Loss=0.00235, gfake=-9.03242 errG=1168.52295
[Epoch:89/2000] 00600/01575, Loss=0.00157, gfake=-8.73138 errG=774.08057
[Epoch:89/2000] 00800/01575, Loss=0.00192, gfake=-16.92195 errG=943.01910
[Epoch:89/2000] 01000/01575, Loss=0.00214, gfake=-10.09936 errG=1058.28577
[Epoch:89/2000] 01200/01575, Loss=0.00182, gfake=-4.01622 errG=904.50421
[Epoch:89/2000] 01400/01575, Loss=0.00205, gfake=-1.87804 errG=1024.98462
Epoch:89, Derain_Loss=0.00186
This epoch take time 425.17
----------------------------------------------------------------------------------------------------
lr_Derain 0.000200
lr_ED 0.000100
lrD 0.000400
[Epoch:90/2000] 00000/01575, Loss=0.00207, gfake=-8.36842 errG=1024.60901
[Epoch:90/2000] 00200/01575, Loss=0.00112, gfake=-6.21935 errG=554.91785
[Epoch:90/2000] 00400/01575, Loss=0.00156, gfake=-3.91099 errG=774.72925
[Epoch:90/2000] 00600/01575, Loss=0.00281, gfake=-10.45501 errG=1396.99646
[Epoch:90/2000] 00800/01575, Loss=0.00208, gfake=-12.04852 errG=1028.43762
[Epoch:90/2000] 01000/01575, Loss=0.00109, gfake=-6.15370 errG=540.84943
[Epoch:90/2000] 01200/01575, Loss=0.00122, gfake=-3.95229 errG=608.41632
[Epoch:90/2000] 01400/01575, Loss=0.00226, gfake=-8.74731 errG=1123.90967
Epoch:90, Derain_Loss=0.00183
This epoch take time 430.65
----------------------------------------------------------------------------------------------------
lr_Derain 0.000200
lr_ED 0.000100
lrD 0.000400
[Epoch:91/2000] 00000/01575, Loss=0.00173, gfake=-9.91076 errG=856.30841
[Epoch:91/2000] 00200/01575, Loss=0.00189, gfake=-4.37424 errG=940.05695
[Epoch:91/2000] 00400/01575, Loss=0.00188, gfake=-7.69715 errG=934.28094
[Epoch:91/2000] 00600/01575, Loss=0.00157, gfake=-3.31925 errG=782.47913
[Epoch:91/2000] 00800/01575, Loss=0.00129, gfake=1.58146 errG=648.29102
[Epoch:91/2000] 01000/01575, Loss=0.00183, gfake=-7.66721 errG=908.05042
[Epoch:91/2000] 01200/01575, Loss=0.00176, gfake=-4.41918 errG=873.71344
[Epoch:91/2000] 01400/01575, Loss=0.00139, gfake=-6.37276 errG=688.82135
Epoch:91, Derain_Loss=0.00184
This epoch take time 429.57
----------------------------------------------------------------------------------------------------
lr_Derain 0.000200
lr_ED 0.000100
lrD 0.000400
[Epoch:92/2000] 00000/01575, Loss=0.00171, gfake=-9.01663 errG=846.08752
[Epoch:92/2000] 00200/01575, Loss=0.00248, gfake=0.17883 errG=1238.13184
[Epoch:92/2000] 00400/01575, Loss=0.00213, gfake=-7.59931 errG=1060.16113
[Epoch:92/2000] 00600/01575, Loss=0.00097, gfake=-8.63839 errG=477.52841
[Epoch:92/2000] 00800/01575, Loss=0.00141, gfake=-4.16331 errG=701.67407
[Epoch:92/2000] 01000/01575, Loss=0.00207, gfake=-3.35162 errG=1034.20142
[Epoch:92/2000] 01200/01575, Loss=0.00198, gfake=-14.60753 errG=975.22485
[Epoch:92/2000] 01400/01575, Loss=0.00208, gfake=-16.08587 errG=1024.79700
Epoch:92, Derain_Loss=0.00185
This epoch take time 429.81
----------------------------------------------------------------------------------------------------
lr_Derain 0.000200
lr_ED 0.000100
lrD 0.000400
[Epoch:93/2000] 00000/01575, Loss=0.00181, gfake=-5.88514 errG=898.84509
[Epoch:93/2000] 00200/01575, Loss=0.00148, gfake=-0.84880 errG=738.54541
[Epoch:93/2000] 00400/01575, Loss=0.00113, gfake=-9.16515 errG=554.32593
[Epoch:93/2000] 00600/01575, Loss=0.00108, gfake=-5.75437 errG=532.50793
[Epoch:93/2000] 00800/01575, Loss=0.00194, gfake=-5.86977 errG=963.30176
[Epoch:93/2000] 01000/01575, Loss=0.00154, gfake=-3.30159 errG=766.05157
[Epoch:93/2000] 01200/01575, Loss=0.00206, gfake=-11.76879 errG=1019.83588
[Epoch:93/2000] 01400/01575, Loss=0.00253, gfake=-10.34923 errG=1253.34460
Epoch:93, Derain_Loss=0.00182
This epoch take time 429.36
----------------------------------------------------------------------------------------------------
lr_Derain 0.000200
lr_ED 0.000100
lrD 0.000400
[Epoch:94/2000] 00000/01575, Loss=0.00202, gfake=-4.71816 errG=1003.89307
[Epoch:94/2000] 00200/01575, Loss=0.00140, gfake=-6.17278 errG=693.12878
[Epoch:94/2000] 00400/01575, Loss=0.00255, gfake=-11.50726 errG=1264.63782
[Epoch:94/2000] 00600/01575, Loss=0.00309, gfake=-1.57442 errG=1542.63110
[Epoch:94/2000] 00800/01575, Loss=0.00147, gfake=-1.45472 errG=731.98590
[Epoch:94/2000] 01000/01575, Loss=0.00192, gfake=-11.17031 errG=947.77887
[Epoch:94/2000] 01200/01575, Loss=0.00155, gfake=-8.01287 errG=767.35474
[Epoch:94/2000] 01400/01575, Loss=0.00149, gfake=-4.80286 errG=742.29114
Epoch:94, Derain_Loss=0.00181
This epoch take time 427.41
----------------------------------------------------------------------------------------------------
lr_Derain 0.000200
lr_ED 0.000100
lrD 0.000400
[Epoch:95/2000] 00000/01575, Loss=0.00154, gfake=-14.87166 errG=753.36798
[Epoch:95/2000] 00200/01575, Loss=0.00196, gfake=-7.19054 errG=972.49902
[Epoch:95/2000] 00400/01575, Loss=0.00226, gfake=-8.37320 errG=1123.84192
[Epoch:95/2000] 00600/01575, Loss=0.00143, gfake=-11.53055 errG=701.77087
[Epoch:95/2000] 00800/01575, Loss=0.00204, gfake=-4.88157 errG=1017.68243
[Epoch:95/2000] 01000/01575, Loss=0.00296, gfake=-11.05701 errG=1468.27856
[Epoch:95/2000] 01200/01575, Loss=0.00273, gfake=-6.48982 errG=1360.69397
[Epoch:95/2000] 01400/01575, Loss=0.00240, gfake=-11.57696 errG=1190.63257
Epoch:95, Derain_Loss=0.00182
This epoch take time 429.56
----------------------------------------------------------------------------------------------------
lr_Derain 0.000200
lr_ED 0.000100
lrD 0.000400
[Epoch:96/2000] 00000/01575, Loss=0.00159, gfake=-5.27932 errG=789.36896
[Epoch:96/2000] 00200/01575, Loss=0.00196, gfake=-16.57465 errG=962.96521
[Epoch:96/2000] 00400/01575, Loss=0.00143, gfake=-8.79060 errG=707.40332
[Epoch:96/2000] 00600/01575, Loss=0.00126, gfake=-7.88792 errG=621.69067
[Epoch:96/2000] 00800/01575, Loss=0.00275, gfake=-10.25465 errG=1366.73242
[Epoch:96/2000] 01000/01575, Loss=0.00274, gfake=-5.88582 errG=1365.06250
[Epoch:96/2000] 01200/01575, Loss=0.00123, gfake=-10.05937 errG=603.81665
[Epoch:96/2000] 01400/01575, Loss=0.00160, gfake=-8.41749 errG=791.30597
Epoch:96, Derain_Loss=0.00178
This epoch take time 429.55
----------------------------------------------------------------------------------------------------
lr_Derain 0.000200
lr_ED 0.000100
lrD 0.000400
[Epoch:97/2000] 00000/01575, Loss=0.00206, gfake=-10.95021 errG=1021.64777
[Epoch:97/2000] 00200/01575, Loss=0.00160, gfake=4.52104 errG=803.65216
[Epoch:97/2000] 00400/01575, Loss=0.00184, gfake=-6.47345 errG=913.80884
[Epoch:97/2000] 00600/01575, Loss=0.00136, gfake=-8.39083 errG=669.84894
[Epoch:97/2000] 00800/01575, Loss=0.00152, gfake=-8.83743 errG=752.42676
[Epoch:97/2000] 01000/01575, Loss=0.00161, gfake=-4.88645 errG=800.27136
[Epoch:97/2000] 01200/01575, Loss=0.00282, gfake=-8.07651 errG=1400.89001
[Epoch:97/2000] 01400/01575, Loss=0.00201, gfake=-8.56716 errG=995.35767
Epoch:97, Derain_Loss=0.00185
This epoch take time 428.97
----------------------------------------------------------------------------------------------------
lr_Derain 0.000200
lr_ED 0.000100
lrD 0.000400
[Epoch:98/2000] 00000/01575, Loss=0.00108, gfake=-0.88961 errG=538.49579
[Epoch:98/2000] 00200/01575, Loss=0.00152, gfake=-0.73857 errG=758.04163
[Epoch:98/2000] 00400/01575, Loss=0.00135, gfake=-12.27861 errG=665.26013
[Epoch:98/2000] 00600/01575, Loss=0.00177, gfake=-8.84212 errG=878.84155
[Epoch:98/2000] 00800/01575, Loss=0.00102, gfake=-6.32406 errG=504.34616
[Epoch:98/2000] 01000/01575, Loss=0.00153, gfake=2.35600 errG=765.33893
[Epoch:98/2000] 01200/01575, Loss=0.00181, gfake=-11.51343 errG=894.15253
[Epoch:98/2000] 01400/01575, Loss=0.00218, gfake=-15.44875 errG=1075.33826
Epoch:98, Derain_Loss=0.00180
This epoch take time 425.74
----------------------------------------------------------------------------------------------------
lr_Derain 0.000200
lr_ED 0.000100
lrD 0.000400
[Epoch:99/2000] 00000/01575, Loss=0.00191, gfake=-10.65872 errG=946.61633
[Epoch:99/2000] 00200/01575, Loss=0.00164, gfake=-9.56202 errG=810.84045
[Epoch:99/2000] 00400/01575, Loss=0.00216, gfake=-12.48257 errG=1065.79761
[Epoch:99/2000] 00600/01575, Loss=0.00219, gfake=-6.17111 errG=1090.25977
[Epoch:99/2000] 00800/01575, Loss=0.00273, gfake=-11.16558 errG=1355.63013
[Epoch:99/2000] 01000/01575, Loss=0.00232, gfake=-6.77609 errG=1155.89246
[Epoch:99/2000] 01200/01575, Loss=0.00120, gfake=-7.45394 errG=592.78973
[Epoch:99/2000] 01400/01575, Loss=0.00096, gfake=-4.15716 errG=475.81882
Epoch:99, Derain_Loss=0.00182
This epoch take time 430.36
----------------------------------------------------------------------------------------------------
lr_Derain 0.000200
lr_ED 0.000100
lrD 0.000400
[Epoch:100/2000] 00000/01575, Loss=0.00133, gfake=-4.96844 errG=661.80280
[Epoch:100/2000] 00200/01575, Loss=0.00133, gfake=-9.66346 errG=654.69086
[Epoch:100/2000] 00400/01575, Loss=0.00201, gfake=-0.57148 errG=1002.76447
[Epoch:100/2000] 00600/01575, Loss=0.00314, gfake=-5.52671 errG=1565.48889
[Epoch:100/2000] 00800/01575, Loss=0.00123, gfake=-5.07148 errG=610.88580
[Epoch:100/2000] 01000/01575, Loss=0.00154, gfake=-8.38898 errG=759.70947
[Epoch:100/2000] 01200/01575, Loss=0.00174, gfake=-10.88038 errG=857.92249
[Epoch:100/2000] 01400/01575, Loss=0.00116, gfake=-7.13085 errG=574.68042
Epoch:100, Derain_Loss=0.00180
This epoch take time 430.49
----------------------------------------------------------------------------------------------------
lr_Derain 0.000200
lr_ED 0.000100
lrD 0.000400
[Epoch:101/2000] 00000/01575, Loss=0.00196, gfake=-1.37681 errG=981.37982
[Epoch:101/2000] 00200/01575, Loss=0.00120, gfake=-5.84314 errG=595.99744
[Epoch:101/2000] 00400/01575, Loss=0.00192, gfake=-10.82714 errG=949.39429
[Epoch:101/2000] 00600/01575, Loss=0.00178, gfake=-15.55607 errG=872.86200
[Epoch:101/2000] 00800/01575, Loss=0.00256, gfake=-12.36509 errG=1267.65039
[Epoch:101/2000] 01000/01575, Loss=0.00210, gfake=-8.70257 errG=1041.26416
[Epoch:101/2000] 01200/01575, Loss=0.00205, gfake=0.88078 errG=1026.54382
[Epoch:101/2000] 01400/01575, Loss=0.00190, gfake=-7.78983 errG=940.41107
Epoch:101, Derain_Loss=0.00179
This epoch take time 430.99
----------------------------------------------------------------------------------------------------
lr_Derain 0.000200
lr_ED 0.000100
lrD 0.000400
[Epoch:102/2000] 00000/01575, Loss=0.00255, gfake=-10.28767 errG=1265.61292
[Epoch:102/2000] 00200/01575, Loss=0.00169, gfake=-5.14346 errG=838.24030
[Epoch:102/2000] 00400/01575, Loss=0.00130, gfake=-9.96107 errG=641.25067
[Epoch:102/2000] 00600/01575, Loss=0.00140, gfake=-8.29200 errG=690.96246
[Epoch:102/2000] 00800/01575, Loss=0.00205, gfake=-10.49855 errG=1015.75787
[Epoch:102/2000] 01000/01575, Loss=0.00265, gfake=-7.49962 errG=1318.37378
[Epoch:102/2000] 01200/01575, Loss=0.00121, gfake=-10.13677 errG=593.64337
[Epoch:102/2000] 01400/01575, Loss=0.00216, gfake=-11.90154 errG=1066.16406
Epoch:102, Derain_Loss=0.00175
This epoch take time 425.97
----------------------------------------------------------------------------------------------------
lr_Derain 0.000200
lr_ED 0.000100
lrD 0.000400
[Epoch:103/2000] 00000/01575, Loss=0.00195, gfake=-9.08261 errG=963.72180
[Epoch:103/2000] 00200/01575, Loss=0.00177, gfake=-8.59771 errG=874.74969
[Epoch:103/2000] 00400/01575, Loss=0.00099, gfake=-10.83588 errG=484.59229
[Epoch:103/2000] 00600/01575, Loss=0.00126, gfake=-4.07899 errG=623.91699
[Epoch:103/2000] 00800/01575, Loss=0.00269, gfake=6.71478 errG=1352.75061
[Epoch:103/2000] 01000/01575, Loss=0.00112, gfake=-11.27081 errG=547.58337
[Epoch:103/2000] 01200/01575, Loss=0.00172, gfake=-7.28077 errG=851.10358
[Epoch:103/2000] 01400/01575, Loss=0.00234, gfake=-11.19712 errG=1156.95667
Epoch:103, Derain_Loss=0.00181
This epoch take time 386.02
----------------------------------------------------------------------------------------------------
lr_Derain 0.000200
lr_ED 0.000100
lrD 0.000400
[Epoch:104/2000] 00000/01575, Loss=0.00177, gfake=-9.97060 errG=874.18347
[Epoch:104/2000] 00200/01575, Loss=0.00156, gfake=-5.41559 errG=775.71588
[Epoch:104/2000] 00400/01575, Loss=0.00135, gfake=-9.16335 errG=666.05188
[Epoch:104/2000] 00600/01575, Loss=0.00234, gfake=-15.67868 errG=1152.20569
[Epoch:104/2000] 00800/01575, Loss=0.00097, gfake=-6.17291 errG=481.55838
[Epoch:104/2000] 01000/01575, Loss=0.00170, gfake=-5.75721 errG=842.33954
[Epoch:104/2000] 01200/01575, Loss=0.00259, gfake=-16.35609 errG=1276.73096
[Epoch:104/2000] 01400/01575, Loss=0.00181, gfake=-11.97283 errG=895.55969
Epoch:104, Derain_Loss=0.00180
This epoch take time 386.95
----------------------------------------------------------------------------------------------------
lr_Derain 0.000200
lr_ED 0.000100
lrD 0.000400
[Epoch:105/2000] 00000/01575, Loss=0.00202, gfake=-6.83254 errG=1004.48761
[Epoch:105/2000] 00200/01575, Loss=0.00231, gfake=-5.07520 errG=1149.54285
[Epoch:105/2000] 00400/01575, Loss=0.00255, gfake=-5.95957 errG=1269.32556
[Epoch:105/2000] 00600/01575, Loss=0.00204, gfake=-4.90962 errG=1013.17590
[Epoch:105/2000] 00800/01575, Loss=0.00171, gfake=-9.97048 errG=843.46198
[Epoch:105/2000] 01000/01575, Loss=0.00242, gfake=-9.49597 errG=1201.57715
[Epoch:105/2000] 01200/01575, Loss=0.00199, gfake=-12.11979 errG=982.01703
[Epoch:105/2000] 01400/01575, Loss=0.00281, gfake=-15.07119 errG=1390.99902
Epoch:105, Derain_Loss=0.00179
This epoch take time 388.00
----------------------------------------------------------------------------------------------------
lr_Derain 0.000200
lr_ED 0.000100
lrD 0.000400
[Epoch:106/2000] 00000/01575, Loss=0.00217, gfake=-10.65488 errG=1072.23560
[Epoch:106/2000] 00200/01575, Loss=0.00157, gfake=-7.95125 errG=777.03369
[Epoch:106/2000] 00400/01575, Loss=0.00165, gfake=-7.68948 errG=815.42499
[Epoch:106/2000] 00600/01575, Loss=0.00170, gfake=-8.02844 errG=842.94037
[Epoch:106/2000] 00800/01575, Loss=0.00262, gfake=-17.04536 errG=1295.07117
[Epoch:106/2000] 01000/01575, Loss=0.00206, gfake=-16.91881 errG=1012.19672
[Epoch:106/2000] 01200/01575, Loss=0.00178, gfake=-16.16584 errG=873.37671
[Epoch:106/2000] 01400/01575, Loss=0.00148, gfake=-7.85300 errG=731.91498
Epoch:106, Derain_Loss=0.00179
This epoch take time 390.47
----------------------------------------------------------------------------------------------------
lr_Derain 0.000200
lr_ED 0.000100
lrD 0.000400
[Epoch:107/2000] 00000/01575, Loss=0.00196, gfake=-6.44555 errG=972.27008
[Epoch:107/2000] 00200/01575, Loss=0.00067, gfake=-0.42410 errG=332.77133
[Epoch:107/2000] 00400/01575, Loss=0.00252, gfake=-1.82058 errG=1256.18457
[Epoch:107/2000] 00600/01575, Loss=0.00182, gfake=-5.72057 errG=906.45142
[Epoch:107/2000] 00800/01575, Loss=0.00155, gfake=-6.78324 errG=768.80609
[Epoch:107/2000] 01000/01575, Loss=0.00124, gfake=-5.30602 errG=614.68933
[Epoch:107/2000] 01200/01575, Loss=0.00179, gfake=-4.66407 errG=890.98602
[Epoch:107/2000] 01400/01575, Loss=0.00204, gfake=-7.78975 errG=1013.88605
Epoch:107, Derain_Loss=0.00175
This epoch take time 391.60
----------------------------------------------------------------------------------------------------
lr_Derain 0.000200
lr_ED 0.000100
lrD 0.000400
[Epoch:108/2000] 00000/01575, Loss=0.00150, gfake=-5.10370 errG=747.57062
[Epoch:108/2000] 00200/01575, Loss=0.00210, gfake=-9.45286 errG=1038.84448
[Epoch:108/2000] 00400/01575, Loss=0.00198, gfake=-11.11925 errG=980.36163
[Epoch:108/2000] 00600/01575, Loss=0.00197, gfake=-7.85386 errG=976.41010
[Epoch:108/2000] 00800/01575, Loss=0.00144, gfake=-12.24103 errG=709.37469
[Epoch:108/2000] 01000/01575, Loss=0.00254, gfake=-7.00622 errG=1261.33679
[Epoch:108/2000] 01200/01575, Loss=0.00116, gfake=-2.43766 errG=577.04767
[Epoch:108/2000] 01400/01575, Loss=0.00216, gfake=-13.68283 errG=1064.45093
Epoch:108, Derain_Loss=0.00177
This epoch take time 388.43
----------------------------------------------------------------------------------------------------
lr_Derain 0.000200
lr_ED 0.000100
lrD 0.000400
[Epoch:109/2000] 00000/01575, Loss=0.00112, gfake=-2.00761 errG=556.19409
[Epoch:109/2000] 00200/01575, Loss=0.00198, gfake=-10.79286 errG=981.91479
[Epoch:109/2000] 00400/01575, Loss=0.00103, gfake=-4.52976 errG=508.51331
[Epoch:109/2000] 00600/01575, Loss=0.00114, gfake=-5.55146 errG=566.23279
[Epoch:109/2000] 00800/01575, Loss=0.00141, gfake=-7.45129 errG=697.99286
[Epoch:109/2000] 01000/01575, Loss=0.00173, gfake=-8.92379 errG=855.01202
[Epoch:109/2000] 01200/01575, Loss=0.00147, gfake=-10.62109 errG=726.35266
[Epoch:109/2000] 01400/01575, Loss=0.00215, gfake=-14.95923 errG=1060.46326
Epoch:109, Derain_Loss=0.00172
This epoch take time 396.03
----------------------------------------------------------------------------------------------------
lr_Derain 0.000200
lr_ED 0.000100
lrD 0.000400
[Epoch:110/2000] 00000/01575, Loss=0.00204, gfake=-15.56706 errG=1003.26489
[Epoch:110/2000] 00200/01575, Loss=0.00183, gfake=-7.54013 errG=907.62738
[Epoch:110/2000] 00400/01575, Loss=0.00196, gfake=-7.72421 errG=974.26611
[Epoch:110/2000] 00600/01575, Loss=0.00168, gfake=-12.78395 errG=828.54266
[Epoch:110/2000] 00800/01575, Loss=0.00188, gfake=-14.65003 errG=925.43170
[Epoch:110/2000] 01000/01575, Loss=0.00171, gfake=-4.27883 errG=851.93066
[Epoch:110/2000] 01200/01575, Loss=0.00152, gfake=-5.53775 errG=752.91003
[Epoch:110/2000] 01400/01575, Loss=0.00225, gfake=-7.05695 errG=1116.41626
Epoch:110, Derain_Loss=0.00176
This epoch take time 433.10
----------------------------------------------------------------------------------------------------
lr_Derain 0.000200
lr_ED 0.000100
lrD 0.000400
[Epoch:111/2000] 00000/01575, Loss=0.00140, gfake=-5.63608 errG=693.45288
[Epoch:111/2000] 00200/01575, Loss=0.00181, gfake=-6.39494 errG=897.87286
[Epoch:111/2000] 00400/01575, Loss=0.00212, gfake=-15.13508 errG=1046.76880
[Epoch:111/2000] 00600/01575, Loss=0.00111, gfake=-7.38195 errG=548.18317
[Epoch:111/2000] 00800/01575, Loss=0.00158, gfake=-6.14888 errG=783.33032
[Epoch:111/2000] 01000/01575, Loss=0.00170, gfake=-9.66699 errG=841.64362
[Epoch:111/2000] 01200/01575, Loss=0.00144, gfake=-10.74362 errG=707.63165
[Epoch:111/2000] 01400/01575, Loss=0.00240, gfake=-9.44764 errG=1190.71521
Epoch:111, Derain_Loss=0.00175
This epoch take time 431.47
----------------------------------------------------------------------------------------------------
lr_Derain 0.000200
lr_ED 0.000100
lrD 0.000400
[Epoch:112/2000] 00000/01575, Loss=0.00103, gfake=-11.81996 errG=503.34943
[Epoch:112/2000] 00200/01575, Loss=0.00273, gfake=-3.05840 errG=1360.92383
[Epoch:112/2000] 00400/01575, Loss=0.00171, gfake=-10.59935 errG=846.95319
[Epoch:112/2000] 00600/01575, Loss=0.00122, gfake=-3.01679 errG=609.58252
[Epoch:112/2000] 00800/01575, Loss=0.00150, gfake=-9.34658 errG=740.55621
[Epoch:112/2000] 01000/01575, Loss=0.00119, gfake=-7.53265 errG=589.98724
[Epoch:112/2000] 01200/01575, Loss=0.00191, gfake=-11.74123 errG=944.10541
[Epoch:112/2000] 01400/01575, Loss=0.00215, gfake=-7.37059 errG=1069.95605
Epoch:112, Derain_Loss=0.00187
This epoch take time 433.83
----------------------------------------------------------------------------------------------------
lr_Derain 0.000200
lr_ED 0.000100
lrD 0.000400
[Epoch:113/2000] 00000/01575, Loss=0.00269, gfake=-6.32212 errG=1341.12622
[Epoch:113/2000] 00200/01575, Loss=0.00145, gfake=-3.61841 errG=722.00684
[Epoch:113/2000] 00400/01575, Loss=0.00193, gfake=-4.05080 errG=959.47290
[Epoch:113/2000] 00600/01575, Loss=0.00181, gfake=-8.57306 errG=897.49219
[Epoch:113/2000] 00800/01575, Loss=0.00192, gfake=-2.88098 errG=957.93719
[Epoch:113/2000] 01000/01575, Loss=0.00185, gfake=-7.17483 errG=917.71106
[Epoch:113/2000] 01200/01575, Loss=0.00134, gfake=-5.49163 errG=662.58057
[Epoch:113/2000] 01400/01575, Loss=0.00191, gfake=-13.33060 errG=940.10901
Epoch:113, Derain_Loss=0.00177
This epoch take time 431.77
----------------------------------------------------------------------------------------------------
lr_Derain 0.000200
lr_ED 0.000100
lrD 0.000400
[Epoch:114/2000] 00000/01575, Loss=0.00149, gfake=-10.76614 errG=736.32935
[Epoch:114/2000] 00200/01575, Loss=0.00136, gfake=-9.10250 errG=670.39679
[Epoch:114/2000] 00400/01575, Loss=0.00211, gfake=-11.54865 errG=1043.44397
[Epoch:114/2000] 00600/01575, Loss=0.00159, gfake=-5.76155 errG=789.60870
[Epoch:114/2000] 00800/01575, Loss=0.00173, gfake=-12.04426 errG=853.00079
[Epoch:114/2000] 01000/01575, Loss=0.00128, gfake=-10.48277 errG=629.78259
[Epoch:114/2000] 01200/01575, Loss=0.00194, gfake=-6.28491 errG=962.26520
[Epoch:114/2000] 01400/01575, Loss=0.00150, gfake=-4.64552 errG=745.93097
Epoch:114, Derain_Loss=0.00173
This epoch take time 433.84
----------------------------------------------------------------------------------------------------
lr_Derain 0.000200
lr_ED 0.000100
lrD 0.000400
[Epoch:115/2000] 00000/01575, Loss=0.00205, gfake=-9.68820 errG=1017.16724
[Epoch:115/2000] 00200/01575, Loss=0.00167, gfake=-6.58993 errG=826.92181
[Epoch:115/2000] 00400/01575, Loss=0.00136, gfake=-7.95522 errG=670.79498
[Epoch:115/2000] 00600/01575, Loss=0.00157, gfake=-15.56204 errG=769.97418
[Epoch:115/2000] 00800/01575, Loss=0.00165, gfake=-10.19074 errG=814.53137
[Epoch:115/2000] 01000/01575, Loss=0.00157, gfake=-12.67764 errG=774.91638
[Epoch:115/2000] 01200/01575, Loss=0.00235, gfake=-13.78906 errG=1163.24890
[Epoch:115/2000] 01400/01575, Loss=0.00175, gfake=-12.45171 errG=863.52264
Epoch:115, Derain_Loss=0.00174
This epoch take time 432.96
----------------------------------------------------------------------------------------------------
lr_Derain 0.000200
lr_ED 0.000100
lrD 0.000400
