Random Seed:  5366
lr_Derain 0.000200
lr_ED 0.000100
lrD 0.000400
[Epoch:154/2000] 00000/01575, Loss=0.00205, gfake=11.22521 errG=1038.48499
[Epoch:154/2000] 00200/01575, Loss=0.00128, gfake=-8.50739 errG=629.92755
[Epoch:154/2000] 00400/01575, Loss=0.00305, gfake=-2.80928 errG=1522.71350
[Epoch:154/2000] 00600/01575, Loss=0.00127, gfake=-0.52943 errG=636.88074
[Epoch:154/2000] 00800/01575, Loss=0.00170, gfake=-3.43310 errG=849.06812
[Epoch:154/2000] 01000/01575, Loss=0.00159, gfake=-5.75356 errG=787.99097
[Epoch:154/2000] 01200/01575, Loss=0.00134, gfake=-0.20157 errG=668.68964
[Epoch:154/2000] 01400/01575, Loss=0.00134, gfake=-8.27853 errG=662.17566
Epoch:154, Derain_Loss=0.00166
This epoch take time 435.62
----------------------------------------------------------------------------------------------------
lr_Derain 0.000200
lr_ED 0.000100
lrD 0.000400
[Epoch:155/2000] 00000/01575, Loss=0.00131, gfake=-2.79254 errG=650.73016
[Epoch:155/2000] 00200/01575, Loss=0.00190, gfake=-3.72062 errG=946.13434
[Epoch:155/2000] 00400/01575, Loss=0.00151, gfake=-3.40521 errG=753.82947
[Epoch:155/2000] 00600/01575, Loss=0.00210, gfake=0.98482 errG=1049.82141
[Epoch:155/2000] 00800/01575, Loss=0.00078, gfake=-1.64873 errG=388.44321
[Epoch:155/2000] 01000/01575, Loss=0.00153, gfake=-2.60616 errG=762.82959
[Epoch:155/2000] 01200/01575, Loss=0.00167, gfake=-4.02741 errG=831.31506
[Epoch:155/2000] 01400/01575, Loss=0.00132, gfake=-1.04646 errG=661.00751
Epoch:155, Derain_Loss=0.00164
This epoch take time 432.17
----------------------------------------------------------------------------------------------------
lr_Derain 0.000200
lr_ED 0.000100
lrD 0.000400
[Epoch:156/2000] 00000/01575, Loss=0.00164, gfake=-10.54924 errG=809.93579
[Epoch:156/2000] 00200/01575, Loss=0.00152, gfake=-3.30240 errG=755.86737
[Epoch:156/2000] 00400/01575, Loss=0.00100, gfake=-3.08158 errG=496.69092
[Epoch:156/2000] 00600/01575, Loss=0.00142, gfake=-2.98112 errG=707.23474
[Epoch:156/2000] 00800/01575, Loss=0.00149, gfake=-1.53045 errG=746.05115
[Epoch:156/2000] 01000/01575, Loss=0.00127, gfake=0.94212 errG=635.61420
[Epoch:156/2000] 01200/01575, Loss=0.00164, gfake=-6.44644 errG=814.32532
[Epoch:156/2000] 01400/01575, Loss=0.00156, gfake=-2.93247 errG=778.05634
Epoch:156, Derain_Loss=0.00164
This epoch take time 419.73
----------------------------------------------------------------------------------------------------
lr_Derain 0.000200
lr_ED 0.000100
lrD 0.000400
[Epoch:157/2000] 00000/01575, Loss=0.00179, gfake=-0.01942 errG=896.60852
[Epoch:157/2000] 00200/01575, Loss=0.00166, gfake=-7.69612 errG=822.77039
[Epoch:157/2000] 00400/01575, Loss=0.00150, gfake=-0.53698 errG=747.24817
[Epoch:157/2000] 00600/01575, Loss=0.00086, gfake=2.34863 errG=433.34494
[Epoch:157/2000] 00800/01575, Loss=0.00174, gfake=-3.55621 errG=868.21356
[Epoch:157/2000] 01000/01575, Loss=0.00117, gfake=0.77440 errG=584.07849
[Epoch:157/2000] 01200/01575, Loss=0.00142, gfake=-2.09301 errG=706.98169
[Epoch:157/2000] 01400/01575, Loss=0.00099, gfake=1.76377 errG=495.04526
Epoch:157, Derain_Loss=0.00167
This epoch take time 420.88
----------------------------------------------------------------------------------------------------
lr_Derain 0.000200
lr_ED 0.000100
lrD 0.000400
[Epoch:158/2000] 00000/01575, Loss=0.00141, gfake=-4.32233 errG=702.39545
[Epoch:158/2000] 00200/01575, Loss=0.00202, gfake=2.53068 errG=1012.53326
[Epoch:158/2000] 00400/01575, Loss=0.00187, gfake=-0.21272 errG=934.46283
[Epoch:158/2000] 00600/01575, Loss=0.00113, gfake=-1.85226 errG=564.41833
[Epoch:158/2000] 00800/01575, Loss=0.00111, gfake=-3.79657 errG=549.98724
[Epoch:158/2000] 01000/01575, Loss=0.00246, gfake=4.16451 errG=1235.26416
[Epoch:158/2000] 01200/01575, Loss=0.00245, gfake=-4.13120 errG=1220.01038
[Epoch:158/2000] 01400/01575, Loss=0.00136, gfake=-1.73442 errG=680.91913
Epoch:158, Derain_Loss=0.00167
This epoch take time 433.55
----------------------------------------------------------------------------------------------------
lr_Derain 0.000200
lr_ED 0.000100
lrD 0.000400
[Epoch:159/2000] 00000/01575, Loss=0.00137, gfake=-2.84745 errG=682.42511
[Epoch:159/2000] 00200/01575, Loss=0.00207, gfake=-1.90031 errG=1032.50635
[Epoch:159/2000] 00400/01575, Loss=0.00211, gfake=-1.42834 errG=1055.59827
[Epoch:159/2000] 00600/01575, Loss=0.00145, gfake=-0.24619 errG=722.78632
[Epoch:159/2000] 00800/01575, Loss=0.00226, gfake=-1.78047 errG=1130.50378
[Epoch:159/2000] 01000/01575, Loss=0.00236, gfake=-4.07249 errG=1174.54419
[Epoch:159/2000] 01200/01575, Loss=0.00155, gfake=-3.52954 errG=773.01227
[Epoch:159/2000] 01400/01575, Loss=0.00211, gfake=-4.42297 errG=1051.51587
Epoch:159, Derain_Loss=0.00161
This epoch take time 420.80
----------------------------------------------------------------------------------------------------
lr_Derain 0.000200
lr_ED 0.000100
lrD 0.000400
[Epoch:160/2000] 00000/01575, Loss=0.00205, gfake=-4.25638 errG=1021.85455
[Epoch:160/2000] 00200/01575, Loss=0.00220, gfake=-1.53176 errG=1099.29199
[Epoch:160/2000] 00400/01575, Loss=0.00139, gfake=1.05117 errG=695.60748
[Epoch:160/2000] 00600/01575, Loss=0.00109, gfake=-4.32464 errG=542.63544
[Epoch:160/2000] 00800/01575, Loss=0.00168, gfake=-5.03893 errG=833.99725
[Epoch:160/2000] 01000/01575, Loss=0.00119, gfake=-0.26749 errG=592.63153
[Epoch:160/2000] 01200/01575, Loss=0.00138, gfake=3.40261 errG=692.50885
[Epoch:160/2000] 01400/01575, Loss=0.00158, gfake=1.96239 errG=793.93506
Epoch:160, Derain_Loss=0.00162
This epoch take time 421.58
----------------------------------------------------------------------------------------------------
lr_Derain 0.000200
lr_ED 0.000100
lrD 0.000400
[Epoch:161/2000] 00000/01575, Loss=0.00156, gfake=1.71712 errG=783.31750
[Epoch:161/2000] 00200/01575, Loss=0.00070, gfake=7.10385 errG=357.62088
[Epoch:161/2000] 00400/01575, Loss=0.00154, gfake=0.04239 errG=772.74005
[Epoch:161/2000] 00600/01575, Loss=0.00288, gfake=-2.13812 errG=1435.83228
[Epoch:161/2000] 00800/01575, Loss=0.00208, gfake=-3.86929 errG=1037.64172
[Epoch:161/2000] 01000/01575, Loss=0.00209, gfake=-3.07506 errG=1044.59570
[Epoch:161/2000] 01200/01575, Loss=0.00234, gfake=-4.51493 errG=1166.22119
[Epoch:161/2000] 01400/01575, Loss=0.00200, gfake=-2.39128 errG=998.67255
Epoch:161, Derain_Loss=0.00166
This epoch take time 442.13
----------------------------------------------------------------------------------------------------
lr_Derain 0.000200
lr_ED 0.000100
lrD 0.000400
[Epoch:162/2000] 00000/01575, Loss=0.00136, gfake=-0.19179 errG=680.58545
[Epoch:162/2000] 00200/01575, Loss=0.00185, gfake=-1.81556 errG=921.67273
[Epoch:162/2000] 00400/01575, Loss=0.00099, gfake=1.17583 errG=496.22394
[Epoch:162/2000] 00600/01575, Loss=0.00139, gfake=1.45655 errG=698.17792
[Epoch:162/2000] 00800/01575, Loss=0.00201, gfake=-1.02979 errG=1002.92145
[Epoch:162/2000] 01000/01575, Loss=0.00116, gfake=-4.55363 errG=577.90210
[Epoch:162/2000] 01200/01575, Loss=0.00122, gfake=-0.71641 errG=611.85107
[Epoch:162/2000] 01400/01575, Loss=0.00139, gfake=-4.45460 errG=692.28131
Epoch:162, Derain_Loss=0.00164
This epoch take time 420.72
----------------------------------------------------------------------------------------------------
lr_Derain 0.000200
lr_ED 0.000100
lrD 0.000400
[Epoch:163/2000] 00000/01575, Loss=0.00248, gfake=-6.03206 errG=1235.77039
[Epoch:163/2000] 00200/01575, Loss=0.00176, gfake=3.93540 errG=884.90955
[Epoch:163/2000] 00400/01575, Loss=0.00182, gfake=-2.71396 errG=908.06305
[Epoch:163/2000] 00600/01575, Loss=0.00158, gfake=-1.04778 errG=788.36218
[Epoch:163/2000] 00800/01575, Loss=0.00112, gfake=-1.86397 errG=558.06592
[Epoch:163/2000] 01000/01575, Loss=0.00190, gfake=-1.26352 errG=950.26666
[Epoch:163/2000] 01200/01575, Loss=0.00177, gfake=3.65425 errG=889.22034
[Epoch:163/2000] 01400/01575, Loss=0.00175, gfake=-4.39815 errG=869.69379
Epoch:163, Derain_Loss=0.00162
This epoch take time 419.80
----------------------------------------------------------------------------------------------------
lr_Derain 0.000200
lr_ED 0.000100
lrD 0.000400
[Epoch:164/2000] 00000/01575, Loss=0.00155, gfake=2.83504 errG=776.16028
[Epoch:164/2000] 00200/01575, Loss=0.00132, gfake=0.56307 errG=660.52600
[Epoch:164/2000] 00400/01575, Loss=0.00151, gfake=4.85885 errG=760.08044
[Epoch:164/2000] 00600/01575, Loss=0.00117, gfake=-1.93994 errG=584.46179
[Epoch:164/2000] 00800/01575, Loss=0.00231, gfake=-2.56618 errG=1150.52600
[Epoch:164/2000] 01000/01575, Loss=0.00244, gfake=-2.94337 errG=1215.64917
[Epoch:164/2000] 01200/01575, Loss=0.00206, gfake=-7.55646 errG=1020.91016
[Epoch:164/2000] 01400/01575, Loss=0.00111, gfake=-3.96244 errG=551.00531
Epoch:164, Derain_Loss=0.00164
This epoch take time 444.83
----------------------------------------------------------------------------------------------------
lr_Derain 0.000200
lr_ED 0.000100
lrD 0.000400
[Epoch:165/2000] 00000/01575, Loss=0.00126, gfake=-3.43009 errG=628.69714
[Epoch:165/2000] 00200/01575, Loss=0.00166, gfake=-6.08993 errG=823.24518
[Epoch:165/2000] 00400/01575, Loss=0.00274, gfake=5.35473 errG=1376.21826
[Epoch:165/2000] 00600/01575, Loss=0.00139, gfake=-0.01303 errG=696.36407
[Epoch:165/2000] 00800/01575, Loss=0.00214, gfake=-9.32376 errG=1060.99756
[Epoch:165/2000] 01000/01575, Loss=0.00157, gfake=-2.90308 errG=780.44153
[Epoch:165/2000] 01200/01575, Loss=0.00164, gfake=-1.08253 errG=819.89111
[Epoch:165/2000] 01400/01575, Loss=0.00108, gfake=8.37591 errG=550.91260
Epoch:165, Derain_Loss=0.00164
This epoch take time 422.66
----------------------------------------------------------------------------------------------------
lr_Derain 0.000200
lr_ED 0.000100
lrD 0.000400
[Epoch:166/2000] 00000/01575, Loss=0.00198, gfake=-3.13277 errG=987.03204
[Epoch:166/2000] 00200/01575, Loss=0.00155, gfake=3.39881 errG=779.98700
[Epoch:166/2000] 00400/01575, Loss=0.00090, gfake=7.30097 errG=455.28998
[Epoch:166/2000] 00600/01575, Loss=0.00124, gfake=1.59672 errG=623.02557
[Epoch:166/2000] 00800/01575, Loss=0.00157, gfake=-1.88692 errG=781.89557
[Epoch:166/2000] 01000/01575, Loss=0.00154, gfake=-2.88299 errG=769.28986
[Epoch:166/2000] 01200/01575, Loss=0.00191, gfake=-4.71042 errG=951.88544
[Epoch:166/2000] 01400/01575, Loss=0.00306, gfake=-3.98602 errG=1527.25989
Epoch:166, Derain_Loss=0.00162
This epoch take time 398.90
----------------------------------------------------------------------------------------------------
lr_Derain 0.000200
lr_ED 0.000100
lrD 0.000400
[Epoch:167/2000] 00000/01575, Loss=0.00185, gfake=-4.95344 errG=921.78357
[Epoch:167/2000] 00200/01575, Loss=0.00188, gfake=-4.12276 errG=934.72614
[Epoch:167/2000] 00400/01575, Loss=0.00120, gfake=1.66223 errG=602.15021
[Epoch:167/2000] 00600/01575, Loss=0.00205, gfake=0.11718 errG=1024.74719
[Epoch:167/2000] 00800/01575, Loss=0.00198, gfake=2.13968 errG=993.17719
[Epoch:167/2000] 01000/01575, Loss=0.00177, gfake=-2.09939 errG=885.14368
[Epoch:167/2000] 01200/01575, Loss=0.00097, gfake=-8.43449 errG=477.19315
[Epoch:167/2000] 01400/01575, Loss=0.00170, gfake=-3.58540 errG=849.03137
Epoch:167, Derain_Loss=0.00163
This epoch take time 391.63
----------------------------------------------------------------------------------------------------
lr_Derain 0.000200
lr_ED 0.000100
lrD 0.000400
[Epoch:168/2000] 00000/01575, Loss=0.00241, gfake=-8.44619 errG=1199.38293
[Epoch:168/2000] 00200/01575, Loss=0.00173, gfake=-4.27155 errG=862.63458
[Epoch:168/2000] 00400/01575, Loss=0.00179, gfake=-6.90990 errG=888.19574
[Epoch:168/2000] 00600/01575, Loss=0.00158, gfake=-5.75407 errG=785.70898
[Epoch:168/2000] 00800/01575, Loss=0.00336, gfake=-6.20177 errG=1674.82019
[Epoch:168/2000] 01000/01575, Loss=0.00215, gfake=-7.81233 errG=1066.00549
[Epoch:168/2000] 01200/01575, Loss=0.00172, gfake=-8.00893 errG=853.57202
[Epoch:168/2000] 01400/01575, Loss=0.00126, gfake=-0.25020 errG=629.05621
Epoch:168, Derain_Loss=0.00161
This epoch take time 405.01
----------------------------------------------------------------------------------------------------
lr_Derain 0.000200
lr_ED 0.000100
lrD 0.000400
[Epoch:169/2000] 00000/01575, Loss=0.00183, gfake=-11.33158 errG=903.12891
[Epoch:169/2000] 00200/01575, Loss=0.00171, gfake=3.34357 errG=857.10553
[Epoch:169/2000] 00400/01575, Loss=0.00192, gfake=0.19999 errG=962.66547
[Epoch:169/2000] 00600/01575, Loss=0.00273, gfake=0.86521 errG=1363.93872
[Epoch:169/2000] 00800/01575, Loss=0.00120, gfake=2.81948 errG=602.30676
[Epoch:169/2000] 01000/01575, Loss=0.00187, gfake=-4.91190 errG=929.62024
[Epoch:169/2000] 01200/01575, Loss=0.00151, gfake=-1.20907 errG=755.53265
[Epoch:169/2000] 01400/01575, Loss=0.00215, gfake=-1.22702 errG=1074.13269
Epoch:169, Derain_Loss=0.00162
This epoch take time 390.06
----------------------------------------------------------------------------------------------------
lr_Derain 0.000200
lr_ED 0.000100
lrD 0.000400
[Epoch:170/2000] 00000/01575, Loss=0.00229, gfake=-4.75758 errG=1142.83142
[Epoch:170/2000] 00200/01575, Loss=0.00148, gfake=-5.87360 errG=734.63147
[Epoch:170/2000] 00400/01575, Loss=0.00246, gfake=-1.12872 errG=1228.16943
[Epoch:170/2000] 00600/01575, Loss=0.00241, gfake=-4.60738 errG=1199.44971
[Epoch:170/2000] 00800/01575, Loss=0.00203, gfake=-6.64135 errG=1009.18500
[Epoch:170/2000] 01000/01575, Loss=0.00175, gfake=-0.63838 errG=874.16943
[Epoch:170/2000] 01200/01575, Loss=0.00136, gfake=-4.79909 errG=675.72198
[Epoch:170/2000] 01400/01575, Loss=0.00191, gfake=-0.06120 errG=954.26099
Epoch:170, Derain_Loss=0.00164
This epoch take time 391.22
----------------------------------------------------------------------------------------------------
lr_Derain 0.000200
lr_ED 0.000100
lrD 0.000400
[Epoch:171/2000] 00000/01575, Loss=0.00194, gfake=-3.94793 errG=966.97491
[Epoch:171/2000] 00200/01575, Loss=0.00108, gfake=-1.99964 errG=540.28961
[Epoch:171/2000] 00400/01575, Loss=0.00130, gfake=3.58206 errG=651.67548
[Epoch:171/2000] 00600/01575, Loss=0.00157, gfake=4.54404 errG=790.58466
[Epoch:171/2000] 00800/01575, Loss=0.00169, gfake=1.66340 errG=845.14111
[Epoch:171/2000] 01000/01575, Loss=0.00199, gfake=-0.57862 errG=994.41058
[Epoch:171/2000] 01200/01575, Loss=0.00080, gfake=-1.63135 errG=400.96945
[Epoch:171/2000] 01400/01575, Loss=0.00141, gfake=-5.66294 errG=697.07910
Epoch:171, Derain_Loss=0.00163
This epoch take time 407.81
----------------------------------------------------------------------------------------------------
lr_Derain 0.000200
lr_ED 0.000100
lrD 0.000400
[Epoch:172/2000] 00000/01575, Loss=0.00129, gfake=7.43408 errG=650.76501
[Epoch:172/2000] 00200/01575, Loss=0.00180, gfake=-5.24252 errG=895.88123
[Epoch:172/2000] 00400/01575, Loss=0.00213, gfake=-6.07086 errG=1059.58472
[Epoch:172/2000] 00600/01575, Loss=0.00109, gfake=6.69551 errG=552.56860
[Epoch:172/2000] 00800/01575, Loss=0.00138, gfake=-6.22667 errG=681.75153
[Epoch:172/2000] 01000/01575, Loss=0.00114, gfake=-4.43905 errG=564.91473
[Epoch:172/2000] 01200/01575, Loss=0.00177, gfake=2.49991 errG=885.96863
[Epoch:172/2000] 01400/01575, Loss=0.00252, gfake=-4.18332 errG=1257.33289
Epoch:172, Derain_Loss=0.00164
This epoch take time 393.55
----------------------------------------------------------------------------------------------------
lr_Derain 0.000200
lr_ED 0.000100
lrD 0.000400
[Epoch:173/2000] 00000/01575, Loss=0.00137, gfake=-5.49585 errG=679.24719
[Epoch:173/2000] 00200/01575, Loss=0.00182, gfake=-3.95079 errG=906.35938
[Epoch:173/2000] 00400/01575, Loss=0.00323, gfake=-10.18232 errG=1606.96106
[Epoch:173/2000] 00600/01575, Loss=0.00167, gfake=-4.76308 errG=832.72821
[Epoch:173/2000] 00800/01575, Loss=0.00170, gfake=3.56923 errG=852.04218
[Epoch:173/2000] 01000/01575, Loss=0.00160, gfake=3.42585 errG=803.34375
[Epoch:173/2000] 01200/01575, Loss=0.00264, gfake=-2.69066 errG=1319.99548
[Epoch:173/2000] 01400/01575, Loss=0.00184, gfake=-2.85905 errG=914.95300
Epoch:173, Derain_Loss=0.00160
This epoch take time 416.33
----------------------------------------------------------------------------------------------------
lr_Derain 0.000200
lr_ED 0.000100
lrD 0.000400
[Epoch:174/2000] 00000/01575, Loss=0.00244, gfake=-2.14746 errG=1217.49414
[Epoch:174/2000] 00200/01575, Loss=0.00172, gfake=-3.20043 errG=858.58038
[Epoch:174/2000] 00400/01575, Loss=0.00114, gfake=2.96435 errG=574.09100
[Epoch:174/2000] 00600/01575, Loss=0.00196, gfake=-1.84225 errG=977.68195
[Epoch:174/2000] 00800/01575, Loss=0.00183, gfake=-0.91089 errG=916.76672
[Epoch:174/2000] 01000/01575, Loss=0.00120, gfake=3.97575 errG=606.06171
[Epoch:174/2000] 01200/01575, Loss=0.00188, gfake=-2.49700 errG=940.02655
[Epoch:174/2000] 01400/01575, Loss=0.00331, gfake=-3.87409 errG=1652.61755
Epoch:174, Derain_Loss=0.00163
This epoch take time 438.59
----------------------------------------------------------------------------------------------------
lr_Derain 0.000200
lr_ED 0.000100
lrD 0.000400
[Epoch:175/2000] 00000/01575, Loss=0.00175, gfake=1.36627 errG=877.74200
[Epoch:175/2000] 00200/01575, Loss=0.00125, gfake=3.60533 errG=629.96405
[Epoch:175/2000] 00400/01575, Loss=0.00195, gfake=-0.73208 errG=973.67145
[Epoch:175/2000] 00600/01575, Loss=0.00079, gfake=1.92482 errG=396.68271
[Epoch:175/2000] 00800/01575, Loss=0.00320, gfake=-1.59872 errG=1600.37317
[Epoch:175/2000] 01000/01575, Loss=0.00184, gfake=-1.95010 errG=920.50574
[Epoch:175/2000] 01200/01575, Loss=0.00218, gfake=1.62280 errG=1093.46777
[Epoch:175/2000] 01400/01575, Loss=0.00145, gfake=-4.84042 errG=720.36255
Epoch:175, Derain_Loss=0.00160
This epoch take time 454.50
----------------------------------------------------------------------------------------------------
lr_Derain 0.000200
lr_ED 0.000100
lrD 0.000400
[Epoch:176/2000] 00000/01575, Loss=0.00160, gfake=-5.70295 errG=792.19531
[Epoch:176/2000] 00200/01575, Loss=0.00185, gfake=-5.02777 errG=917.76605
[Epoch:176/2000] 00400/01575, Loss=0.00169, gfake=-1.27669 errG=841.67273
[Epoch:176/2000] 00600/01575, Loss=0.00122, gfake=3.24132 errG=614.56470
[Epoch:176/2000] 00800/01575, Loss=0.00188, gfake=-1.81013 errG=937.49768
[Epoch:176/2000] 01000/01575, Loss=0.00170, gfake=-1.92869 errG=846.74225
[Epoch:176/2000] 01200/01575, Loss=0.00155, gfake=-0.62062 errG=773.80353
[Epoch:176/2000] 01400/01575, Loss=0.00108, gfake=-0.63289 errG=538.10669
Epoch:176, Derain_Loss=0.00163
This epoch take time 437.08
----------------------------------------------------------------------------------------------------
lr_Derain 0.000200
lr_ED 0.000100
lrD 0.000400
[Epoch:177/2000] 00000/01575, Loss=0.00316, gfake=0.71747 errG=1579.59253
[Epoch:177/2000] 00200/01575, Loss=0.00128, gfake=4.02350 errG=645.58179
[Epoch:177/2000] 00400/01575, Loss=0.00203, gfake=0.57123 errG=1014.30579
[Epoch:177/2000] 00600/01575, Loss=0.00157, gfake=-1.77326 errG=782.41058
[Epoch:177/2000] 00800/01575, Loss=0.00107, gfake=1.00297 errG=534.85425
[Epoch:177/2000] 01000/01575, Loss=0.00134, gfake=0.35147 errG=672.03058
[Epoch:177/2000] 01200/01575, Loss=0.00146, gfake=-0.77938 errG=729.35992
[Epoch:177/2000] 01400/01575, Loss=0.00132, gfake=1.13164 errG=660.65063
Epoch:177, Derain_Loss=0.00163
This epoch take time 438.91
----------------------------------------------------------------------------------------------------
lr_Derain 0.000200
lr_ED 0.000100
lrD 0.000400
[Epoch:178/2000] 00000/01575, Loss=0.00137, gfake=1.38963 errG=685.68103
[Epoch:178/2000] 00200/01575, Loss=0.00103, gfake=-1.09840 errG=512.82172
[Epoch:178/2000] 00400/01575, Loss=0.00136, gfake=-1.42245 errG=677.41223
[Epoch:178/2000] 00600/01575, Loss=0.00116, gfake=6.07361 errG=586.92059
[Epoch:178/2000] 00800/01575, Loss=0.00233, gfake=-3.00130 errG=1160.67810
[Epoch:178/2000] 01000/01575, Loss=0.00133, gfake=3.66834 errG=669.52643
[Epoch:178/2000] 01200/01575, Loss=0.00123, gfake=6.58807 errG=623.14331
[Epoch:178/2000] 01400/01575, Loss=0.00139, gfake=-1.84712 errG=695.52747
Epoch:178, Derain_Loss=0.00160
This epoch take time 461.87
----------------------------------------------------------------------------------------------------
lr_Derain 0.000200
lr_ED 0.000100
lrD 0.000400
[Epoch:179/2000] 00000/01575, Loss=0.00107, gfake=2.89682 errG=537.86688
[Epoch:179/2000] 00200/01575, Loss=0.00135, gfake=-0.56386 errG=673.37109
[Epoch:179/2000] 00400/01575, Loss=0.00126, gfake=4.98205 errG=633.84979
[Epoch:179/2000] 00600/01575, Loss=0.00077, gfake=-0.30529 errG=385.15286
[Epoch:179/2000] 00800/01575, Loss=0.00166, gfake=-0.96674 errG=828.43188
[Epoch:179/2000] 01000/01575, Loss=0.00122, gfake=-1.49675 errG=606.86066
[Epoch:179/2000] 01200/01575, Loss=0.00193, gfake=-5.53141 errG=961.29395
[Epoch:179/2000] 01400/01575, Loss=0.00155, gfake=0.21030 errG=777.60004
Epoch:179, Derain_Loss=0.00163
This epoch take time 437.45
----------------------------------------------------------------------------------------------------
lr_Derain 0.000200
lr_ED 0.000100
lrD 0.000400
[Epoch:180/2000] 00000/01575, Loss=0.00134, gfake=-8.01416 errG=663.63153
[Epoch:180/2000] 00200/01575, Loss=0.00133, gfake=4.75408 errG=671.02856
[Epoch:180/2000] 00400/01575, Loss=0.00214, gfake=-10.75829 errG=1061.39355
[Epoch:180/2000] 00600/01575, Loss=0.00098, gfake=5.14518 errG=494.01276
[Epoch:180/2000] 00800/01575, Loss=0.00191, gfake=2.84500 errG=956.13342
[Epoch:180/2000] 01000/01575, Loss=0.00193, gfake=-3.54625 errG=963.94501
[Epoch:180/2000] 01200/01575, Loss=0.00126, gfake=3.68330 errG=633.78284
[Epoch:180/2000] 01400/01575, Loss=0.00106, gfake=8.82453 errG=537.70520
Epoch:180, Derain_Loss=0.00160
This epoch take time 438.55
----------------------------------------------------------------------------------------------------
lr_Derain 0.000200
lr_ED 0.000100
lrD 0.000400
[Epoch:181/2000] 00000/01575, Loss=0.00153, gfake=-9.13025 errG=755.22144
[Epoch:181/2000] 00200/01575, Loss=0.00156, gfake=-2.47649 errG=779.23767
[Epoch:181/2000] 00400/01575, Loss=0.00244, gfake=-2.02372 errG=1219.70740
[Epoch:181/2000] 00600/01575, Loss=0.00229, gfake=-3.65836 errG=1141.42371
[Epoch:181/2000] 00800/01575, Loss=0.00157, gfake=-0.27203 errG=786.02441
[Epoch:181/2000] 01000/01575, Loss=0.00257, gfake=-4.04099 errG=1283.39307
[Epoch:181/2000] 01200/01575, Loss=0.00080, gfake=3.36662 errG=405.91446
[Epoch:181/2000] 01400/01575, Loss=0.00139, gfake=-3.73249 errG=690.37537
Epoch:181, Derain_Loss=0.00160
This epoch take time 469.70
----------------------------------------------------------------------------------------------------
lr_Derain 0.000200
lr_ED 0.000100
lrD 0.000400
[Epoch:182/2000] 00000/01575, Loss=0.00150, gfake=4.98148 errG=755.28833
[Epoch:182/2000] 00200/01575, Loss=0.00129, gfake=2.73160 errG=646.45837
[Epoch:182/2000] 00400/01575, Loss=0.00091, gfake=2.34255 errG=456.52396
[Epoch:182/2000] 00600/01575, Loss=0.00153, gfake=4.60569 errG=767.65552
[Epoch:182/2000] 00800/01575, Loss=0.00138, gfake=1.89583 errG=690.27130
[Epoch:182/2000] 01000/01575, Loss=0.00125, gfake=-2.86104 errG=624.02826
[Epoch:182/2000] 01200/01575, Loss=0.00168, gfake=-0.59487 errG=837.36151
[Epoch:182/2000] 01400/01575, Loss=0.00145, gfake=1.60418 errG=725.33722
Epoch:182, Derain_Loss=0.00165
This epoch take time 437.93
----------------------------------------------------------------------------------------------------
lr_Derain 0.000200
lr_ED 0.000100
lrD 0.000400
[Epoch:183/2000] 00000/01575, Loss=0.00193, gfake=2.15677 errG=968.31696
[Epoch:183/2000] 00200/01575, Loss=0.00139, gfake=-6.24949 errG=687.15112
[Epoch:183/2000] 00400/01575, Loss=0.00129, gfake=6.14319 errG=652.27209
[Epoch:183/2000] 00600/01575, Loss=0.00176, gfake=10.28152 errG=888.44464
[Epoch:183/2000] 00800/01575, Loss=0.00176, gfake=4.12885 errG=882.15790
[Epoch:183/2000] 01000/01575, Loss=0.00204, gfake=2.13581 errG=1022.04510
[Epoch:183/2000] 01200/01575, Loss=0.00235, gfake=-3.54165 errG=1169.87244
[Epoch:183/2000] 01400/01575, Loss=0.00232, gfake=2.24455 errG=1164.17908
Epoch:183, Derain_Loss=0.00159
This epoch take time 437.02
----------------------------------------------------------------------------------------------------
lr_Derain 0.000200
lr_ED 0.000100
lrD 0.000400
[Epoch:184/2000] 00000/01575, Loss=0.00117, gfake=3.51643 errG=587.16901
[Epoch:184/2000] 00200/01575, Loss=0.00180, gfake=-1.80532 errG=896.07739
[Epoch:184/2000] 00400/01575, Loss=0.00204, gfake=-2.89678 errG=1015.82458
[Epoch:184/2000] 00600/01575, Loss=0.00190, gfake=0.09951 errG=950.93146
[Epoch:184/2000] 00800/01575, Loss=0.00166, gfake=-4.32382 errG=823.76825
[Epoch:184/2000] 01000/01575, Loss=0.00145, gfake=0.07388 errG=725.78833
[Epoch:184/2000] 01200/01575, Loss=0.00225, gfake=-4.85893 errG=1122.74756
[Epoch:184/2000] 01400/01575, Loss=0.00177, gfake=2.90130 errG=886.16895
Epoch:184, Derain_Loss=0.00160
This epoch take time 454.75
----------------------------------------------------------------------------------------------------
lr_Derain 0.000200
lr_ED 0.000100
lrD 0.000400
[Epoch:185/2000] 00000/01575, Loss=0.00131, gfake=-3.23529 errG=651.09070
[Epoch:185/2000] 00200/01575, Loss=0.00243, gfake=-0.16362 errG=1214.55322
[Epoch:185/2000] 00400/01575, Loss=0.00213, gfake=-2.52041 errG=1064.81665
[Epoch:185/2000] 00600/01575, Loss=0.00105, gfake=10.93034 errG=536.24127
[Epoch:185/2000] 00800/01575, Loss=0.00068, gfake=5.26277 errG=344.01489
[Epoch:185/2000] 01000/01575, Loss=0.00225, gfake=-0.81465 errG=1124.66907
[Epoch:185/2000] 01200/01575, Loss=0.00147, gfake=3.39492 errG=740.89240
[Epoch:185/2000] 01400/01575, Loss=0.00106, gfake=13.75669 errG=545.36432
Epoch:185, Derain_Loss=0.00160
This epoch take time 437.63
----------------------------------------------------------------------------------------------------
lr_Derain 0.000200
lr_ED 0.000100
lrD 0.000400
[Epoch:186/2000] 00000/01575, Loss=0.00208, gfake=-0.67557 errG=1038.98071
[Epoch:186/2000] 00200/01575, Loss=0.00169, gfake=-0.61369 errG=846.95325
[Epoch:186/2000] 00400/01575, Loss=0.00190, gfake=-2.31349 errG=946.80951
[Epoch:186/2000] 00600/01575, Loss=0.00180, gfake=-0.42686 errG=898.29504
[Epoch:186/2000] 00800/01575, Loss=0.00124, gfake=-1.35522 errG=618.27209
[Epoch:186/2000] 01000/01575, Loss=0.00156, gfake=-2.37612 errG=776.44092
[Epoch:186/2000] 01200/01575, Loss=0.00158, gfake=1.67006 errG=792.10260
[Epoch:186/2000] 01400/01575, Loss=0.00212, gfake=-7.19524 errG=1053.40576
Epoch:186, Derain_Loss=0.00159
This epoch take time 438.39
----------------------------------------------------------------------------------------------------
lr_Derain 0.000200
lr_ED 0.000100
lrD 0.000400
[Epoch:187/2000] 00000/01575, Loss=0.00202, gfake=1.03341 errG=1010.40619
[Epoch:187/2000] 00200/01575, Loss=0.00089, gfake=6.54150 errG=451.40387
[Epoch:187/2000] 00400/01575, Loss=0.00122, gfake=1.75173 errG=612.67792
[Epoch:187/2000] 00600/01575, Loss=0.00307, gfake=-5.77376 errG=1528.68713
[Epoch:187/2000] 00800/01575, Loss=0.00276, gfake=-1.81636 errG=1377.54004
[Epoch:187/2000] 01000/01575, Loss=0.00146, gfake=-3.48885 errG=725.33502
[Epoch:187/2000] 01200/01575, Loss=0.00258, gfake=-3.53732 errG=1288.16479
[Epoch:187/2000] 01400/01575, Loss=0.00209, gfake=0.36171 errG=1043.46167
Epoch:187, Derain_Loss=0.00159
This epoch take time 447.16
----------------------------------------------------------------------------------------------------
lr_Derain 0.000200
lr_ED 0.000100
lrD 0.000400
[Epoch:188/2000] 00000/01575, Loss=0.00187, gfake=-4.35593 errG=931.59186
[Epoch:188/2000] 00200/01575, Loss=0.00125, gfake=0.58158 errG=625.92987
[Epoch:188/2000] 00400/01575, Loss=0.00180, gfake=3.32795 errG=903.32794
[Epoch:188/2000] 00600/01575, Loss=0.00125, gfake=-2.33058 errG=623.85986
[Epoch:188/2000] 00800/01575, Loss=0.00158, gfake=-4.07497 errG=786.87335
[Epoch:188/2000] 01000/01575, Loss=0.00164, gfake=3.52229 errG=822.77466
[Epoch:188/2000] 01200/01575, Loss=0.00149, gfake=-4.62869 errG=740.01123
[Epoch:188/2000] 01400/01575, Loss=0.00153, gfake=-0.42233 errG=767.22034
Epoch:188, Derain_Loss=0.00161
This epoch take time 437.96
----------------------------------------------------------------------------------------------------
lr_Derain 0.000200
lr_ED 0.000100
lrD 0.000400
[Epoch:189/2000] 00000/01575, Loss=0.00177, gfake=4.80708 errG=891.88770
[Epoch:189/2000] 00200/01575, Loss=0.00140, gfake=-1.69379 errG=699.29053
[Epoch:189/2000] 00400/01575, Loss=0.00109, gfake=5.18847 errG=548.48407
[Epoch:189/2000] 00600/01575, Loss=0.00237, gfake=-3.48817 errG=1183.51245
[Epoch:189/2000] 00800/01575, Loss=0.00112, gfake=-1.67201 errG=557.92365
[Epoch:189/2000] 01000/01575, Loss=0.00138, gfake=0.12554 errG=689.43463
[Epoch:189/2000] 01200/01575, Loss=0.00157, gfake=-1.43756 errG=781.75348
[Epoch:189/2000] 01400/01575, Loss=0.00231, gfake=6.67315 errG=1162.21167
Epoch:189, Derain_Loss=0.00161
This epoch take time 438.04
----------------------------------------------------------------------------------------------------
lr_Derain 0.000200
lr_ED 0.000100
lrD 0.000400
[Epoch:190/2000] 00000/01575, Loss=0.00128, gfake=-0.12839 errG=641.09180
[Epoch:190/2000] 00200/01575, Loss=0.00131, gfake=2.17463 errG=659.79108
[Epoch:190/2000] 00400/01575, Loss=0.00218, gfake=-0.45271 errG=1087.33325
[Epoch:190/2000] 00600/01575, Loss=0.00157, gfake=2.19803 errG=788.76184
[Epoch:190/2000] 00800/01575, Loss=0.00095, gfake=10.27056 errG=485.39630
[Epoch:190/2000] 01000/01575, Loss=0.00148, gfake=1.90130 errG=739.91418
[Epoch:190/2000] 01200/01575, Loss=0.00103, gfake=-0.28464 errG=513.56116
[Epoch:190/2000] 01400/01575, Loss=0.00142, gfake=-4.68193 errG=707.45190
Epoch:190, Derain_Loss=0.00160
This epoch take time 438.07
----------------------------------------------------------------------------------------------------
lr_Derain 0.000200
lr_ED 0.000100
lrD 0.000400
[Epoch:191/2000] 00000/01575, Loss=0.00116, gfake=-1.07776 errG=579.72015
[Epoch:191/2000] 00200/01575, Loss=0.00192, gfake=2.07700 errG=963.66766
[Epoch:191/2000] 00400/01575, Loss=0.00137, gfake=4.09795 errG=688.21271
[Epoch:191/2000] 00600/01575, Loss=0.00134, gfake=1.60064 errG=671.42157
[Epoch:191/2000] 00800/01575, Loss=0.00153, gfake=-3.98087 errG=759.96979
[Epoch:191/2000] 01000/01575, Loss=0.00158, gfake=3.03072 errG=792.88165
[Epoch:191/2000] 01200/01575, Loss=0.00121, gfake=-5.05176 errG=600.78052
[Epoch:191/2000] 01400/01575, Loss=0.00113, gfake=-0.87088 errG=562.31836
Epoch:191, Derain_Loss=0.00158
This epoch take time 445.92
----------------------------------------------------------------------------------------------------
lr_Derain 0.000200
lr_ED 0.000100
lrD 0.000400
[Epoch:192/2000] 00000/01575, Loss=0.00213, gfake=9.64091 errG=1072.90576
[Epoch:192/2000] 00200/01575, Loss=0.00158, gfake=0.88996 errG=789.23743
[Epoch:192/2000] 00400/01575, Loss=0.00179, gfake=-1.96343 errG=895.28857
[Epoch:192/2000] 00600/01575, Loss=0.00234, gfake=-4.46789 errG=1166.83264
[Epoch:192/2000] 00800/01575, Loss=0.00117, gfake=-2.76028 errG=582.17542
[Epoch:192/2000] 01000/01575, Loss=0.00142, gfake=-4.67096 errG=705.51862
[Epoch:192/2000] 01200/01575, Loss=0.00116, gfake=3.03594 errG=582.33691
[Epoch:192/2000] 01400/01575, Loss=0.00151, gfake=-3.09135 errG=751.19073
Epoch:192, Derain_Loss=0.00160
This epoch take time 437.44
----------------------------------------------------------------------------------------------------
lr_Derain 0.000200
lr_ED 0.000100
lrD 0.000400
[Epoch:193/2000] 00000/01575, Loss=0.00152, gfake=1.27638 errG=763.82666
[Epoch:193/2000] 00200/01575, Loss=0.00138, gfake=-0.14626 errG=688.63306
[Epoch:193/2000] 00400/01575, Loss=0.00078, gfake=3.70383 errG=395.98090
[Epoch:193/2000] 00600/01575, Loss=0.00250, gfake=-0.24364 errG=1251.76428
[Epoch:193/2000] 00800/01575, Loss=0.00187, gfake=0.38442 errG=935.15955
[Epoch:193/2000] 01000/01575, Loss=0.00191, gfake=6.03259 errG=963.03473
[Epoch:193/2000] 01200/01575, Loss=0.00098, gfake=0.33806 errG=489.46103
[Epoch:193/2000] 01400/01575, Loss=0.00132, gfake=-4.37890 errG=657.24036
Epoch:193, Derain_Loss=0.00158
This epoch take time 437.95
----------------------------------------------------------------------------------------------------
lr_Derain 0.000200
lr_ED 0.000100
lrD 0.000400
[Epoch:194/2000] 00000/01575, Loss=0.00107, gfake=-4.68707 errG=531.63483
[Epoch:194/2000] 00200/01575, Loss=0.00135, gfake=-2.49995 errG=673.17865
[Epoch:194/2000] 00400/01575, Loss=0.00107, gfake=-0.04565 errG=535.99695
[Epoch:194/2000] 00600/01575, Loss=0.00087, gfake=-0.79476 errG=432.54349
[Epoch:194/2000] 00800/01575, Loss=0.00181, gfake=-4.97951 errG=901.96899
[Epoch:194/2000] 01000/01575, Loss=0.00127, gfake=-4.27853 errG=630.63696
[Epoch:194/2000] 01200/01575, Loss=0.00180, gfake=2.28530 errG=902.70789
[Epoch:194/2000] 01400/01575, Loss=0.00193, gfake=2.44966 errG=967.40430
Epoch:194, Derain_Loss=0.00158
This epoch take time 453.87
----------------------------------------------------------------------------------------------------
lr_Derain 0.000200
lr_ED 0.000100
lrD 0.000400
[Epoch:195/2000] 00000/01575, Loss=0.00161, gfake=-1.74882 errG=803.65472
[Epoch:195/2000] 00200/01575, Loss=0.00136, gfake=3.61212 errG=685.78491
[Epoch:195/2000] 00400/01575, Loss=0.00196, gfake=5.47668 errG=988.01971
[Epoch:195/2000] 00600/01575, Loss=0.00166, gfake=-8.24155 errG=820.19507
[Epoch:195/2000] 00800/01575, Loss=0.00228, gfake=1.41833 errG=1139.67053
[Epoch:195/2000] 01000/01575, Loss=0.00142, gfake=-2.58404 errG=709.52954
[Epoch:195/2000] 01200/01575, Loss=0.00204, gfake=1.73222 errG=1019.83771
[Epoch:195/2000] 01400/01575, Loss=0.00174, gfake=-4.36621 errG=866.89160
Epoch:195, Derain_Loss=0.00157
This epoch take time 439.41
----------------------------------------------------------------------------------------------------
lr_Derain 0.000200
lr_ED 0.000100
lrD 0.000400
[Epoch:196/2000] 00000/01575, Loss=0.00120, gfake=-3.80885 errG=597.97607
[Epoch:196/2000] 00200/01575, Loss=0.00101, gfake=11.60353 errG=517.78717
[Epoch:196/2000] 00400/01575, Loss=0.00101, gfake=-1.65498 errG=504.46857
[Epoch:196/2000] 00600/01575, Loss=0.00223, gfake=-1.26398 errG=1113.65662
[Epoch:196/2000] 00800/01575, Loss=0.00178, gfake=-2.49558 errG=889.33295
[Epoch:196/2000] 01000/01575, Loss=0.00104, gfake=0.72791 errG=521.20886
[Epoch:196/2000] 01200/01575, Loss=0.00304, gfake=-1.43194 errG=1519.20544
[Epoch:196/2000] 01400/01575, Loss=0.00353, gfake=-1.25481 errG=1763.69727
Epoch:196, Derain_Loss=0.00159
This epoch take time 438.18
----------------------------------------------------------------------------------------------------
lr_Derain 0.000200
lr_ED 0.000100
lrD 0.000400
[Epoch:197/2000] 00000/01575, Loss=0.00128, gfake=6.16138 errG=647.52966
[Epoch:197/2000] 00200/01575, Loss=0.00146, gfake=0.55838 errG=730.96350
[Epoch:197/2000] 00400/01575, Loss=0.00179, gfake=1.70280 errG=898.10999
[Epoch:197/2000] 00600/01575, Loss=0.00113, gfake=4.63271 errG=571.94080
[Epoch:197/2000] 00800/01575, Loss=0.00148, gfake=1.92022 errG=744.38788
[Epoch:197/2000] 01000/01575, Loss=0.00086, gfake=0.21795 errG=430.59967
[Epoch:197/2000] 01200/01575, Loss=0.00129, gfake=12.60438 errG=656.92651
[Epoch:197/2000] 01400/01575, Loss=0.00236, gfake=-2.24159 errG=1178.91455
Epoch:197, Derain_Loss=0.00157
This epoch take time 451.21
----------------------------------------------------------------------------------------------------
lr_Derain 0.000200
lr_ED 0.000100
lrD 0.000400
[Epoch:198/2000] 00000/01575, Loss=0.00129, gfake=9.11975 errG=652.61823
[Epoch:198/2000] 00200/01575, Loss=0.00183, gfake=4.26336 errG=919.79297
[Epoch:198/2000] 00400/01575, Loss=0.00178, gfake=0.17149 errG=891.69275
[Epoch:198/2000] 00600/01575, Loss=0.00202, gfake=-0.48636 errG=1012.17719
[Epoch:198/2000] 00800/01575, Loss=0.00179, gfake=1.55011 errG=897.93335
[Epoch:198/2000] 01000/01575, Loss=0.00256, gfake=0.70267 errG=1281.62927
[Epoch:198/2000] 01200/01575, Loss=0.00158, gfake=0.57916 errG=788.90662
[Epoch:198/2000] 01400/01575, Loss=0.00217, gfake=-1.87381 errG=1082.36890
Epoch:198, Derain_Loss=0.00160
This epoch take time 439.53
----------------------------------------------------------------------------------------------------
lr_Derain 0.000200
lr_ED 0.000100
lrD 0.000400
[Epoch:199/2000] 00000/01575, Loss=0.00101, gfake=-1.08516 errG=505.55905
[Epoch:199/2000] 00200/01575, Loss=0.00174, gfake=-0.02612 errG=872.41003
[Epoch:199/2000] 00400/01575, Loss=0.00220, gfake=4.30295 errG=1102.67139
[Epoch:199/2000] 00600/01575, Loss=0.00192, gfake=-0.07316 errG=959.79504
[Epoch:199/2000] 00800/01575, Loss=0.00143, gfake=-1.04513 errG=711.83722
[Epoch:199/2000] 01000/01575, Loss=0.00133, gfake=0.01414 errG=664.81586
[Epoch:199/2000] 01200/01575, Loss=0.00143, gfake=8.99629 errG=723.02594
[Epoch:199/2000] 01400/01575, Loss=0.00148, gfake=2.87059 errG=743.95276
Epoch:199, Derain_Loss=0.00162
This epoch take time 438.71
----------------------------------------------------------------------------------------------------
lr_Derain 0.000200
lr_ED 0.000100
lrD 0.000400
[Epoch:200/2000] 00000/01575, Loss=0.00151, gfake=-0.86885 errG=756.19763
[Epoch:200/2000] 00200/01575, Loss=0.00173, gfake=9.88404 errG=877.25592
[Epoch:200/2000] 00400/01575, Loss=0.00152, gfake=1.72242 errG=763.40967
[Epoch:200/2000] 00600/01575, Loss=0.00183, gfake=4.77513 errG=921.50360
[Epoch:200/2000] 00800/01575, Loss=0.00111, gfake=0.29445 errG=553.37183
[Epoch:200/2000] 01000/01575, Loss=0.00243, gfake=5.97071 errG=1223.11450
[Epoch:200/2000] 01200/01575, Loss=0.00156, gfake=3.81430 errG=784.49164
[Epoch:200/2000] 01400/01575, Loss=0.00326, gfake=-3.45821 errG=1624.62048
Epoch:200, Derain_Loss=0.00158
This epoch take time 449.61
----------------------------------------------------------------------------------------------------
lr_Derain 0.000200
lr_ED 0.000100
lrD 0.000400
[Epoch:201/2000] 00000/01575, Loss=0.00101, gfake=5.72396 errG=510.96124
[Epoch:201/2000] 00200/01575, Loss=0.00151, gfake=-0.67617 errG=754.34351
[Epoch:201/2000] 00400/01575, Loss=0.00165, gfake=-2.31861 errG=822.09637
[Epoch:201/2000] 00600/01575, Loss=0.00196, gfake=-1.80676 errG=979.51453
[Epoch:201/2000] 00800/01575, Loss=0.00129, gfake=2.82855 errG=647.99719
[Epoch:201/2000] 01000/01575, Loss=0.00240, gfake=-5.59869 errG=1193.87305
[Epoch:201/2000] 01200/01575, Loss=0.00188, gfake=1.24948 errG=939.66089
[Epoch:201/2000] 01400/01575, Loss=0.00100, gfake=2.77256 errG=503.66580
Epoch:201, Derain_Loss=0.00160
This epoch take time 448.31
----------------------------------------------------------------------------------------------------
lr_Derain 0.000200
lr_ED 0.000100
lrD 0.000400
[Epoch:202/2000] 00000/01575, Loss=0.00106, gfake=3.60428 errG=535.97314
[Epoch:202/2000] 00200/01575, Loss=0.00075, gfake=4.70386 errG=380.53033
[Epoch:202/2000] 00400/01575, Loss=0.00200, gfake=2.42928 errG=1002.51605
[Epoch:202/2000] 00600/01575, Loss=0.00096, gfake=8.29024 errG=488.32428
[Epoch:202/2000] 00800/01575, Loss=0.00127, gfake=-0.58579 errG=636.74506
[Epoch:202/2000] 01000/01575, Loss=0.00129, gfake=-3.68408 errG=643.64178
[Epoch:202/2000] 01200/01575, Loss=0.00145, gfake=-3.03692 errG=721.68109
[Epoch:202/2000] 01400/01575, Loss=0.00171, gfake=0.81172 errG=856.60126
Epoch:202, Derain_Loss=0.00157
This epoch take time 433.24
----------------------------------------------------------------------------------------------------
lr_Derain 0.000200
lr_ED 0.000100
lrD 0.000400
[Epoch:203/2000] 00000/01575, Loss=0.00133, gfake=0.35274 errG=666.81494
[Epoch:203/2000] 00200/01575, Loss=0.00167, gfake=5.94549 errG=841.19507
[Epoch:203/2000] 00400/01575, Loss=0.00191, gfake=-2.42351 errG=951.76416
[Epoch:203/2000] 00600/01575, Loss=0.00127, gfake=-4.13704 errG=632.88940
[Epoch:203/2000] 00800/01575, Loss=0.00124, gfake=-3.01864 errG=615.64172
[Epoch:203/2000] 01000/01575, Loss=0.00146, gfake=3.94748 errG=733.87195
[Epoch:203/2000] 01200/01575, Loss=0.00119, gfake=-3.99576 errG=589.31653
[Epoch:203/2000] 01400/01575, Loss=0.00199, gfake=-1.49301 errG=994.61627
Epoch:203, Derain_Loss=0.00155
This epoch take time 432.10
----------------------------------------------------------------------------------------------------
lr_Derain 0.000200
lr_ED 0.000100
lrD 0.000400
[Epoch:204/2000] 00000/01575, Loss=0.00193, gfake=0.40526 errG=963.31537
[Epoch:204/2000] 00200/01575, Loss=0.00121, gfake=6.15270 errG=613.35309
[Epoch:204/2000] 00400/01575, Loss=0.00184, gfake=0.87705 errG=921.81140
[Epoch:204/2000] 00600/01575, Loss=0.00160, gfake=-5.53467 errG=793.91132
[Epoch:204/2000] 00800/01575, Loss=0.00119, gfake=2.70933 errG=598.72845
[Epoch:204/2000] 01000/01575, Loss=0.00175, gfake=-0.08350 errG=873.11902
[Epoch:204/2000] 01200/01575, Loss=0.00116, gfake=8.81205 errG=587.92334
[Epoch:204/2000] 01400/01575, Loss=0.00176, gfake=-3.49397 errG=877.33472
Epoch:204, Derain_Loss=0.00157
This epoch take time 431.84
----------------------------------------------------------------------------------------------------
lr_Derain 0.000200
lr_ED 0.000100
lrD 0.000400
[Epoch:205/2000] 00000/01575, Loss=0.00151, gfake=2.75716 errG=757.27991
[Epoch:205/2000] 00200/01575, Loss=0.00086, gfake=-3.05749 errG=429.11380
[Epoch:205/2000] 00400/01575, Loss=0.00134, gfake=-1.14906 errG=669.82050
[Epoch:205/2000] 00600/01575, Loss=0.00121, gfake=11.35586 errG=616.29254
[Epoch:205/2000] 00800/01575, Loss=0.00118, gfake=3.15355 errG=591.51935
[Epoch:205/2000] 01000/01575, Loss=0.00122, gfake=-3.55243 errG=608.08057
[Epoch:205/2000] 01200/01575, Loss=0.00203, gfake=0.95490 errG=1017.79291
[Epoch:205/2000] 01400/01575, Loss=0.00202, gfake=-3.09980 errG=1005.88245
Epoch:205, Derain_Loss=0.00155
This epoch take time 431.57
----------------------------------------------------------------------------------------------------
lr_Derain 0.000200
lr_ED 0.000100
lrD 0.000400
[Epoch:206/2000] 00000/01575, Loss=0.00159, gfake=1.69266 errG=794.89746
[Epoch:206/2000] 00200/01575, Loss=0.00178, gfake=-1.97373 errG=888.77881
[Epoch:206/2000] 00400/01575, Loss=0.00128, gfake=4.60233 errG=644.78040
[Epoch:206/2000] 00600/01575, Loss=0.00098, gfake=0.19407 errG=491.27783
[Epoch:206/2000] 00800/01575, Loss=0.00091, gfake=3.28021 errG=459.35349
[Epoch:206/2000] 01000/01575, Loss=0.00101, gfake=-2.69875 errG=500.84387
[Epoch:206/2000] 01200/01575, Loss=0.00120, gfake=-0.06835 errG=601.42871
[Epoch:206/2000] 01400/01575, Loss=0.00186, gfake=-1.74656 errG=927.48206
Epoch:206, Derain_Loss=0.00158
This epoch take time 432.16
----------------------------------------------------------------------------------------------------
lr_Derain 0.000200
lr_ED 0.000100
lrD 0.000400
[Epoch:207/2000] 00000/01575, Loss=0.00112, gfake=-3.07806 errG=556.47003
[Epoch:207/2000] 00200/01575, Loss=0.00203, gfake=6.96612 errG=1021.46356
[Epoch:207/2000] 00400/01575, Loss=0.00168, gfake=-1.50378 errG=840.03137
[Epoch:207/2000] 00600/01575, Loss=0.00122, gfake=-0.55139 errG=612.04291
[Epoch:207/2000] 00800/01575, Loss=0.00237, gfake=-0.70703 errG=1185.64587
[Epoch:207/2000] 01000/01575, Loss=0.00140, gfake=8.71521 errG=710.35663
[Epoch:207/2000] 01200/01575, Loss=0.00204, gfake=-0.97229 errG=1017.81342
[Epoch:207/2000] 01400/01575, Loss=0.00206, gfake=-5.04929 errG=1025.18115
Epoch:207, Derain_Loss=0.00158
This epoch take time 430.74
----------------------------------------------------------------------------------------------------
lr_Derain 0.000200
lr_ED 0.000100
lrD 0.000400
[Epoch:208/2000] 00000/01575, Loss=0.00140, gfake=-2.38036 errG=698.24316
[Epoch:208/2000] 00200/01575, Loss=0.00089, gfake=8.69495 errG=453.10367
[Epoch:208/2000] 00400/01575, Loss=0.00175, gfake=4.51120 errG=881.97614
[Epoch:208/2000] 00600/01575, Loss=0.00159, gfake=-0.42310 errG=796.16663
[Epoch:208/2000] 00800/01575, Loss=0.00172, gfake=-0.85075 errG=858.74261
[Epoch:208/2000] 01000/01575, Loss=0.00165, gfake=-1.22120 errG=826.52808
[Epoch:208/2000] 01200/01575, Loss=0.00141, gfake=7.00562 errG=713.44391
[Epoch:208/2000] 01400/01575, Loss=0.00180, gfake=7.64702 errG=907.96991
Epoch:208, Derain_Loss=0.00156
This epoch take time 431.33
----------------------------------------------------------------------------------------------------
lr_Derain 0.000200
lr_ED 0.000100
lrD 0.000400
[Epoch:209/2000] 00000/01575, Loss=0.00235, gfake=-4.23767 errG=1171.88220
[Epoch:209/2000] 00200/01575, Loss=0.00066, gfake=2.49514 errG=330.74591
[Epoch:209/2000] 00400/01575, Loss=0.00142, gfake=0.15170 errG=711.51154
[Epoch:209/2000] 00600/01575, Loss=0.00176, gfake=3.86377 errG=886.28204
[Epoch:209/2000] 00800/01575, Loss=0.00187, gfake=5.27919 errG=942.20947
[Epoch:209/2000] 01000/01575, Loss=0.00135, gfake=-1.79834 errG=673.42218
[Epoch:209/2000] 01200/01575, Loss=0.00161, gfake=-1.52094 errG=801.99115
[Epoch:209/2000] 01400/01575, Loss=0.00141, gfake=-3.14961 errG=699.56927
Epoch:209, Derain_Loss=0.00157
This epoch take time 431.02
----------------------------------------------------------------------------------------------------
lr_Derain 0.000200
lr_ED 0.000100
lrD 0.000400
[Epoch:210/2000] 00000/01575, Loss=0.00159, gfake=-4.09966 errG=790.36530
[Epoch:210/2000] 00200/01575, Loss=0.00163, gfake=6.48486 errG=821.37384
[Epoch:210/2000] 00400/01575, Loss=0.00243, gfake=1.82400 errG=1217.58618
[Epoch:210/2000] 00600/01575, Loss=0.00201, gfake=-0.76688 errG=1001.97180
[Epoch:210/2000] 00800/01575, Loss=0.00154, gfake=-5.51798 errG=763.19226
[Epoch:210/2000] 01000/01575, Loss=0.00165, gfake=0.02877 errG=822.75372
[Epoch:210/2000] 01200/01575, Loss=0.00093, gfake=6.70226 errG=474.01727
[Epoch:210/2000] 01400/01575, Loss=0.00084, gfake=-1.02091 errG=420.35535
Epoch:210, Derain_Loss=0.00160
This epoch take time 431.26
----------------------------------------------------------------------------------------------------
lr_Derain 0.000200
lr_ED 0.000100
lrD 0.000400
[Epoch:211/2000] 00000/01575, Loss=0.00104, gfake=-3.69673 errG=518.41681
[Epoch:211/2000] 00200/01575, Loss=0.00163, gfake=-0.71765 errG=813.83643
[Epoch:211/2000] 00400/01575, Loss=0.00126, gfake=-1.65254 errG=630.74762
[Epoch:211/2000] 00600/01575, Loss=0.00133, gfake=3.18042 errG=666.92548
[Epoch:211/2000] 00800/01575, Loss=0.00169, gfake=1.66578 errG=847.18781
[Epoch:211/2000] 01000/01575, Loss=0.00146, gfake=-2.69177 errG=726.92328
[Epoch:211/2000] 01200/01575, Loss=0.00178, gfake=-1.41345 errG=888.97400
[Epoch:211/2000] 01400/01575, Loss=0.00144, gfake=6.73890 errG=725.32324
Epoch:211, Derain_Loss=0.00159
This epoch take time 431.17
----------------------------------------------------------------------------------------------------
lr_Derain 0.000200
lr_ED 0.000100
lrD 0.000400
[Epoch:212/2000] 00000/01575, Loss=0.00163, gfake=-2.12683 errG=813.96075
[Epoch:212/2000] 00200/01575, Loss=0.00183, gfake=6.64064 errG=922.17548
[Epoch:212/2000] 00400/01575, Loss=0.00158, gfake=4.78357 errG=793.03741
[Epoch:212/2000] 00600/01575, Loss=0.00134, gfake=1.58537 errG=673.73969
[Epoch:212/2000] 00800/01575, Loss=0.00161, gfake=-4.82861 errG=800.64618
[Epoch:212/2000] 01000/01575, Loss=0.00169, gfake=-3.70405 errG=843.27313
[Epoch:212/2000] 01200/01575, Loss=0.00106, gfake=4.67943 errG=533.23846
[Epoch:212/2000] 01400/01575, Loss=0.00203, gfake=-1.14863 errG=1016.17462
Epoch:212, Derain_Loss=0.00157
This epoch take time 431.60
----------------------------------------------------------------------------------------------------
lr_Derain 0.000200
lr_ED 0.000100
lrD 0.000400
[Epoch:213/2000] 00000/01575, Loss=0.00146, gfake=11.24172 errG=742.06799
[Epoch:213/2000] 00200/01575, Loss=0.00074, gfake=1.77056 errG=374.01910
[Epoch:213/2000] 00400/01575, Loss=0.00181, gfake=-2.98223 errG=902.99316
[Epoch:213/2000] 00600/01575, Loss=0.00172, gfake=5.93154 errG=864.19775
[Epoch:213/2000] 00800/01575, Loss=0.00094, gfake=4.66772 errG=472.71960
[Epoch:213/2000] 01000/01575, Loss=0.00112, gfake=7.10407 errG=567.32385
[Epoch:213/2000] 01200/01575, Loss=0.00099, gfake=4.74921 errG=500.03952
[Epoch:213/2000] 01400/01575, Loss=0.00206, gfake=2.71374 errG=1032.61218
Epoch:213, Derain_Loss=0.00155
This epoch take time 430.16
----------------------------------------------------------------------------------------------------
lr_Derain 0.000200
lr_ED 0.000100
lrD 0.000400
[Epoch:214/2000] 00000/01575, Loss=0.00201, gfake=0.54311 errG=1004.52417
[Epoch:214/2000] 00200/01575, Loss=0.00148, gfake=-2.82512 errG=738.15240
[Epoch:214/2000] 00400/01575, Loss=0.00281, gfake=3.64052 errG=1410.72046
[Epoch:214/2000] 00600/01575, Loss=0.00107, gfake=-2.32632 errG=534.43286
[Epoch:214/2000] 00800/01575, Loss=0.00193, gfake=5.72565 errG=969.99567
[Epoch:214/2000] 01000/01575, Loss=0.00143, gfake=1.93036 errG=716.76831
[Epoch:214/2000] 01200/01575, Loss=0.00195, gfake=1.28328 errG=974.28967
[Epoch:214/2000] 01400/01575, Loss=0.00092, gfake=-1.04383 errG=459.79938
Epoch:214, Derain_Loss=0.00158
This epoch take time 432.08
----------------------------------------------------------------------------------------------------
lr_Derain 0.000200
lr_ED 0.000100
lrD 0.000400
[Epoch:215/2000] 00000/01575, Loss=0.00098, gfake=-0.46668 errG=487.96445
[Epoch:215/2000] 00200/01575, Loss=0.00113, gfake=1.86462 errG=567.53259
[Epoch:215/2000] 00400/01575, Loss=0.00267, gfake=-0.73169 errG=1335.01611
[Epoch:215/2000] 00600/01575, Loss=0.00141, gfake=-0.53994 errG=704.56140
[Epoch:215/2000] 00800/01575, Loss=0.00321, gfake=9.76802 errG=1615.55957
[Epoch:215/2000] 01000/01575, Loss=0.00116, gfake=-1.92845 errG=579.80878
[Epoch:215/2000] 01200/01575, Loss=0.00158, gfake=-1.18576 errG=790.24249
[Epoch:215/2000] 01400/01575, Loss=0.00178, gfake=0.50197 errG=889.73077
Epoch:215, Derain_Loss=0.00159
This epoch take time 431.71
----------------------------------------------------------------------------------------------------
lr_Derain 0.000200
lr_ED 0.000100
lrD 0.000400
[Epoch:216/2000] 00000/01575, Loss=0.00163, gfake=4.87665 errG=820.53723
[Epoch:216/2000] 00200/01575, Loss=0.00135, gfake=4.83569 errG=682.07440
[Epoch:216/2000] 00400/01575, Loss=0.00158, gfake=-0.69158 errG=789.86340
[Epoch:216/2000] 00600/01575, Loss=0.00180, gfake=2.93104 errG=904.55969
[Epoch:216/2000] 00800/01575, Loss=0.00235, gfake=-4.29026 errG=1172.04358
[Epoch:216/2000] 01000/01575, Loss=0.00161, gfake=2.80361 errG=807.19098
[Epoch:216/2000] 01200/01575, Loss=0.00155, gfake=3.75656 errG=780.92261
[Epoch:216/2000] 01400/01575, Loss=0.00140, gfake=1.41296 errG=699.75122
Epoch:216, Derain_Loss=0.00154
This epoch take time 431.26
----------------------------------------------------------------------------------------------------
lr_Derain 0.000200
lr_ED 0.000100
lrD 0.000400
[Epoch:217/2000] 00000/01575, Loss=0.00071, gfake=7.33733 errG=362.13422
[Epoch:217/2000] 00200/01575, Loss=0.00149, gfake=0.11103 errG=744.76044
[Epoch:217/2000] 00400/01575, Loss=0.00194, gfake=-0.70467 errG=968.23822
[Epoch:217/2000] 00600/01575, Loss=0.00200, gfake=0.83583 errG=1001.91711
[Epoch:217/2000] 00800/01575, Loss=0.00140, gfake=2.38513 errG=702.88989
[Epoch:217/2000] 01000/01575, Loss=0.00131, gfake=5.21221 errG=661.80408
[Epoch:217/2000] 01200/01575, Loss=0.00140, gfake=-4.76872 errG=693.18384
[Epoch:217/2000] 01400/01575, Loss=0.00092, gfake=6.07801 errG=465.56088
Epoch:217, Derain_Loss=0.00154
This epoch take time 419.43
----------------------------------------------------------------------------------------------------
lr_Derain 0.000200
lr_ED 0.000100
lrD 0.000400
[Epoch:218/2000] 00000/01575, Loss=0.00123, gfake=6.44418 errG=623.88141
[Epoch:218/2000] 00200/01575, Loss=0.00195, gfake=6.05378 errG=981.30322
[Epoch:218/2000] 00400/01575, Loss=0.00118, gfake=-4.66063 errG=585.23523
[Epoch:218/2000] 00600/01575, Loss=0.00188, gfake=-0.12128 errG=942.32916
[Epoch:218/2000] 00800/01575, Loss=0.00178, gfake=4.54186 errG=895.69366
[Epoch:218/2000] 01000/01575, Loss=0.00173, gfake=4.34496 errG=868.32611
[Epoch:218/2000] 01200/01575, Loss=0.00135, gfake=2.00268 errG=679.67413
[Epoch:218/2000] 01400/01575, Loss=0.00140, gfake=2.36782 errG=703.92041
Epoch:218, Derain_Loss=0.00156
This epoch take time 386.87
----------------------------------------------------------------------------------------------------
lr_Derain 0.000200
lr_ED 0.000100
lrD 0.000400
[Epoch:219/2000] 00000/01575, Loss=0.00196, gfake=0.28977 errG=980.74066
[Epoch:219/2000] 00200/01575, Loss=0.00105, gfake=5.06543 errG=531.59589
[Epoch:219/2000] 00400/01575, Loss=0.00127, gfake=3.22496 errG=638.75525
[Epoch:219/2000] 00600/01575, Loss=0.00151, gfake=1.87765 errG=758.89453
[Epoch:219/2000] 00800/01575, Loss=0.00139, gfake=-1.54298 errG=691.75238
[Epoch:219/2000] 01000/01575, Loss=0.00210, gfake=2.63796 errG=1054.27136
[Epoch:219/2000] 01200/01575, Loss=0.00229, gfake=1.76638 errG=1145.35583
[Epoch:219/2000] 01400/01575, Loss=0.00135, gfake=-3.60730 errG=672.37738
Epoch:219, Derain_Loss=0.00160
This epoch take time 388.96
----------------------------------------------------------------------------------------------------
lr_Derain 0.000200
lr_ED 0.000100
lrD 0.000400
