Random Seed:  9861
lr_Derain 0.000200
lr_ED 0.000100
lrD 0.000400
[Epoch:220/2000] 00000/01575, Loss=0.00193, gfake=-0.44237 errG=963.72321
[Epoch:220/2000] 00200/01575, Loss=0.00279, gfake=2.70298 errG=1398.04199
[Epoch:220/2000] 00400/01575, Loss=0.00120, gfake=0.42888 errG=600.27917
[Epoch:220/2000] 00600/01575, Loss=0.00170, gfake=3.58301 errG=853.70966
[Epoch:220/2000] 00800/01575, Loss=0.00220, gfake=14.65429 errG=1116.92957
[Epoch:220/2000] 01000/01575, Loss=0.00157, gfake=-2.05055 errG=783.91162
[Epoch:220/2000] 01200/01575, Loss=0.00131, gfake=1.09439 errG=654.99268
[Epoch:220/2000] 01400/01575, Loss=0.00141, gfake=0.32465 errG=705.13354
Epoch:220, Derain_Loss=0.00155
This epoch take time 437.78
----------------------------------------------------------------------------------------------------
lr_Derain 0.000200
lr_ED 0.000100
lrD 0.000400
[Epoch:221/2000] 00000/01575, Loss=0.00227, gfake=-2.97066 errG=1131.93262
[Epoch:221/2000] 00200/01575, Loss=0.00181, gfake=0.07847 errG=904.99268
[Epoch:221/2000] 00400/01575, Loss=0.00048, gfake=5.61782 errG=246.93857
[Epoch:221/2000] 00600/01575, Loss=0.00288, gfake=-0.87474 errG=1436.99512
[Epoch:221/2000] 00800/01575, Loss=0.00142, gfake=-1.10421 errG=707.88226
[Epoch:221/2000] 01000/01575, Loss=0.00121, gfake=1.52375 errG=604.59235
[Epoch:221/2000] 01200/01575, Loss=0.00130, gfake=3.98887 errG=655.30115
[Epoch:221/2000] 01400/01575, Loss=0.00103, gfake=3.89223 errG=516.89404
Epoch:221, Derain_Loss=0.00157
This epoch take time 435.67
----------------------------------------------------------------------------------------------------
lr_Derain 0.000200
lr_ED 0.000100
lrD 0.000400
[Epoch:222/2000] 00000/01575, Loss=0.00078, gfake=1.00363 errG=392.78915
[Epoch:222/2000] 00200/01575, Loss=0.00082, gfake=8.12929 errG=416.15173
[Epoch:222/2000] 00400/01575, Loss=0.00234, gfake=-5.22153 errG=1166.32886
[Epoch:222/2000] 00600/01575, Loss=0.00138, gfake=2.74556 errG=692.29175
[Epoch:222/2000] 00800/01575, Loss=0.00419, gfake=-1.83598 errG=2095.19702
[Epoch:222/2000] 01000/01575, Loss=0.00218, gfake=-0.07542 errG=1090.27612
[Epoch:222/2000] 01200/01575, Loss=0.00157, gfake=-1.96321 errG=784.52173
[Epoch:222/2000] 01400/01575, Loss=0.00145, gfake=6.72825 errG=732.72681
Epoch:222, Derain_Loss=0.00156
This epoch take time 433.99
----------------------------------------------------------------------------------------------------
lr_Derain 0.000200
lr_ED 0.000100
lrD 0.000400
[Epoch:223/2000] 00000/01575, Loss=0.00097, gfake=3.10274 errG=487.15274
[Epoch:223/2000] 00200/01575, Loss=0.00131, gfake=1.65193 errG=656.39166
[Epoch:223/2000] 00400/01575, Loss=0.00125, gfake=1.87941 errG=627.49689
[Epoch:223/2000] 00600/01575, Loss=0.00098, gfake=10.90943 errG=501.58218
[Epoch:223/2000] 00800/01575, Loss=0.00179, gfake=0.10558 errG=892.82806
[Epoch:223/2000] 01000/01575, Loss=0.00148, gfake=-2.29532 errG=735.64862
[Epoch:223/2000] 01200/01575, Loss=0.00106, gfake=-1.11566 errG=529.78497
[Epoch:223/2000] 01400/01575, Loss=0.00133, gfake=11.11477 errG=673.83350
Epoch:223, Derain_Loss=0.00156
This epoch take time 431.16
----------------------------------------------------------------------------------------------------
lr_Derain 0.000200
lr_ED 0.000100
lrD 0.000400
[Epoch:224/2000] 00000/01575, Loss=0.00173, gfake=2.90484 errG=867.03125
[Epoch:224/2000] 00200/01575, Loss=0.00165, gfake=0.39181 errG=827.73773
[Epoch:224/2000] 00400/01575, Loss=0.00182, gfake=-4.79870 errG=904.83887
[Epoch:224/2000] 00600/01575, Loss=0.00135, gfake=0.03221 errG=677.13733
[Epoch:224/2000] 00800/01575, Loss=0.00099, gfake=8.46360 errG=501.30933
[Epoch:224/2000] 01000/01575, Loss=0.00120, gfake=-0.85036 errG=601.23151
[Epoch:224/2000] 01200/01575, Loss=0.00127, gfake=5.42113 errG=638.25989
[Epoch:224/2000] 01400/01575, Loss=0.00190, gfake=3.20819 errG=955.13025
Epoch:224, Derain_Loss=0.00155
This epoch take time 436.83
----------------------------------------------------------------------------------------------------
lr_Derain 0.000200
lr_ED 0.000100
lrD 0.000400
[Epoch:225/2000] 00000/01575, Loss=0.00137, gfake=-0.59091 errG=682.39264
[Epoch:225/2000] 00200/01575, Loss=0.00076, gfake=7.63303 errG=386.45642
[Epoch:225/2000] 00400/01575, Loss=0.00213, gfake=-3.81180 errG=1061.50208
[Epoch:225/2000] 00600/01575, Loss=0.00143, gfake=-3.22962 errG=714.27368
[Epoch:225/2000] 00800/01575, Loss=0.00144, gfake=-6.32445 errG=712.04468
[Epoch:225/2000] 01000/01575, Loss=0.00124, gfake=-0.75928 errG=619.04706
[Epoch:225/2000] 01200/01575, Loss=0.00175, gfake=5.84584 errG=881.83832
[Epoch:225/2000] 01400/01575, Loss=0.00188, gfake=-1.92799 errG=939.54425
Epoch:225, Derain_Loss=0.00153
This epoch take time 435.71
----------------------------------------------------------------------------------------------------
lr_Derain 0.000200
lr_ED 0.000100
lrD 0.000400
[Epoch:226/2000] 00000/01575, Loss=0.00095, gfake=7.40498 errG=481.12756
[Epoch:226/2000] 00200/01575, Loss=0.00148, gfake=-1.74049 errG=739.20380
[Epoch:226/2000] 00400/01575, Loss=0.00155, gfake=1.04696 errG=774.67432
[Epoch:226/2000] 00600/01575, Loss=0.00157, gfake=-0.19452 errG=783.35309
[Epoch:226/2000] 00800/01575, Loss=0.00180, gfake=-1.77007 errG=898.67566
[Epoch:226/2000] 01000/01575, Loss=0.00155, gfake=-3.08132 errG=772.64294
[Epoch:226/2000] 01200/01575, Loss=0.00183, gfake=1.16735 errG=916.51257
[Epoch:226/2000] 01400/01575, Loss=0.00197, gfake=3.35310 errG=990.89404
Epoch:226, Derain_Loss=0.00153
This epoch take time 433.88
----------------------------------------------------------------------------------------------------
lr_Derain 0.000200
lr_ED 0.000100
lrD 0.000400
[Epoch:227/2000] 00000/01575, Loss=0.00168, gfake=-0.88694 errG=839.49298
[Epoch:227/2000] 00200/01575, Loss=0.00241, gfake=3.61345 errG=1211.00342
[Epoch:227/2000] 00400/01575, Loss=0.00168, gfake=-0.18250 errG=838.70862
[Epoch:227/2000] 00600/01575, Loss=0.00166, gfake=0.08482 errG=827.98364
[Epoch:227/2000] 00800/01575, Loss=0.00117, gfake=1.15761 errG=586.64069
[Epoch:227/2000] 01000/01575, Loss=0.00141, gfake=3.02464 errG=706.09094
[Epoch:227/2000] 01200/01575, Loss=0.00129, gfake=-0.20945 errG=644.75311
[Epoch:227/2000] 01400/01575, Loss=0.00166, gfake=-1.48125 errG=826.40552
Epoch:227, Derain_Loss=0.00155
This epoch take time 435.37
----------------------------------------------------------------------------------------------------
lr_Derain 0.000200
lr_ED 0.000100
lrD 0.000400
[Epoch:228/2000] 00000/01575, Loss=0.00146, gfake=-0.56997 errG=730.40973
[Epoch:228/2000] 00200/01575, Loss=0.00107, gfake=-0.45050 errG=533.08820
[Epoch:228/2000] 00400/01575, Loss=0.00183, gfake=-2.76062 errG=914.68622
[Epoch:228/2000] 00600/01575, Loss=0.00211, gfake=-0.07017 errG=1054.33557
[Epoch:228/2000] 00800/01575, Loss=0.00168, gfake=2.04985 errG=843.87512
[Epoch:228/2000] 01000/01575, Loss=0.00120, gfake=-4.39310 errG=593.51294
[Epoch:228/2000] 01200/01575, Loss=0.00185, gfake=-4.07413 errG=921.08997
[Epoch:228/2000] 01400/01575, Loss=0.00126, gfake=6.07104 errG=638.37506
Epoch:228, Derain_Loss=0.00154
This epoch take time 436.20
----------------------------------------------------------------------------------------------------
lr_Derain 0.000200
lr_ED 0.000100
lrD 0.000400
[Epoch:229/2000] 00000/01575, Loss=0.00169, gfake=3.02680 errG=846.19812
[Epoch:229/2000] 00200/01575, Loss=0.00204, gfake=0.41309 errG=1021.41797
[Epoch:229/2000] 00400/01575, Loss=0.00159, gfake=-2.40300 errG=793.32343
[Epoch:229/2000] 00600/01575, Loss=0.00189, gfake=0.94857 errG=944.02832
[Epoch:229/2000] 00800/01575, Loss=0.00097, gfake=4.53065 errG=488.35138
[Epoch:229/2000] 01000/01575, Loss=0.00091, gfake=8.68253 errG=466.22922
[Epoch:229/2000] 01200/01575, Loss=0.00180, gfake=1.02334 errG=899.56152
[Epoch:229/2000] 01400/01575, Loss=0.00098, gfake=7.33802 errG=496.28308
Epoch:229, Derain_Loss=0.00156
This epoch take time 435.89
----------------------------------------------------------------------------------------------------
lr_Derain 0.000200
lr_ED 0.000100
lrD 0.000400
[Epoch:230/2000] 00000/01575, Loss=0.00209, gfake=1.22598 errG=1044.40002
[Epoch:230/2000] 00200/01575, Loss=0.00167, gfake=-3.12372 errG=831.21863
[Epoch:230/2000] 00400/01575, Loss=0.00148, gfake=8.20673 errG=750.37628
[Epoch:230/2000] 00600/01575, Loss=0.00152, gfake=4.45732 errG=763.15424
[Epoch:230/2000] 00800/01575, Loss=0.00164, gfake=-3.81022 errG=815.02997
[Epoch:230/2000] 01000/01575, Loss=0.00159, gfake=1.18458 errG=794.63000
[Epoch:230/2000] 01200/01575, Loss=0.00263, gfake=-1.76375 errG=1311.40552
[Epoch:230/2000] 01400/01575, Loss=0.00096, gfake=15.84362 errG=496.49594
Epoch:230, Derain_Loss=0.00154
This epoch take time 437.70
----------------------------------------------------------------------------------------------------
lr_Derain 0.000200
lr_ED 0.000100
lrD 0.000400
[Epoch:231/2000] 00000/01575, Loss=0.00143, gfake=-0.66719 errG=713.09155
[Epoch:231/2000] 00200/01575, Loss=0.00065, gfake=1.86708 errG=327.04678
[Epoch:231/2000] 00400/01575, Loss=0.00107, gfake=2.08541 errG=538.43909
[Epoch:231/2000] 00600/01575, Loss=0.00141, gfake=3.60092 errG=706.43689
[Epoch:231/2000] 00800/01575, Loss=0.00220, gfake=-1.55087 errG=1098.31726
[Epoch:231/2000] 01000/01575, Loss=0.00166, gfake=0.92344 errG=831.17993
[Epoch:231/2000] 01200/01575, Loss=0.00180, gfake=-1.48860 errG=899.14020
[Epoch:231/2000] 01400/01575, Loss=0.00108, gfake=3.63341 errG=544.37097
Epoch:231, Derain_Loss=0.00153
This epoch take time 435.81
----------------------------------------------------------------------------------------------------
lr_Derain 0.000200
lr_ED 0.000100
lrD 0.000400
[Epoch:232/2000] 00000/01575, Loss=0.00249, gfake=2.34293 errG=1246.17078
[Epoch:232/2000] 00200/01575, Loss=0.00120, gfake=12.17470 errG=612.62390
[Epoch:232/2000] 00400/01575, Loss=0.00196, gfake=1.25125 errG=980.72449
[Epoch:232/2000] 00600/01575, Loss=0.00090, gfake=4.77070 errG=453.89621
[Epoch:232/2000] 00800/01575, Loss=0.00148, gfake=-0.05343 errG=740.74609
[Epoch:232/2000] 01000/01575, Loss=0.00200, gfake=-3.56611 errG=996.53229
[Epoch:232/2000] 01200/01575, Loss=0.00106, gfake=0.26405 errG=529.23029
[Epoch:232/2000] 01400/01575, Loss=0.00122, gfake=5.14941 errG=616.19739
Epoch:232, Derain_Loss=0.00153
This epoch take time 434.23
----------------------------------------------------------------------------------------------------
lr_Derain 0.000200
lr_ED 0.000100
lrD 0.000400
[Epoch:233/2000] 00000/01575, Loss=0.00153, gfake=0.56741 errG=766.23364
[Epoch:233/2000] 00200/01575, Loss=0.00188, gfake=-3.58393 errG=937.94873
[Epoch:233/2000] 00400/01575, Loss=0.00160, gfake=2.62431 errG=803.19073
[Epoch:233/2000] 00600/01575, Loss=0.00124, gfake=4.66953 errG=625.46387
[Epoch:233/2000] 00800/01575, Loss=0.00125, gfake=3.12892 errG=627.59192
[Epoch:233/2000] 01000/01575, Loss=0.00133, gfake=8.50564 errG=674.06860
[Epoch:233/2000] 01200/01575, Loss=0.00112, gfake=6.37604 errG=566.38794
[Epoch:233/2000] 01400/01575, Loss=0.00179, gfake=0.88265 errG=897.87476
Epoch:233, Derain_Loss=0.00153
This epoch take time 436.62
----------------------------------------------------------------------------------------------------
lr_Derain 0.000200
lr_ED 0.000100
lrD 0.000400
[Epoch:234/2000] 00000/01575, Loss=0.00128, gfake=10.20674 errG=649.90015
[Epoch:234/2000] 00200/01575, Loss=0.00094, gfake=6.57908 errG=476.05356
[Epoch:234/2000] 00400/01575, Loss=0.00182, gfake=5.24579 errG=916.63495
[Epoch:234/2000] 00600/01575, Loss=0.00138, gfake=1.06668 errG=691.52136
[Epoch:234/2000] 00800/01575, Loss=0.00108, gfake=2.22760 errG=544.15576
[Epoch:234/2000] 01000/01575, Loss=0.00134, gfake=-6.67321 errG=662.91595
[Epoch:234/2000] 01200/01575, Loss=0.00135, gfake=-1.29609 errG=673.26050
[Epoch:234/2000] 01400/01575, Loss=0.00183, gfake=-1.56473 errG=915.36902
Epoch:234, Derain_Loss=0.00161
This epoch take time 436.63
----------------------------------------------------------------------------------------------------
lr_Derain 0.000200
lr_ED 0.000100
lrD 0.000400
[Epoch:235/2000] 00000/01575, Loss=0.00184, gfake=-3.02546 errG=916.29712
[Epoch:235/2000] 00200/01575, Loss=0.00126, gfake=1.33442 errG=633.21155
[Epoch:235/2000] 00400/01575, Loss=0.00194, gfake=0.64898 errG=971.18274
[Epoch:235/2000] 00600/01575, Loss=0.00142, gfake=5.99415 errG=717.01221
[Epoch:235/2000] 00800/01575, Loss=0.00106, gfake=-1.93829 errG=528.61658
[Epoch:235/2000] 01000/01575, Loss=0.00231, gfake=1.28437 errG=1157.13428
[Epoch:235/2000] 01200/01575, Loss=0.00110, gfake=4.82575 errG=553.56372
[Epoch:235/2000] 01400/01575, Loss=0.00177, gfake=2.08365 errG=887.11499
Epoch:235, Derain_Loss=0.00154
This epoch take time 435.87
----------------------------------------------------------------------------------------------------
lr_Derain 0.000200
lr_ED 0.000100
lrD 0.000400
[Epoch:236/2000] 00000/01575, Loss=0.00132, gfake=0.07357 errG=661.21692
[Epoch:236/2000] 00200/01575, Loss=0.00130, gfake=2.21732 errG=652.37103
[Epoch:236/2000] 00400/01575, Loss=0.00132, gfake=4.81615 errG=667.36102
[Epoch:236/2000] 00600/01575, Loss=0.00136, gfake=-1.99096 errG=678.77631
[Epoch:236/2000] 00800/01575, Loss=0.00189, gfake=1.19666 errG=948.47815
[Epoch:236/2000] 01000/01575, Loss=0.00192, gfake=-3.31983 errG=955.18091
[Epoch:236/2000] 01200/01575, Loss=0.00218, gfake=-3.41212 errG=1087.66919
[Epoch:236/2000] 01400/01575, Loss=0.00096, gfake=1.11838 errG=482.62357
Epoch:236, Derain_Loss=0.00151
This epoch take time 433.07
----------------------------------------------------------------------------------------------------
lr_Derain 0.000200
lr_ED 0.000100
lrD 0.000400
[Epoch:237/2000] 00000/01575, Loss=0.00083, gfake=2.65175 errG=418.71329
[Epoch:237/2000] 00200/01575, Loss=0.00106, gfake=0.98173 errG=533.29419
[Epoch:237/2000] 00400/01575, Loss=0.00093, gfake=-1.01417 errG=463.98419
[Epoch:237/2000] 00600/01575, Loss=0.00213, gfake=-0.80629 errG=1062.30054
[Epoch:237/2000] 00800/01575, Loss=0.00177, gfake=0.70661 errG=885.65381
[Epoch:237/2000] 01000/01575, Loss=0.00229, gfake=1.06876 errG=1144.93530
[Epoch:237/2000] 01200/01575, Loss=0.00082, gfake=2.43353 errG=410.84241
[Epoch:237/2000] 01400/01575, Loss=0.00115, gfake=-1.14858 errG=575.75714
Epoch:237, Derain_Loss=0.00154
This epoch take time 439.43
----------------------------------------------------------------------------------------------------
lr_Derain 0.000200
lr_ED 0.000100
lrD 0.000400
[Epoch:238/2000] 00000/01575, Loss=0.00162, gfake=3.00780 errG=814.80078
[Epoch:238/2000] 00200/01575, Loss=0.00161, gfake=7.15870 errG=814.27686
[Epoch:238/2000] 00400/01575, Loss=0.00094, gfake=1.03998 errG=472.11676
[Epoch:238/2000] 00600/01575, Loss=0.00182, gfake=-5.21411 errG=907.01855
[Epoch:238/2000] 00800/01575, Loss=0.00246, gfake=-0.18407 errG=1231.15527
[Epoch:238/2000] 01000/01575, Loss=0.00247, gfake=-9.18396 errG=1228.05823
[Epoch:238/2000] 01200/01575, Loss=0.00121, gfake=7.19080 errG=614.33722
[Epoch:238/2000] 01400/01575, Loss=0.00156, gfake=5.25476 errG=784.94922
Epoch:238, Derain_Loss=0.00151
This epoch take time 436.93
----------------------------------------------------------------------------------------------------
lr_Derain 0.000200
lr_ED 0.000100
lrD 0.000400
[Epoch:239/2000] 00000/01575, Loss=0.00196, gfake=-4.28295 errG=978.18933
[Epoch:239/2000] 00200/01575, Loss=0.00238, gfake=2.30788 errG=1190.65662
[Epoch:239/2000] 00400/01575, Loss=0.00145, gfake=-0.49099 errG=722.66180
[Epoch:239/2000] 00600/01575, Loss=0.00153, gfake=1.54268 errG=766.88586
[Epoch:239/2000] 00800/01575, Loss=0.00188, gfake=-1.07863 errG=941.39722
[Epoch:239/2000] 01000/01575, Loss=0.00188, gfake=0.39218 errG=939.11383
[Epoch:239/2000] 01200/01575, Loss=0.00287, gfake=0.42870 errG=1433.85510
[Epoch:239/2000] 01400/01575, Loss=0.00124, gfake=-0.17504 errG=620.36139
Epoch:239, Derain_Loss=0.00154
This epoch take time 444.08
----------------------------------------------------------------------------------------------------
lr_Derain 0.000200
lr_ED 0.000100
lrD 0.000400
[Epoch:240/2000] 00000/01575, Loss=0.00181, gfake=7.78875 errG=914.54779
[Epoch:240/2000] 00200/01575, Loss=0.00109, gfake=1.73292 errG=547.97308
[Epoch:240/2000] 00400/01575, Loss=0.00139, gfake=13.23242 errG=706.63733
[Epoch:240/2000] 00600/01575, Loss=0.00140, gfake=-0.29818 errG=697.90967
[Epoch:240/2000] 00800/01575, Loss=0.00125, gfake=0.47399 errG=626.48590
[Epoch:240/2000] 01000/01575, Loss=0.00153, gfake=10.70508 errG=775.67212
[Epoch:240/2000] 01200/01575, Loss=0.00200, gfake=3.42292 errG=1005.65558
[Epoch:240/2000] 01400/01575, Loss=0.00163, gfake=4.21845 errG=821.45911
Epoch:240, Derain_Loss=0.00150
This epoch take time 441.74
----------------------------------------------------------------------------------------------------
lr_Derain 0.000200
lr_ED 0.000100
lrD 0.000400
[Epoch:241/2000] 00000/01575, Loss=0.00147, gfake=1.11668 errG=736.60944
[Epoch:241/2000] 00200/01575, Loss=0.00140, gfake=3.66800 errG=702.95166
[Epoch:241/2000] 00400/01575, Loss=0.00188, gfake=5.82900 errG=947.48352
[Epoch:241/2000] 00600/01575, Loss=0.00165, gfake=5.09510 errG=832.80249
[Epoch:241/2000] 00800/01575, Loss=0.00120, gfake=-5.24165 errG=594.32501
[Epoch:241/2000] 01000/01575, Loss=0.00147, gfake=2.05102 errG=737.12299
[Epoch:241/2000] 01200/01575, Loss=0.00151, gfake=6.42004 errG=759.40118
[Epoch:241/2000] 01400/01575, Loss=0.00194, gfake=4.72250 errG=974.17749
Epoch:241, Derain_Loss=0.00153
This epoch take time 436.72
----------------------------------------------------------------------------------------------------
lr_Derain 0.000200
lr_ED 0.000100
lrD 0.000400
[Epoch:242/2000] 00000/01575, Loss=0.00083, gfake=2.36987 errG=419.93964
[Epoch:242/2000] 00200/01575, Loss=0.00109, gfake=14.01187 errG=559.84198
[Epoch:242/2000] 00400/01575, Loss=0.00107, gfake=3.34024 errG=536.77838
[Epoch:242/2000] 00600/01575, Loss=0.00154, gfake=-0.52519 errG=769.67065
[Epoch:242/2000] 00800/01575, Loss=0.00244, gfake=1.98141 errG=1220.83630
[Epoch:242/2000] 01000/01575, Loss=0.00113, gfake=0.58643 errG=563.92682
[Epoch:242/2000] 01200/01575, Loss=0.00108, gfake=0.11670 errG=538.01392
[Epoch:242/2000] 01400/01575, Loss=0.00163, gfake=5.38720 errG=821.14996
Epoch:242, Derain_Loss=0.00153
This epoch take time 433.40
----------------------------------------------------------------------------------------------------
lr_Derain 0.000200
lr_ED 0.000100
lrD 0.000400
[Epoch:243/2000] 00000/01575, Loss=0.00123, gfake=5.89744 errG=622.62195
[Epoch:243/2000] 00200/01575, Loss=0.00111, gfake=8.69325 errG=566.09760
[Epoch:243/2000] 00400/01575, Loss=0.00324, gfake=2.94520 errG=1622.69080
[Epoch:243/2000] 00600/01575, Loss=0.00125, gfake=3.77616 errG=628.46991
[Epoch:243/2000] 00800/01575, Loss=0.00267, gfake=0.36889 errG=1333.93677
[Epoch:243/2000] 01000/01575, Loss=0.00188, gfake=-0.44218 errG=937.27789
[Epoch:243/2000] 01200/01575, Loss=0.00091, gfake=5.75405 errG=460.50287
[Epoch:243/2000] 01400/01575, Loss=0.00200, gfake=0.50287 errG=998.83423
Epoch:243, Derain_Loss=0.00153
This epoch take time 442.91
----------------------------------------------------------------------------------------------------
lr_Derain 0.000200
lr_ED 0.000100
lrD 0.000400
[Epoch:244/2000] 00000/01575, Loss=0.00123, gfake=5.87345 errG=621.09137
[Epoch:244/2000] 00200/01575, Loss=0.00137, gfake=8.88336 errG=693.35413
[Epoch:244/2000] 00400/01575, Loss=0.00163, gfake=8.35701 errG=824.48560
[Epoch:244/2000] 00600/01575, Loss=0.00102, gfake=-8.80127 errG=499.70547
[Epoch:244/2000] 00800/01575, Loss=0.00147, gfake=-3.27289 errG=733.36371
[Epoch:244/2000] 01000/01575, Loss=0.00175, gfake=1.83199 errG=874.61487
[Epoch:244/2000] 01200/01575, Loss=0.00130, gfake=8.41441 errG=657.35461
[Epoch:244/2000] 01400/01575, Loss=0.00104, gfake=8.92997 errG=529.60144
Epoch:244, Derain_Loss=0.00153
This epoch take time 438.91
----------------------------------------------------------------------------------------------------
lr_Derain 0.000200
lr_ED 0.000100
lrD 0.000400
[Epoch:245/2000] 00000/01575, Loss=0.00137, gfake=0.09481 errG=683.57062
[Epoch:245/2000] 00200/01575, Loss=0.00173, gfake=6.66411 errG=872.48865
[Epoch:245/2000] 00400/01575, Loss=0.00168, gfake=4.47409 errG=845.14215
[Epoch:245/2000] 00600/01575, Loss=0.00096, gfake=5.40271 errG=486.20767
[Epoch:245/2000] 00800/01575, Loss=0.00082, gfake=15.84181 errG=427.47339
[Epoch:245/2000] 01000/01575, Loss=0.00226, gfake=2.63548 errG=1133.78101
[Epoch:245/2000] 01200/01575, Loss=0.00210, gfake=4.17474 errG=1056.27771
[Epoch:245/2000] 01400/01575, Loss=0.00166, gfake=-5.67388 errG=822.84778
Epoch:245, Derain_Loss=0.00155
This epoch take time 438.80
----------------------------------------------------------------------------------------------------
lr_Derain 0.000200
lr_ED 0.000100
lrD 0.000400
[Epoch:246/2000] 00000/01575, Loss=0.00160, gfake=0.26210 errG=801.64978
[Epoch:246/2000] 00200/01575, Loss=0.00181, gfake=1.54851 errG=907.53143
[Epoch:246/2000] 00400/01575, Loss=0.00186, gfake=1.08061 errG=930.75177
[Epoch:246/2000] 00600/01575, Loss=0.00201, gfake=2.78638 errG=1009.75775
[Epoch:246/2000] 00800/01575, Loss=0.00100, gfake=-6.11279 errG=494.12662
[Epoch:246/2000] 01000/01575, Loss=0.00211, gfake=2.37869 errG=1059.26880
[Epoch:246/2000] 01200/01575, Loss=0.00231, gfake=0.54948 errG=1156.25623
[Epoch:246/2000] 01400/01575, Loss=0.00238, gfake=1.12850 errG=1191.15369
Epoch:246, Derain_Loss=0.00153
This epoch take time 435.73
----------------------------------------------------------------------------------------------------
lr_Derain 0.000200
lr_ED 0.000100
lrD 0.000400
[Epoch:247/2000] 00000/01575, Loss=0.00103, gfake=12.30276 errG=527.24451
[Epoch:247/2000] 00200/01575, Loss=0.00098, gfake=3.24846 errG=494.80267
[Epoch:247/2000] 00400/01575, Loss=0.00101, gfake=2.34805 errG=507.93973
[Epoch:247/2000] 00600/01575, Loss=0.00103, gfake=6.22424 errG=519.51733
[Epoch:247/2000] 00800/01575, Loss=0.00094, gfake=10.48195 errG=478.69351
[Epoch:247/2000] 01000/01575, Loss=0.00166, gfake=-3.01028 errG=829.02045
[Epoch:247/2000] 01200/01575, Loss=0.00152, gfake=7.15988 errG=768.48016
[Epoch:247/2000] 01400/01575, Loss=0.00201, gfake=11.74879 errG=1014.91705
Epoch:247, Derain_Loss=0.00151
This epoch take time 436.11
----------------------------------------------------------------------------------------------------
lr_Derain 0.000200
lr_ED 0.000100
lrD 0.000400
[Epoch:248/2000] 00000/01575, Loss=0.00130, gfake=12.90605 errG=661.55371
[Epoch:248/2000] 00200/01575, Loss=0.00124, gfake=4.95790 errG=626.76489
[Epoch:248/2000] 00400/01575, Loss=0.00073, gfake=4.16697 errG=369.86530
[Epoch:248/2000] 00600/01575, Loss=0.00089, gfake=4.96662 errG=451.32870
[Epoch:248/2000] 00800/01575, Loss=0.00224, gfake=3.55066 errG=1125.56787
[Epoch:248/2000] 01000/01575, Loss=0.00181, gfake=-1.42709 errG=901.59967
[Epoch:248/2000] 01200/01575, Loss=0.00128, gfake=-0.19800 errG=640.65820
[Epoch:248/2000] 01400/01575, Loss=0.00237, gfake=-4.91552 errG=1180.17590
Epoch:248, Derain_Loss=0.00154
This epoch take time 433.83
----------------------------------------------------------------------------------------------------
lr_Derain 0.000200
lr_ED 0.000100
lrD 0.000400
[Epoch:249/2000] 00000/01575, Loss=0.00099, gfake=9.01949 errG=506.53180
[Epoch:249/2000] 00200/01575, Loss=0.00183, gfake=4.29487 errG=919.97302
[Epoch:249/2000] 00400/01575, Loss=0.00152, gfake=1.02858 errG=759.82642
[Epoch:249/2000] 00600/01575, Loss=0.00127, gfake=4.27018 errG=639.52277
[Epoch:249/2000] 00800/01575, Loss=0.00162, gfake=8.58191 errG=817.43646
[Epoch:249/2000] 01000/01575, Loss=0.00142, gfake=5.41490 errG=713.07074
[Epoch:249/2000] 01200/01575, Loss=0.00141, gfake=1.22945 errG=706.87115
[Epoch:249/2000] 01400/01575, Loss=0.00199, gfake=-2.24348 errG=992.83185
Epoch:249, Derain_Loss=0.00154
This epoch take time 435.14
----------------------------------------------------------------------------------------------------
lr_Derain 0.000200
lr_ED 0.000100
lrD 0.000400
[Epoch:250/2000] 00000/01575, Loss=0.00199, gfake=-2.72836 errG=990.09082
[Epoch:250/2000] 00200/01575, Loss=0.00170, gfake=2.18378 errG=849.99799
[Epoch:250/2000] 00400/01575, Loss=0.00183, gfake=5.47811 errG=919.35785
[Epoch:250/2000] 00600/01575, Loss=0.00199, gfake=3.19147 errG=999.43561
[Epoch:250/2000] 00800/01575, Loss=0.00253, gfake=2.15922 errG=1267.04492
[Epoch:250/2000] 01000/01575, Loss=0.00112, gfake=4.99751 errG=566.25183
[Epoch:250/2000] 01200/01575, Loss=0.00091, gfake=4.67795 errG=461.69940
[Epoch:250/2000] 01400/01575, Loss=0.00053, gfake=-0.07914 errG=267.15009
Epoch:250, Derain_Loss=0.00158
This epoch take time 434.82
----------------------------------------------------------------------------------------------------
lr_Derain 0.000200
lr_ED 0.000100
lrD 0.000400
[Epoch:251/2000] 00000/01575, Loss=0.00114, gfake=3.74492 errG=576.40808
[Epoch:251/2000] 00200/01575, Loss=0.00263, gfake=6.54048 errG=1322.18237
[Epoch:251/2000] 00400/01575, Loss=0.00136, gfake=-3.52447 errG=676.43048
[Epoch:251/2000] 00600/01575, Loss=0.00156, gfake=12.15114 errG=793.01147
[Epoch:251/2000] 00800/01575, Loss=0.00260, gfake=0.68481 errG=1299.66077
[Epoch:251/2000] 01000/01575, Loss=0.00140, gfake=3.62725 errG=703.71423
[Epoch:251/2000] 01200/01575, Loss=0.00076, gfake=9.53390 errG=389.08365
[Epoch:251/2000] 01400/01575, Loss=0.00062, gfake=13.16605 errG=324.80405
Epoch:251, Derain_Loss=0.00154
This epoch take time 438.31
----------------------------------------------------------------------------------------------------
lr_Derain 0.000200
lr_ED 0.000100
lrD 0.000400
[Epoch:252/2000] 00000/01575, Loss=0.00130, gfake=2.98819 errG=653.62079
[Epoch:252/2000] 00200/01575, Loss=0.00111, gfake=5.36030 errG=562.90094
[Epoch:252/2000] 00400/01575, Loss=0.00206, gfake=3.43461 errG=1034.92102
[Epoch:252/2000] 00600/01575, Loss=0.00127, gfake=1.07824 errG=635.59369
[Epoch:252/2000] 00800/01575, Loss=0.00145, gfake=1.92530 errG=726.95135
[Epoch:252/2000] 01000/01575, Loss=0.00107, gfake=3.92106 errG=536.89923
[Epoch:252/2000] 01200/01575, Loss=0.00105, gfake=-0.67284 errG=525.17828
[Epoch:252/2000] 01400/01575, Loss=0.00219, gfake=1.38436 errG=1094.22473
Epoch:252, Derain_Loss=0.00153
This epoch take time 435.84
----------------------------------------------------------------------------------------------------
lr_Derain 0.000200
lr_ED 0.000100
lrD 0.000400
[Epoch:253/2000] 00000/01575, Loss=0.00155, gfake=3.38543 errG=777.75269
[Epoch:253/2000] 00200/01575, Loss=0.00100, gfake=-0.22469 errG=498.45865
[Epoch:253/2000] 00400/01575, Loss=0.00213, gfake=5.65565 errG=1070.79480
[Epoch:253/2000] 00600/01575, Loss=0.00191, gfake=-4.08684 errG=951.92853
[Epoch:253/2000] 00800/01575, Loss=0.00146, gfake=1.16215 errG=729.08722
[Epoch:253/2000] 01000/01575, Loss=0.00187, gfake=-0.12174 errG=934.65826
[Epoch:253/2000] 01200/01575, Loss=0.00164, gfake=2.08901 errG=821.48798
[Epoch:253/2000] 01400/01575, Loss=0.00169, gfake=-0.54829 errG=842.11768
Epoch:253, Derain_Loss=0.00152
This epoch take time 436.59
----------------------------------------------------------------------------------------------------
lr_Derain 0.000200
lr_ED 0.000100
lrD 0.000400
[Epoch:254/2000] 00000/01575, Loss=0.00177, gfake=9.32335 errG=896.71033
[Epoch:254/2000] 00200/01575, Loss=0.00131, gfake=6.47613 errG=660.17444
[Epoch:254/2000] 00400/01575, Loss=0.00189, gfake=0.82071 errG=946.73785
[Epoch:254/2000] 00600/01575, Loss=0.00082, gfake=4.79296 errG=413.25830
[Epoch:254/2000] 00800/01575, Loss=0.00132, gfake=0.05854 errG=660.98535
[Epoch:254/2000] 01000/01575, Loss=0.00122, gfake=-2.32762 errG=606.44965
[Epoch:254/2000] 01200/01575, Loss=0.00162, gfake=3.68915 errG=813.90234
[Epoch:254/2000] 01400/01575, Loss=0.00195, gfake=3.41655 errG=978.44891
Epoch:254, Derain_Loss=0.00153
This epoch take time 434.56
----------------------------------------------------------------------------------------------------
lr_Derain 0.000200
lr_ED 0.000100
lrD 0.000400
[Epoch:255/2000] 00000/01575, Loss=0.00279, gfake=1.85852 errG=1395.74292
[Epoch:255/2000] 00200/01575, Loss=0.00184, gfake=3.60467 errG=923.64630
[Epoch:255/2000] 00400/01575, Loss=0.00156, gfake=1.16996 errG=782.58875
[Epoch:255/2000] 00600/01575, Loss=0.00158, gfake=2.26486 errG=791.71210
[Epoch:255/2000] 00800/01575, Loss=0.00078, gfake=2.39631 errG=391.22955
[Epoch:255/2000] 01000/01575, Loss=0.00174, gfake=9.76703 errG=878.90839
[Epoch:255/2000] 01200/01575, Loss=0.00184, gfake=-2.61306 errG=916.43323
[Epoch:255/2000] 01400/01575, Loss=0.00135, gfake=2.14332 errG=675.93542
Epoch:255, Derain_Loss=0.00152
This epoch take time 436.42
----------------------------------------------------------------------------------------------------
lr_Derain 0.000200
lr_ED 0.000100
lrD 0.000400
[Epoch:256/2000] 00000/01575, Loss=0.00091, gfake=5.45806 errG=461.87775
[Epoch:256/2000] 00200/01575, Loss=0.00134, gfake=0.06487 errG=671.31360
[Epoch:256/2000] 00400/01575, Loss=0.00170, gfake=-3.00271 errG=845.64874
[Epoch:256/2000] 00600/01575, Loss=0.00149, gfake=0.52053 errG=746.69232
[Epoch:256/2000] 00800/01575, Loss=0.00121, gfake=-6.42522 errG=601.12701
[Epoch:256/2000] 01000/01575, Loss=0.00143, gfake=4.92397 errG=721.40393
[Epoch:256/2000] 01200/01575, Loss=0.00084, gfake=3.73131 errG=424.13516
[Epoch:256/2000] 01400/01575, Loss=0.00191, gfake=-2.25393 errG=950.93756
Epoch:256, Derain_Loss=0.00154
This epoch take time 435.49
----------------------------------------------------------------------------------------------------
lr_Derain 0.000200
lr_ED 0.000100
lrD 0.000400
[Epoch:257/2000] 00000/01575, Loss=0.00168, gfake=14.74013 errG=853.80243
[Epoch:257/2000] 00200/01575, Loss=0.00143, gfake=9.21857 errG=725.32788
[Epoch:257/2000] 00400/01575, Loss=0.00123, gfake=4.45241 errG=619.87903
[Epoch:257/2000] 00600/01575, Loss=0.00137, gfake=-1.84419 errG=684.82812
[Epoch:257/2000] 00800/01575, Loss=0.00104, gfake=7.23360 errG=527.96338
[Epoch:257/2000] 01000/01575, Loss=0.00163, gfake=-2.65030 errG=814.46515
[Epoch:257/2000] 01200/01575, Loss=0.00271, gfake=-0.44839 errG=1355.63867
[Epoch:257/2000] 01400/01575, Loss=0.00196, gfake=2.20196 errG=982.29517
Epoch:257, Derain_Loss=0.00151
This epoch take time 436.64
----------------------------------------------------------------------------------------------------
lr_Derain 0.000200
lr_ED 0.000100
lrD 0.000400
[Epoch:258/2000] 00000/01575, Loss=0.00201, gfake=3.89471 errG=1006.97467
[Epoch:258/2000] 00200/01575, Loss=0.00143, gfake=1.68515 errG=715.22430
[Epoch:258/2000] 00400/01575, Loss=0.00092, gfake=3.38751 errG=466.03577
[Epoch:258/2000] 00600/01575, Loss=0.00099, gfake=5.35447 errG=498.22159
[Epoch:258/2000] 00800/01575, Loss=0.00148, gfake=12.19502 errG=752.64685
[Epoch:258/2000] 01000/01575, Loss=0.00236, gfake=7.55867 errG=1188.47266
[Epoch:258/2000] 01200/01575, Loss=0.00179, gfake=-3.00924 errG=891.54462
[Epoch:258/2000] 01400/01575, Loss=0.00120, gfake=4.25024 errG=605.91357
Epoch:258, Derain_Loss=0.00153
This epoch take time 432.50
----------------------------------------------------------------------------------------------------
lr_Derain 0.000200
lr_ED 0.000100
lrD 0.000400
[Epoch:259/2000] 00000/01575, Loss=0.00225, gfake=10.53335 errG=1135.80798
[Epoch:259/2000] 00200/01575, Loss=0.00122, gfake=0.46459 errG=611.33740
[Epoch:259/2000] 00400/01575, Loss=0.00192, gfake=1.48426 errG=961.32764
[Epoch:259/2000] 00600/01575, Loss=0.00196, gfake=4.32403 errG=986.91754
[Epoch:259/2000] 00800/01575, Loss=0.00147, gfake=6.10953 errG=742.19000
[Epoch:259/2000] 01000/01575, Loss=0.00144, gfake=5.96778 errG=724.35175
[Epoch:259/2000] 01200/01575, Loss=0.00233, gfake=1.07967 errG=1168.66199
[Epoch:259/2000] 01400/01575, Loss=0.00153, gfake=8.58083 errG=775.97620
Epoch:259, Derain_Loss=0.00153
This epoch take time 435.74
----------------------------------------------------------------------------------------------------
lr_Derain 0.000200
lr_ED 0.000100
lrD 0.000400
[Epoch:260/2000] 00000/01575, Loss=0.00168, gfake=5.13749 errG=843.78186
[Epoch:260/2000] 00200/01575, Loss=0.00176, gfake=4.98141 errG=882.84644
[Epoch:260/2000] 00400/01575, Loss=0.00157, gfake=-4.97320 errG=779.86584
[Epoch:260/2000] 00600/01575, Loss=0.00208, gfake=0.32431 errG=1040.13477
[Epoch:260/2000] 00800/01575, Loss=0.00076, gfake=13.01072 errG=392.02927
[Epoch:260/2000] 01000/01575, Loss=0.00146, gfake=4.90911 errG=735.77405
[Epoch:260/2000] 01200/01575, Loss=0.00160, gfake=2.55977 errG=802.98181
[Epoch:260/2000] 01400/01575, Loss=0.00134, gfake=2.83333 errG=674.54376
Epoch:260, Derain_Loss=0.00152
This epoch take time 440.65
----------------------------------------------------------------------------------------------------
lr_Derain 0.000200
lr_ED 0.000100
lrD 0.000400
[Epoch:261/2000] 00000/01575, Loss=0.00255, gfake=5.92647 errG=1280.04932
[Epoch:261/2000] 00200/01575, Loss=0.00094, gfake=5.11416 errG=473.61176
[Epoch:261/2000] 00400/01575, Loss=0.00144, gfake=5.75266 errG=723.97803
[Epoch:261/2000] 00600/01575, Loss=0.00106, gfake=2.60061 errG=532.61249
[Epoch:261/2000] 00800/01575, Loss=0.00087, gfake=11.95256 errG=447.90103
[Epoch:261/2000] 01000/01575, Loss=0.00253, gfake=1.30619 errG=1268.51038
[Epoch:261/2000] 01200/01575, Loss=0.00206, gfake=1.38809 errG=1032.53162
[Epoch:261/2000] 01400/01575, Loss=0.00129, gfake=3.15787 errG=647.91400
Epoch:261, Derain_Loss=0.00151
This epoch take time 439.36
----------------------------------------------------------------------------------------------------
lr_Derain 0.000200
lr_ED 0.000100
lrD 0.000400
[Epoch:262/2000] 00000/01575, Loss=0.00145, gfake=-3.59119 errG=720.76770
[Epoch:262/2000] 00200/01575, Loss=0.00181, gfake=0.63527 errG=903.97784
[Epoch:262/2000] 00400/01575, Loss=0.00099, gfake=9.24327 errG=502.22610
[Epoch:262/2000] 00600/01575, Loss=0.00131, gfake=2.95245 errG=656.91211
[Epoch:262/2000] 00800/01575, Loss=0.00127, gfake=3.25016 errG=638.20392
[Epoch:262/2000] 01000/01575, Loss=0.00208, gfake=-0.76329 errG=1037.21155
[Epoch:262/2000] 01200/01575, Loss=0.00162, gfake=-3.66494 errG=804.22278
[Epoch:262/2000] 01400/01575, Loss=0.00183, gfake=1.14166 errG=914.28650
Epoch:262, Derain_Loss=0.00150
This epoch take time 438.24
----------------------------------------------------------------------------------------------------
lr_Derain 0.000200
lr_ED 0.000100
lrD 0.000400
[Epoch:263/2000] 00000/01575, Loss=0.00076, gfake=12.43281 errG=392.76120
[Epoch:263/2000] 00200/01575, Loss=0.00158, gfake=3.10927 errG=793.44867
[Epoch:263/2000] 00400/01575, Loss=0.00181, gfake=6.86028 errG=910.10968
[Epoch:263/2000] 00600/01575, Loss=0.00097, gfake=8.08494 errG=493.77469
[Epoch:263/2000] 00800/01575, Loss=0.00163, gfake=2.93357 errG=818.85419
[Epoch:263/2000] 01000/01575, Loss=0.00207, gfake=4.69949 errG=1039.39478
[Epoch:263/2000] 01200/01575, Loss=0.00189, gfake=4.18545 errG=951.43579
[Epoch:263/2000] 01400/01575, Loss=0.00175, gfake=7.78821 errG=882.26971
Epoch:263, Derain_Loss=0.00151
This epoch take time 436.78
----------------------------------------------------------------------------------------------------
lr_Derain 0.000200
lr_ED 0.000100
lrD 0.000400
[Epoch:264/2000] 00000/01575, Loss=0.00081, gfake=10.87967 errG=414.27396
[Epoch:264/2000] 00200/01575, Loss=0.00140, gfake=10.08884 errG=710.65961
[Epoch:264/2000] 00400/01575, Loss=0.00131, gfake=14.19370 errG=670.54510
[Epoch:264/2000] 00600/01575, Loss=0.00149, gfake=12.88954 errG=757.22223
[Epoch:264/2000] 00800/01575, Loss=0.00097, gfake=2.11033 errG=488.25629
[Epoch:264/2000] 01000/01575, Loss=0.00157, gfake=6.66995 errG=792.93054
[Epoch:264/2000] 01200/01575, Loss=0.00120, gfake=2.92116 errG=603.58093
[Epoch:264/2000] 01400/01575, Loss=0.00094, gfake=3.31130 errG=475.06219
Epoch:264, Derain_Loss=0.00149
This epoch take time 439.95
----------------------------------------------------------------------------------------------------
lr_Derain 0.000200
lr_ED 0.000100
lrD 0.000400
[Epoch:265/2000] 00000/01575, Loss=0.00165, gfake=-3.80670 errG=823.08026
[Epoch:265/2000] 00200/01575, Loss=0.00106, gfake=9.72658 errG=538.07593
[Epoch:265/2000] 00400/01575, Loss=0.00157, gfake=9.90551 errG=796.50604
[Epoch:265/2000] 00600/01575, Loss=0.00180, gfake=4.59581 errG=902.61499
[Epoch:265/2000] 00800/01575, Loss=0.00156, gfake=-3.07044 errG=778.10272
[Epoch:265/2000] 01000/01575, Loss=0.00112, gfake=2.94058 errG=563.51422
[Epoch:265/2000] 01200/01575, Loss=0.00110, gfake=5.11611 errG=557.75867
[Epoch:265/2000] 01400/01575, Loss=0.00131, gfake=2.95494 errG=656.56183
Epoch:265, Derain_Loss=0.00153
This epoch take time 436.60
----------------------------------------------------------------------------------------------------
lr_Derain 0.000200
lr_ED 0.000100
lrD 0.000400
[Epoch:266/2000] 00000/01575, Loss=0.00105, gfake=5.85240 errG=533.00385
[Epoch:266/2000] 00200/01575, Loss=0.00152, gfake=3.24664 errG=764.29755
[Epoch:266/2000] 00400/01575, Loss=0.00171, gfake=7.89228 errG=865.04279
[Epoch:266/2000] 00600/01575, Loss=0.00165, gfake=5.18614 errG=831.79651
[Epoch:266/2000] 00800/01575, Loss=0.00220, gfake=1.25258 errG=1102.60437
[Epoch:266/2000] 01000/01575, Loss=0.00206, gfake=9.14945 errG=1036.89746
[Epoch:266/2000] 01200/01575, Loss=0.00199, gfake=-1.85387 errG=994.15344
[Epoch:266/2000] 01400/01575, Loss=0.00192, gfake=-0.12510 errG=957.96179
Epoch:266, Derain_Loss=0.00150
This epoch take time 436.33
----------------------------------------------------------------------------------------------------
lr_Derain 0.000200
lr_ED 0.000100
lrD 0.000400
[Epoch:267/2000] 00000/01575, Loss=0.00181, gfake=-2.36869 errG=901.67383
[Epoch:267/2000] 00200/01575, Loss=0.00164, gfake=1.48570 errG=823.81854
[Epoch:267/2000] 00400/01575, Loss=0.00127, gfake=8.29881 errG=641.96228
[Epoch:267/2000] 00600/01575, Loss=0.00099, gfake=4.31911 errG=498.06342
[Epoch:267/2000] 00800/01575, Loss=0.00250, gfake=3.27800 errG=1254.43066
[Epoch:267/2000] 01000/01575, Loss=0.00173, gfake=3.75777 errG=871.11285
[Epoch:267/2000] 01200/01575, Loss=0.00083, gfake=8.07731 errG=420.73813
[Epoch:267/2000] 01400/01575, Loss=0.00152, gfake=12.47781 errG=773.66351
Epoch:267, Derain_Loss=0.00150
This epoch take time 435.61
----------------------------------------------------------------------------------------------------
lr_Derain 0.000200
lr_ED 0.000100
lrD 0.000400
[Epoch:268/2000] 00000/01575, Loss=0.00171, gfake=1.32798 errG=855.43488
[Epoch:268/2000] 00200/01575, Loss=0.00140, gfake=2.04515 errG=703.34363
[Epoch:268/2000] 00400/01575, Loss=0.00147, gfake=-0.06066 errG=733.32483
[Epoch:268/2000] 00600/01575, Loss=0.00160, gfake=3.14697 errG=801.83435
[Epoch:268/2000] 00800/01575, Loss=0.00224, gfake=4.77062 errG=1126.71252
[Epoch:268/2000] 01000/01575, Loss=0.00125, gfake=8.92255 errG=631.88147
[Epoch:268/2000] 01200/01575, Loss=0.00133, gfake=2.53517 errG=669.99127
[Epoch:268/2000] 01400/01575, Loss=0.00125, gfake=9.23175 errG=636.46863
Epoch:268, Derain_Loss=0.00149
This epoch take time 439.84
----------------------------------------------------------------------------------------------------
lr_Derain 0.000200
lr_ED 0.000100
lrD 0.000400
[Epoch:269/2000] 00000/01575, Loss=0.00108, gfake=7.39222 errG=549.22113
[Epoch:269/2000] 00200/01575, Loss=0.00137, gfake=1.64982 errG=688.37073
[Epoch:269/2000] 00400/01575, Loss=0.00180, gfake=6.13717 errG=908.32330
[Epoch:269/2000] 00600/01575, Loss=0.00151, gfake=0.37655 errG=757.11230
[Epoch:269/2000] 00800/01575, Loss=0.00127, gfake=6.32558 errG=641.99756
[Epoch:269/2000] 01000/01575, Loss=0.00100, gfake=5.71562 errG=505.09625
[Epoch:269/2000] 01200/01575, Loss=0.00219, gfake=0.67073 errG=1094.95691
[Epoch:269/2000] 01400/01575, Loss=0.00117, gfake=2.06880 errG=585.24237
Epoch:269, Derain_Loss=0.00153
This epoch take time 441.36
----------------------------------------------------------------------------------------------------
lr_Derain 0.000200
lr_ED 0.000100
lrD 0.000400
[Epoch:270/2000] 00000/01575, Loss=0.00069, gfake=18.62173 errG=365.15912
[Epoch:270/2000] 00200/01575, Loss=0.00234, gfake=1.83961 errG=1172.06079
[Epoch:270/2000] 00400/01575, Loss=0.00187, gfake=0.22554 errG=936.55463
[Epoch:270/2000] 00600/01575, Loss=0.00182, gfake=2.27309 errG=911.11346
[Epoch:270/2000] 00800/01575, Loss=0.00192, gfake=0.43545 errG=960.87366
[Epoch:270/2000] 01000/01575, Loss=0.00211, gfake=2.74139 errG=1055.78113
[Epoch:270/2000] 01200/01575, Loss=0.00151, gfake=-2.42035 errG=754.11603
[Epoch:270/2000] 01400/01575, Loss=0.00204, gfake=4.34077 errG=1024.00012
Epoch:270, Derain_Loss=0.00152
This epoch take time 436.81
----------------------------------------------------------------------------------------------------
lr_Derain 0.000200
lr_ED 0.000100
lrD 0.000400
[Epoch:271/2000] 00000/01575, Loss=0.00193, gfake=8.60059 errG=971.57599
[Epoch:271/2000] 00200/01575, Loss=0.00162, gfake=3.05088 errG=811.11121
[Epoch:271/2000] 00400/01575, Loss=0.00163, gfake=5.27088 errG=819.93646
[Epoch:271/2000] 00600/01575, Loss=0.00167, gfake=1.59901 errG=836.78290
[Epoch:271/2000] 00800/01575, Loss=0.00176, gfake=-0.99779 errG=879.28400
[Epoch:271/2000] 01000/01575, Loss=0.00171, gfake=9.42567 errG=863.18872
[Epoch:271/2000] 01200/01575, Loss=0.00183, gfake=5.14265 errG=921.71643
[Epoch:271/2000] 01400/01575, Loss=0.00141, gfake=3.05847 errG=709.85425
Epoch:271, Derain_Loss=0.00147
This epoch take time 437.19
----------------------------------------------------------------------------------------------------
lr_Derain 0.000200
lr_ED 0.000100
lrD 0.000400
[Epoch:272/2000] 00000/01575, Loss=0.00161, gfake=3.71006 errG=809.48535
[Epoch:272/2000] 00200/01575, Loss=0.00085, gfake=1.61903 errG=426.68619
[Epoch:272/2000] 00400/01575, Loss=0.00219, gfake=3.75772 errG=1099.08826
[Epoch:272/2000] 00600/01575, Loss=0.00189, gfake=1.08385 errG=946.67621
[Epoch:272/2000] 00800/01575, Loss=0.00122, gfake=6.71393 errG=614.88965
[Epoch:272/2000] 01000/01575, Loss=0.00196, gfake=1.39896 errG=979.66913
[Epoch:272/2000] 01200/01575, Loss=0.00105, gfake=7.03043 errG=530.14502
[Epoch:272/2000] 01400/01575, Loss=0.00093, gfake=5.40945 errG=471.82465
Epoch:272, Derain_Loss=0.00151
This epoch take time 435.04
----------------------------------------------------------------------------------------------------
lr_Derain 0.000200
lr_ED 0.000100
lrD 0.000400
[Epoch:273/2000] 00000/01575, Loss=0.00235, gfake=3.27808 errG=1179.50098
[Epoch:273/2000] 00200/01575, Loss=0.00123, gfake=3.47946 errG=617.24640
[Epoch:273/2000] 00400/01575, Loss=0.00253, gfake=2.52825 errG=1266.29675
[Epoch:273/2000] 00600/01575, Loss=0.00250, gfake=9.35368 errG=1258.93579
[Epoch:273/2000] 00800/01575, Loss=0.00118, gfake=2.92478 errG=594.68237
[Epoch:273/2000] 01000/01575, Loss=0.00166, gfake=-1.17112 errG=828.26257
[Epoch:273/2000] 01200/01575, Loss=0.00097, gfake=4.36671 errG=487.22855
[Epoch:273/2000] 01400/01575, Loss=0.00121, gfake=4.97623 errG=608.55908
Epoch:273, Derain_Loss=0.00151
This epoch take time 436.89
----------------------------------------------------------------------------------------------------
lr_Derain 0.000200
lr_ED 0.000100
lrD 0.000400
