Random Seed:  5568
lr_Derain 0.000200
lr_ED 0.000100
lrD 0.000400
[Epoch:116/2000] 00000/01575, Loss=0.00326, gfake=-12.07213 errG=1617.11609
[Epoch:116/2000] 00200/01575, Loss=0.00123, gfake=-16.05840 errG=599.12677
[Epoch:116/2000] 00400/01575, Loss=0.00131, gfake=-19.71196 errG=637.06555
[Epoch:116/2000] 00600/01575, Loss=0.00137, gfake=-10.15901 errG=677.18573
[Epoch:116/2000] 00800/01575, Loss=0.00162, gfake=-22.47123 errG=787.62219
[Epoch:116/2000] 01000/01575, Loss=0.00173, gfake=-18.14194 errG=847.40454
[Epoch:116/2000] 01200/01575, Loss=0.00341, gfake=-9.68092 errG=1694.83594
[Epoch:116/2000] 01400/01575, Loss=0.00100, gfake=-13.97128 errG=488.15005
Epoch:116, Derain_Loss=0.00176
This epoch take time 433.46
----------------------------------------------------------------------------------------------------
lr_Derain 0.000200
lr_ED 0.000100
lrD 0.000400
[Epoch:117/2000] 00000/01575, Loss=0.00208, gfake=-18.38460 errG=1023.44910
[Epoch:117/2000] 00200/01575, Loss=0.00179, gfake=-18.84962 errG=878.76190
[Epoch:117/2000] 00400/01575, Loss=0.00114, gfake=-12.33819 errG=559.23474
[Epoch:117/2000] 00600/01575, Loss=0.00191, gfake=-13.03828 errG=941.03040
[Epoch:117/2000] 00800/01575, Loss=0.00147, gfake=-13.91883 errG=722.85571
[Epoch:117/2000] 01000/01575, Loss=0.00280, gfake=-15.87666 errG=1385.51392
[Epoch:117/2000] 01200/01575, Loss=0.00147, gfake=-18.59430 errG=715.70117
[Epoch:117/2000] 01400/01575, Loss=0.00144, gfake=-13.36811 errG=706.67407
Epoch:117, Derain_Loss=0.00174
This epoch take time 432.42
----------------------------------------------------------------------------------------------------
lr_Derain 0.000200
lr_ED 0.000100
lrD 0.000400
[Epoch:118/2000] 00000/01575, Loss=0.00120, gfake=1.28858 errG=599.70038
[Epoch:118/2000] 00200/01575, Loss=0.00126, gfake=-8.66750 errG=622.13947
[Epoch:118/2000] 00400/01575, Loss=0.00153, gfake=-9.44696 errG=756.27081
[Epoch:118/2000] 00600/01575, Loss=0.00169, gfake=-6.07641 errG=837.63580
[Epoch:118/2000] 00800/01575, Loss=0.00295, gfake=-11.45374 errG=1461.83191
[Epoch:118/2000] 01000/01575, Loss=0.00153, gfake=-13.64731 errG=750.24170
[Epoch:118/2000] 01200/01575, Loss=0.00177, gfake=-20.60535 errG=865.26288
[Epoch:118/2000] 01400/01575, Loss=0.00135, gfake=-11.72104 errG=665.83026
Epoch:118, Derain_Loss=0.00172
This epoch take time 433.49
----------------------------------------------------------------------------------------------------
lr_Derain 0.000200
lr_ED 0.000100
lrD 0.000400
[Epoch:119/2000] 00000/01575, Loss=0.00121, gfake=-9.55196 errG=594.39941
[Epoch:119/2000] 00200/01575, Loss=0.00155, gfake=-8.41820 errG=766.09033
[Epoch:119/2000] 00400/01575, Loss=0.00126, gfake=-9.40191 errG=622.63184
[Epoch:119/2000] 00600/01575, Loss=0.00116, gfake=-1.18035 errG=577.27777
[Epoch:119/2000] 00800/01575, Loss=0.00085, gfake=-5.17067 errG=418.14386
[Epoch:119/2000] 01000/01575, Loss=0.00234, gfake=-14.54846 errG=1154.32104
[Epoch:119/2000] 01200/01575, Loss=0.00154, gfake=-9.85661 errG=760.87042
[Epoch:119/2000] 01400/01575, Loss=0.00179, gfake=-10.14647 errG=886.30286
Epoch:119, Derain_Loss=0.00176
This epoch take time 433.51
----------------------------------------------------------------------------------------------------
lr_Derain 0.000200
lr_ED 0.000100
lrD 0.000400
[Epoch:120/2000] 00000/01575, Loss=0.00195, gfake=-15.12990 errG=958.89313
[Epoch:120/2000] 00200/01575, Loss=0.00257, gfake=-10.40824 errG=1272.64197
[Epoch:120/2000] 00400/01575, Loss=0.00193, gfake=-13.15708 errG=950.83441
[Epoch:120/2000] 00600/01575, Loss=0.00118, gfake=-13.91338 errG=575.29163
[Epoch:120/2000] 00800/01575, Loss=0.00165, gfake=-7.38649 errG=816.20538
[Epoch:120/2000] 01000/01575, Loss=0.00470, gfake=-15.05443 errG=2333.19360
[Epoch:120/2000] 01200/01575, Loss=0.00255, gfake=-14.58303 errG=1260.57642
[Epoch:120/2000] 01400/01575, Loss=0.00247, gfake=-15.60391 errG=1219.03076
Epoch:120, Derain_Loss=0.00177
This epoch take time 433.12
----------------------------------------------------------------------------------------------------
lr_Derain 0.000200
lr_ED 0.000100
lrD 0.000400
[Epoch:121/2000] 00000/01575, Loss=0.00150, gfake=-15.34477 errG=735.49078
[Epoch:121/2000] 00200/01575, Loss=0.00161, gfake=-9.02121 errG=794.23383
[Epoch:121/2000] 00400/01575, Loss=0.00219, gfake=-10.95687 errG=1084.89038
[Epoch:121/2000] 00600/01575, Loss=0.00194, gfake=-11.45828 errG=959.98608
[Epoch:121/2000] 00800/01575, Loss=0.00140, gfake=-10.35288 errG=689.07928
[Epoch:121/2000] 01000/01575, Loss=0.00140, gfake=-5.51098 errG=692.70825
[Epoch:121/2000] 01200/01575, Loss=0.00129, gfake=-10.91684 errG=634.56110
[Epoch:121/2000] 01400/01575, Loss=0.00090, gfake=-8.31112 errG=444.09753
Epoch:121, Derain_Loss=0.00175
This epoch take time 432.89
----------------------------------------------------------------------------------------------------
lr_Derain 0.000200
lr_ED 0.000100
lrD 0.000400
[Epoch:122/2000] 00000/01575, Loss=0.00157, gfake=-3.96153 errG=779.13214
[Epoch:122/2000] 00200/01575, Loss=0.00179, gfake=-8.91578 errG=886.67316
[Epoch:122/2000] 00400/01575, Loss=0.00173, gfake=-11.70748 errG=852.81726
[Epoch:122/2000] 00600/01575, Loss=0.00155, gfake=-12.84642 errG=761.63800
[Epoch:122/2000] 00800/01575, Loss=0.00140, gfake=-3.47818 errG=696.45667
[Epoch:122/2000] 01000/01575, Loss=0.00164, gfake=-6.26317 errG=812.87579
[Epoch:122/2000] 01200/01575, Loss=0.00187, gfake=-9.79553 errG=924.20227
[Epoch:122/2000] 01400/01575, Loss=0.00171, gfake=-5.03007 errG=852.21259
Epoch:122, Derain_Loss=0.00171
This epoch take time 392.04
----------------------------------------------------------------------------------------------------
lr_Derain 0.000200
lr_ED 0.000100
lrD 0.000400
[Epoch:123/2000] 00000/01575, Loss=0.00163, gfake=-8.49628 errG=809.17920
[Epoch:123/2000] 00200/01575, Loss=0.00193, gfake=-7.11634 errG=958.48334
[Epoch:123/2000] 00400/01575, Loss=0.00261, gfake=-10.55665 errG=1296.31262
[Epoch:123/2000] 00600/01575, Loss=0.00173, gfake=-10.96409 errG=854.18304
[Epoch:123/2000] 00800/01575, Loss=0.00158, gfake=-3.67122 errG=787.88190
[Epoch:123/2000] 01000/01575, Loss=0.00233, gfake=-14.79918 errG=1149.35059
[Epoch:123/2000] 01200/01575, Loss=0.00118, gfake=-2.48163 errG=587.21320
[Epoch:123/2000] 01400/01575, Loss=0.00172, gfake=-14.03530 errG=846.39856
Epoch:123, Derain_Loss=0.00171
This epoch take time 389.90
----------------------------------------------------------------------------------------------------
lr_Derain 0.000200
lr_ED 0.000100
lrD 0.000400
[Epoch:124/2000] 00000/01575, Loss=0.00190, gfake=-6.20805 errG=945.89801
[Epoch:124/2000] 00200/01575, Loss=0.00169, gfake=-7.91213 errG=835.33221
[Epoch:124/2000] 00400/01575, Loss=0.00189, gfake=-9.24690 errG=937.21753
[Epoch:124/2000] 00600/01575, Loss=0.00137, gfake=-15.74771 errG=668.68201
[Epoch:124/2000] 00800/01575, Loss=0.00193, gfake=-11.87877 errG=954.96753
[Epoch:124/2000] 01000/01575, Loss=0.00315, gfake=-15.20239 errG=1561.96472
[Epoch:124/2000] 01200/01575, Loss=0.00138, gfake=-9.64809 errG=680.52844
[Epoch:124/2000] 01400/01575, Loss=0.00168, gfake=-9.19414 errG=832.34290
Epoch:124, Derain_Loss=0.00172
This epoch take time 392.11
----------------------------------------------------------------------------------------------------
lr_Derain 0.000200
lr_ED 0.000100
lrD 0.000400
[Epoch:125/2000] 00000/01575, Loss=0.00212, gfake=-11.59956 errG=1047.17773
[Epoch:125/2000] 00200/01575, Loss=0.00250, gfake=-3.72976 errG=1245.40271
[Epoch:125/2000] 00400/01575, Loss=0.00101, gfake=-10.44882 errG=494.83792
[Epoch:125/2000] 00600/01575, Loss=0.00100, gfake=-3.74985 errG=498.98651
[Epoch:125/2000] 00800/01575, Loss=0.00293, gfake=-14.68310 errG=1451.05347
[Epoch:125/2000] 01000/01575, Loss=0.00118, gfake=-3.76892 errG=584.34308
[Epoch:125/2000] 01200/01575, Loss=0.00229, gfake=-12.42144 errG=1132.26343
[Epoch:125/2000] 01400/01575, Loss=0.00141, gfake=-11.68548 errG=694.89270
Epoch:125, Derain_Loss=0.00167
This epoch take time 389.83
----------------------------------------------------------------------------------------------------
lr_Derain 0.000200
lr_ED 0.000100
lrD 0.000400
[Epoch:126/2000] 00000/01575, Loss=0.00201, gfake=-3.48685 errG=1002.96381
[Epoch:126/2000] 00200/01575, Loss=0.00175, gfake=-5.71315 errG=867.89319
[Epoch:126/2000] 00400/01575, Loss=0.00100, gfake=-3.47700 errG=498.25833
[Epoch:126/2000] 00600/01575, Loss=0.00168, gfake=-3.80266 errG=835.29913
[Epoch:126/2000] 00800/01575, Loss=0.00125, gfake=-6.27880 errG=617.56628
[Epoch:126/2000] 01000/01575, Loss=0.00127, gfake=-8.14036 errG=627.91675
[Epoch:126/2000] 01200/01575, Loss=0.00221, gfake=-8.96876 errG=1095.87476
[Epoch:126/2000] 01400/01575, Loss=0.00122, gfake=-12.85015 errG=598.69434
Epoch:126, Derain_Loss=0.00169
This epoch take time 392.62
----------------------------------------------------------------------------------------------------
lr_Derain 0.000200
lr_ED 0.000100
lrD 0.000400
[Epoch:127/2000] 00000/01575, Loss=0.00180, gfake=-13.44397 errG=887.31415
[Epoch:127/2000] 00200/01575, Loss=0.00153, gfake=-12.22991 errG=755.46149
[Epoch:127/2000] 00400/01575, Loss=0.00180, gfake=-5.47588 errG=893.30634
[Epoch:127/2000] 00600/01575, Loss=0.00104, gfake=-14.74187 errG=507.61618
[Epoch:127/2000] 00800/01575, Loss=0.00167, gfake=-6.98446 errG=827.30731
[Epoch:127/2000] 01000/01575, Loss=0.00162, gfake=-7.34394 errG=800.73889
[Epoch:127/2000] 01200/01575, Loss=0.00354, gfake=-5.14713 errG=1764.92822
[Epoch:127/2000] 01400/01575, Loss=0.00187, gfake=-10.49567 errG=927.20209
Epoch:127, Derain_Loss=0.00175
This epoch take time 388.73
----------------------------------------------------------------------------------------------------
lr_Derain 0.000200
lr_ED 0.000100
lrD 0.000400
[Epoch:128/2000] 00000/01575, Loss=0.00212, gfake=-11.69027 errG=1046.28491
[Epoch:128/2000] 00200/01575, Loss=0.00247, gfake=-11.50177 errG=1222.53210
[Epoch:128/2000] 00400/01575, Loss=0.00246, gfake=-15.34058 errG=1213.37903
[Epoch:128/2000] 00600/01575, Loss=0.00138, gfake=-13.69258 errG=676.44067
[Epoch:128/2000] 00800/01575, Loss=0.00115, gfake=-9.09907 errG=566.35309
[Epoch:128/2000] 01000/01575, Loss=0.00101, gfake=-7.26207 errG=498.54321
[Epoch:128/2000] 01200/01575, Loss=0.00173, gfake=-3.98412 errG=860.65863
[Epoch:128/2000] 01400/01575, Loss=0.00214, gfake=-11.79936 errG=1059.70898
Epoch:128, Derain_Loss=0.00171
This epoch take time 391.48
----------------------------------------------------------------------------------------------------
lr_Derain 0.000200
lr_ED 0.000100
lrD 0.000400
[Epoch:129/2000] 00000/01575, Loss=0.00111, gfake=8.28050 errG=561.35181
[Epoch:129/2000] 00200/01575, Loss=0.00159, gfake=-10.20544 errG=785.96643
[Epoch:129/2000] 00400/01575, Loss=0.00164, gfake=-5.36927 errG=817.25928
[Epoch:129/2000] 00600/01575, Loss=0.00164, gfake=-9.38743 errG=811.56763
[Epoch:129/2000] 00800/01575, Loss=0.00184, gfake=-11.11972 errG=910.84125
[Epoch:129/2000] 01000/01575, Loss=0.00182, gfake=-9.56287 errG=900.83698
[Epoch:129/2000] 01200/01575, Loss=0.00198, gfake=-8.58630 errG=981.05298
[Epoch:129/2000] 01400/01575, Loss=0.00154, gfake=-8.23224 errG=761.15778
Epoch:129, Derain_Loss=0.00171
This epoch take time 389.07
----------------------------------------------------------------------------------------------------
lr_Derain 0.000200
lr_ED 0.000100
lrD 0.000400
[Epoch:130/2000] 00000/01575, Loss=0.00173, gfake=-9.35257 errG=853.41388
[Epoch:130/2000] 00200/01575, Loss=0.00244, gfake=-10.50115 errG=1208.09863
[Epoch:130/2000] 00400/01575, Loss=0.00321, gfake=-12.01912 errG=1595.52356
[Epoch:130/2000] 00600/01575, Loss=0.00136, gfake=-3.72830 errG=676.36664
[Epoch:130/2000] 00800/01575, Loss=0.00114, gfake=0.90674 errG=571.31946
[Epoch:130/2000] 01000/01575, Loss=0.00130, gfake=-9.72312 errG=639.03577
[Epoch:130/2000] 01200/01575, Loss=0.00077, gfake=-4.23367 errG=378.68555
[Epoch:130/2000] 01400/01575, Loss=0.00159, gfake=-12.55028 errG=780.82678
Epoch:130, Derain_Loss=0.00172
This epoch take time 391.18
----------------------------------------------------------------------------------------------------
lr_Derain 0.000200
lr_ED 0.000100
lrD 0.000400
[Epoch:131/2000] 00000/01575, Loss=0.00113, gfake=-12.98225 errG=554.29102
[Epoch:131/2000] 00200/01575, Loss=0.00146, gfake=-8.32168 errG=722.26404
[Epoch:131/2000] 00400/01575, Loss=0.00186, gfake=-3.21481 errG=925.87738
[Epoch:131/2000] 00600/01575, Loss=0.00161, gfake=-10.31530 errG=796.45142
[Epoch:131/2000] 00800/01575, Loss=0.00180, gfake=-12.57781 errG=888.36536
[Epoch:131/2000] 01000/01575, Loss=0.00163, gfake=-15.25003 errG=802.07312
[Epoch:131/2000] 01200/01575, Loss=0.00242, gfake=-13.90768 errG=1196.29456
[Epoch:131/2000] 01400/01575, Loss=0.00224, gfake=-12.93731 errG=1105.00977
Epoch:131, Derain_Loss=0.00169
This epoch take time 388.42
----------------------------------------------------------------------------------------------------
lr_Derain 0.000200
lr_ED 0.000100
lrD 0.000400
[Epoch:132/2000] 00000/01575, Loss=0.00159, gfake=-9.97146 errG=787.46094
[Epoch:132/2000] 00200/01575, Loss=0.00168, gfake=-0.89091 errG=840.60553
[Epoch:132/2000] 00400/01575, Loss=0.00154, gfake=-7.55791 errG=761.68414
[Epoch:132/2000] 00600/01575, Loss=0.00226, gfake=-12.90754 errG=1116.27625
[Epoch:132/2000] 00800/01575, Loss=0.00157, gfake=-5.53563 errG=781.79199
[Epoch:132/2000] 01000/01575, Loss=0.00165, gfake=-10.18777 errG=817.26160
[Epoch:132/2000] 01200/01575, Loss=0.00115, gfake=-3.53290 errG=570.34991
[Epoch:132/2000] 01400/01575, Loss=0.00171, gfake=-13.25754 errG=842.29846
Epoch:132, Derain_Loss=0.00169
This epoch take time 391.06
----------------------------------------------------------------------------------------------------
lr_Derain 0.000200
lr_ED 0.000100
lrD 0.000400
[Epoch:133/2000] 00000/01575, Loss=0.00261, gfake=-10.18769 errG=1296.40356
[Epoch:133/2000] 00200/01575, Loss=0.00152, gfake=-16.34612 errG=743.32715
[Epoch:133/2000] 00400/01575, Loss=0.00143, gfake=-9.63432 errG=708.03326
[Epoch:133/2000] 00600/01575, Loss=0.00260, gfake=-15.78761 errG=1282.65320
[Epoch:133/2000] 00800/01575, Loss=0.00165, gfake=-11.56960 errG=815.61627
[Epoch:133/2000] 01000/01575, Loss=0.00117, gfake=-10.36903 errG=573.21606
[Epoch:133/2000] 01200/01575, Loss=0.00149, gfake=-11.93491 errG=732.82672
[Epoch:133/2000] 01400/01575, Loss=0.00204, gfake=-11.62103 errG=1007.61334
Epoch:133, Derain_Loss=0.00168
This epoch take time 387.16
----------------------------------------------------------------------------------------------------
lr_Derain 0.000200
lr_ED 0.000100
lrD 0.000400
[Epoch:134/2000] 00000/01575, Loss=0.00173, gfake=-8.32542 errG=858.48572
[Epoch:134/2000] 00200/01575, Loss=0.00174, gfake=-6.09783 errG=862.13055
[Epoch:134/2000] 00400/01575, Loss=0.00103, gfake=-8.93468 errG=504.85001
[Epoch:134/2000] 00600/01575, Loss=0.00134, gfake=-12.81735 errG=659.40796
[Epoch:134/2000] 00800/01575, Loss=0.00212, gfake=-10.78608 errG=1050.70752
[Epoch:134/2000] 01000/01575, Loss=0.00194, gfake=-11.64087 errG=956.81158
[Epoch:134/2000] 01200/01575, Loss=0.00163, gfake=-15.82323 errG=800.56061
[Epoch:134/2000] 01400/01575, Loss=0.00258, gfake=-13.14672 errG=1277.51807
Epoch:134, Derain_Loss=0.00171
This epoch take time 389.73
----------------------------------------------------------------------------------------------------
lr_Derain 0.000200
lr_ED 0.000100
lrD 0.000400
[Epoch:135/2000] 00000/01575, Loss=0.00272, gfake=-9.14316 errG=1351.32715
[Epoch:135/2000] 00200/01575, Loss=0.00095, gfake=-8.03483 errG=468.43591
[Epoch:135/2000] 00400/01575, Loss=0.00180, gfake=-7.32634 errG=890.87177
[Epoch:135/2000] 00600/01575, Loss=0.00112, gfake=-2.54337 errG=557.96490
[Epoch:135/2000] 00800/01575, Loss=0.00136, gfake=-3.61759 errG=675.10156
[Epoch:135/2000] 01000/01575, Loss=0.00174, gfake=-10.75492 errG=857.51581
[Epoch:135/2000] 01200/01575, Loss=0.00105, gfake=-9.30169 errG=513.80908
[Epoch:135/2000] 01400/01575, Loss=0.00161, gfake=-8.83644 errG=794.84491
Epoch:135, Derain_Loss=0.00170
This epoch take time 389.61
----------------------------------------------------------------------------------------------------
lr_Derain 0.000200
lr_ED 0.000100
lrD 0.000400
[Epoch:136/2000] 00000/01575, Loss=0.00218, gfake=-10.10609 errG=1080.81738
[Epoch:136/2000] 00200/01575, Loss=0.00240, gfake=-15.18778 errG=1182.60632
[Epoch:136/2000] 00400/01575, Loss=0.00237, gfake=-6.83564 errG=1176.23865
[Epoch:136/2000] 00600/01575, Loss=0.00144, gfake=-8.65066 errG=709.50122
[Epoch:136/2000] 00800/01575, Loss=0.00181, gfake=-13.26299 errG=892.21417
[Epoch:136/2000] 01000/01575, Loss=0.00206, gfake=0.06715 errG=1028.25537
[Epoch:136/2000] 01200/01575, Loss=0.00094, gfake=-8.03750 errG=461.45712
[Epoch:136/2000] 01400/01575, Loss=0.00134, gfake=-9.23436 errG=659.14709
Epoch:136, Derain_Loss=0.00170
This epoch take time 388.42
----------------------------------------------------------------------------------------------------
lr_Derain 0.000200
lr_ED 0.000100
lrD 0.000400
[Epoch:137/2000] 00000/01575, Loss=0.00202, gfake=-17.71240 errG=991.43011
[Epoch:137/2000] 00200/01575, Loss=0.00243, gfake=-8.05034 errG=1209.11316
[Epoch:137/2000] 00400/01575, Loss=0.00164, gfake=-6.53780 errG=814.49780
[Epoch:137/2000] 00600/01575, Loss=0.00206, gfake=-12.66433 errG=1016.04016
[Epoch:137/2000] 00800/01575, Loss=0.00191, gfake=5.00005 errG=961.79211
[Epoch:137/2000] 01000/01575, Loss=0.00138, gfake=-9.67857 errG=678.42365
[Epoch:137/2000] 01200/01575, Loss=0.00261, gfake=-9.55323 errG=1293.26160
[Epoch:137/2000] 01400/01575, Loss=0.00204, gfake=-8.08599 errG=1012.96234
Epoch:137, Derain_Loss=0.00170
This epoch take time 386.90
----------------------------------------------------------------------------------------------------
lr_Derain 0.000200
lr_ED 0.000100
lrD 0.000400
[Epoch:138/2000] 00000/01575, Loss=0.00144, gfake=-5.53101 errG=715.05316
[Epoch:138/2000] 00200/01575, Loss=0.00154, gfake=-5.09193 errG=764.46198
[Epoch:138/2000] 00400/01575, Loss=0.00225, gfake=-9.52577 errG=1114.49500
[Epoch:138/2000] 00600/01575, Loss=0.00113, gfake=-3.22761 errG=563.12085
[Epoch:138/2000] 00800/01575, Loss=0.00152, gfake=-7.08763 errG=754.20978
[Epoch:138/2000] 01000/01575, Loss=0.00169, gfake=-2.03240 errG=841.81030
[Epoch:138/2000] 01200/01575, Loss=0.00271, gfake=-10.43331 errG=1343.34607
[Epoch:138/2000] 01400/01575, Loss=0.00156, gfake=-9.14227 errG=770.37219
Epoch:138, Derain_Loss=0.00169
This epoch take time 391.11
----------------------------------------------------------------------------------------------------
lr_Derain 0.000200
lr_ED 0.000100
lrD 0.000400
[Epoch:139/2000] 00000/01575, Loss=0.00118, gfake=-4.04509 errG=586.43945
[Epoch:139/2000] 00200/01575, Loss=0.00164, gfake=-10.45444 errG=808.45471
[Epoch:139/2000] 00400/01575, Loss=0.00192, gfake=-9.26018 errG=949.47620
[Epoch:139/2000] 00600/01575, Loss=0.00170, gfake=-11.66150 errG=836.44965
[Epoch:139/2000] 00800/01575, Loss=0.00129, gfake=-8.76855 errG=638.53589
[Epoch:139/2000] 01000/01575, Loss=0.00193, gfake=-7.83602 errG=955.63135
[Epoch:139/2000] 01200/01575, Loss=0.00127, gfake=-7.62972 errG=629.40106
[Epoch:139/2000] 01400/01575, Loss=0.00182, gfake=-7.15260 errG=904.10376
Epoch:139, Derain_Loss=0.00170
This epoch take time 389.62
----------------------------------------------------------------------------------------------------
lr_Derain 0.000200
lr_ED 0.000100
lrD 0.000400
[Epoch:140/2000] 00000/01575, Loss=0.00115, gfake=-4.51998 errG=572.36816
[Epoch:140/2000] 00200/01575, Loss=0.00216, gfake=-11.41723 errG=1070.68665
[Epoch:140/2000] 00400/01575, Loss=0.00195, gfake=-5.17953 errG=970.79797
[Epoch:140/2000] 00600/01575, Loss=0.00165, gfake=-8.90636 errG=815.77893
[Epoch:140/2000] 00800/01575, Loss=0.00186, gfake=-7.13776 errG=923.47485
[Epoch:140/2000] 01000/01575, Loss=0.00207, gfake=-2.08169 errG=1033.21130
[Epoch:140/2000] 01200/01575, Loss=0.00228, gfake=-5.08681 errG=1135.81030
[Epoch:140/2000] 01400/01575, Loss=0.00170, gfake=-7.05264 errG=842.24072
Epoch:140, Derain_Loss=0.00171
This epoch take time 415.53
----------------------------------------------------------------------------------------------------
lr_Derain 0.000200
lr_ED 0.000100
lrD 0.000400
[Epoch:141/2000] 00000/01575, Loss=0.00168, gfake=-5.29152 errG=837.22205
[Epoch:141/2000] 00200/01575, Loss=0.00110, gfake=-2.29573 errG=548.35101
[Epoch:141/2000] 00400/01575, Loss=0.00168, gfake=-11.82127 errG=829.58325
[Epoch:141/2000] 00600/01575, Loss=0.00165, gfake=-4.48300 errG=819.34454
[Epoch:141/2000] 00800/01575, Loss=0.00150, gfake=-10.76828 errG=738.09509
[Epoch:141/2000] 01000/01575, Loss=0.00168, gfake=-3.28414 errG=837.83624
[Epoch:141/2000] 01200/01575, Loss=0.00185, gfake=-10.93565 errG=914.49731
[Epoch:141/2000] 01400/01575, Loss=0.00204, gfake=-12.45595 errG=1007.99933
Epoch:141, Derain_Loss=0.00167
This epoch take time 390.71
----------------------------------------------------------------------------------------------------
lr_Derain 0.000200
lr_ED 0.000100
lrD 0.000400
[Epoch:142/2000] 00000/01575, Loss=0.00131, gfake=-8.79754 errG=647.93341
[Epoch:142/2000] 00200/01575, Loss=0.00169, gfake=-6.95757 errG=839.19598
[Epoch:142/2000] 00400/01575, Loss=0.00186, gfake=-9.86014 errG=918.04590
[Epoch:142/2000] 00600/01575, Loss=0.00172, gfake=-13.34128 errG=848.81909
[Epoch:142/2000] 00800/01575, Loss=0.00126, gfake=-4.32380 errG=627.17889
[Epoch:142/2000] 01000/01575, Loss=0.00226, gfake=-0.95756 errG=1130.96655
[Epoch:142/2000] 01200/01575, Loss=0.00165, gfake=-8.58793 errG=818.47028
[Epoch:142/2000] 01400/01575, Loss=0.00217, gfake=-2.63275 errG=1082.97986
Epoch:142, Derain_Loss=0.00170
This epoch take time 393.13
----------------------------------------------------------------------------------------------------
lr_Derain 0.000200
lr_ED 0.000100
lrD 0.000400
[Epoch:143/2000] 00000/01575, Loss=0.00136, gfake=-10.98438 errG=667.61676
[Epoch:143/2000] 00200/01575, Loss=0.00135, gfake=-12.60573 errG=661.39453
[Epoch:143/2000] 00400/01575, Loss=0.00208, gfake=2.25701 errG=1040.59302
[Epoch:143/2000] 00600/01575, Loss=0.00095, gfake=-8.43324 errG=465.59171
[Epoch:143/2000] 00800/01575, Loss=0.00195, gfake=1.34586 errG=976.06329
[Epoch:143/2000] 01000/01575, Loss=0.00238, gfake=-9.03431 errG=1183.68896
[Epoch:143/2000] 01200/01575, Loss=0.00147, gfake=-11.44822 errG=725.56537
[Epoch:143/2000] 01400/01575, Loss=0.00194, gfake=-5.98337 errG=965.03986
Epoch:143, Derain_Loss=0.00169
This epoch take time 390.48
----------------------------------------------------------------------------------------------------
lr_Derain 0.000200
lr_ED 0.000100
lrD 0.000400
[Epoch:144/2000] 00000/01575, Loss=0.00190, gfake=-6.30235 errG=943.96893
[Epoch:144/2000] 00200/01575, Loss=0.00123, gfake=-9.70447 errG=607.74548
[Epoch:144/2000] 00400/01575, Loss=0.00336, gfake=-13.70104 errG=1666.26331
[Epoch:144/2000] 00600/01575, Loss=0.00208, gfake=-10.96434 errG=1029.12488
[Epoch:144/2000] 00800/01575, Loss=0.00151, gfake=-7.59896 errG=745.99744
[Epoch:144/2000] 01000/01575, Loss=0.00129, gfake=-6.20263 errG=636.80499
[Epoch:144/2000] 01200/01575, Loss=0.00190, gfake=-8.53670 errG=944.17603
[Epoch:144/2000] 01400/01575, Loss=0.00072, gfake=-8.61479 errG=353.10098
Epoch:144, Derain_Loss=0.00163
This epoch take time 417.86
----------------------------------------------------------------------------------------------------
lr_Derain 0.000200
lr_ED 0.000100
lrD 0.000400
[Epoch:145/2000] 00000/01575, Loss=0.00098, gfake=0.03767 errG=491.84409
[Epoch:145/2000] 00200/01575, Loss=0.00184, gfake=-6.87202 errG=912.65759
[Epoch:145/2000] 00400/01575, Loss=0.00128, gfake=0.64811 errG=640.82220
[Epoch:145/2000] 00600/01575, Loss=0.00177, gfake=-2.50904 errG=882.59589
[Epoch:145/2000] 00800/01575, Loss=0.00139, gfake=-8.34902 errG=685.08936
[Epoch:145/2000] 01000/01575, Loss=0.00143, gfake=-6.39638 errG=710.54016
[Epoch:145/2000] 01200/01575, Loss=0.00158, gfake=-3.33571 errG=787.56396
[Epoch:145/2000] 01400/01575, Loss=0.00195, gfake=-1.93691 errG=971.82654
Epoch:145, Derain_Loss=0.00166
This epoch take time 393.51
----------------------------------------------------------------------------------------------------
lr_Derain 0.000200
lr_ED 0.000100
lrD 0.000400
[Epoch:146/2000] 00000/01575, Loss=0.00154, gfake=-6.41285 errG=762.27661
[Epoch:146/2000] 00200/01575, Loss=0.00103, gfake=-2.25894 errG=513.54651
[Epoch:146/2000] 00400/01575, Loss=0.00173, gfake=-6.34310 errG=858.25653
[Epoch:146/2000] 00600/01575, Loss=0.00106, gfake=-2.24393 errG=530.12219
[Epoch:146/2000] 00800/01575, Loss=0.00089, gfake=8.51882 errG=455.82892
[Epoch:146/2000] 01000/01575, Loss=0.00189, gfake=-8.25980 errG=934.53198
[Epoch:146/2000] 01200/01575, Loss=0.00176, gfake=-7.44740 errG=870.95062
[Epoch:146/2000] 01400/01575, Loss=0.00132, gfake=-10.93480 errG=650.13904
Epoch:146, Derain_Loss=0.00164
This epoch take time 387.99
----------------------------------------------------------------------------------------------------
lr_Derain 0.000200
lr_ED 0.000100
lrD 0.000400
[Epoch:147/2000] 00000/01575, Loss=0.00220, gfake=-9.52872 errG=1090.61401
[Epoch:147/2000] 00200/01575, Loss=0.00145, gfake=2.43506 errG=727.50281
[Epoch:147/2000] 00400/01575, Loss=0.00196, gfake=-9.81048 errG=968.58929
[Epoch:147/2000] 00600/01575, Loss=0.00131, gfake=-4.32262 errG=653.37866
[Epoch:147/2000] 00800/01575, Loss=0.00148, gfake=-7.63287 errG=732.73761
[Epoch:147/2000] 01000/01575, Loss=0.00182, gfake=-7.88428 errG=901.06976
[Epoch:147/2000] 01200/01575, Loss=0.00329, gfake=-7.91330 errG=1636.42664
[Epoch:147/2000] 01400/01575, Loss=0.00328, gfake=-5.72636 errG=1634.13733
Epoch:147, Derain_Loss=0.00167
This epoch take time 389.78
----------------------------------------------------------------------------------------------------
lr_Derain 0.000200
lr_ED 0.000100
lrD 0.000400
[Epoch:148/2000] 00000/01575, Loss=0.00185, gfake=-0.33836 errG=922.44061
[Epoch:148/2000] 00200/01575, Loss=0.00223, gfake=-6.52745 errG=1106.40479
[Epoch:148/2000] 00400/01575, Loss=0.00164, gfake=-10.19668 errG=811.25659
[Epoch:148/2000] 00600/01575, Loss=0.00105, gfake=-3.00138 errG=522.04572
[Epoch:148/2000] 00800/01575, Loss=0.00192, gfake=1.73115 errG=962.11713
[Epoch:148/2000] 01000/01575, Loss=0.00142, gfake=-4.96400 errG=707.65149
[Epoch:148/2000] 01200/01575, Loss=0.00134, gfake=-6.32666 errG=666.36200
[Epoch:148/2000] 01400/01575, Loss=0.00163, gfake=-2.16772 errG=811.27631
Epoch:148, Derain_Loss=0.00167
This epoch take time 413.87
----------------------------------------------------------------------------------------------------
lr_Derain 0.000200
lr_ED 0.000100
lrD 0.000400
[Epoch:149/2000] 00000/01575, Loss=0.00158, gfake=-0.44738 errG=788.85089
[Epoch:149/2000] 00200/01575, Loss=0.00098, gfake=-0.65998 errG=491.95197
[Epoch:149/2000] 00400/01575, Loss=0.00149, gfake=-1.71251 errG=744.85834
[Epoch:149/2000] 00600/01575, Loss=0.00205, gfake=-10.19289 errG=1016.24005
[Epoch:149/2000] 00800/01575, Loss=0.00157, gfake=-9.35081 errG=778.10645
[Epoch:149/2000] 01000/01575, Loss=0.00209, gfake=-9.75861 errG=1035.22070
[Epoch:149/2000] 01200/01575, Loss=0.00114, gfake=-2.34807 errG=568.27271
[Epoch:149/2000] 01400/01575, Loss=0.00198, gfake=-5.74784 errG=986.53204
Epoch:149, Derain_Loss=0.00168
This epoch take time 392.55
----------------------------------------------------------------------------------------------------
lr_Derain 0.000200
lr_ED 0.000100
lrD 0.000400
[Epoch:150/2000] 00000/01575, Loss=0.00161, gfake=-3.36941 errG=803.67535
[Epoch:150/2000] 00200/01575, Loss=0.00235, gfake=-5.42856 errG=1168.64636
[Epoch:150/2000] 00400/01575, Loss=0.00165, gfake=2.32302 errG=825.41516
[Epoch:150/2000] 00600/01575, Loss=0.00131, gfake=-11.75591 errG=641.11871
[Epoch:150/2000] 00800/01575, Loss=0.00164, gfake=-7.79036 errG=811.12836
[Epoch:150/2000] 01000/01575, Loss=0.00163, gfake=-2.25789 errG=814.66223
[Epoch:150/2000] 01200/01575, Loss=0.00182, gfake=-2.01711 errG=909.29510
[Epoch:150/2000] 01400/01575, Loss=0.00102, gfake=-0.45282 errG=511.60315
Epoch:150, Derain_Loss=0.00165
This epoch take time 421.54
----------------------------------------------------------------------------------------------------
lr_Derain 0.000200
lr_ED 0.000100
lrD 0.000400
[Epoch:151/2000] 00000/01575, Loss=0.00111, gfake=-2.99012 errG=553.24884
[Epoch:151/2000] 00200/01575, Loss=0.00243, gfake=1.61069 errG=1215.91516
[Epoch:151/2000] 00400/01575, Loss=0.00252, gfake=3.66990 errG=1264.64636
[Epoch:151/2000] 00600/01575, Loss=0.00151, gfake=-4.84640 errG=748.20569
[Epoch:151/2000] 00800/01575, Loss=0.00169, gfake=-4.47410 errG=841.98395
[Epoch:151/2000] 01000/01575, Loss=0.00231, gfake=-3.55792 errG=1151.72632
[Epoch:151/2000] 01200/01575, Loss=0.00156, gfake=-4.62251 errG=777.81073
[Epoch:151/2000] 01400/01575, Loss=0.00094, gfake=-5.64394 errG=465.76648
Epoch:151, Derain_Loss=0.00165
This epoch take time 430.54
----------------------------------------------------------------------------------------------------
lr_Derain 0.000200
lr_ED 0.000100
lrD 0.000400
[Epoch:152/2000] 00000/01575, Loss=0.00139, gfake=-8.07713 errG=689.34717
[Epoch:152/2000] 00200/01575, Loss=0.00108, gfake=-3.09165 errG=538.27679
[Epoch:152/2000] 00400/01575, Loss=0.00199, gfake=-7.14285 errG=988.52319
[Epoch:152/2000] 00600/01575, Loss=0.00193, gfake=-7.02123 errG=957.09790
[Epoch:152/2000] 00800/01575, Loss=0.00125, gfake=5.26419 errG=630.43591
[Epoch:152/2000] 01000/01575, Loss=0.00162, gfake=-8.51559 errG=802.22424
[Epoch:152/2000] 01200/01575, Loss=0.00251, gfake=-2.64577 errG=1254.71606
[Epoch:152/2000] 01400/01575, Loss=0.00300, gfake=-6.17304 errG=1495.56812
Epoch:152, Derain_Loss=0.00165
This epoch take time 421.05
----------------------------------------------------------------------------------------------------
lr_Derain 0.000200
lr_ED 0.000100
lrD 0.000400
[Epoch:153/2000] 00000/01575, Loss=0.00072, gfake=-2.27699 errG=357.23776
[Epoch:153/2000] 00200/01575, Loss=0.00189, gfake=-3.40567 errG=941.68341
[Epoch:153/2000] 00400/01575, Loss=0.00232, gfake=-6.57928 errG=1155.50037
[Epoch:153/2000] 00600/01575, Loss=0.00176, gfake=-5.94262 errG=872.60199
[Epoch:153/2000] 00800/01575, Loss=0.00159, gfake=-6.02382 errG=787.35016
[Epoch:153/2000] 01000/01575, Loss=0.00198, gfake=-5.25439 errG=986.71906
[Epoch:153/2000] 01200/01575, Loss=0.00192, gfake=-2.68691 errG=957.85840
[Epoch:153/2000] 01400/01575, Loss=0.00286, gfake=-5.66906 errG=1423.17517
Epoch:153, Derain_Loss=0.00168
This epoch take time 421.11
----------------------------------------------------------------------------------------------------
lr_Derain 0.000200
lr_ED 0.000100
lrD 0.000400
