Random Seed:  94
lr_Derain 0.000200
lr_ED 0.000100
lrD 0.000400
[Epoch: 1/2000] 00000/01575, Loss=0.01075, gfake=-1.00848,errG=516577.31250,style_loss=0.06444
[Epoch: 1/2000] 00200/01575, Loss=0.02709, gfake=26.27301,errG=13758.87109,style_loss=0.03473
[Epoch: 1/2000] 00400/01575, Loss=0.00447, gfake=-55.92736,errG=2605.78906,style_loss=0.05892
[Epoch: 1/2000] 00600/01575, Loss=0.00531, gfake=-38.27700,errG=2891.58643,style_loss=0.03385
[Epoch: 1/2000] 00800/01575, Loss=0.00637, gfake=-56.57724,errG=3451.21045,style_loss=0.04873
[Epoch: 1/2000] 01000/01575, Loss=0.00918, gfake=70.95355,errG=4957.52979,style_loss=0.09064
[Epoch: 1/2000] 01200/01575, Loss=0.00447, gfake=-80.33188,errG=2397.92480,style_loss=0.04475
[Epoch: 1/2000] 01400/01575, Loss=0.00478, gfake=50.29147,errG=2636.96948,style_loss=0.02856
Epoch: 1, Derain_Loss=0.00825
This epoch take time 440.70
----------------------------------------------------------------------------------------------------
lr_Derain 0.000200
lr_ED 0.000100
lrD 0.000400
[Epoch: 2/2000] 00000/01575, Loss=0.00410, gfake=-93.94069,errG=2118.45898,style_loss=0.04445
[Epoch: 2/2000] 00200/01575, Loss=0.00547, gfake=70.88683,errG=2968.79028,style_loss=0.03484
[Epoch: 2/2000] 00400/01575, Loss=0.00322, gfake=-83.08449,errG=1653.61694,style_loss=0.03538
[Epoch: 2/2000] 00600/01575, Loss=0.00257, gfake=68.61909,errG=1543.17175,style_loss=0.03809
[Epoch: 2/2000] 00800/01575, Loss=0.00355, gfake=-110.11930,errG=1821.44873,style_loss=0.03424
[Epoch: 2/2000] 01000/01575, Loss=0.01232, gfake=-2.23384,errG=6289.25293,style_loss=0.03019
[Epoch: 2/2000] 01200/01575, Loss=0.00495, gfake=83.47021,errG=2654.45410,style_loss=0.05895
[Epoch: 2/2000] 01400/01575, Loss=0.00427, gfake=-53.22712,errG=2164.02881,style_loss=0.04338
Epoch: 2, Derain_Loss=0.00555
This epoch take time 435.54
----------------------------------------------------------------------------------------------------
lr_Derain 0.000200
lr_ED 0.000100
lrD 0.000400
[Epoch: 3/2000] 00000/01575, Loss=0.00817, gfake=23.02469,errG=4185.39746,style_loss=0.09464
[Epoch: 3/2000] 00200/01575, Loss=0.00752, gfake=-32.13283,errG=3842.52905,style_loss=0.04646
[Epoch: 3/2000] 00400/01575, Loss=0.00341, gfake=-107.42169,errG=1712.94519,style_loss=0.03933
[Epoch: 3/2000] 00600/01575, Loss=0.00467, gfake=106.97795,errG=2502.06543,style_loss=0.06338
[Epoch: 3/2000] 00800/01575, Loss=0.00448, gfake=-63.05622,errG=2284.81128,style_loss=0.06421
[Epoch: 3/2000] 01000/01575, Loss=0.00998, gfake=-97.98062,errG=4974.29492,style_loss=0.04352
[Epoch: 3/2000] 01200/01575, Loss=0.00681, gfake=-79.22070,errG=3398.15283,style_loss=0.04147
[Epoch: 3/2000] 01400/01575, Loss=0.00974, gfake=69.00262,errG=5061.43945,style_loss=0.04402
Epoch: 3, Derain_Loss=0.00543
This epoch take time 436.29
----------------------------------------------------------------------------------------------------
lr_Derain 0.000200
lr_ED 0.000100
lrD 0.000400
[Epoch: 4/2000] 00000/01575, Loss=0.00407, gfake=-72.91927,errG=2030.89209,style_loss=0.03694
[Epoch: 4/2000] 00200/01575, Loss=0.00454, gfake=158.89352,errG=2478.85742,style_loss=0.08855
[Epoch: 4/2000] 00400/01575, Loss=0.00586, gfake=-69.84430,errG=2935.93481,style_loss=0.03179
[Epoch: 4/2000] 00600/01575, Loss=0.00487, gfake=145.69516,errG=2634.42261,style_loss=0.04000
[Epoch: 4/2000] 00800/01575, Loss=0.00684, gfake=-60.48122,errG=3533.91724,style_loss=0.04240
[Epoch: 4/2000] 01000/01575, Loss=0.00588, gfake=-67.78192,errG=2998.65576,style_loss=0.03836
[Epoch: 4/2000] 01200/01575, Loss=0.00523, gfake=113.43316,errG=2806.30811,style_loss=0.03557
[Epoch: 4/2000] 01400/01575, Loss=0.00421, gfake=-27.25331,errG=2148.58081,style_loss=0.03315
Epoch: 4, Derain_Loss=0.00537
This epoch take time 435.94
----------------------------------------------------------------------------------------------------
lr_Derain 0.000200
lr_ED 0.000100
lrD 0.000400
[Epoch: 5/2000] 00000/01575, Loss=0.00558, gfake=11.51207,errG=2845.11108,style_loss=0.04391
[Epoch: 5/2000] 00200/01575, Loss=0.00295, gfake=47.98897,errG=1578.47131,style_loss=0.03588
[Epoch: 5/2000] 00400/01575, Loss=0.00409, gfake=143.81253,errG=2227.50000,style_loss=0.03193
[Epoch: 5/2000] 00600/01575, Loss=0.00663, gfake=70.37666,errG=3444.41016,style_loss=0.03225
[Epoch: 5/2000] 00800/01575, Loss=0.00520, gfake=171.56477,errG=2838.12085,style_loss=0.06407
[Epoch: 5/2000] 01000/01575, Loss=0.00491, gfake=56.56134,errG=2561.57983,style_loss=0.03092
[Epoch: 5/2000] 01200/01575, Loss=0.00359, gfake=6.60394,errG=1848.94666,style_loss=0.03969
[Epoch: 5/2000] 01400/01575, Loss=0.00587, gfake=10.59356,errG=3005.03687,style_loss=0.03590
Epoch: 5, Derain_Loss=0.00500
This epoch take time 437.55
----------------------------------------------------------------------------------------------------
lr_Derain 0.000200
lr_ED 0.000100
lrD 0.000400
[Epoch: 6/2000] 00000/01575, Loss=0.00598, gfake=-92.08056,errG=2951.93628,style_loss=0.03613
[Epoch: 6/2000] 00200/01575, Loss=0.00346, gfake=230.20206,errG=1996.57886,style_loss=0.03080
[Epoch: 6/2000] 00400/01575, Loss=0.00313, gfake=44.50420,errG=1639.08057,style_loss=0.03269
[Epoch: 6/2000] 00600/01575, Loss=0.00503, gfake=181.47527,errG=2723.89307,style_loss=0.03732
[Epoch: 6/2000] 00800/01575, Loss=0.00454, gfake=113.94214,errG=2403.70117,style_loss=0.03096
[Epoch: 6/2000] 01000/01575, Loss=0.00378, gfake=74.45380,errG=2003.51416,style_loss=0.02717
[Epoch: 6/2000] 01200/01575, Loss=0.00646, gfake=81.53217,errG=3364.04102,style_loss=0.04112
[Epoch: 6/2000] 01400/01575, Loss=0.00420, gfake=29.60361,errG=2200.19971,style_loss=0.03711
Epoch: 6, Derain_Loss=0.00466
This epoch take time 436.57
----------------------------------------------------------------------------------------------------
lr_Derain 0.000200
lr_ED 0.000100
lrD 0.000400
[Epoch: 7/2000] 00000/01575, Loss=0.00481, gfake=51.42206,errG=2497.90503,style_loss=0.03067
[Epoch: 7/2000] 00200/01575, Loss=0.00475, gfake=155.86435,errG=2593.43018,style_loss=0.02791
[Epoch: 7/2000] 00400/01575, Loss=0.00527, gfake=2.81041,errG=2684.11841,style_loss=0.02951
[Epoch: 7/2000] 00600/01575, Loss=0.00419, gfake=-66.26395,errG=2061.38916,style_loss=0.03057
[Epoch: 7/2000] 00800/01575, Loss=0.00457, gfake=-136.48816,errG=2213.55713,style_loss=0.03124
[Epoch: 7/2000] 01000/01575, Loss=0.00249, gfake=264.99170,errG=1562.69116,style_loss=0.07252
[Epoch: 7/2000] 01200/01575, Loss=0.00361, gfake=-32.79991,errG=1817.12000,style_loss=0.03465
[Epoch: 7/2000] 01400/01575, Loss=0.00356, gfake=-61.68531,errG=1739.39441,style_loss=0.04138
Epoch: 7, Derain_Loss=0.00428
This epoch take time 436.90
----------------------------------------------------------------------------------------------------
lr_Derain 0.000200
lr_ED 0.000100
lrD 0.000400
[Epoch: 8/2000] 00000/01575, Loss=0.00438, gfake=-24.43902,errG=2201.93530,style_loss=0.02358
[Epoch: 8/2000] 00200/01575, Loss=0.00415, gfake=77.60635,errG=2207.10425,style_loss=0.03106
[Epoch: 8/2000] 00400/01575, Loss=0.00298, gfake=126.66801,errG=1651.91699,style_loss=0.03076
[Epoch: 8/2000] 00600/01575, Loss=0.00313, gfake=-58.23590,errG=1539.11755,style_loss=0.03522
[Epoch: 8/2000] 00800/01575, Loss=0.00367, gfake=16.25199,errG=1885.26953,style_loss=0.02938
[Epoch: 8/2000] 01000/01575, Loss=0.00271, gfake=164.30850,errG=1558.73792,style_loss=0.04708
[Epoch: 8/2000] 01200/01575, Loss=0.00475, gfake=34.40607,errG=2420.44312,style_loss=0.03183
[Epoch: 8/2000] 01400/01575, Loss=0.00434, gfake=205.07744,errG=2429.01538,style_loss=0.03129
Epoch: 8, Derain_Loss=0.00412
This epoch take time 435.35
----------------------------------------------------------------------------------------------------
lr_Derain 0.000200
lr_ED 0.000100
lrD 0.000400
[Epoch: 9/2000] 00000/01575, Loss=0.00344, gfake=134.88760,errG=1947.73694,style_loss=0.04246
[Epoch: 9/2000] 00200/01575, Loss=0.00435, gfake=10.74638,errG=2207.53540,style_loss=0.08028
[Epoch: 9/2000] 00400/01575, Loss=0.00270, gfake=84.05302,errG=1482.16541,style_loss=0.03933
[Epoch: 9/2000] 00600/01575, Loss=0.00470, gfake=166.54192,errG=2554.04468,style_loss=0.05049
[Epoch: 9/2000] 00800/01575, Loss=0.00288, gfake=95.65775,errG=1553.37830,style_loss=0.03020
[Epoch: 9/2000] 01000/01575, Loss=0.00371, gfake=-29.67289,errG=1850.72156,style_loss=0.06738
[Epoch: 9/2000] 01200/01575, Loss=0.00351, gfake=-129.46796,errG=1666.49023,style_loss=0.03646
[Epoch: 9/2000] 01400/01575, Loss=0.00398, gfake=-36.74323,errG=1965.69666,style_loss=0.02754
Epoch: 9, Derain_Loss=0.00400
This epoch take time 437.25
----------------------------------------------------------------------------------------------------
lr_Derain 0.000200
lr_ED 0.000100
lrD 0.000400
[Epoch:10/2000] 00000/01575, Loss=0.00430, gfake=-20.81552,errG=2156.87598,style_loss=0.04483
[Epoch:10/2000] 00200/01575, Loss=0.00422, gfake=-40.25144,errG=2091.41821,style_loss=0.04173
[Epoch:10/2000] 00400/01575, Loss=0.00411, gfake=-26.99888,errG=2045.82263,style_loss=0.03521
[Epoch:10/2000] 00600/01575, Loss=0.00330, gfake=0.34423,errG=1718.49512,style_loss=0.03066
[Epoch:10/2000] 00800/01575, Loss=0.00387, gfake=8.47655,errG=1961.88171,style_loss=0.03150
[Epoch:10/2000] 01000/01575, Loss=0.00346, gfake=28.39558,errG=1775.34473,style_loss=0.02785
[Epoch:10/2000] 01200/01575, Loss=0.00379, gfake=29.26085,errG=1953.06116,style_loss=0.02947
[Epoch:10/2000] 01400/01575, Loss=0.00544, gfake=24.87226,errG=2761.28442,style_loss=0.02949
Epoch:10, Derain_Loss=0.00377
This epoch take time 438.71
----------------------------------------------------------------------------------------------------
lr_Derain 0.000200
lr_ED 0.000100
lrD 0.000400
[Epoch:11/2000] 00000/01575, Loss=0.00440, gfake=25.90114,errG=2243.79126,style_loss=0.03312
[Epoch:11/2000] 00200/01575, Loss=0.00383, gfake=50.13785,errG=1994.74634,style_loss=0.03285
[Epoch:11/2000] 00400/01575, Loss=0.00566, gfake=36.33025,errG=2884.18408,style_loss=0.03074
[Epoch:11/2000] 00600/01575, Loss=0.00505, gfake=51.44940,errG=2589.28516,style_loss=0.03012
[Epoch:11/2000] 00800/01575, Loss=0.00455, gfake=44.14049,errG=2363.48657,style_loss=0.03084
[Epoch:11/2000] 01000/01575, Loss=0.00332, gfake=46.79285,errG=1730.81641,style_loss=0.03225
[Epoch:11/2000] 01200/01575, Loss=0.00324, gfake=47.32890,errG=1692.54443,style_loss=0.02971
[Epoch:11/2000] 01400/01575, Loss=0.00287, gfake=45.37914,errG=1494.80676,style_loss=0.02706
Epoch:11, Derain_Loss=0.00379
This epoch take time 437.93
----------------------------------------------------------------------------------------------------
lr_Derain 0.000200
lr_ED 0.000100
lrD 0.000400
[Epoch:12/2000] 00000/01575, Loss=0.00223, gfake=56.64279,errG=1209.23804,style_loss=0.03429
[Epoch:12/2000] 00200/01575, Loss=0.00686, gfake=38.28215,errG=3506.34985,style_loss=0.03423
[Epoch:12/2000] 00400/01575, Loss=0.00243, gfake=60.30260,errG=1304.21704,style_loss=0.03202
[Epoch:12/2000] 00600/01575, Loss=0.00453, gfake=57.44402,errG=2349.69897,style_loss=0.03248
[Epoch:12/2000] 00800/01575, Loss=0.00357, gfake=56.16344,errG=1858.14795,style_loss=0.02783
[Epoch:12/2000] 01000/01575, Loss=0.00332, gfake=63.66217,errG=1738.74341,style_loss=0.03489
[Epoch:12/2000] 01200/01575, Loss=0.00314, gfake=53.05032,errG=1634.13660,style_loss=0.03574
[Epoch:12/2000] 01400/01575, Loss=0.00307, gfake=60.97099,errG=1609.95068,style_loss=0.03392
Epoch:12, Derain_Loss=0.00363
This epoch take time 437.95
----------------------------------------------------------------------------------------------------
lr_Derain 0.000200
lr_ED 0.000100
lrD 0.000400
[Epoch:13/2000] 00000/01575, Loss=0.00320, gfake=59.93157,errG=1695.18127,style_loss=0.03601
[Epoch:13/2000] 00200/01575, Loss=0.00278, gfake=42.96241,errG=1447.94043,style_loss=0.03496
[Epoch:13/2000] 00400/01575, Loss=0.00456, gfake=36.73560,errG=2393.35596,style_loss=0.03795
[Epoch:13/2000] 00600/01575, Loss=0.00185, gfake=46.68584,errG=988.53552,style_loss=0.03009
[Epoch:13/2000] 00800/01575, Loss=0.00169, gfake=55.28355,errG=918.96106,style_loss=0.02771
[Epoch:13/2000] 01000/01575, Loss=0.00317, gfake=47.89833,errG=1685.51282,style_loss=0.04731
[Epoch:13/2000] 01200/01575, Loss=0.00348, gfake=48.21143,errG=1813.81824,style_loss=0.03181
[Epoch:13/2000] 01400/01575, Loss=0.00249, gfake=32.27044,errG=1291.14905,style_loss=0.03169
Epoch:13, Derain_Loss=0.00358
This epoch take time 434.60
----------------------------------------------------------------------------------------------------
lr_Derain 0.000200
lr_ED 0.000100
lrD 0.000400
[Epoch:14/2000] 00000/01575, Loss=0.00358, gfake=69.73255,errG=1871.26978,style_loss=0.03608
[Epoch:14/2000] 00200/01575, Loss=0.00294, gfake=50.83289,errG=1540.06445,style_loss=0.03082
[Epoch:14/2000] 00400/01575, Loss=0.00159, gfake=64.86295,errG=932.01160,style_loss=0.02814
[Epoch:14/2000] 00600/01575, Loss=0.00682, gfake=46.06647,errG=3515.32617,style_loss=0.03265
[Epoch:14/2000] 00800/01575, Loss=0.00234, gfake=53.99618,errG=1245.85791,style_loss=0.03495
[Epoch:14/2000] 01000/01575, Loss=0.00414, gfake=37.88331,errG=2131.48120,style_loss=0.03046
[Epoch:14/2000] 01200/01575, Loss=0.00368, gfake=56.02497,errG=1902.82947,style_loss=0.03531
[Epoch:14/2000] 01400/01575, Loss=0.00353, gfake=58.73599,errG=1834.95691,style_loss=0.02976
Epoch:14, Derain_Loss=0.00345
This epoch take time 436.97
----------------------------------------------------------------------------------------------------
lr_Derain 0.000200
lr_ED 0.000100
lrD 0.000400
[Epoch:15/2000] 00000/01575, Loss=0.00300, gfake=54.79132,errG=1566.60999,style_loss=0.03328
[Epoch:15/2000] 00200/01575, Loss=0.00393, gfake=54.30420,errG=2048.39331,style_loss=0.03180
[Epoch:15/2000] 00400/01575, Loss=0.00622, gfake=59.11545,errG=3182.52417,style_loss=0.03932
[Epoch:15/2000] 00600/01575, Loss=0.00238, gfake=84.45875,errG=1289.50671,style_loss=0.03521
[Epoch:15/2000] 00800/01575, Loss=0.00336, gfake=64.55170,errG=1752.19092,style_loss=0.02847
[Epoch:15/2000] 01000/01575, Loss=0.00352, gfake=59.44479,errG=1876.26965,style_loss=0.03215
[Epoch:15/2000] 01200/01575, Loss=0.00541, gfake=63.60593,errG=2820.66846,style_loss=0.03537
[Epoch:15/2000] 01400/01575, Loss=0.00206, gfake=50.05412,errG=1108.46655,style_loss=0.03516
Epoch:15, Derain_Loss=0.00345
This epoch take time 436.37
----------------------------------------------------------------------------------------------------
lr_Derain 0.000200
lr_ED 0.000100
lrD 0.000400
[Epoch:16/2000] 00000/01575, Loss=0.00210, gfake=65.02357,errG=1127.22888,style_loss=0.02829
[Epoch:16/2000] 00200/01575, Loss=0.00301, gfake=62.59102,errG=1596.66138,style_loss=0.04022
[Epoch:16/2000] 00400/01575, Loss=0.00317, gfake=55.38779,errG=1651.53601,style_loss=0.02996
[Epoch:16/2000] 00600/01575, Loss=0.00318, gfake=53.68246,errG=1666.33057,style_loss=0.03343
[Epoch:16/2000] 00800/01575, Loss=0.00352, gfake=65.19759,errG=1844.32849,style_loss=0.03969
[Epoch:16/2000] 01000/01575, Loss=0.00253, gfake=51.97823,errG=1328.01782,style_loss=0.03676
[Epoch:16/2000] 01200/01575, Loss=0.00370, gfake=56.52170,errG=1969.72864,style_loss=0.02947
[Epoch:16/2000] 01400/01575, Loss=0.00262, gfake=31.84204,errG=1354.92004,style_loss=0.02785
Epoch:16, Derain_Loss=0.00339
This epoch take time 437.34
----------------------------------------------------------------------------------------------------
lr_Derain 0.000200
lr_ED 0.000100
lrD 0.000400
[Epoch:17/2000] 00000/01575, Loss=0.00293, gfake=53.33653,errG=1553.17493,style_loss=0.03681
[Epoch:17/2000] 00200/01575, Loss=0.00323, gfake=45.78972,errG=1695.67224,style_loss=0.02694
[Epoch:17/2000] 00400/01575, Loss=0.00341, gfake=42.70431,errG=1755.20117,style_loss=0.03385
[Epoch:17/2000] 00600/01575, Loss=0.00302, gfake=44.38719,errG=1569.49951,style_loss=0.03195
[Epoch:17/2000] 00800/01575, Loss=0.00242, gfake=55.24986,errG=1279.58276,style_loss=0.03370
[Epoch:17/2000] 01000/01575, Loss=0.00286, gfake=59.21243,errG=1504.10156,style_loss=0.05050
[Epoch:17/2000] 01200/01575, Loss=0.00315, gfake=31.24173,errG=1630.31372,style_loss=0.02830
[Epoch:17/2000] 01400/01575, Loss=0.00349, gfake=39.91771,errG=1795.41357,style_loss=0.03286
Epoch:17, Derain_Loss=0.00318
This epoch take time 435.56
----------------------------------------------------------------------------------------------------
lr_Derain 0.000200
lr_ED 0.000100
lrD 0.000400
[Epoch:18/2000] 00000/01575, Loss=0.00306, gfake=50.18371,errG=1585.34216,style_loss=0.03238
[Epoch:18/2000] 00200/01575, Loss=0.00287, gfake=49.41595,errG=1493.12659,style_loss=0.03221
[Epoch:18/2000] 00400/01575, Loss=0.00249, gfake=52.48069,errG=1310.31458,style_loss=0.03985
[Epoch:18/2000] 00600/01575, Loss=0.00649, gfake=49.67123,errG=3310.82861,style_loss=0.03233
[Epoch:18/2000] 00800/01575, Loss=0.00383, gfake=41.33244,errG=1962.75488,style_loss=0.03733
[Epoch:18/2000] 01000/01575, Loss=0.00230, gfake=50.93266,errG=1214.93188,style_loss=0.03469
[Epoch:18/2000] 01200/01575, Loss=0.00377, gfake=49.49102,errG=1939.43091,style_loss=0.03476
[Epoch:18/2000] 01400/01575, Loss=0.00292, gfake=44.04993,errG=1523.19763,style_loss=0.02797
Epoch:18, Derain_Loss=0.00313
This epoch take time 438.39
----------------------------------------------------------------------------------------------------
lr_Derain 0.000200
lr_ED 0.000100
lrD 0.000400
[Epoch:19/2000] 00000/01575, Loss=0.00286, gfake=50.21239,errG=1491.67334,style_loss=0.03257
[Epoch:19/2000] 00200/01575, Loss=0.00247, gfake=40.35792,errG=1282.31018,style_loss=0.02736
[Epoch:19/2000] 00400/01575, Loss=0.00220, gfake=52.87283,errG=1160.80688,style_loss=0.03811
[Epoch:19/2000] 00600/01575, Loss=0.00381, gfake=36.86477,errG=1973.07373,style_loss=0.03252
[Epoch:19/2000] 00800/01575, Loss=0.00236, gfake=48.59468,errG=1242.77234,style_loss=0.03244
[Epoch:19/2000] 01000/01575, Loss=0.00288, gfake=42.92760,errG=1494.64258,style_loss=0.03814
[Epoch:19/2000] 01200/01575, Loss=0.00221, gfake=46.46068,errG=1164.58911,style_loss=0.03255
[Epoch:19/2000] 01400/01575, Loss=0.00226, gfake=50.48740,errG=1196.08154,style_loss=0.02589
Epoch:19, Derain_Loss=0.00311
This epoch take time 438.45
----------------------------------------------------------------------------------------------------
lr_Derain 0.000200
lr_ED 0.000100
lrD 0.000400
[Epoch:20/2000] 00000/01575, Loss=0.00246, gfake=49.30394,errG=1298.59424,style_loss=0.03070
[Epoch:20/2000] 00200/01575, Loss=0.00190, gfake=48.87810,errG=1014.47736,style_loss=0.03049
[Epoch:20/2000] 00400/01575, Loss=0.00518, gfake=47.69421,errG=2654.95190,style_loss=0.03651
[Epoch:20/2000] 00600/01575, Loss=0.00190, gfake=57.52892,errG=1019.00372,style_loss=0.03451
[Epoch:20/2000] 00800/01575, Loss=0.00274, gfake=53.42954,errG=1431.97229,style_loss=0.03113
[Epoch:20/2000] 01000/01575, Loss=0.00331, gfake=43.87685,errG=1704.61987,style_loss=0.03179
[Epoch:20/2000] 01200/01575, Loss=0.00260, gfake=47.35413,errG=1354.12634,style_loss=0.02986
[Epoch:20/2000] 01400/01575, Loss=0.00338, gfake=44.62751,errG=1743.40503,style_loss=0.03021
Epoch:20, Derain_Loss=0.00297
This epoch take time 435.31
----------------------------------------------------------------------------------------------------
lr_Derain 0.000200
lr_ED 0.000100
lrD 0.000400
[Epoch:21/2000] 00000/01575, Loss=0.00395, gfake=50.33597,errG=2037.77979,style_loss=0.02825
[Epoch:21/2000] 00200/01575, Loss=0.00462, gfake=45.75517,errG=2360.06201,style_loss=0.02738
[Epoch:21/2000] 00400/01575, Loss=0.00189, gfake=49.78305,errG=1012.68347,style_loss=0.02987
[Epoch:21/2000] 00600/01575, Loss=0.00216, gfake=46.53302,errG=1132.47351,style_loss=0.02825
[Epoch:21/2000] 00800/01575, Loss=0.00238, gfake=48.68098,errG=1252.45862,style_loss=0.03386
[Epoch:21/2000] 01000/01575, Loss=0.00274, gfake=49.88653,errG=1432.34741,style_loss=0.03238
[Epoch:21/2000] 01200/01575, Loss=0.00369, gfake=43.62511,errG=1895.02600,style_loss=0.03261
[Epoch:21/2000] 01400/01575, Loss=0.00491, gfake=52.99570,errG=2509.40015,style_loss=0.03227
Epoch:21, Derain_Loss=0.00300
This epoch take time 437.94
----------------------------------------------------------------------------------------------------
lr_Derain 0.000200
lr_ED 0.000100
lrD 0.000400
[Epoch:22/2000] 00000/01575, Loss=0.00294, gfake=40.16569,errG=1523.64038,style_loss=0.03298
[Epoch:22/2000] 00200/01575, Loss=0.00286, gfake=34.15576,errG=1490.33655,style_loss=0.03052
[Epoch:22/2000] 00400/01575, Loss=0.00279, gfake=46.24349,errG=1447.31555,style_loss=0.03529
[Epoch:22/2000] 00600/01575, Loss=0.00159, gfake=44.30351,errG=854.58093,style_loss=0.02747
[Epoch:22/2000] 00800/01575, Loss=0.00440, gfake=31.28300,errG=2274.69189,style_loss=0.03054
[Epoch:22/2000] 01000/01575, Loss=0.00325, gfake=46.42964,errG=1673.74524,style_loss=0.03613
[Epoch:22/2000] 01200/01575, Loss=0.00210, gfake=35.03119,errG=1113.19580,style_loss=0.03477
[Epoch:22/2000] 01400/01575, Loss=0.00356, gfake=36.95974,errG=1821.58337,style_loss=0.03173
Epoch:22, Derain_Loss=0.00303
This epoch take time 435.36
----------------------------------------------------------------------------------------------------
lr_Derain 0.000200
lr_ED 0.000100
lrD 0.000400
[Epoch:23/2000] 00000/01575, Loss=0.00248, gfake=30.03160,errG=1289.15247,style_loss=0.03747
[Epoch:23/2000] 00200/01575, Loss=0.00300, gfake=29.92588,errG=1533.48657,style_loss=0.03896
[Epoch:23/2000] 00400/01575, Loss=0.00151, gfake=48.71140,errG=810.36755,style_loss=0.03114
[Epoch:23/2000] 00600/01575, Loss=0.00169, gfake=34.74730,errG=914.26752,style_loss=0.02950
[Epoch:23/2000] 00800/01575, Loss=0.00344, gfake=42.52484,errG=1766.42029,style_loss=0.04314
[Epoch:23/2000] 01000/01575, Loss=0.00255, gfake=47.49600,errG=1349.69531,style_loss=0.03575
[Epoch:23/2000] 01200/01575, Loss=0.00265, gfake=46.39615,errG=1374.77295,style_loss=0.03289
[Epoch:23/2000] 01400/01575, Loss=0.00531, gfake=41.61649,errG=2699.17944,style_loss=0.03071
Epoch:23, Derain_Loss=0.00286
This epoch take time 437.12
----------------------------------------------------------------------------------------------------
lr_Derain 0.000200
lr_ED 0.000100
lrD 0.000400
[Epoch:24/2000] 00000/01575, Loss=0.00294, gfake=37.52808,errG=1578.94226,style_loss=0.03157
[Epoch:24/2000] 00200/01575, Loss=0.00254, gfake=34.60358,errG=1321.05591,style_loss=0.02818
[Epoch:24/2000] 00400/01575, Loss=0.00300, gfake=42.77667,errG=1546.34644,style_loss=0.03241
[Epoch:24/2000] 00600/01575, Loss=0.00225, gfake=44.67474,errG=1172.91223,style_loss=0.03954
[Epoch:24/2000] 00800/01575, Loss=0.00159, gfake=39.79715,errG=841.03772,style_loss=0.03689
[Epoch:24/2000] 01000/01575, Loss=0.00254, gfake=50.57288,errG=1323.27966,style_loss=0.02577
[Epoch:24/2000] 01200/01575, Loss=0.00295, gfake=39.43846,errG=1522.86926,style_loss=0.03793
[Epoch:24/2000] 01400/01575, Loss=0.00250, gfake=39.96746,errG=1299.17627,style_loss=0.03294
Epoch:24, Derain_Loss=0.00283
This epoch take time 438.52
----------------------------------------------------------------------------------------------------
lr_Derain 0.000200
lr_ED 0.000100
lrD 0.000400
[Epoch:25/2000] 00000/01575, Loss=0.00240, gfake=41.10490,errG=1266.07410,style_loss=0.03145
[Epoch:25/2000] 00200/01575, Loss=0.00190, gfake=45.15656,errG=999.15387,style_loss=0.03149
[Epoch:25/2000] 00400/01575, Loss=0.00231, gfake=38.44550,errG=1205.88843,style_loss=0.03452
[Epoch:25/2000] 00600/01575, Loss=0.00248, gfake=49.57056,errG=1300.73376,style_loss=0.03032
[Epoch:25/2000] 00800/01575, Loss=0.00253, gfake=50.12413,errG=1326.78870,style_loss=0.03655
[Epoch:25/2000] 01000/01575, Loss=0.00293, gfake=41.94037,errG=1515.70410,style_loss=0.02802
[Epoch:25/2000] 01200/01575, Loss=0.00202, gfake=44.18559,errG=1059.88611,style_loss=0.03135
[Epoch:25/2000] 01400/01575, Loss=0.00212, gfake=46.13304,errG=1113.65234,style_loss=0.02996
Epoch:25, Derain_Loss=0.00281
This epoch take time 440.12
----------------------------------------------------------------------------------------------------
lr_Derain 0.000200
lr_ED 0.000100
lrD 0.000400
[Epoch:26/2000] 00000/01575, Loss=0.00236, gfake=46.00485,errG=1228.42847,style_loss=0.03834
[Epoch:26/2000] 00200/01575, Loss=0.00265, gfake=64.27898,errG=1398.18408,style_loss=0.03061
[Epoch:26/2000] 00400/01575, Loss=0.00223, gfake=45.30566,errG=1165.56287,style_loss=0.03057
[Epoch:26/2000] 00600/01575, Loss=0.00260, gfake=46.19090,errG=1371.01465,style_loss=0.03076
[Epoch:26/2000] 00800/01575, Loss=0.00222, gfake=44.71255,errG=1181.85559,style_loss=0.03281
[Epoch:26/2000] 01000/01575, Loss=0.00204, gfake=48.41162,errG=1074.21179,style_loss=0.03741
[Epoch:26/2000] 01200/01575, Loss=0.00251, gfake=57.35871,errG=1314.95068,style_loss=0.03020
[Epoch:26/2000] 01400/01575, Loss=0.00214, gfake=53.07005,errG=1131.21228,style_loss=0.03530
Epoch:26, Derain_Loss=0.00279
This epoch take time 435.93
----------------------------------------------------------------------------------------------------
lr_Derain 0.000200
lr_ED 0.000100
lrD 0.000400
[Epoch:27/2000] 00000/01575, Loss=0.00272, gfake=43.76583,errG=1415.75293,style_loss=0.03683
[Epoch:27/2000] 00200/01575, Loss=0.00382, gfake=49.51300,errG=1960.74084,style_loss=0.04113
[Epoch:27/2000] 00400/01575, Loss=0.00349, gfake=56.32089,errG=1810.26880,style_loss=0.03410
[Epoch:27/2000] 00600/01575, Loss=0.00232, gfake=47.76141,errG=1213.33850,style_loss=0.03205
[Epoch:27/2000] 00800/01575, Loss=0.00174, gfake=42.84369,errG=917.55927,style_loss=0.03129
[Epoch:27/2000] 01000/01575, Loss=0.00356, gfake=49.44756,errG=1837.03345,style_loss=0.03110
[Epoch:27/2000] 01200/01575, Loss=0.00420, gfake=42.29998,errG=2165.73950,style_loss=0.03089
[Epoch:27/2000] 01400/01575, Loss=0.00253, gfake=45.09869,errG=1314.43848,style_loss=0.03482
Epoch:27, Derain_Loss=0.00272
This epoch take time 437.47
----------------------------------------------------------------------------------------------------
lr_Derain 0.000200
lr_ED 0.000100
lrD 0.000400
[Epoch:28/2000] 00000/01575, Loss=0.00320, gfake=52.47184,errG=1659.51062,style_loss=0.04053
[Epoch:28/2000] 00200/01575, Loss=0.00161, gfake=81.10632,errG=890.65179,style_loss=0.03285
[Epoch:28/2000] 00400/01575, Loss=0.00259, gfake=40.48284,errG=1338.32031,style_loss=0.03400
[Epoch:28/2000] 00600/01575, Loss=0.00248, gfake=51.59088,errG=1303.87781,style_loss=0.05345
[Epoch:28/2000] 00800/01575, Loss=0.00235, gfake=55.27117,errG=1233.61450,style_loss=0.03545
[Epoch:28/2000] 01000/01575, Loss=0.00246, gfake=66.61636,errG=1301.67041,style_loss=0.03347
[Epoch:28/2000] 01200/01575, Loss=0.00251, gfake=43.77281,errG=1304.16357,style_loss=0.03160
[Epoch:28/2000] 01400/01575, Loss=0.00237, gfake=52.44212,errG=1246.25574,style_loss=0.03710
Epoch:28, Derain_Loss=0.00269
This epoch take time 438.04
----------------------------------------------------------------------------------------------------
lr_Derain 0.000200
lr_ED 0.000100
lrD 0.000400
[Epoch:29/2000] 00000/01575, Loss=0.00289, gfake=58.23071,errG=1507.95532,style_loss=0.03478
[Epoch:29/2000] 00200/01575, Loss=0.00478, gfake=53.02550,errG=2451.34790,style_loss=0.02972
[Epoch:29/2000] 00400/01575, Loss=0.00165, gfake=62.39862,errG=891.60217,style_loss=0.03284
[Epoch:29/2000] 00600/01575, Loss=0.00242, gfake=58.66132,errG=1285.77710,style_loss=0.03294
[Epoch:29/2000] 00800/01575, Loss=0.00332, gfake=49.29237,errG=1715.65710,style_loss=0.03979
[Epoch:29/2000] 01000/01575, Loss=0.00281, gfake=43.44230,errG=1462.28198,style_loss=0.04506
[Epoch:29/2000] 01200/01575, Loss=0.00430, gfake=56.39800,errG=2213.65942,style_loss=0.03437
[Epoch:29/2000] 01400/01575, Loss=0.00273, gfake=53.29848,errG=1425.63611,style_loss=0.02965
Epoch:29, Derain_Loss=0.00271
This epoch take time 437.30
----------------------------------------------------------------------------------------------------
lr_Derain 0.000200
lr_ED 0.000100
lrD 0.000400
[Epoch:30/2000] 00000/01575, Loss=0.00285, gfake=56.16495,errG=1490.11755,style_loss=0.03398
[Epoch:30/2000] 00200/01575, Loss=0.00213, gfake=48.20419,errG=1118.95178,style_loss=0.03032
[Epoch:30/2000] 00400/01575, Loss=0.00290, gfake=46.93920,errG=1498.37622,style_loss=0.03242
[Epoch:30/2000] 00600/01575, Loss=0.00167, gfake=51.65693,errG=890.45239,style_loss=0.03686
[Epoch:30/2000] 00800/01575, Loss=0.00280, gfake=48.65042,errG=1452.91980,style_loss=0.03267
[Epoch:30/2000] 01000/01575, Loss=0.00218, gfake=61.13934,errG=1156.91711,style_loss=0.03725
[Epoch:30/2000] 01200/01575, Loss=0.00220, gfake=54.19164,errG=1156.24915,style_loss=0.03728
[Epoch:30/2000] 01400/01575, Loss=0.00352, gfake=62.44421,errG=1825.26514,style_loss=0.02538
Epoch:30, Derain_Loss=0.00261
This epoch take time 433.97
----------------------------------------------------------------------------------------------------
lr_Derain 0.000200
lr_ED 0.000100
lrD 0.000400
[Epoch:31/2000] 00000/01575, Loss=0.00259, gfake=54.27961,errG=1357.75806,style_loss=0.03552
[Epoch:31/2000] 00200/01575, Loss=0.00291, gfake=47.03336,errG=1505.58203,style_loss=0.02693
[Epoch:31/2000] 00400/01575, Loss=0.00352, gfake=43.64102,errG=1808.38440,style_loss=0.03894
[Epoch:31/2000] 00600/01575, Loss=0.00181, gfake=58.25561,errG=968.68793,style_loss=0.03199
[Epoch:31/2000] 00800/01575, Loss=0.00199, gfake=58.45860,errG=1056.82214,style_loss=0.03080
[Epoch:31/2000] 01000/01575, Loss=0.00229, gfake=48.46205,errG=1199.50793,style_loss=0.02657
[Epoch:31/2000] 01200/01575, Loss=0.00264, gfake=48.98228,errG=1372.20227,style_loss=0.02830
[Epoch:31/2000] 01400/01575, Loss=0.00414, gfake=52.46661,errG=2125.62183,style_loss=0.02881
Epoch:31, Derain_Loss=0.00261
This epoch take time 437.15
----------------------------------------------------------------------------------------------------
lr_Derain 0.000200
lr_ED 0.000100
lrD 0.000400
[Epoch:32/2000] 00000/01575, Loss=0.00272, gfake=48.78415,errG=1415.21594,style_loss=0.02744
[Epoch:32/2000] 00200/01575, Loss=0.00218, gfake=49.19629,errG=1151.95288,style_loss=0.03916
[Epoch:32/2000] 00400/01575, Loss=0.00456, gfake=45.01019,errG=2327.20044,style_loss=0.03602
[Epoch:32/2000] 00600/01575, Loss=0.00398, gfake=50.44318,errG=2044.25330,style_loss=0.03245
[Epoch:32/2000] 00800/01575, Loss=0.00343, gfake=53.92294,errG=1770.66577,style_loss=0.02815
[Epoch:32/2000] 01000/01575, Loss=0.00429, gfake=51.39654,errG=2198.04199,style_loss=0.02832
[Epoch:32/2000] 01200/01575, Loss=0.00212, gfake=56.46555,errG=1123.89478,style_loss=0.02842
[Epoch:32/2000] 01400/01575, Loss=0.00485, gfake=43.16567,errG=2469.55151,style_loss=0.03627
Epoch:32, Derain_Loss=0.00259
This epoch take time 437.60
----------------------------------------------------------------------------------------------------
lr_Derain 0.000200
lr_ED 0.000100
lrD 0.000400
[Epoch:33/2000] 00000/01575, Loss=0.00311, gfake=53.28559,errG=1609.91199,style_loss=0.03396
[Epoch:33/2000] 00200/01575, Loss=0.00235, gfake=43.03649,errG=1224.08630,style_loss=0.02548
[Epoch:33/2000] 00400/01575, Loss=0.00230, gfake=55.61409,errG=1207.14258,style_loss=0.03620
[Epoch:33/2000] 00600/01575, Loss=0.00217, gfake=48.47322,errG=1134.74377,style_loss=0.03270
[Epoch:33/2000] 00800/01575, Loss=0.00221, gfake=49.34030,errG=1160.82031,style_loss=0.03417
[Epoch:33/2000] 01000/01575, Loss=0.00327, gfake=55.98473,errG=1694.23267,style_loss=0.03529
[Epoch:33/2000] 01200/01575, Loss=0.00223, gfake=48.73475,errG=1165.98853,style_loss=0.03201
[Epoch:33/2000] 01400/01575, Loss=0.00201, gfake=55.68970,errG=1071.83179,style_loss=0.03585
Epoch:33, Derain_Loss=0.00260
This epoch take time 436.10
----------------------------------------------------------------------------------------------------
lr_Derain 0.000200
lr_ED 0.000100
lrD 0.000400
[Epoch:34/2000] 00000/01575, Loss=0.00364, gfake=53.69246,errG=1874.71863,style_loss=0.03221
[Epoch:34/2000] 00200/01575, Loss=0.00283, gfake=51.49068,errG=1469.75586,style_loss=0.02999
[Epoch:34/2000] 00400/01575, Loss=0.00268, gfake=41.97038,errG=1389.66785,style_loss=0.03855
[Epoch:34/2000] 00600/01575, Loss=0.00150, gfake=48.23280,errG=800.60114,style_loss=0.03682
[Epoch:34/2000] 00800/01575, Loss=0.00278, gfake=57.23893,errG=1450.02759,style_loss=0.02874
[Epoch:34/2000] 01000/01575, Loss=0.00175, gfake=52.61855,errG=930.12756,style_loss=0.03361
[Epoch:34/2000] 01200/01575, Loss=0.00148, gfake=60.43799,errG=807.65594,style_loss=0.03754
[Epoch:34/2000] 01400/01575, Loss=0.00223, gfake=56.52356,errG=1174.04956,style_loss=0.03471
Epoch:34, Derain_Loss=0.00254
This epoch take time 436.15
----------------------------------------------------------------------------------------------------
lr_Derain 0.000200
lr_ED 0.000100
lrD 0.000400
[Epoch:35/2000] 00000/01575, Loss=0.00193, gfake=52.57778,errG=1022.95276,style_loss=0.03177
[Epoch:35/2000] 00200/01575, Loss=0.00154, gfake=53.70560,errG=827.94458,style_loss=0.03507
[Epoch:35/2000] 00400/01575, Loss=0.00236, gfake=51.37808,errG=1232.54346,style_loss=0.03736
[Epoch:35/2000] 00600/01575, Loss=0.00139, gfake=62.77887,errG=758.41833,style_loss=0.03895
[Epoch:35/2000] 00800/01575, Loss=0.00245, gfake=57.56974,errG=1285.80139,style_loss=0.03161
[Epoch:35/2000] 01000/01575, Loss=0.00216, gfake=40.33096,errG=1120.60522,style_loss=0.03287
[Epoch:35/2000] 01200/01575, Loss=0.00191, gfake=49.77908,errG=1016.48962,style_loss=0.03532
[Epoch:35/2000] 01400/01575, Loss=0.00170, gfake=60.37420,errG=913.51910,style_loss=0.03143
Epoch:35, Derain_Loss=0.00246
This epoch take time 435.70
----------------------------------------------------------------------------------------------------
lr_Derain 0.000200
lr_ED 0.000100
lrD 0.000400
[Epoch:36/2000] 00000/01575, Loss=0.00136, gfake=57.70403,errG=741.43365,style_loss=0.03332
[Epoch:36/2000] 00200/01575, Loss=0.00157, gfake=59.19598,errG=847.62445,style_loss=0.03512
[Epoch:36/2000] 00400/01575, Loss=0.00259, gfake=65.51362,errG=1361.50586,style_loss=0.03342
[Epoch:36/2000] 00600/01575, Loss=0.00179, gfake=51.49664,errG=952.19202,style_loss=0.03279
[Epoch:36/2000] 00800/01575, Loss=0.00356, gfake=46.23924,errG=1828.22070,style_loss=0.03510
[Epoch:36/2000] 01000/01575, Loss=0.00280, gfake=51.37535,errG=1457.45251,style_loss=0.03553
[Epoch:36/2000] 01200/01575, Loss=0.00229, gfake=37.42962,errG=1188.01001,style_loss=0.03605
[Epoch:36/2000] 01400/01575, Loss=0.00447, gfake=45.80561,errG=2279.94336,style_loss=0.03414
Epoch:36, Derain_Loss=0.00244
This epoch take time 435.17
----------------------------------------------------------------------------------------------------
lr_Derain 0.000200
lr_ED 0.000100
lrD 0.000400
[Epoch:37/2000] 00000/01575, Loss=0.00239, gfake=38.93530,errG=1235.40955,style_loss=0.03064
[Epoch:37/2000] 00200/01575, Loss=0.00275, gfake=42.26874,errG=1418.98120,style_loss=0.03210
[Epoch:37/2000] 00400/01575, Loss=0.00287, gfake=45.49439,errG=1484.25781,style_loss=0.03230
[Epoch:37/2000] 00600/01575, Loss=0.00103, gfake=47.90205,errG=563.39417,style_loss=0.02819
[Epoch:37/2000] 00800/01575, Loss=0.00300, gfake=43.54861,errG=1546.16321,style_loss=0.03171
[Epoch:37/2000] 01000/01575, Loss=0.00330, gfake=44.53687,errG=1712.88159,style_loss=0.03472
[Epoch:37/2000] 01200/01575, Loss=0.00218, gfake=45.44257,errG=1141.89661,style_loss=0.02969
[Epoch:37/2000] 01400/01575, Loss=0.00305, gfake=43.47654,errG=1573.69299,style_loss=0.04245
Epoch:37, Derain_Loss=0.00245
This epoch take time 438.66
----------------------------------------------------------------------------------------------------
lr_Derain 0.000200
lr_ED 0.000100
lrD 0.000400
[Epoch:38/2000] 00000/01575, Loss=0.00234, gfake=48.66909,errG=1220.35999,style_loss=0.03518
[Epoch:38/2000] 00200/01575, Loss=0.00246, gfake=39.38977,errG=1286.60864,style_loss=0.03091
[Epoch:38/2000] 00400/01575, Loss=0.00217, gfake=43.88204,errG=1133.57251,style_loss=0.04076
[Epoch:38/2000] 00600/01575, Loss=0.00253, gfake=46.73631,errG=1314.16980,style_loss=0.03456
[Epoch:38/2000] 00800/01575, Loss=0.00179, gfake=46.43839,errG=943.76923,style_loss=0.03598
[Epoch:38/2000] 01000/01575, Loss=0.00215, gfake=44.48521,errG=1127.20972,style_loss=0.03868
[Epoch:38/2000] 01200/01575, Loss=0.00170, gfake=47.65711,errG=900.80176,style_loss=0.02726
[Epoch:38/2000] 01400/01575, Loss=0.00289, gfake=40.26363,errG=1488.81604,style_loss=0.03353
Epoch:38, Derain_Loss=0.00245
This epoch take time 437.57
----------------------------------------------------------------------------------------------------
lr_Derain 0.000200
lr_ED 0.000100
lrD 0.000400
[Epoch:39/2000] 00000/01575, Loss=0.00216, gfake=38.90443,errG=1121.47717,style_loss=0.03749
[Epoch:39/2000] 00200/01575, Loss=0.00235, gfake=44.40852,errG=1219.38159,style_loss=0.03676
[Epoch:39/2000] 00400/01575, Loss=0.00205, gfake=53.04635,errG=1079.65234,style_loss=0.03549
[Epoch:39/2000] 00600/01575, Loss=0.00205, gfake=45.19094,errG=1071.50330,style_loss=0.03874
[Epoch:39/2000] 00800/01575, Loss=0.00187, gfake=48.40705,errG=986.51929,style_loss=0.03364
[Epoch:39/2000] 01000/01575, Loss=0.00181, gfake=48.39781,errG=955.94324,style_loss=0.02861
[Epoch:39/2000] 01200/01575, Loss=0.00143, gfake=47.62783,errG=766.75330,style_loss=0.03060
[Epoch:39/2000] 01400/01575, Loss=0.00220, gfake=49.36143,errG=1152.19971,style_loss=0.02806
Epoch:39, Derain_Loss=0.00236
This epoch take time 436.08
----------------------------------------------------------------------------------------------------
lr_Derain 0.000200
lr_ED 0.000100
lrD 0.000400
[Epoch:40/2000] 00000/01575, Loss=0.00206, gfake=58.51501,errG=1091.26392,style_loss=0.03152
[Epoch:40/2000] 00200/01575, Loss=0.00351, gfake=42.21298,errG=1800.96448,style_loss=0.03850
[Epoch:40/2000] 00400/01575, Loss=0.00257, gfake=40.49763,errG=1329.12964,style_loss=0.03964
[Epoch:40/2000] 00600/01575, Loss=0.00236, gfake=48.53272,errG=1232.13965,style_loss=0.02916
[Epoch:40/2000] 00800/01575, Loss=0.00168, gfake=50.76476,errG=891.72144,style_loss=0.03804
[Epoch:40/2000] 01000/01575, Loss=0.00261, gfake=48.67200,errG=1353.14966,style_loss=0.03408
[Epoch:40/2000] 01200/01575, Loss=0.00237, gfake=49.00388,errG=1242.39001,style_loss=0.03049
[Epoch:40/2000] 01400/01575, Loss=0.00206, gfake=44.18253,errG=1075.86426,style_loss=0.03319
Epoch:40, Derain_Loss=0.00238
This epoch take time 438.20
----------------------------------------------------------------------------------------------------
lr_Derain 0.000200
lr_ED 0.000100
lrD 0.000400
[Epoch:41/2000] 00000/01575, Loss=0.00159, gfake=43.24236,errG=837.42511,style_loss=0.03434
[Epoch:41/2000] 00200/01575, Loss=0.00182, gfake=63.83479,errG=972.90039,style_loss=0.02656
[Epoch:41/2000] 00400/01575, Loss=0.00281, gfake=39.97662,errG=1444.69421,style_loss=0.03755
[Epoch:41/2000] 00600/01575, Loss=0.00215, gfake=45.62083,errG=1124.05188,style_loss=0.03304
[Epoch:41/2000] 00800/01575, Loss=0.00229, gfake=47.48209,errG=1192.85083,style_loss=0.02880
[Epoch:41/2000] 01000/01575, Loss=0.00334, gfake=38.12720,errG=1712.54199,style_loss=0.03985
[Epoch:41/2000] 01200/01575, Loss=0.00168, gfake=44.96682,errG=885.31641,style_loss=0.02951
[Epoch:41/2000] 01400/01575, Loss=0.00263, gfake=51.09789,errG=1373.58875,style_loss=0.02969
Epoch:41, Derain_Loss=0.00237
This epoch take time 437.38
----------------------------------------------------------------------------------------------------
lr_Derain 0.000200
lr_ED 0.000100
lrD 0.000400
[Epoch:42/2000] 00000/01575, Loss=0.00227, gfake=46.33849,errG=1183.83484,style_loss=0.03784
[Epoch:42/2000] 00200/01575, Loss=0.00209, gfake=39.92104,errG=1089.34668,style_loss=0.02996
[Epoch:42/2000] 00400/01575, Loss=0.00186, gfake=41.88625,errG=972.45062,style_loss=0.03087
[Epoch:42/2000] 00600/01575, Loss=0.00268, gfake=53.69455,errG=1399.35510,style_loss=0.03351
[Epoch:42/2000] 00800/01575, Loss=0.00272, gfake=36.88867,errG=1402.40283,style_loss=0.03683
[Epoch:42/2000] 01000/01575, Loss=0.00248, gfake=45.49943,errG=1285.34656,style_loss=0.03173
[Epoch:42/2000] 01200/01575, Loss=0.00200, gfake=36.02444,errG=1039.25757,style_loss=0.03491
[Epoch:42/2000] 01400/01575, Loss=0.00247, gfake=41.70500,errG=1280.15881,style_loss=0.04533
Epoch:42, Derain_Loss=0.00234
This epoch take time 437.36
----------------------------------------------------------------------------------------------------
lr_Derain 0.000200
lr_ED 0.000100
lrD 0.000400
[Epoch:43/2000] 00000/01575, Loss=0.00231, gfake=44.69415,errG=1202.47913,style_loss=0.03226
[Epoch:43/2000] 00200/01575, Loss=0.00292, gfake=34.56330,errG=1496.36499,style_loss=0.03501
[Epoch:43/2000] 00400/01575, Loss=0.00227, gfake=43.27306,errG=1178.60449,style_loss=0.03351
[Epoch:43/2000] 00600/01575, Loss=0.00202, gfake=46.22595,errG=1057.60779,style_loss=0.03520
[Epoch:43/2000] 00800/01575, Loss=0.00298, gfake=36.20554,errG=1526.85742,style_loss=0.03862
[Epoch:43/2000] 01000/01575, Loss=0.00385, gfake=41.84367,errG=1970.94946,style_loss=0.03850
[Epoch:43/2000] 01200/01575, Loss=0.00176, gfake=45.91030,errG=924.27753,style_loss=0.03254
[Epoch:43/2000] 01400/01575, Loss=0.00140, gfake=44.95515,errG=746.40576,style_loss=0.04162
Epoch:43, Derain_Loss=0.00230
This epoch take time 437.12
----------------------------------------------------------------------------------------------------
lr_Derain 0.000200
lr_ED 0.000100
lrD 0.000400
[Epoch:44/2000] 00000/01575, Loss=0.00139, gfake=48.97218,errG=747.20361,style_loss=0.02858
[Epoch:44/2000] 00200/01575, Loss=0.00157, gfake=48.09455,errG=832.92413,style_loss=0.03813
[Epoch:44/2000] 00400/01575, Loss=0.00253, gfake=46.88769,errG=1314.62622,style_loss=0.03326
[Epoch:44/2000] 00600/01575, Loss=0.00169, gfake=44.23792,errG=892.03595,style_loss=0.02984
[Epoch:44/2000] 00800/01575, Loss=0.00165, gfake=40.47272,errG=867.80670,style_loss=0.02641
[Epoch:44/2000] 01000/01575, Loss=0.00299, gfake=34.69831,errG=1529.75879,style_loss=0.04581
[Epoch:44/2000] 01200/01575, Loss=0.00331, gfake=48.92235,errG=1709.50830,style_loss=0.03169
[Epoch:44/2000] 01400/01575, Loss=0.00334, gfake=42.84825,errG=1714.20569,style_loss=0.03166
Epoch:44, Derain_Loss=0.00228
This epoch take time 435.51
----------------------------------------------------------------------------------------------------
lr_Derain 0.000200
lr_ED 0.000100
lrD 0.000400
[Epoch:45/2000] 00000/01575, Loss=0.00186, gfake=45.30040,errG=978.03833,style_loss=0.03273
[Epoch:45/2000] 00200/01575, Loss=0.00266, gfake=37.18413,errG=1369.55737,style_loss=0.02955
[Epoch:45/2000] 00400/01575, Loss=0.00131, gfake=39.83321,errG=695.13269,style_loss=0.02932
[Epoch:45/2000] 00600/01575, Loss=0.00177, gfake=38.57794,errG=923.64856,style_loss=0.03597
[Epoch:45/2000] 00800/01575, Loss=0.00132, gfake=37.19720,errG=704.09082,style_loss=0.03673
[Epoch:45/2000] 01000/01575, Loss=0.00192, gfake=41.29151,errG=1000.36975,style_loss=0.03102
[Epoch:45/2000] 01200/01575, Loss=0.00180, gfake=51.60483,errG=954.52509,style_loss=0.02933
[Epoch:45/2000] 01400/01575, Loss=0.00193, gfake=41.02780,errG=1008.85992,style_loss=0.03202
Epoch:45, Derain_Loss=0.00226
This epoch take time 437.60
----------------------------------------------------------------------------------------------------
lr_Derain 0.000200
lr_ED 0.000100
lrD 0.000400
[Epoch:46/2000] 00000/01575, Loss=0.00176, gfake=32.72661,errG=912.22223,style_loss=0.03601
[Epoch:46/2000] 00200/01575, Loss=0.00145, gfake=46.47794,errG=774.57404,style_loss=0.03384
[Epoch:46/2000] 00400/01575, Loss=0.00179, gfake=51.25666,errG=949.94293,style_loss=0.03090
[Epoch:46/2000] 00600/01575, Loss=0.00247, gfake=33.08017,errG=1272.01306,style_loss=0.03463
[Epoch:46/2000] 00800/01575, Loss=0.00183, gfake=41.93451,errG=958.68317,style_loss=0.03580
[Epoch:46/2000] 01000/01575, Loss=0.00207, gfake=43.33835,errG=1079.93896,style_loss=0.03024
[Epoch:46/2000] 01200/01575, Loss=0.00181, gfake=43.03042,errG=947.88275,style_loss=0.03598
[Epoch:46/2000] 01400/01575, Loss=0.00184, gfake=45.60609,errG=965.92285,style_loss=0.03778
Epoch:46, Derain_Loss=0.00226
This epoch take time 438.02
----------------------------------------------------------------------------------------------------
lr_Derain 0.000200
lr_ED 0.000100
lrD 0.000400
[Epoch:47/2000] 00000/01575, Loss=0.00254, gfake=36.98801,errG=1307.52856,style_loss=0.03315
[Epoch:47/2000] 00200/01575, Loss=0.00404, gfake=34.15351,errG=2054.96167,style_loss=0.03968
[Epoch:47/2000] 00400/01575, Loss=0.00208, gfake=42.81374,errG=1084.89990,style_loss=0.02822
[Epoch:47/2000] 00600/01575, Loss=0.00152, gfake=41.13581,errG=804.25580,style_loss=0.03543
[Epoch:47/2000] 00800/01575, Loss=0.00117, gfake=52.92368,errG=638.81897,style_loss=0.03982
[Epoch:47/2000] 01000/01575, Loss=0.00258, gfake=30.55150,errG=1320.34326,style_loss=0.03680
[Epoch:47/2000] 01200/01575, Loss=0.00549, gfake=34.99960,errG=2779.27319,style_loss=0.03235
[Epoch:47/2000] 01400/01575, Loss=0.00209, gfake=41.79402,errG=1086.78882,style_loss=0.03111
Epoch:47, Derain_Loss=0.00224
This epoch take time 439.01
----------------------------------------------------------------------------------------------------
lr_Derain 0.000200
lr_ED 0.000100
lrD 0.000400
[Epoch:48/2000] 00000/01575, Loss=0.00082, gfake=49.58728,errG=462.22726,style_loss=0.04602
[Epoch:48/2000] 00200/01575, Loss=0.00217, gfake=44.89336,errG=1133.25671,style_loss=0.03181
[Epoch:48/2000] 00400/01575, Loss=0.00250, gfake=34.29179,errG=1284.68262,style_loss=0.03274
[Epoch:48/2000] 00600/01575, Loss=0.00208, gfake=37.36169,errG=1077.00769,style_loss=0.03320
[Epoch:48/2000] 00800/01575, Loss=0.00237, gfake=37.71047,errG=1224.94080,style_loss=0.03498
[Epoch:48/2000] 01000/01575, Loss=0.00237, gfake=36.83385,errG=1224.78540,style_loss=0.03280
[Epoch:48/2000] 01200/01575, Loss=0.00353, gfake=43.51451,errG=1808.93005,style_loss=0.03171
[Epoch:48/2000] 01400/01575, Loss=0.00331, gfake=35.92370,errG=1693.54236,style_loss=0.03406
Epoch:48, Derain_Loss=0.00219
This epoch take time 435.39
----------------------------------------------------------------------------------------------------
lr_Derain 0.000200
lr_ED 0.000100
lrD 0.000400
[Epoch:49/2000] 00000/01575, Loss=0.00362, gfake=33.98703,errG=1846.17590,style_loss=0.03799
[Epoch:49/2000] 00200/01575, Loss=0.00140, gfake=49.66100,errG=751.13110,style_loss=0.02951
[Epoch:49/2000] 00400/01575, Loss=0.00253, gfake=41.87062,errG=1308.14844,style_loss=0.03722
[Epoch:49/2000] 00600/01575, Loss=0.00267, gfake=33.90079,errG=1369.23962,style_loss=0.03604
[Epoch:49/2000] 00800/01575, Loss=0.00178, gfake=37.74502,errG=929.88995,style_loss=0.03420
[Epoch:49/2000] 01000/01575, Loss=0.00182, gfake=35.26609,errG=948.06848,style_loss=0.03119
[Epoch:49/2000] 01200/01575, Loss=0.00199, gfake=34.88680,errG=1032.90369,style_loss=0.03132
[Epoch:49/2000] 01400/01575, Loss=0.00120, gfake=39.53646,errG=639.16998,style_loss=0.03259
Epoch:49, Derain_Loss=0.00221
This epoch take time 435.60
----------------------------------------------------------------------------------------------------
lr_Derain 0.000200
lr_ED 0.000100
lrD 0.000400
[Epoch:50/2000] 00000/01575, Loss=0.00342, gfake=37.68835,errG=1750.95129,style_loss=0.03570
[Epoch:50/2000] 00200/01575, Loss=0.00317, gfake=36.37579,errG=1622.45032,style_loss=0.02867
[Epoch:50/2000] 00400/01575, Loss=0.00247, gfake=37.41935,errG=1275.33679,style_loss=0.02807
[Epoch:50/2000] 00600/01575, Loss=0.00169, gfake=39.24079,errG=886.37854,style_loss=0.02921
[Epoch:50/2000] 00800/01575, Loss=0.00154, gfake=39.76793,errG=811.95410,style_loss=0.05044
[Epoch:50/2000] 01000/01575, Loss=0.00217, gfake=49.81762,errG=1137.74353,style_loss=0.03332
[Epoch:50/2000] 01200/01575, Loss=0.00189, gfake=38.59790,errG=983.93170,style_loss=0.03350
[Epoch:50/2000] 01400/01575, Loss=0.00204, gfake=36.08003,errG=1056.03687,style_loss=0.03176
Epoch:50, Derain_Loss=0.00222
This epoch take time 439.55
----------------------------------------------------------------------------------------------------
lr_Derain 0.000200
lr_ED 0.000100
lrD 0.000400
[Epoch:51/2000] 00000/01575, Loss=0.00174, gfake=50.88989,errG=920.68713,style_loss=0.04340
[Epoch:51/2000] 00200/01575, Loss=0.00222, gfake=44.42434,errG=1154.34436,style_loss=0.02815
[Epoch:51/2000] 00400/01575, Loss=0.00269, gfake=40.63937,errG=1385.56396,style_loss=0.02886
[Epoch:51/2000] 00600/01575, Loss=0.00150, gfake=43.10255,errG=792.26868,style_loss=0.03063
[Epoch:51/2000] 00800/01575, Loss=0.00141, gfake=35.38518,errG=740.89246,style_loss=0.02875
[Epoch:51/2000] 01000/01575, Loss=0.00285, gfake=32.21814,errG=1457.11584,style_loss=0.03490
[Epoch:51/2000] 01200/01575, Loss=0.00172, gfake=32.75488,errG=891.18164,style_loss=0.03447
[Epoch:51/2000] 01400/01575, Loss=0.00145, gfake=55.22917,errG=780.13483,style_loss=0.03459
Epoch:51, Derain_Loss=0.00216
This epoch take time 441.01
----------------------------------------------------------------------------------------------------
lr_Derain 0.000200
lr_ED 0.000100
lrD 0.000400
[Epoch:52/2000] 00000/01575, Loss=0.00314, gfake=40.72850,errG=1613.49084,style_loss=0.03191
[Epoch:52/2000] 00200/01575, Loss=0.00137, gfake=43.48723,errG=734.00769,style_loss=0.03638
[Epoch:52/2000] 00400/01575, Loss=0.00283, gfake=39.83376,errG=1457.27612,style_loss=0.03516
[Epoch:52/2000] 00600/01575, Loss=0.00165, gfake=38.36835,errG=862.17981,style_loss=0.04279
[Epoch:52/2000] 00800/01575, Loss=0.00211, gfake=43.25170,errG=1100.85840,style_loss=0.04106
[Epoch:52/2000] 01000/01575, Loss=0.00245, gfake=36.62981,errG=1263.64294,style_loss=0.03877
[Epoch:52/2000] 01200/01575, Loss=0.00265, gfake=40.48541,errG=1365.42163,style_loss=0.03531
[Epoch:52/2000] 01400/01575, Loss=0.00219, gfake=41.13657,errG=1134.73047,style_loss=0.03428
Epoch:52, Derain_Loss=0.00216
This epoch take time 437.38
----------------------------------------------------------------------------------------------------
lr_Derain 0.000200
lr_ED 0.000100
lrD 0.000400
[Epoch:53/2000] 00000/01575, Loss=0.00177, gfake=38.27236,errG=926.47809,style_loss=0.03317
[Epoch:53/2000] 00200/01575, Loss=0.00312, gfake=39.75139,errG=1599.73999,style_loss=0.02851
[Epoch:53/2000] 00400/01575, Loss=0.00264, gfake=43.84284,errG=1365.43506,style_loss=0.03148
[Epoch:53/2000] 00600/01575, Loss=0.00157, gfake=40.99861,errG=828.79346,style_loss=0.03633
[Epoch:53/2000] 00800/01575, Loss=0.00159, gfake=36.16587,errG=830.57428,style_loss=0.02961
[Epoch:53/2000] 01000/01575, Loss=0.00238, gfake=39.95827,errG=1232.68372,style_loss=0.04036
[Epoch:53/2000] 01200/01575, Loss=0.00170, gfake=39.83444,errG=889.55115,style_loss=0.03495
[Epoch:53/2000] 01400/01575, Loss=0.00363, gfake=33.50760,errG=1856.36182,style_loss=0.03274
Epoch:53, Derain_Loss=0.00226
This epoch take time 436.55
----------------------------------------------------------------------------------------------------
lr_Derain 0.000200
lr_ED 0.000100
lrD 0.000400
[Epoch:54/2000] 00000/01575, Loss=0.00279, gfake=40.49256,errG=1441.54395,style_loss=0.03612
[Epoch:54/2000] 00200/01575, Loss=0.00184, gfake=43.88139,errG=965.20447,style_loss=0.03463
[Epoch:54/2000] 00400/01575, Loss=0.00168, gfake=44.39777,errG=886.84186,style_loss=0.03040
[Epoch:54/2000] 00600/01575, Loss=0.00213, gfake=41.42762,errG=1106.92529,style_loss=0.03536
[Epoch:54/2000] 00800/01575, Loss=0.00175, gfake=37.59007,errG=911.35150,style_loss=0.03489
[Epoch:54/2000] 01000/01575, Loss=0.00213, gfake=38.75592,errG=1102.71790,style_loss=0.03003
[Epoch:54/2000] 01200/01575, Loss=0.00186, gfake=45.16170,errG=973.81384,style_loss=0.03401
[Epoch:54/2000] 01400/01575, Loss=0.00260, gfake=37.36986,errG=1338.74023,style_loss=0.04302
Epoch:54, Derain_Loss=0.00216
This epoch take time 437.81
----------------------------------------------------------------------------------------------------
lr_Derain 0.000200
lr_ED 0.000100
lrD 0.000400
[Epoch:55/2000] 00000/01575, Loss=0.00191, gfake=41.24255,errG=998.97119,style_loss=0.03482
[Epoch:55/2000] 00200/01575, Loss=0.00134, gfake=45.99799,errG=717.20801,style_loss=0.03205
[Epoch:55/2000] 00400/01575, Loss=0.00309, gfake=42.40623,errG=1590.27295,style_loss=0.03632
[Epoch:55/2000] 00600/01575, Loss=0.00205, gfake=38.61724,errG=1066.71179,style_loss=0.02649
[Epoch:55/2000] 00800/01575, Loss=0.00226, gfake=36.39864,errG=1168.69604,style_loss=0.03064
[Epoch:55/2000] 01000/01575, Loss=0.00198, gfake=35.66422,errG=1028.10486,style_loss=0.03339
[Epoch:55/2000] 01200/01575, Loss=0.00219, gfake=45.40261,errG=1140.01880,style_loss=0.03247
[Epoch:55/2000] 01400/01575, Loss=0.00164, gfake=42.17120,errG=862.72089,style_loss=0.03247
Epoch:55, Derain_Loss=0.00213
This epoch take time 437.40
----------------------------------------------------------------------------------------------------
lr_Derain 0.000200
lr_ED 0.000100
lrD 0.000400
[Epoch:56/2000] 00000/01575, Loss=0.00247, gfake=38.68256,errG=1276.39502,style_loss=0.03288
[Epoch:56/2000] 00200/01575, Loss=0.00192, gfake=40.71896,errG=1003.49884,style_loss=0.03274
[Epoch:56/2000] 00400/01575, Loss=0.00199, gfake=46.65034,errG=1041.91309,style_loss=0.03357
[Epoch:56/2000] 00600/01575, Loss=0.00263, gfake=38.34607,errG=1355.82507,style_loss=0.03303
[Epoch:56/2000] 00800/01575, Loss=0.00240, gfake=48.17039,errG=1251.93201,style_loss=0.03434
[Epoch:56/2000] 01000/01575, Loss=0.00251, gfake=47.43330,errG=1304.41748,style_loss=0.03352
[Epoch:56/2000] 01200/01575, Loss=0.00230, gfake=41.33991,errG=1191.24988,style_loss=0.03336
[Epoch:56/2000] 01400/01575, Loss=0.00167, gfake=39.86465,errG=875.35492,style_loss=0.03263
Epoch:56, Derain_Loss=0.00213
This epoch take time 437.10
----------------------------------------------------------------------------------------------------
lr_Derain 0.000200
lr_ED 0.000100
lrD 0.000400
[Epoch:57/2000] 00000/01575, Loss=0.00235, gfake=38.95978,errG=1215.67969,style_loss=0.03233
[Epoch:57/2000] 00200/01575, Loss=0.00254, gfake=43.48731,errG=1316.44080,style_loss=0.03106
[Epoch:57/2000] 00400/01575, Loss=0.00214, gfake=39.08766,errG=1111.16052,style_loss=0.03643
[Epoch:57/2000] 00600/01575, Loss=0.00182, gfake=45.24300,errG=955.77893,style_loss=0.03020
[Epoch:57/2000] 00800/01575, Loss=0.00140, gfake=39.50347,errG=741.84863,style_loss=0.03593
[Epoch:57/2000] 01000/01575, Loss=0.00202, gfake=38.98100,errG=1049.14819,style_loss=0.03466
[Epoch:57/2000] 01200/01575, Loss=0.00178, gfake=37.61638,errG=929.18097,style_loss=0.03246
[Epoch:57/2000] 01400/01575, Loss=0.00374, gfake=41.97361,errG=1913.01624,style_loss=0.03262
Epoch:57, Derain_Loss=0.00213
This epoch take time 435.09
----------------------------------------------------------------------------------------------------
lr_Derain 0.000200
lr_ED 0.000100
lrD 0.000400
[Epoch:58/2000] 00000/01575, Loss=0.00161, gfake=35.54576,errG=839.87671,style_loss=0.03758
[Epoch:58/2000] 00200/01575, Loss=0.00299, gfake=42.99533,errG=1540.19153,style_loss=0.03428
[Epoch:58/2000] 00400/01575, Loss=0.00237, gfake=40.77409,errG=1224.44519,style_loss=0.03129
[Epoch:58/2000] 00600/01575, Loss=0.00205, gfake=34.58111,errG=1059.26294,style_loss=0.03371
[Epoch:58/2000] 00800/01575, Loss=0.00241, gfake=36.44661,errG=1241.38123,style_loss=0.03451
[Epoch:58/2000] 01000/01575, Loss=0.00123, gfake=48.21463,errG=664.77496,style_loss=0.03424
[Epoch:58/2000] 01200/01575, Loss=0.00159, gfake=43.48702,errG=839.01801,style_loss=0.03497
[Epoch:58/2000] 01400/01575, Loss=0.00220, gfake=39.56375,errG=1143.21191,style_loss=0.03511
Epoch:58, Derain_Loss=0.00212
This epoch take time 439.53
----------------------------------------------------------------------------------------------------
lr_Derain 0.000200
lr_ED 0.000100
lrD 0.000400
[Epoch:59/2000] 00000/01575, Loss=0.00166, gfake=41.06336,errG=871.55377,style_loss=0.03571
[Epoch:59/2000] 00200/01575, Loss=0.00425, gfake=45.00417,errG=2168.70972,style_loss=0.02910
[Epoch:59/2000] 00400/01575, Loss=0.00142, gfake=47.59815,errG=760.08167,style_loss=0.04129
[Epoch:59/2000] 00600/01575, Loss=0.00278, gfake=34.84954,errG=1423.38464,style_loss=0.02917
[Epoch:59/2000] 00800/01575, Loss=0.00273, gfake=38.17768,errG=1405.95715,style_loss=0.03619
[Epoch:59/2000] 01000/01575, Loss=0.00174, gfake=37.55641,errG=906.86383,style_loss=0.03623
[Epoch:59/2000] 01200/01575, Loss=0.00201, gfake=33.91035,errG=1039.62866,style_loss=0.03568
[Epoch:59/2000] 01400/01575, Loss=0.00301, gfake=29.90196,errG=1535.22278,style_loss=0.03881
Epoch:59, Derain_Loss=0.00205
This epoch take time 438.59
----------------------------------------------------------------------------------------------------
lr_Derain 0.000200
lr_ED 0.000100
lrD 0.000400
[Epoch:60/2000] 00000/01575, Loss=0.00202, gfake=38.46642,errG=1046.95630,style_loss=0.04095
[Epoch:60/2000] 00200/01575, Loss=0.00257, gfake=39.40188,errG=1324.82849,style_loss=0.03651
[Epoch:60/2000] 00400/01575, Loss=0.00397, gfake=31.37551,errG=2014.98950,style_loss=0.03380
[Epoch:60/2000] 00600/01575, Loss=0.00175, gfake=36.88751,errG=910.40167,style_loss=0.03279
[Epoch:60/2000] 00800/01575, Loss=0.00335, gfake=35.93227,errG=1710.61206,style_loss=0.03270
[Epoch:60/2000] 01000/01575, Loss=0.00138, gfake=32.21315,errG=722.75897,style_loss=0.03354
[Epoch:60/2000] 01200/01575, Loss=0.00164, gfake=39.83205,errG=858.98505,style_loss=0.03255
[Epoch:60/2000] 01400/01575, Loss=0.00216, gfake=34.75624,errG=1116.57373,style_loss=0.03336
Epoch:60, Derain_Loss=0.00208
This epoch take time 437.57
----------------------------------------------------------------------------------------------------
lr_Derain 0.000200
lr_ED 0.000100
lrD 0.000400
[Epoch:61/2000] 00000/01575, Loss=0.00167, gfake=37.21395,errG=872.27753,style_loss=0.03076
[Epoch:61/2000] 00200/01575, Loss=0.00154, gfake=29.83538,errG=801.65631,style_loss=0.03937
[Epoch:61/2000] 00400/01575, Loss=0.00264, gfake=39.72791,errG=1362.63989,style_loss=0.02723
[Epoch:61/2000] 00600/01575, Loss=0.00295, gfake=43.90907,errG=1520.61267,style_loss=0.03405
[Epoch:61/2000] 00800/01575, Loss=0.00233, gfake=32.64341,errG=1196.30164,style_loss=0.03160
[Epoch:61/2000] 01000/01575, Loss=0.00240, gfake=37.31831,errG=1240.23474,style_loss=0.03230
[Epoch:61/2000] 01200/01575, Loss=0.00122, gfake=40.23129,errG=650.16357,style_loss=0.03122
[Epoch:61/2000] 01400/01575, Loss=0.00215, gfake=32.95272,errG=1107.61304,style_loss=0.03347
Epoch:61, Derain_Loss=0.00203
This epoch take time 436.76
----------------------------------------------------------------------------------------------------
lr_Derain 0.000200
lr_ED 0.000100
lrD 0.000400
[Epoch:62/2000] 00000/01575, Loss=0.00208, gfake=32.92964,errG=1072.01233,style_loss=0.03339
[Epoch:62/2000] 00200/01575, Loss=0.00191, gfake=36.27779,errG=991.09576,style_loss=0.03734
[Epoch:62/2000] 00400/01575, Loss=0.00140, gfake=41.42616,errG=743.94342,style_loss=0.03494
[Epoch:62/2000] 00600/01575, Loss=0.00313, gfake=33.40149,errG=1597.69031,style_loss=0.04054
[Epoch:62/2000] 00800/01575, Loss=0.00189, gfake=33.16780,errG=978.80750,style_loss=0.03185
[Epoch:62/2000] 01000/01575, Loss=0.00249, gfake=35.87702,errG=1284.04749,style_loss=0.03626
[Epoch:62/2000] 01200/01575, Loss=0.00175, gfake=37.49973,errG=912.94385,style_loss=0.03550
[Epoch:62/2000] 01400/01575, Loss=0.00211, gfake=32.52647,errG=1086.82458,style_loss=0.03404
Epoch:62, Derain_Loss=0.00206
This epoch take time 437.03
----------------------------------------------------------------------------------------------------
lr_Derain 0.000200
lr_ED 0.000100
lrD 0.000400
[Epoch:63/2000] 00000/01575, Loss=0.00188, gfake=40.11619,errG=981.71405,style_loss=0.03565
[Epoch:63/2000] 00200/01575, Loss=0.00114, gfake=38.51256,errG=610.92511,style_loss=0.03276
[Epoch:63/2000] 00400/01575, Loss=0.00182, gfake=39.44762,errG=951.02405,style_loss=0.03374
[Epoch:63/2000] 00600/01575, Loss=0.00142, gfake=39.02473,errG=750.63574,style_loss=0.03152
[Epoch:63/2000] 00800/01575, Loss=0.00236, gfake=37.28825,errG=1216.18408,style_loss=0.03107
[Epoch:63/2000] 01000/01575, Loss=0.00166, gfake=47.10582,errG=876.97168,style_loss=0.02923
[Epoch:63/2000] 01200/01575, Loss=0.00184, gfake=47.89678,errG=968.41083,style_loss=0.03195
[Epoch:63/2000] 01400/01575, Loss=0.00213, gfake=46.92558,errG=1114.05139,style_loss=0.03572
Epoch:63, Derain_Loss=0.00207
This epoch take time 436.88
----------------------------------------------------------------------------------------------------
lr_Derain 0.000200
lr_ED 0.000100
lrD 0.000400
[Epoch:64/2000] 00000/01575, Loss=0.00279, gfake=38.52620,errG=1434.49084,style_loss=0.04403
[Epoch:64/2000] 00200/01575, Loss=0.00234, gfake=43.63968,errG=1214.82605,style_loss=0.03323
[Epoch:64/2000] 00400/01575, Loss=0.00198, gfake=38.42428,errG=1026.68311,style_loss=0.02817
[Epoch:64/2000] 00600/01575, Loss=0.00191, gfake=44.34916,errG=998.11804,style_loss=0.02957
[Epoch:64/2000] 00800/01575, Loss=0.00091, gfake=42.74996,errG=498.51379,style_loss=0.03659
[Epoch:64/2000] 01000/01575, Loss=0.00153, gfake=46.47032,errG=812.22290,style_loss=0.03033
[Epoch:64/2000] 01200/01575, Loss=0.00213, gfake=30.76664,errG=1095.34155,style_loss=0.03349
[Epoch:64/2000] 01400/01575, Loss=0.00256, gfake=36.54867,errG=1315.13574,style_loss=0.03106
Epoch:64, Derain_Loss=0.00201
This epoch take time 438.37
----------------------------------------------------------------------------------------------------
lr_Derain 0.000200
lr_ED 0.000100
lrD 0.000400
[Epoch:65/2000] 00000/01575, Loss=0.00181, gfake=33.02841,errG=936.81689,style_loss=0.03348
[Epoch:65/2000] 00200/01575, Loss=0.00205, gfake=42.65504,errG=1069.22717,style_loss=0.03313
[Epoch:65/2000] 00400/01575, Loss=0.00186, gfake=29.98437,errG=959.37256,style_loss=0.04097
[Epoch:65/2000] 00600/01575, Loss=0.00153, gfake=40.25870,errG=806.88568,style_loss=0.03549
[Epoch:65/2000] 00800/01575, Loss=0.00167, gfake=38.26258,errG=872.25305,style_loss=0.04187
[Epoch:65/2000] 01000/01575, Loss=0.00139, gfake=40.75090,errG=736.63702,style_loss=0.03238
[Epoch:65/2000] 01200/01575, Loss=0.00166, gfake=43.50438,errG=875.52716,style_loss=0.03607
[Epoch:65/2000] 01400/01575, Loss=0.00162, gfake=36.48306,errG=846.28119,style_loss=0.03667
Epoch:65, Derain_Loss=0.00202
This epoch take time 437.26
----------------------------------------------------------------------------------------------------
lr_Derain 0.000200
lr_ED 0.000100
lrD 0.000400
