Random Seed:  2694
lr_Derain 0.000200
lr_ED 0.000100
lrD 0.000400
[Epoch: 1/2000] 00000/01575, Loss=0.01585, gfake=-0.58430 errG=528563.62500
[Epoch: 1/2000] 00200/01575, Loss=0.02322, gfake=-30.16252 errG=13668.01758
[Epoch: 1/2000] 00400/01575, Loss=0.00921, gfake=-24.47482 errG=5645.42969
[Epoch: 1/2000] 00600/01575, Loss=0.00748, gfake=-28.43118 errG=4168.71875
[Epoch: 1/2000] 00800/01575, Loss=0.00666, gfake=-82.62616 errG=3610.64136
[Epoch: 1/2000] 01000/01575, Loss=0.00465, gfake=-67.37659 errG=2517.99854
[Epoch: 1/2000] 01200/01575, Loss=0.00652, gfake=13.95418 errG=3579.89282
[Epoch: 1/2000] 01400/01575, Loss=0.00785, gfake=0.62909 errG=4127.19873
Epoch: 1, Derain_Loss=0.01009
This epoch take time 304.78
----------------------------------------------------------------------------------------------------
lr_Derain 0.000200
lr_ED 0.000100
lrD 0.000400
[Epoch: 2/2000] 00000/01575, Loss=0.00641, gfake=-33.60698 errG=3337.47095
[Epoch: 2/2000] 00200/01575, Loss=0.00659, gfake=10.29173 errG=3507.36694
[Epoch: 2/2000] 00400/01575, Loss=0.00459, gfake=-71.58158 errG=2382.04419
[Epoch: 2/2000] 00600/01575, Loss=0.00286, gfake=-84.38104 errG=1521.08594
[Epoch: 2/2000] 00800/01575, Loss=0.00392, gfake=144.36534 errG=2263.66992
[Epoch: 2/2000] 01000/01575, Loss=0.01158, gfake=-18.78297 errG=5923.65527
[Epoch: 2/2000] 01200/01575, Loss=0.00456, gfake=-39.50625 errG=2370.04297
[Epoch: 2/2000] 01400/01575, Loss=0.00597, gfake=-143.19861 errG=2972.50122
Epoch: 2, Derain_Loss=0.00578
This epoch take time 301.20
----------------------------------------------------------------------------------------------------
lr_Derain 0.000200
lr_ED 0.000100
lrD 0.000400
[Epoch: 3/2000] 00000/01575, Loss=0.00589, gfake=-136.37308 errG=3033.34863
[Epoch: 3/2000] 00200/01575, Loss=0.00528, gfake=79.95700 errG=2826.85205
[Epoch: 3/2000] 00400/01575, Loss=0.00372, gfake=50.89286 errG=1967.41980
[Epoch: 3/2000] 00600/01575, Loss=0.00539, gfake=-6.52005 errG=2784.40771
[Epoch: 3/2000] 00800/01575, Loss=0.00401, gfake=-203.13353 errG=1845.36768
[Epoch: 3/2000] 01000/01575, Loss=0.00677, gfake=-344.95624 errG=3073.07397
[Epoch: 3/2000] 01200/01575, Loss=0.00417, gfake=-132.50313 errG=2071.28320
[Epoch: 3/2000] 01400/01575, Loss=0.00607, gfake=-167.77814 errG=2902.17773
Epoch: 3, Derain_Loss=0.00533
This epoch take time 301.85
----------------------------------------------------------------------------------------------------
lr_Derain 0.000200
lr_ED 0.000100
lrD 0.000400
[Epoch: 4/2000] 00000/01575, Loss=0.00514, gfake=-186.99052 errG=2434.53857
[Epoch: 4/2000] 00200/01575, Loss=0.00870, gfake=-149.25821 errG=4245.39941
[Epoch: 4/2000] 00400/01575, Loss=0.00639, gfake=68.28371 errG=3376.21313
[Epoch: 4/2000] 00600/01575, Loss=0.00851, gfake=-164.96799 errG=4133.17529
[Epoch: 4/2000] 00800/01575, Loss=0.00351, gfake=-142.13168 errG=1657.80579
[Epoch: 4/2000] 01000/01575, Loss=0.00398, gfake=-38.60320 errG=1984.25867
[Epoch: 4/2000] 01200/01575, Loss=0.00699, gfake=56.67281 errG=3683.67212
[Epoch: 4/2000] 01400/01575, Loss=0.00437, gfake=-79.14718 errG=2128.71729
Epoch: 4, Derain_Loss=0.00523
This epoch take time 302.18
----------------------------------------------------------------------------------------------------
lr_Derain 0.000200
lr_ED 0.000100
lrD 0.000400
[Epoch: 5/2000] 00000/01575, Loss=0.00602, gfake=-141.61917 errG=2907.76489
[Epoch: 5/2000] 00200/01575, Loss=0.00563, gfake=-167.08847 errG=2791.71631
[Epoch: 5/2000] 00400/01575, Loss=0.00442, gfake=150.06844 errG=2383.42700
[Epoch: 5/2000] 00600/01575, Loss=0.00322, gfake=52.32929 errG=1687.25696
[Epoch: 5/2000] 00800/01575, Loss=0.00548, gfake=-90.66945 errG=2715.68604
[Epoch: 5/2000] 01000/01575, Loss=0.00690, gfake=-147.53577 errG=3390.14722
[Epoch: 5/2000] 01200/01575, Loss=0.00476, gfake=-124.81427 errG=2276.22412
[Epoch: 5/2000] 01400/01575, Loss=0.00453, gfake=-84.34087 errG=2218.06348
Epoch: 5, Derain_Loss=0.00515
This epoch take time 300.60
----------------------------------------------------------------------------------------------------
lr_Derain 0.000200
lr_ED 0.000100
lrD 0.000400
[Epoch: 6/2000] 00000/01575, Loss=0.00290, gfake=-172.23801 errG=1331.59412
[Epoch: 6/2000] 00200/01575, Loss=0.00607, gfake=-87.51917 errG=3001.54810
[Epoch: 6/2000] 00400/01575, Loss=0.00418, gfake=-127.22839 errG=2006.68970
[Epoch: 6/2000] 00600/01575, Loss=0.00411, gfake=-139.60385 errG=1934.79773
[Epoch: 6/2000] 00800/01575, Loss=0.00689, gfake=-267.65320 errG=3204.95898
[Epoch: 6/2000] 01000/01575, Loss=0.00484, gfake=-223.90443 errG=2236.42407
[Epoch: 6/2000] 01200/01575, Loss=0.00231, gfake=-44.31209 errG=1171.03540
[Epoch: 6/2000] 01400/01575, Loss=0.00321, gfake=-159.15384 errG=1472.44226
Epoch: 6, Derain_Loss=0.00496
This epoch take time 304.11
----------------------------------------------------------------------------------------------------
lr_Derain 0.000200
lr_ED 0.000100
lrD 0.000400
[Epoch: 7/2000] 00000/01575, Loss=0.00471, gfake=-323.15851 errG=2085.45117
[Epoch: 7/2000] 00200/01575, Loss=0.00655, gfake=-81.72922 errG=3221.98413
[Epoch: 7/2000] 00400/01575, Loss=0.00385, gfake=-258.31372 errG=1722.21240
[Epoch: 7/2000] 00600/01575, Loss=0.00465, gfake=-178.04630 errG=2166.19507
[Epoch: 7/2000] 00800/01575, Loss=0.00504, gfake=-165.29645 errG=2402.16577
[Epoch: 7/2000] 01000/01575, Loss=0.00404, gfake=-92.13980 errG=1964.44849
[Epoch: 7/2000] 01200/01575, Loss=0.00615, gfake=-94.78291 errG=3005.03345
[Epoch: 7/2000] 01400/01575, Loss=0.00311, gfake=67.01372 errG=1652.60046
Epoch: 7, Derain_Loss=0.00462
This epoch take time 298.39
----------------------------------------------------------------------------------------------------
lr_Derain 0.000200
lr_ED 0.000100
lrD 0.000400
[Epoch: 8/2000] 00000/01575, Loss=0.00554, gfake=-41.18319 errG=2764.19092
[Epoch: 8/2000] 00200/01575, Loss=0.00302, gfake=117.27181 errG=1673.68103
[Epoch: 8/2000] 00400/01575, Loss=0.00419, gfake=54.44499 errG=2193.14038
[Epoch: 8/2000] 00600/01575, Loss=0.00465, gfake=-137.79410 errG=2234.28320
[Epoch: 8/2000] 00800/01575, Loss=0.00571, gfake=17.00304 errG=2904.19971
[Epoch: 8/2000] 01000/01575, Loss=0.00318, gfake=-56.01554 errG=1558.56519
[Epoch: 8/2000] 01200/01575, Loss=0.00364, gfake=-48.97737 errG=1790.03174
[Epoch: 8/2000] 01400/01575, Loss=0.00352, gfake=-61.57998 errG=1735.90015
Epoch: 8, Derain_Loss=0.00423
This epoch take time 301.53
----------------------------------------------------------------------------------------------------
lr_Derain 0.000200
lr_ED 0.000100
lrD 0.000400
[Epoch: 9/2000] 00000/01575, Loss=0.00407, gfake=-44.31181 errG=2010.79053
[Epoch: 9/2000] 00200/01575, Loss=0.00365, gfake=-49.01862 errG=1792.47339
[Epoch: 9/2000] 00400/01575, Loss=0.00570, gfake=-48.97980 errG=2837.75073
[Epoch: 9/2000] 00600/01575, Loss=0.00352, gfake=-37.14085 errG=1762.32288
[Epoch: 9/2000] 00800/01575, Loss=0.00218, gfake=-28.46175 errG=1096.27844
[Epoch: 9/2000] 01000/01575, Loss=0.00608, gfake=-23.90015 errG=3065.62720
[Epoch: 9/2000] 01200/01575, Loss=0.00478, gfake=-33.78650 errG=2378.05591
[Epoch: 9/2000] 01400/01575, Loss=0.00370, gfake=-14.11382 errG=1856.24988
Epoch: 9, Derain_Loss=0.00413
This epoch take time 298.45
----------------------------------------------------------------------------------------------------
lr_Derain 0.000200
lr_ED 0.000100
lrD 0.000400
[Epoch:10/2000] 00000/01575, Loss=0.00455, gfake=-15.06464 errG=2306.66113
[Epoch:10/2000] 00200/01575, Loss=0.00348, gfake=-26.05858 errG=1738.36072
[Epoch:10/2000] 00400/01575, Loss=0.00435, gfake=-17.41048 errG=2188.35010
[Epoch:10/2000] 00600/01575, Loss=0.00453, gfake=-17.84815 errG=2309.71729
[Epoch:10/2000] 00800/01575, Loss=0.00273, gfake=-22.94132 errG=1360.05383
[Epoch:10/2000] 01000/01575, Loss=0.00447, gfake=-1.32233 errG=2257.46045
[Epoch:10/2000] 01200/01575, Loss=0.00188, gfake=-18.67697 errG=960.17755
[Epoch:10/2000] 01400/01575, Loss=0.00298, gfake=-12.32302 errG=1516.38623
Epoch:10, Derain_Loss=0.00401
This epoch take time 298.96
----------------------------------------------------------------------------------------------------
lr_Derain 0.000200
lr_ED 0.000100
lrD 0.000400
[Epoch:11/2000] 00000/01575, Loss=0.00237, gfake=-17.57637 errG=1190.77454
[Epoch:11/2000] 00200/01575, Loss=0.00383, gfake=-11.70888 errG=1923.90698
[Epoch:11/2000] 00400/01575, Loss=0.00385, gfake=-7.76867 errG=1941.64429
[Epoch:11/2000] 00600/01575, Loss=0.00471, gfake=-15.58299 errG=2354.78784
[Epoch:11/2000] 00800/01575, Loss=0.00364, gfake=-26.61035 errG=1803.53564
[Epoch:11/2000] 01000/01575, Loss=0.00393, gfake=0.95769 errG=2002.60010
[Epoch:11/2000] 01200/01575, Loss=0.00392, gfake=-0.49599 errG=1982.78442
[Epoch:11/2000] 01400/01575, Loss=0.00363, gfake=-5.53119 errG=1822.14624
Epoch:11, Derain_Loss=0.00387
This epoch take time 300.81
----------------------------------------------------------------------------------------------------
lr_Derain 0.000200
lr_ED 0.000100
lrD 0.000400
[Epoch:12/2000] 00000/01575, Loss=0.00342, gfake=9.90474 errG=1780.91077
[Epoch:12/2000] 00200/01575, Loss=0.00472, gfake=-12.67095 errG=2392.42725
[Epoch:12/2000] 00400/01575, Loss=0.00496, gfake=-10.19190 errG=2487.02490
[Epoch:12/2000] 00600/01575, Loss=0.00637, gfake=-13.25603 errG=3191.92432
[Epoch:12/2000] 00800/01575, Loss=0.00611, gfake=-19.15480 errG=3062.79810
[Epoch:12/2000] 01000/01575, Loss=0.00340, gfake=4.71355 errG=1720.06946
[Epoch:12/2000] 01200/01575, Loss=0.00569, gfake=8.48504 errG=2868.25171
[Epoch:12/2000] 01400/01575, Loss=0.00530, gfake=-25.51770 errG=2637.33862
Epoch:12, Derain_Loss=0.00374
This epoch take time 300.53
----------------------------------------------------------------------------------------------------
lr_Derain 0.000200
lr_ED 0.000100
lrD 0.000400
[Epoch:13/2000] 00000/01575, Loss=0.00314, gfake=-10.09701 errG=1585.55103
[Epoch:13/2000] 00200/01575, Loss=0.00190, gfake=-25.12051 errG=994.30963
[Epoch:13/2000] 00400/01575, Loss=0.00421, gfake=-0.27761 errG=2132.25439
[Epoch:13/2000] 00600/01575, Loss=0.00307, gfake=-15.07061 errG=1537.83704
[Epoch:13/2000] 00800/01575, Loss=0.00634, gfake=-17.85034 errG=3170.52002
[Epoch:13/2000] 01000/01575, Loss=0.00736, gfake=-15.61158 errG=3676.60938
[Epoch:13/2000] 01200/01575, Loss=0.00426, gfake=-10.59492 errG=2134.38818
[Epoch:13/2000] 01400/01575, Loss=0.00549, gfake=-18.93109 errG=2751.51538
Epoch:13, Derain_Loss=0.00371
This epoch take time 296.34
----------------------------------------------------------------------------------------------------
lr_Derain 0.000200
lr_ED 0.000100
lrD 0.000400
[Epoch:14/2000] 00000/01575, Loss=0.00351, gfake=-16.39073 errG=1751.14661
[Epoch:14/2000] 00200/01575, Loss=0.00462, gfake=-5.37028 errG=2315.82739
[Epoch:14/2000] 00400/01575, Loss=0.00350, gfake=-5.34995 errG=1795.74536
[Epoch:14/2000] 00600/01575, Loss=0.00330, gfake=-6.07392 errG=1652.31152
[Epoch:14/2000] 00800/01575, Loss=0.00356, gfake=-7.90930 errG=1784.09888
[Epoch:14/2000] 01000/01575, Loss=0.00453, gfake=-3.46418 errG=2273.51611
[Epoch:14/2000] 01200/01575, Loss=0.00637, gfake=-7.65011 errG=3196.34448
[Epoch:14/2000] 01400/01575, Loss=0.00355, gfake=-2.97641 errG=1782.84082
Epoch:14, Derain_Loss=0.00351
This epoch take time 301.35
----------------------------------------------------------------------------------------------------
lr_Derain 0.000200
lr_ED 0.000100
lrD 0.000400
[Epoch:15/2000] 00000/01575, Loss=0.00201, gfake=0.61584 errG=1016.87152
[Epoch:15/2000] 00200/01575, Loss=0.00475, gfake=-9.11898 errG=2387.08667
[Epoch:15/2000] 00400/01575, Loss=0.00474, gfake=-10.99531 errG=2377.66724
[Epoch:15/2000] 00600/01575, Loss=0.00295, gfake=6.01913 errG=1494.46838
[Epoch:15/2000] 00800/01575, Loss=0.00178, gfake=-1.72717 errG=909.90680
[Epoch:15/2000] 01000/01575, Loss=0.00489, gfake=-3.79030 errG=2453.47559
[Epoch:15/2000] 01200/01575, Loss=0.00270, gfake=6.71676 errG=1367.29236
[Epoch:15/2000] 01400/01575, Loss=0.00239, gfake=2.87046 errG=1206.07019
Epoch:15, Derain_Loss=0.00343
This epoch take time 296.02
----------------------------------------------------------------------------------------------------
lr_Derain 0.000200
lr_ED 0.000100
lrD 0.000400
[Epoch:16/2000] 00000/01575, Loss=0.00332, gfake=-6.33965 errG=1698.62866
[Epoch:16/2000] 00200/01575, Loss=0.00292, gfake=16.66906 errG=1520.91907
[Epoch:16/2000] 00400/01575, Loss=0.00471, gfake=-0.99856 errG=2377.63501
[Epoch:16/2000] 00600/01575, Loss=0.00351, gfake=-3.83016 errG=1763.34424
[Epoch:16/2000] 00800/01575, Loss=0.00265, gfake=-9.58800 errG=1350.05066
[Epoch:16/2000] 01000/01575, Loss=0.00471, gfake=-6.00807 errG=2383.04126
[Epoch:16/2000] 01200/01575, Loss=0.00274, gfake=-19.45326 errG=1367.90881
[Epoch:16/2000] 01400/01575, Loss=0.00260, gfake=-5.68669 errG=1309.13281
Epoch:16, Derain_Loss=0.00346
This epoch take time 297.38
----------------------------------------------------------------------------------------------------
lr_Derain 0.000200
lr_ED 0.000100
lrD 0.000400
[Epoch:17/2000] 00000/01575, Loss=0.00170, gfake=11.51888 errG=879.50299
[Epoch:17/2000] 00200/01575, Loss=0.00428, gfake=1.25289 errG=2161.73755
[Epoch:17/2000] 00400/01575, Loss=0.00393, gfake=3.10577 errG=1993.65076
[Epoch:17/2000] 00600/01575, Loss=0.00323, gfake=-4.39005 errG=1639.60571
[Epoch:17/2000] 00800/01575, Loss=0.00302, gfake=5.06160 errG=1522.91211
[Epoch:17/2000] 01000/01575, Loss=0.00348, gfake=1.53756 errG=1757.10107
[Epoch:17/2000] 01200/01575, Loss=0.00394, gfake=-10.71086 errG=1970.42041
[Epoch:17/2000] 01400/01575, Loss=0.00270, gfake=7.78082 errG=1368.38098
Epoch:17, Derain_Loss=0.00330
This epoch take time 298.93
----------------------------------------------------------------------------------------------------
lr_Derain 0.000200
lr_ED 0.000100
lrD 0.000400
[Epoch:18/2000] 00000/01575, Loss=0.00193, gfake=0.82787 errG=987.92432
[Epoch:18/2000] 00200/01575, Loss=0.00426, gfake=8.10196 errG=2162.20410
[Epoch:18/2000] 00400/01575, Loss=0.00455, gfake=-7.99843 errG=2277.19800
[Epoch:18/2000] 00600/01575, Loss=0.00297, gfake=-1.32621 errG=1498.79102
[Epoch:18/2000] 00800/01575, Loss=0.00429, gfake=-17.18454 errG=2144.48535
[Epoch:18/2000] 01000/01575, Loss=0.00355, gfake=-7.62951 errG=1775.33533
[Epoch:18/2000] 01200/01575, Loss=0.00631, gfake=-9.48838 errG=3152.98022
[Epoch:18/2000] 01400/01575, Loss=0.00325, gfake=-8.24836 errG=1632.29651
Epoch:18, Derain_Loss=0.00324
This epoch take time 301.88
----------------------------------------------------------------------------------------------------
lr_Derain 0.000200
lr_ED 0.000100
lrD 0.000400
[Epoch:19/2000] 00000/01575, Loss=0.00560, gfake=0.21138 errG=2839.77686
[Epoch:19/2000] 00200/01575, Loss=0.00226, gfake=-4.63200 errG=1144.53333
[Epoch:19/2000] 00400/01575, Loss=0.00392, gfake=-14.49878 errG=1962.22925
[Epoch:19/2000] 00600/01575, Loss=0.00172, gfake=3.37260 errG=879.19617
[Epoch:19/2000] 00800/01575, Loss=0.00377, gfake=-3.80345 errG=1895.93677
[Epoch:19/2000] 01000/01575, Loss=0.00278, gfake=-14.61110 errG=1385.40210
[Epoch:19/2000] 01200/01575, Loss=0.00388, gfake=-9.09414 errG=1945.29321
[Epoch:19/2000] 01400/01575, Loss=0.00268, gfake=-0.36063 errG=1349.75330
Epoch:19, Derain_Loss=0.00314
This epoch take time 294.76
----------------------------------------------------------------------------------------------------
lr_Derain 0.000200
lr_ED 0.000100
lrD 0.000400
[Epoch:20/2000] 00000/01575, Loss=0.00274, gfake=-6.12751 errG=1366.93201
[Epoch:20/2000] 00200/01575, Loss=0.00345, gfake=-8.01519 errG=1727.86243
[Epoch:20/2000] 00400/01575, Loss=0.00249, gfake=-10.93689 errG=1255.72205
[Epoch:20/2000] 00600/01575, Loss=0.00490, gfake=-4.40336 errG=2472.62402
[Epoch:20/2000] 00800/01575, Loss=0.00229, gfake=-7.72327 errG=1145.75281
[Epoch:20/2000] 01000/01575, Loss=0.00322, gfake=-7.26878 errG=1609.18591
[Epoch:20/2000] 01200/01575, Loss=0.00193, gfake=1.15086 errG=974.41925
[Epoch:20/2000] 01400/01575, Loss=0.00438, gfake=3.84521 errG=2205.19238
Epoch:20, Derain_Loss=0.00311
This epoch take time 297.62
----------------------------------------------------------------------------------------------------
lr_Derain 0.000200
lr_ED 0.000100
lrD 0.000400
[Epoch:21/2000] 00000/01575, Loss=0.00435, gfake=-10.23577 errG=2179.06274
[Epoch:21/2000] 00200/01575, Loss=0.00265, gfake=-7.77613 errG=1324.42285
[Epoch:21/2000] 00400/01575, Loss=0.00312, gfake=-4.89802 errG=1562.82019
[Epoch:21/2000] 00600/01575, Loss=0.00433, gfake=-8.26231 errG=2167.59009
[Epoch:21/2000] 00800/01575, Loss=0.00221, gfake=-8.68445 errG=1105.89990
[Epoch:21/2000] 01000/01575, Loss=0.00330, gfake=-7.95046 errG=1657.71521
[Epoch:21/2000] 01200/01575, Loss=0.00258, gfake=0.25020 errG=1293.42444
[Epoch:21/2000] 01400/01575, Loss=0.00514, gfake=-2.44266 errG=2575.20728
Epoch:21, Derain_Loss=0.00299
This epoch take time 301.47
----------------------------------------------------------------------------------------------------
lr_Derain 0.000200
lr_ED 0.000100
lrD 0.000400
[Epoch:22/2000] 00000/01575, Loss=0.00216, gfake=-9.47778 errG=1084.83325
[Epoch:22/2000] 00200/01575, Loss=0.00218, gfake=0.97168 errG=1094.44836
[Epoch:22/2000] 00400/01575, Loss=0.00382, gfake=-9.30585 errG=1904.58228
[Epoch:22/2000] 00600/01575, Loss=0.00341, gfake=-7.42798 errG=1709.08606
[Epoch:22/2000] 00800/01575, Loss=0.00254, gfake=6.54286 errG=1282.37378
[Epoch:22/2000] 01000/01575, Loss=0.00258, gfake=-5.67318 errG=1297.21729
[Epoch:22/2000] 01200/01575, Loss=0.00299, gfake=-15.12095 errG=1501.61743
[Epoch:22/2000] 01400/01575, Loss=0.00307, gfake=-4.62378 errG=1539.13928
Epoch:22, Derain_Loss=0.00292
This epoch take time 299.18
----------------------------------------------------------------------------------------------------
lr_Derain 0.000200
lr_ED 0.000100
lrD 0.000400
[Epoch:23/2000] 00000/01575, Loss=0.00306, gfake=-2.57287 errG=1536.15247
[Epoch:23/2000] 00200/01575, Loss=0.00244, gfake=6.76036 errG=1233.16394
[Epoch:23/2000] 00400/01575, Loss=0.00412, gfake=-12.69842 errG=2095.38403
[Epoch:23/2000] 00600/01575, Loss=0.00294, gfake=-0.62638 errG=1473.43848
[Epoch:23/2000] 00800/01575, Loss=0.00375, gfake=-6.97233 errG=1881.46326
[Epoch:23/2000] 01000/01575, Loss=0.00609, gfake=0.13045 errG=3053.56445
[Epoch:23/2000] 01200/01575, Loss=0.00292, gfake=-0.55102 errG=1469.58472
[Epoch:23/2000] 01400/01575, Loss=0.00200, gfake=8.94866 errG=1016.65527
Epoch:23, Derain_Loss=0.00287
This epoch take time 295.44
----------------------------------------------------------------------------------------------------
lr_Derain 0.000200
lr_ED 0.000100
lrD 0.000400
[Epoch:24/2000] 00000/01575, Loss=0.00290, gfake=4.91537 errG=1456.89258
[Epoch:24/2000] 00200/01575, Loss=0.00469, gfake=4.56473 errG=2353.05151
[Epoch:24/2000] 00400/01575, Loss=0.00253, gfake=-5.45916 errG=1268.88647
[Epoch:24/2000] 00600/01575, Loss=0.00340, gfake=4.60729 errG=1711.06860
[Epoch:24/2000] 00800/01575, Loss=0.00236, gfake=2.76392 errG=1185.32642
[Epoch:24/2000] 01000/01575, Loss=0.00311, gfake=0.41269 errG=1564.47437
[Epoch:24/2000] 01200/01575, Loss=0.00237, gfake=-0.41745 errG=1192.08777
[Epoch:24/2000] 01400/01575, Loss=0.00240, gfake=-2.11432 errG=1203.26221
Epoch:24, Derain_Loss=0.00281
This epoch take time 299.07
----------------------------------------------------------------------------------------------------
lr_Derain 0.000200
lr_ED 0.000100
lrD 0.000400
[Epoch:25/2000] 00000/01575, Loss=0.00421, gfake=-1.72453 errG=2113.75977
[Epoch:25/2000] 00200/01575, Loss=0.00280, gfake=1.36347 errG=1407.29187
[Epoch:25/2000] 00400/01575, Loss=0.00337, gfake=-3.12724 errG=1689.71741
[Epoch:25/2000] 00600/01575, Loss=0.00225, gfake=-5.13907 errG=1125.24707
[Epoch:25/2000] 00800/01575, Loss=0.00222, gfake=-1.05510 errG=1117.66699
[Epoch:25/2000] 01000/01575, Loss=0.00290, gfake=0.10553 errG=1470.12146
[Epoch:25/2000] 01200/01575, Loss=0.00283, gfake=-5.66213 errG=1414.09497
[Epoch:25/2000] 01400/01575, Loss=0.00160, gfake=8.35385 errG=814.66882
Epoch:25, Derain_Loss=0.00284
This epoch take time 299.10
----------------------------------------------------------------------------------------------------
lr_Derain 0.000200
lr_ED 0.000100
lrD 0.000400
[Epoch:26/2000] 00000/01575, Loss=0.00325, gfake=3.12164 errG=1631.29468
[Epoch:26/2000] 00200/01575, Loss=0.00176, gfake=0.66055 errG=884.10736
[Epoch:26/2000] 00400/01575, Loss=0.00286, gfake=-2.66135 errG=1442.22791
[Epoch:26/2000] 00600/01575, Loss=0.00228, gfake=-8.07311 errG=1144.01428
[Epoch:26/2000] 00800/01575, Loss=0.00433, gfake=-2.33831 errG=2167.08618
[Epoch:26/2000] 01000/01575, Loss=0.00397, gfake=-2.33419 errG=1988.17883
[Epoch:26/2000] 01200/01575, Loss=0.00371, gfake=-3.83458 errG=1855.69458
[Epoch:26/2000] 01400/01575, Loss=0.00225, gfake=0.02920 errG=1134.14148
Epoch:26, Derain_Loss=0.00272
This epoch take time 298.80
----------------------------------------------------------------------------------------------------
lr_Derain 0.000200
lr_ED 0.000100
lrD 0.000400
[Epoch:27/2000] 00000/01575, Loss=0.00163, gfake=6.73380 errG=829.41962
[Epoch:27/2000] 00200/01575, Loss=0.00256, gfake=-2.59355 errG=1285.06750
[Epoch:27/2000] 00400/01575, Loss=0.00155, gfake=5.23550 errG=782.62909
[Epoch:27/2000] 00600/01575, Loss=0.00265, gfake=-2.87240 errG=1328.62695
[Epoch:27/2000] 00800/01575, Loss=0.00220, gfake=9.61375 errG=1115.30835
[Epoch:27/2000] 01000/01575, Loss=0.00350, gfake=-14.36076 errG=1785.50415
[Epoch:27/2000] 01200/01575, Loss=0.00254, gfake=4.02166 errG=1278.72693
[Epoch:27/2000] 01400/01575, Loss=0.00428, gfake=-1.38982 errG=2150.88257
Epoch:27, Derain_Loss=0.00278
This epoch take time 298.25
----------------------------------------------------------------------------------------------------
lr_Derain 0.000200
lr_ED 0.000100
lrD 0.000400
[Epoch:28/2000] 00000/01575, Loss=0.00202, gfake=-1.78527 errG=1023.94775
[Epoch:28/2000] 00200/01575, Loss=0.00289, gfake=-5.16873 errG=1445.70471
[Epoch:28/2000] 00400/01575, Loss=0.00312, gfake=-2.45361 errG=1563.07092
[Epoch:28/2000] 00600/01575, Loss=0.00197, gfake=1.11701 errG=1006.73041
[Epoch:28/2000] 00800/01575, Loss=0.00474, gfake=2.12047 errG=2373.14282
[Epoch:28/2000] 01000/01575, Loss=0.00157, gfake=0.59809 errG=790.35663
[Epoch:28/2000] 01200/01575, Loss=0.00275, gfake=12.99773 errG=1390.76953
[Epoch:28/2000] 01400/01575, Loss=0.00402, gfake=7.98537 errG=2019.95300
Epoch:28, Derain_Loss=0.00266
This epoch take time 298.71
----------------------------------------------------------------------------------------------------
lr_Derain 0.000200
lr_ED 0.000100
lrD 0.000400
[Epoch:29/2000] 00000/01575, Loss=0.00202, gfake=6.94050 errG=1019.26550
[Epoch:29/2000] 00200/01575, Loss=0.00273, gfake=-3.66241 errG=1368.56775
[Epoch:29/2000] 00400/01575, Loss=0.00178, gfake=1.03839 errG=902.58215
[Epoch:29/2000] 00600/01575, Loss=0.00328, gfake=5.49278 errG=1647.32996
[Epoch:29/2000] 00800/01575, Loss=0.00190, gfake=15.69938 errG=971.20093
[Epoch:29/2000] 01000/01575, Loss=0.00417, gfake=1.79560 errG=2104.43872
[Epoch:29/2000] 01200/01575, Loss=0.00313, gfake=10.64806 errG=1577.43042
[Epoch:29/2000] 01400/01575, Loss=0.00248, gfake=0.77678 errG=1243.58850
Epoch:29, Derain_Loss=0.00271
This epoch take time 295.37
----------------------------------------------------------------------------------------------------
lr_Derain 0.000200
lr_ED 0.000100
lrD 0.000400
[Epoch:30/2000] 00000/01575, Loss=0.00183, gfake=13.87966 errG=931.58929
[Epoch:30/2000] 00200/01575, Loss=0.00170, gfake=-3.79015 errG=852.05511
[Epoch:30/2000] 00400/01575, Loss=0.00308, gfake=0.23708 errG=1549.46228
[Epoch:30/2000] 00600/01575, Loss=0.00300, gfake=0.13187 errG=1502.76453
[Epoch:30/2000] 00800/01575, Loss=0.00301, gfake=8.90038 errG=1528.71228
[Epoch:30/2000] 01000/01575, Loss=0.00225, gfake=10.23985 errG=1137.07031
[Epoch:30/2000] 01200/01575, Loss=0.00205, gfake=-2.48978 errG=1025.32776
[Epoch:30/2000] 01400/01575, Loss=0.00369, gfake=1.96025 errG=1852.07971
Epoch:30, Derain_Loss=0.00261
This epoch take time 293.95
----------------------------------------------------------------------------------------------------
lr_Derain 0.000200
lr_ED 0.000100
lrD 0.000400
[Epoch:31/2000] 00000/01575, Loss=0.00238, gfake=3.20642 errG=1195.69739
[Epoch:31/2000] 00200/01575, Loss=0.00266, gfake=4.75961 errG=1341.97888
[Epoch:31/2000] 00400/01575, Loss=0.00409, gfake=2.58446 errG=2055.31104
[Epoch:31/2000] 00600/01575, Loss=0.00229, gfake=0.59052 errG=1152.64233
[Epoch:31/2000] 00800/01575, Loss=0.00177, gfake=10.98283 errG=900.89545
[Epoch:31/2000] 01000/01575, Loss=0.00200, gfake=13.62389 errG=1013.93524
[Epoch:31/2000] 01200/01575, Loss=0.00271, gfake=5.65525 errG=1360.22363
[Epoch:31/2000] 01400/01575, Loss=0.00357, gfake=9.19390 errG=1794.53369
Epoch:31, Derain_Loss=0.00259
This epoch take time 296.43
----------------------------------------------------------------------------------------------------
lr_Derain 0.000200
lr_ED 0.000100
lrD 0.000400
[Epoch:32/2000] 00000/01575, Loss=0.00234, gfake=3.91252 errG=1177.63513
[Epoch:32/2000] 00200/01575, Loss=0.00250, gfake=-2.10909 errG=1250.03296
[Epoch:32/2000] 00400/01575, Loss=0.00207, gfake=6.59480 errG=1049.51941
[Epoch:32/2000] 00600/01575, Loss=0.00400, gfake=1.50067 errG=2006.38403
[Epoch:32/2000] 00800/01575, Loss=0.00192, gfake=4.52247 errG=967.74316
[Epoch:32/2000] 01000/01575, Loss=0.00192, gfake=3.12443 errG=964.68427
[Epoch:32/2000] 01200/01575, Loss=0.00134, gfake=14.55313 errG=693.54810
[Epoch:32/2000] 01400/01575, Loss=0.00194, gfake=0.58454 errG=970.90338
Epoch:32, Derain_Loss=0.00253
This epoch take time 298.04
----------------------------------------------------------------------------------------------------
lr_Derain 0.000200
lr_ED 0.000100
lrD 0.000400
[Epoch:33/2000] 00000/01575, Loss=0.00207, gfake=0.08738 errG=1040.82104
[Epoch:33/2000] 00200/01575, Loss=0.00178, gfake=-2.06668 errG=898.71515
[Epoch:33/2000] 00400/01575, Loss=0.00238, gfake=-4.27340 errG=1190.11084
[Epoch:33/2000] 00600/01575, Loss=0.00347, gfake=3.08441 errG=1741.13464
[Epoch:33/2000] 00800/01575, Loss=0.00250, gfake=3.60466 errG=1256.92786
[Epoch:33/2000] 01000/01575, Loss=0.00331, gfake=11.96649 errG=1666.88318
[Epoch:33/2000] 01200/01575, Loss=0.00213, gfake=-2.47234 errG=1064.11060
[Epoch:33/2000] 01400/01575, Loss=0.00372, gfake=6.90068 errG=1869.26294
Epoch:33, Derain_Loss=0.00250
This epoch take time 295.56
----------------------------------------------------------------------------------------------------
lr_Derain 0.000200
lr_ED 0.000100
lrD 0.000400
[Epoch:34/2000] 00000/01575, Loss=0.00128, gfake=18.84498 errG=661.85864
[Epoch:34/2000] 00200/01575, Loss=0.00202, gfake=3.87618 errG=1018.28442
[Epoch:34/2000] 00400/01575, Loss=0.00269, gfake=1.92227 errG=1349.12817
[Epoch:34/2000] 00600/01575, Loss=0.00281, gfake=-1.50193 errG=1414.02478
[Epoch:34/2000] 00800/01575, Loss=0.00300, gfake=-3.47482 errG=1497.35095
[Epoch:34/2000] 01000/01575, Loss=0.00284, gfake=2.39052 errG=1425.90515
[Epoch:34/2000] 01200/01575, Loss=0.00183, gfake=1.35165 errG=922.33350
[Epoch:34/2000] 01400/01575, Loss=0.00404, gfake=-8.59814 errG=2014.88196
Epoch:34, Derain_Loss=0.00251
This epoch take time 295.79
----------------------------------------------------------------------------------------------------
lr_Derain 0.000200
lr_ED 0.000100
lrD 0.000400
[Epoch:35/2000] 00000/01575, Loss=0.00191, gfake=9.53400 errG=970.44031
[Epoch:35/2000] 00200/01575, Loss=0.00152, gfake=6.00056 errG=768.15753
[Epoch:35/2000] 00400/01575, Loss=0.00309, gfake=0.96586 errG=1549.62756
[Epoch:35/2000] 00600/01575, Loss=0.00335, gfake=3.47529 errG=1678.72119
[Epoch:35/2000] 00800/01575, Loss=0.00336, gfake=-2.02516 errG=1680.59180
[Epoch:35/2000] 01000/01575, Loss=0.00228, gfake=-6.21637 errG=1137.65356
[Epoch:35/2000] 01200/01575, Loss=0.00188, gfake=-0.43380 errG=947.15033
[Epoch:35/2000] 01400/01575, Loss=0.00245, gfake=-3.44705 errG=1225.10681
Epoch:35, Derain_Loss=0.00249
This epoch take time 295.91
----------------------------------------------------------------------------------------------------
lr_Derain 0.000200
lr_ED 0.000100
lrD 0.000400
[Epoch:36/2000] 00000/01575, Loss=0.00160, gfake=3.85930 errG=811.74292
[Epoch:36/2000] 00200/01575, Loss=0.00124, gfake=7.68699 errG=639.98828
[Epoch:36/2000] 00400/01575, Loss=0.00300, gfake=-1.64234 errG=1502.25977
[Epoch:36/2000] 00600/01575, Loss=0.00365, gfake=-7.04655 errG=1818.48047
[Epoch:36/2000] 00800/01575, Loss=0.00310, gfake=3.53222 errG=1553.84607
[Epoch:36/2000] 01000/01575, Loss=0.00333, gfake=2.43173 errG=1669.31177
[Epoch:36/2000] 01200/01575, Loss=0.00221, gfake=1.33643 errG=1107.02649
[Epoch:36/2000] 01400/01575, Loss=0.00241, gfake=4.50537 errG=1211.08057
Epoch:36, Derain_Loss=0.00248
This epoch take time 294.36
----------------------------------------------------------------------------------------------------
lr_Derain 0.000200
lr_ED 0.000100
lrD 0.000400
[Epoch:37/2000] 00000/01575, Loss=0.00276, gfake=3.90440 errG=1385.70154
[Epoch:37/2000] 00200/01575, Loss=0.00390, gfake=-2.47511 errG=1948.80310
[Epoch:37/2000] 00400/01575, Loss=0.00227, gfake=-1.54174 errG=1132.53772
[Epoch:37/2000] 00600/01575, Loss=0.00230, gfake=10.78384 errG=1160.71985
[Epoch:37/2000] 00800/01575, Loss=0.00188, gfake=-0.43854 errG=939.24988
[Epoch:37/2000] 01000/01575, Loss=0.00096, gfake=3.96186 errG=487.32562
[Epoch:37/2000] 01200/01575, Loss=0.00190, gfake=11.61375 errG=962.22150
[Epoch:37/2000] 01400/01575, Loss=0.00263, gfake=4.89739 errG=1320.16504
Epoch:37, Derain_Loss=0.00239
This epoch take time 294.48
----------------------------------------------------------------------------------------------------
lr_Derain 0.000200
lr_ED 0.000100
lrD 0.000400
[Epoch:38/2000] 00000/01575, Loss=0.00297, gfake=3.40339 errG=1489.45178
[Epoch:38/2000] 00200/01575, Loss=0.00113, gfake=10.13216 errG=578.65039
[Epoch:38/2000] 00400/01575, Loss=0.00185, gfake=6.03507 errG=936.08398
[Epoch:38/2000] 00600/01575, Loss=0.00162, gfake=3.61530 errG=816.31201
[Epoch:38/2000] 00800/01575, Loss=0.00260, gfake=2.71706 errG=1308.98340
[Epoch:38/2000] 01000/01575, Loss=0.00273, gfake=-1.08301 errG=1371.73706
[Epoch:38/2000] 01200/01575, Loss=0.00147, gfake=6.66121 errG=747.36108
[Epoch:38/2000] 01400/01575, Loss=0.00306, gfake=-8.03132 errG=1527.18701
Epoch:38, Derain_Loss=0.00244
This epoch take time 295.74
----------------------------------------------------------------------------------------------------
lr_Derain 0.000200
lr_ED 0.000100
lrD 0.000400
[Epoch:39/2000] 00000/01575, Loss=0.00166, gfake=-2.26725 errG=831.13934
[Epoch:39/2000] 00200/01575, Loss=0.00224, gfake=1.55496 errG=1125.39624
[Epoch:39/2000] 00400/01575, Loss=0.00220, gfake=-4.16427 errG=1095.62781
[Epoch:39/2000] 00600/01575, Loss=0.00212, gfake=-0.86273 errG=1061.56750
[Epoch:39/2000] 00800/01575, Loss=0.00136, gfake=8.60236 errG=690.22174
[Epoch:39/2000] 01000/01575, Loss=0.00248, gfake=-4.74640 errG=1237.09448
[Epoch:39/2000] 01200/01575, Loss=0.00309, gfake=-6.25948 errG=1539.23828
[Epoch:39/2000] 01400/01575, Loss=0.00149, gfake=-7.04738 errG=737.01160
Epoch:39, Derain_Loss=0.00239
This epoch take time 297.66
----------------------------------------------------------------------------------------------------
lr_Derain 0.000200
lr_ED 0.000100
lrD 0.000400
[Epoch:40/2000] 00000/01575, Loss=0.00254, gfake=-6.98162 errG=1269.56494
[Epoch:40/2000] 00200/01575, Loss=0.00301, gfake=4.17559 errG=1510.57617
[Epoch:40/2000] 00400/01575, Loss=0.00166, gfake=3.81329 errG=835.56958
[Epoch:40/2000] 00600/01575, Loss=0.00314, gfake=-0.69083 errG=1569.60498
[Epoch:40/2000] 00800/01575, Loss=0.00223, gfake=0.30644 errG=1115.10303
[Epoch:40/2000] 01000/01575, Loss=0.00165, gfake=2.16834 errG=826.06073
[Epoch:40/2000] 01200/01575, Loss=0.00294, gfake=5.27059 errG=1478.86633
[Epoch:40/2000] 01400/01575, Loss=0.00225, gfake=1.13442 errG=1126.30164
Epoch:40, Derain_Loss=0.00236
This epoch take time 294.41
----------------------------------------------------------------------------------------------------
lr_Derain 0.000200
lr_ED 0.000100
lrD 0.000400
[Epoch:41/2000] 00000/01575, Loss=0.00563, gfake=2.23654 errG=2820.04175
[Epoch:41/2000] 00200/01575, Loss=0.00127, gfake=3.89028 errG=643.02924
[Epoch:41/2000] 00400/01575, Loss=0.00319, gfake=-2.71610 errG=1594.49829
[Epoch:41/2000] 00600/01575, Loss=0.00187, gfake=-0.13122 errG=935.29169
[Epoch:41/2000] 00800/01575, Loss=0.00194, gfake=-5.81290 errG=964.84436
[Epoch:41/2000] 01000/01575, Loss=0.00317, gfake=-0.34880 errG=1585.01282
[Epoch:41/2000] 01200/01575, Loss=0.00198, gfake=-3.54214 errG=986.31213
[Epoch:41/2000] 01400/01575, Loss=0.00271, gfake=8.20552 errG=1368.18066
Epoch:41, Derain_Loss=0.00238
This epoch take time 297.36
----------------------------------------------------------------------------------------------------
lr_Derain 0.000200
lr_ED 0.000100
lrD 0.000400
[Epoch:42/2000] 00000/01575, Loss=0.00231, gfake=7.28488 errG=1162.58093
[Epoch:42/2000] 00200/01575, Loss=0.00116, gfake=16.25067 errG=597.68677
[Epoch:42/2000] 00400/01575, Loss=0.00201, gfake=7.11266 errG=1012.53851
[Epoch:42/2000] 00600/01575, Loss=0.00364, gfake=5.26494 errG=1827.20679
[Epoch:42/2000] 00800/01575, Loss=0.00299, gfake=-1.24745 errG=1494.73767
[Epoch:42/2000] 01000/01575, Loss=0.00249, gfake=-0.67739 errG=1247.46338
[Epoch:42/2000] 01200/01575, Loss=0.00233, gfake=1.46446 errG=1167.30212
[Epoch:42/2000] 01400/01575, Loss=0.00379, gfake=-3.04392 errG=1891.93799
Epoch:42, Derain_Loss=0.00234
This epoch take time 297.26
----------------------------------------------------------------------------------------------------
lr_Derain 0.000200
lr_ED 0.000100
lrD 0.000400
[Epoch:43/2000] 00000/01575, Loss=0.00296, gfake=2.15332 errG=1487.92456
[Epoch:43/2000] 00200/01575, Loss=0.00141, gfake=-0.08995 errG=705.53345
[Epoch:43/2000] 00400/01575, Loss=0.00150, gfake=3.15260 errG=760.19910
[Epoch:43/2000] 00600/01575, Loss=0.00278, gfake=6.32046 errG=1396.39307
[Epoch:43/2000] 00800/01575, Loss=0.00293, gfake=-1.08616 errG=1465.76746
[Epoch:43/2000] 01000/01575, Loss=0.00238, gfake=-1.70975 errG=1190.29199
[Epoch:43/2000] 01200/01575, Loss=0.00274, gfake=-9.37703 errG=1367.89600
[Epoch:43/2000] 01400/01575, Loss=0.00277, gfake=-4.41381 errG=1382.12708
Epoch:43, Derain_Loss=0.00235
This epoch take time 295.30
----------------------------------------------------------------------------------------------------
lr_Derain 0.000200
lr_ED 0.000100
lrD 0.000400
[Epoch:44/2000] 00000/01575, Loss=0.00233, gfake=-2.76116 errG=1163.98181
[Epoch:44/2000] 00200/01575, Loss=0.00218, gfake=-4.56049 errG=1084.11951
[Epoch:44/2000] 00400/01575, Loss=0.00341, gfake=-2.69841 errG=1707.76733
[Epoch:44/2000] 00600/01575, Loss=0.00117, gfake=15.54258 errG=601.61743
[Epoch:44/2000] 00800/01575, Loss=0.00163, gfake=2.15603 errG=819.69031
[Epoch:44/2000] 01000/01575, Loss=0.00276, gfake=4.87233 errG=1386.72559
[Epoch:44/2000] 01200/01575, Loss=0.00220, gfake=9.74192 errG=1109.41101
[Epoch:44/2000] 01400/01575, Loss=0.00351, gfake=4.44636 errG=1761.16162
Epoch:44, Derain_Loss=0.00233
This epoch take time 295.38
----------------------------------------------------------------------------------------------------
lr_Derain 0.000200
lr_ED 0.000100
lrD 0.000400
[Epoch:45/2000] 00000/01575, Loss=0.00214, gfake=9.51804 errG=1081.36414
[Epoch:45/2000] 00200/01575, Loss=0.00309, gfake=7.63796 errG=1556.89465
[Epoch:45/2000] 00400/01575, Loss=0.00364, gfake=-4.55284 errG=1821.12476
[Epoch:45/2000] 00600/01575, Loss=0.00141, gfake=8.99134 errG=715.14362
[Epoch:45/2000] 00800/01575, Loss=0.00347, gfake=3.70171 errG=1739.42346
[Epoch:45/2000] 01000/01575, Loss=0.00148, gfake=1.26779 errG=744.30750
[Epoch:45/2000] 01200/01575, Loss=0.00258, gfake=5.50299 errG=1298.51331
[Epoch:45/2000] 01400/01575, Loss=0.00205, gfake=7.66716 errG=1032.02515
Epoch:45, Derain_Loss=0.00230
This epoch take time 295.37
----------------------------------------------------------------------------------------------------
lr_Derain 0.000200
lr_ED 0.000100
lrD 0.000400
[Epoch:46/2000] 00000/01575, Loss=0.00220, gfake=-1.67349 errG=1109.09973
[Epoch:46/2000] 00200/01575, Loss=0.00182, gfake=4.67577 errG=915.77673
[Epoch:46/2000] 00400/01575, Loss=0.00290, gfake=-2.69491 errG=1447.83606
[Epoch:46/2000] 00600/01575, Loss=0.00264, gfake=2.96122 errG=1323.32373
[Epoch:46/2000] 00800/01575, Loss=0.00237, gfake=1.16617 errG=1189.22681
[Epoch:46/2000] 01000/01575, Loss=0.00251, gfake=-1.10890 errG=1255.24158
[Epoch:46/2000] 01200/01575, Loss=0.00178, gfake=7.10567 errG=896.68744
[Epoch:46/2000] 01400/01575, Loss=0.00354, gfake=-5.44269 errG=1768.58813
Epoch:46, Derain_Loss=0.00228
This epoch take time 296.09
----------------------------------------------------------------------------------------------------
lr_Derain 0.000200
lr_ED 0.000100
lrD 0.000400
[Epoch:47/2000] 00000/01575, Loss=0.00287, gfake=-8.49247 errG=1428.30322
[Epoch:47/2000] 00200/01575, Loss=0.00225, gfake=0.99873 errG=1125.15015
[Epoch:47/2000] 00400/01575, Loss=0.00202, gfake=6.25080 errG=1017.83105
[Epoch:47/2000] 00600/01575, Loss=0.00235, gfake=9.69280 errG=1183.32825
[Epoch:47/2000] 00800/01575, Loss=0.00204, gfake=0.06095 errG=1021.39374
[Epoch:47/2000] 01000/01575, Loss=0.00213, gfake=2.46703 errG=1068.24854
[Epoch:47/2000] 01200/01575, Loss=0.00218, gfake=2.08796 errG=1091.42896
[Epoch:47/2000] 01400/01575, Loss=0.00160, gfake=4.42314 errG=803.99536
Epoch:47, Derain_Loss=0.00224
This epoch take time 293.84
----------------------------------------------------------------------------------------------------
lr_Derain 0.000200
lr_ED 0.000100
lrD 0.000400
[Epoch:48/2000] 00000/01575, Loss=0.00123, gfake=0.40445 errG=619.71442
[Epoch:48/2000] 00200/01575, Loss=0.00205, gfake=-4.97386 errG=1019.13708
[Epoch:48/2000] 00400/01575, Loss=0.00344, gfake=-9.37319 errG=1709.56860
[Epoch:48/2000] 00600/01575, Loss=0.00397, gfake=3.63239 errG=1990.42407
[Epoch:48/2000] 00800/01575, Loss=0.00200, gfake=2.08266 errG=1003.76422
[Epoch:48/2000] 01000/01575, Loss=0.00263, gfake=1.33567 errG=1314.82593
[Epoch:48/2000] 01200/01575, Loss=0.00198, gfake=1.57553 errG=994.65887
[Epoch:48/2000] 01400/01575, Loss=0.00232, gfake=-1.79183 errG=1158.52783
Epoch:48, Derain_Loss=0.00224
This epoch take time 294.63
----------------------------------------------------------------------------------------------------
lr_Derain 0.000200
lr_ED 0.000100
lrD 0.000400
