Random Seed:  7371
lr_Derain 0.000200
lr_ED 0.000100
lrD 0.000400
tensor([[[[1.5783e-05, 0.0000e+00, 6.8603e-05,  ..., 0.0000e+00,
           4.1021e-05, 0.0000e+00],
          [0.0000e+00, 7.0167e-04, 1.3864e-04,  ..., 1.4159e-04,
           0.0000e+00, 0.0000e+00],
          [1.1946e-04, 0.0000e+00, 0.0000e+00,  ..., 9.7612e-05,
           0.0000e+00, 5.1067e-06],
          ...,
          [0.0000e+00, 0.0000e+00, 5.8355e-05,  ..., 1.6315e-04,
           0.0000e+00, 0.0000e+00],
          [4.7075e-05, 0.0000e+00, 0.0000e+00,  ..., 0.0000e+00,
           0.0000e+00, 0.0000e+00],
          [1.1457e-04, 1.5266e-04, 0.0000e+00,  ..., 5.7402e-05,
           0.0000e+00, 0.0000e+00]],

         [[9.0853e-06, 9.0157e-05, 0.0000e+00,  ..., 0.0000e+00,
           0.0000e+00, 6.0391e-05],
          [0.0000e+00, 0.0000e+00, 5.6852e-05,  ..., 0.0000e+00,
           2.1128e-04, 9.5365e-05],
          [1.4865e-04, 2.0149e-04, 4.4389e-05,  ..., 1.5186e-04,
           3.6141e-04, 7.8074e-05],
          ...,
          [1.4939e-04, 1.5354e-04, 1.0834e-04,  ..., 0.0000e+00,
           1.3433e-04, 0.0000e+00],
          [0.0000e+00, 0.0000e+00, 7.2814e-05,  ..., 0.0000e+00,
           0.0000e+00, 1.0040e-04],
          [5.8063e-05, 0.0000e+00, 2.5049e-04,  ..., 0.0000e+00,
           6.5958e-05, 0.0000e+00]],

         [[1.4907e-05, 2.9723e-04, 4.0607e-05,  ..., 3.2290e-04,
           1.1957e-04, 1.1689e-04],
          [0.0000e+00, 5.4001e-05, 0.0000e+00,  ..., 8.6992e-05,
           1.8555e-04, 0.0000e+00],
          [0.0000e+00, 0.0000e+00, 1.3225e-04,  ..., 4.1655e-04,
           2.2935e-04, 1.0174e-04],
          ...,
          [1.6611e-04, 0.0000e+00, 2.7992e-04,  ..., 3.5112e-04,
           4.1910e-04, 1.9709e-04],
          [2.0733e-05, 0.0000e+00, 2.8368e-04,  ..., 2.2566e-04,
           2.5519e-04, 1.4530e-04],
          [3.7975e-06, 0.0000e+00, 3.9011e-04,  ..., 0.0000e+00,
           3.0807e-04, 0.0000e+00]]],


        [[[3.7096e-05, 1.2226e-04, 1.5572e-04,  ..., 0.0000e+00,
           1.1938e-05, 7.8020e-07],
          [2.4551e-05, 7.5232e-04, 1.3175e-04,  ..., 1.4528e-04,
           0.0000e+00, 0.0000e+00],
          [1.8387e-04, 6.2854e-05, 2.3422e-04,  ..., 5.4461e-05,
           0.0000e+00, 0.0000e+00],
          ...,
          [0.0000e+00, 1.1080e-04, 0.0000e+00,  ..., 2.5122e-04,
           0.0000e+00, 0.0000e+00],
          [5.3072e-05, 0.0000e+00, 0.0000e+00,  ..., 0.0000e+00,
           0.0000e+00, 0.0000e+00],
          [4.6221e-05, 7.1555e-05, 0.0000e+00,  ..., 1.2114e-04,
           0.0000e+00, 0.0000e+00]],

         [[3.4502e-06, 1.5846e-04, 0.0000e+00,  ..., 3.9191e-05,
           0.0000e+00, 1.6443e-05],
          [0.0000e+00, 3.1055e-04, 4.7498e-04,  ..., 0.0000e+00,
           2.4368e-04, 6.1197e-06],
          [0.0000e+00, 1.5243e-05, 0.0000e+00,  ..., 6.8537e-05,
           0.0000e+00, 0.0000e+00],
          ...,
          [1.2038e-04, 3.2031e-04, 1.0588e-04,  ..., 0.0000e+00,
           0.0000e+00, 0.0000e+00],
          [3.3677e-05, 0.0000e+00, 2.0234e-04,  ..., 1.1915e-04,
           0.0000e+00, 1.0802e-04],
          [0.0000e+00, 0.0000e+00, 1.9013e-04,  ..., 0.0000e+00,
           5.1055e-05, 0.0000e+00]],

         [[0.0000e+00, 4.4119e-04, 3.0579e-05,  ..., 3.7106e-05,
           1.2249e-04, 1.0683e-04],
          [0.0000e+00, 0.0000e+00, 0.0000e+00,  ..., 2.3505e-04,
           3.1621e-04, 0.0000e+00],
          [0.0000e+00, 0.0000e+00, 3.5089e-04,  ..., 9.7498e-05,
           3.5263e-04, 6.4844e-05],
          ...,
          [0.0000e+00, 0.0000e+00, 0.0000e+00,  ..., 4.3065e-05,
           5.1563e-04, 1.7901e-04],
          [5.2878e-05, 0.0000e+00, 6.4733e-05,  ..., 7.3001e-05,
           9.4786e-05, 7.2166e-05],
          [1.2583e-05, 4.7387e-05, 2.7263e-04,  ..., 4.9997e-05,
           1.7236e-04, 0.0000e+00]]],


        [[[0.0000e+00, 9.4847e-05, 1.5777e-04,  ..., 0.0000e+00,
           0.0000e+00, 0.0000e+00],
          [6.7935e-05, 4.8387e-04, 7.0872e-05,  ..., 1.0613e-04,
           0.0000e+00, 0.0000e+00],
          [9.9781e-05, 9.7314e-05, 8.3006e-05,  ..., 0.0000e+00,
           0.0000e+00, 2.7739e-05],
          ...,
          [1.2835e-05, 1.7526e-04, 1.7112e-05,  ..., 1.6194e-04,
           0.0000e+00, 0.0000e+00],
          [7.0997e-05, 0.0000e+00, 5.1849e-06,  ..., 0.0000e+00,
           0.0000e+00, 0.0000e+00],
          [6.8481e-05, 2.2081e-05, 0.0000e+00,  ..., 0.0000e+00,
           0.0000e+00, 1.9121e-05]],

         [[4.2581e-05, 8.3960e-06, 0.0000e+00,  ..., 0.0000e+00,
           0.0000e+00, 6.0901e-06],
          [0.0000e+00, 0.0000e+00, 2.8714e-04,  ..., 0.0000e+00,
           3.5204e-05, 5.6721e-05],
          [1.3142e-04, 9.9238e-05, 2.1107e-05,  ..., 2.9199e-04,
           3.7205e-05, 1.4764e-04],
          ...,
          [1.1119e-04, 2.1022e-05, 0.0000e+00,  ..., 0.0000e+00,
           0.0000e+00, 0.0000e+00],
          [3.6504e-05, 0.0000e+00, 0.0000e+00,  ..., 0.0000e+00,
           0.0000e+00, 9.2806e-05],
          [4.8055e-05, 0.0000e+00, 3.9379e-04,  ..., 0.0000e+00,
           7.1649e-05, 0.0000e+00]],

         [[4.2004e-06, 3.0701e-04, 0.0000e+00,  ..., 2.1961e-04,
           3.6118e-05, 1.5903e-04],
          [0.0000e+00, 2.7478e-05, 0.0000e+00,  ..., 2.9841e-04,
           5.3238e-04, 0.0000e+00],
          [0.0000e+00, 0.0000e+00, 1.5266e-04,  ..., 1.5593e-04,
           9.9027e-04, 5.3161e-05],
          ...,
          [1.3694e-05, 0.0000e+00, 5.5027e-05,  ..., 3.2352e-04,
           7.2917e-04, 1.4460e-04],
          [5.4737e-05, 0.0000e+00, 2.5746e-04,  ..., 2.1470e-04,
           4.1459e-04, 0.0000e+00],
          [6.0240e-05, 0.0000e+00, 4.2479e-04,  ..., 0.0000e+00,
           2.3259e-04, 5.6446e-05]]],


        ...,


        [[[0.0000e+00, 0.0000e+00, 0.0000e+00,  ..., 0.0000e+00,
           0.0000e+00, 0.0000e+00],
          [1.9579e-04, 7.0386e-04, 1.7128e-04,  ..., 2.7331e-04,
           0.0000e+00, 3.6357e-05],
          [9.2760e-05, 7.0118e-05, 2.9328e-05,  ..., 0.0000e+00,
           0.0000e+00, 1.6599e-05],
          ...,
          [7.5844e-05, 0.0000e+00, 0.0000e+00,  ..., 0.0000e+00,
           0.0000e+00, 0.0000e+00],
          [1.1899e-04, 0.0000e+00, 0.0000e+00,  ..., 0.0000e+00,
           0.0000e+00, 0.0000e+00],
          [1.2442e-05, 0.0000e+00, 0.0000e+00,  ..., 6.1071e-05,
           0.0000e+00, 0.0000e+00]],

         [[5.2114e-05, 2.1235e-05, 0.0000e+00,  ..., 0.0000e+00,
           0.0000e+00, 4.1207e-05],
          [0.0000e+00, 0.0000e+00, 2.9334e-04,  ..., 0.0000e+00,
           9.0528e-05, 1.0524e-05],
          [1.6633e-05, 2.5295e-04, 9.5999e-05,  ..., 7.8482e-05,
           1.1974e-04, 1.1886e-04],
          ...,
          [1.1988e-04, 4.4231e-05, 1.4301e-04,  ..., 2.5879e-04,
           0.0000e+00, 0.0000e+00],
          [0.0000e+00, 0.0000e+00, 4.4829e-05,  ..., 0.0000e+00,
           0.0000e+00, 1.0394e-04],
          [6.3228e-05, 0.0000e+00, 4.1468e-05,  ..., 6.8433e-05,
           6.1623e-05, 0.0000e+00]],

         [[0.0000e+00, 4.4748e-04, 7.3121e-05,  ..., 2.6293e-04,
           1.0929e-04, 1.5527e-04],
          [0.0000e+00, 4.4546e-05, 4.1481e-06,  ..., 2.8224e-04,
           4.4851e-04, 0.0000e+00],
          [7.8279e-06, 0.0000e+00, 2.9529e-04,  ..., 0.0000e+00,
           7.8833e-04, 1.7058e-04],
          ...,
          [0.0000e+00, 0.0000e+00, 0.0000e+00,  ..., 6.0541e-05,
           2.1003e-04, 9.1446e-05],
          [0.0000e+00, 0.0000e+00, 2.0354e-04,  ..., 0.0000e+00,
           1.7725e-04, 1.3172e-04],
          [8.0236e-05, 1.4054e-05, 2.7500e-04,  ..., 6.4088e-05,
           8.7531e-05, 0.0000e+00]]],


        [[[5.0292e-05, 4.2464e-05, 9.2156e-05,  ..., 0.0000e+00,
           0.0000e+00, 2.5763e-05],
          [1.5793e-04, 2.4986e-04, 6.9749e-05,  ..., 1.6513e-04,
           0.0000e+00, 0.0000e+00],
          [0.0000e+00, 2.8119e-04, 0.0000e+00,  ..., 2.0597e-04,
           0.0000e+00, 2.0608e-05],
          ...,
          [0.0000e+00, 3.0760e-04, 0.0000e+00,  ..., 2.3427e-04,
           0.0000e+00, 0.0000e+00],
          [1.1027e-04, 1.2664e-04, 3.1226e-04,  ..., 0.0000e+00,
           0.0000e+00, 7.0158e-05],
          [8.2613e-05, 0.0000e+00, 0.0000e+00,  ..., 0.0000e+00,
           0.0000e+00, 1.7105e-06]],

         [[4.3033e-05, 1.9473e-04, 0.0000e+00,  ..., 3.0042e-05,
           0.0000e+00, 2.7212e-05],
          [0.0000e+00, 1.5493e-04, 1.6259e-04,  ..., 0.0000e+00,
           1.6950e-04, 0.0000e+00],
          [1.1188e-04, 6.8305e-05, 0.0000e+00,  ..., 3.9203e-04,
           2.5007e-05, 7.5373e-05],
          ...,
          [1.8986e-05, 2.8298e-05, 0.0000e+00,  ..., 1.7174e-04,
           0.0000e+00, 0.0000e+00],
          [1.4478e-04, 0.0000e+00, 0.0000e+00,  ..., 2.8672e-05,
           0.0000e+00, 1.3387e-04],
          [0.0000e+00, 0.0000e+00, 2.2867e-04,  ..., 0.0000e+00,
           5.7254e-06, 9.1635e-06]],

         [[0.0000e+00, 1.9283e-04, 8.2815e-05,  ..., 2.2235e-04,
           0.0000e+00, 8.6606e-05],
          [3.2135e-05, 2.0660e-04, 9.1696e-05,  ..., 1.6757e-04,
           2.9880e-04, 6.5656e-06],
          [0.0000e+00, 0.0000e+00, 3.9428e-04,  ..., 1.3864e-04,
           2.5231e-04, 3.7959e-05],
          ...,
          [1.5638e-04, 0.0000e+00, 1.0445e-04,  ..., 1.9715e-04,
           3.2254e-04, 1.6829e-05],
          [7.2405e-05, 0.0000e+00, 6.3310e-05,  ..., 2.6503e-05,
           2.8256e-04, 1.3182e-04],
          [3.1257e-05, 0.0000e+00, 2.3969e-04,  ..., 0.0000e+00,
           1.2758e-04, 0.0000e+00]]],


        [[[7.5185e-05, 0.0000e+00, 0.0000e+00,  ..., 0.0000e+00,
           0.0000e+00, 0.0000e+00],
          [3.7872e-05, 7.6977e-04, 1.3938e-04,  ..., 0.0000e+00,
           0.0000e+00, 0.0000e+00],
          [2.0662e-04, 1.6603e-04, 1.8781e-04,  ..., 0.0000e+00,
           0.0000e+00, 1.0610e-04],
          ...,
          [0.0000e+00, 0.0000e+00, 0.0000e+00,  ..., 1.2645e-04,
           0.0000e+00, 0.0000e+00],
          [7.3721e-05, 0.0000e+00, 0.0000e+00,  ..., 0.0000e+00,
           0.0000e+00, 0.0000e+00],
          [7.3483e-05, 1.4117e-04, 0.0000e+00,  ..., 1.3913e-05,
           0.0000e+00, 0.0000e+00]],

         [[0.0000e+00, 8.6030e-05, 0.0000e+00,  ..., 0.0000e+00,
           0.0000e+00, 5.2937e-05],
          [0.0000e+00, 5.8343e-05, 0.0000e+00,  ..., 0.0000e+00,
           1.2786e-04, 3.3385e-05],
          [0.0000e+00, 1.8927e-04, 0.0000e+00,  ..., 0.0000e+00,
           2.0250e-04, 1.5947e-04],
          ...,
          [0.0000e+00, 4.3776e-04, 2.9467e-04,  ..., 0.0000e+00,
           8.9863e-05, 0.0000e+00],
          [1.0010e-04, 0.0000e+00, 4.3494e-04,  ..., 0.0000e+00,
           0.0000e+00, 1.1365e-04],
          [2.9209e-05, 0.0000e+00, 1.6749e-04,  ..., 0.0000e+00,
           2.1670e-04, 0.0000e+00]],

         [[0.0000e+00, 4.0628e-04, 1.3398e-04,  ..., 1.6692e-04,
           2.4848e-04, 1.4178e-04],
          [0.0000e+00, 0.0000e+00, 8.9891e-05,  ..., 5.6559e-05,
           1.7185e-04, 0.0000e+00],
          [0.0000e+00, 0.0000e+00, 8.2837e-05,  ..., 1.0439e-04,
           4.6314e-04, 4.2265e-05],
          ...,
          [0.0000e+00, 0.0000e+00, 1.6487e-05,  ..., 1.0355e-05,
           9.5772e-05, 5.9830e-05],
          [2.2876e-05, 1.4199e-04, 1.9856e-05,  ..., 2.9929e-04,
           0.0000e+00, 1.0474e-04],
          [6.7221e-05, 0.0000e+00, 3.3751e-04,  ..., 9.0775e-06,
           1.2933e-04, 0.0000e+00]]]], device='cuda:0',
       grad_fn=<ReluBackward0>)
