Random Seed:  7090
lr_Derain 0.000200
lr_ED 0.000100
lrD 0.000400
tensor([[[[0.0000e+00, 0.0000e+00, 2.9888e-05,  ..., 3.9600e-05,
           4.1513e-05, 0.0000e+00],
          [1.0902e-04, 0.0000e+00, 4.4202e-04,  ..., 3.4765e-05,
           1.1381e-04, 0.0000e+00],
          [1.4365e-06, 3.7829e-05, 0.0000e+00,  ..., 0.0000e+00,
           1.1328e-04, 0.0000e+00],
          ...,
          [3.7478e-05, 0.0000e+00, 5.1658e-04,  ..., 3.3477e-05,
           3.6548e-04, 0.0000e+00],
          [0.0000e+00, 0.0000e+00, 0.0000e+00,  ..., 0.0000e+00,
           2.8518e-04, 0.0000e+00],
          [2.8577e-05, 3.0998e-05, 3.1687e-04,  ..., 3.6679e-04,
           0.0000e+00, 2.4605e-05]],

         [[0.0000e+00, 1.5506e-05, 0.0000e+00,  ..., 0.0000e+00,
           0.0000e+00, 0.0000e+00],
          [2.1766e-06, 0.0000e+00, 1.7892e-04,  ..., 0.0000e+00,
           0.0000e+00, 0.0000e+00],
          [0.0000e+00, 0.0000e+00, 1.8001e-04,  ..., 0.0000e+00,
           0.0000e+00, 0.0000e+00],
          ...,
          [1.1717e-04, 1.4281e-04, 1.4143e-04,  ..., 0.0000e+00,
           3.2349e-04, 0.0000e+00],
          [0.0000e+00, 2.0645e-04, 5.3952e-05,  ..., 0.0000e+00,
           0.0000e+00, 0.0000e+00],
          [8.2358e-05, 0.0000e+00, 1.2028e-04,  ..., 0.0000e+00,
           0.0000e+00, 4.3805e-05]],

         [[0.0000e+00, 0.0000e+00, 4.3144e-05,  ..., 0.0000e+00,
           0.0000e+00, 0.0000e+00],
          [0.0000e+00, 0.0000e+00, 6.4285e-05,  ..., 1.5005e-04,
           0.0000e+00, 1.9614e-05],
          [0.0000e+00, 1.3663e-05, 0.0000e+00,  ..., 1.9494e-04,
           0.0000e+00, 0.0000e+00],
          ...,
          [0.0000e+00, 2.2989e-05, 0.0000e+00,  ..., 4.0317e-05,
           0.0000e+00, 1.9642e-05],
          [1.0373e-04, 5.5235e-05, 0.0000e+00,  ..., 1.8010e-04,
           0.0000e+00, 0.0000e+00],
          [0.0000e+00, 5.0908e-05, 0.0000e+00,  ..., 0.0000e+00,
           0.0000e+00, 0.0000e+00]]],


        [[[0.0000e+00, 2.0720e-05, 0.0000e+00,  ..., 0.0000e+00,
           1.1410e-04, 0.0000e+00],
          [8.1889e-05, 0.0000e+00, 5.7823e-04,  ..., 1.1734e-05,
           0.0000e+00, 0.0000e+00],
          [0.0000e+00, 0.0000e+00, 0.0000e+00,  ..., 6.1063e-05,
           0.0000e+00, 4.6061e-05],
          ...,
          [2.2613e-04, 1.6764e-04, 2.8969e-04,  ..., 0.0000e+00,
           3.0083e-04, 0.0000e+00],
          [9.6481e-06, 0.0000e+00, 0.0000e+00,  ..., 0.0000e+00,
           4.3033e-04, 0.0000e+00],
          [0.0000e+00, 1.3858e-04, 4.6065e-04,  ..., 4.8688e-04,
           0.0000e+00, 0.0000e+00]],

         [[0.0000e+00, 9.5150e-06, 0.0000e+00,  ..., 0.0000e+00,
           0.0000e+00, 0.0000e+00],
          [6.6227e-06, 4.4270e-05, 3.5710e-04,  ..., 0.0000e+00,
           0.0000e+00, 2.9029e-05],
          [8.1861e-05, 0.0000e+00, 1.1358e-04,  ..., 2.5851e-05,
           0.0000e+00, 0.0000e+00],
          ...,
          [2.0269e-05, 0.0000e+00, 4.7026e-04,  ..., 0.0000e+00,
           3.2050e-04, 0.0000e+00],
          [0.0000e+00, 1.9926e-04, 1.9851e-06,  ..., 0.0000e+00,
           0.0000e+00, 0.0000e+00],
          [8.1751e-05, 0.0000e+00, 1.2831e-04,  ..., 0.0000e+00,
           0.0000e+00, 0.0000e+00]],

         [[0.0000e+00, 0.0000e+00, 7.0702e-05,  ..., 0.0000e+00,
           0.0000e+00, 0.0000e+00],
          [4.8741e-05, 3.3968e-07, 7.1197e-05,  ..., 0.0000e+00,
           0.0000e+00, 4.8546e-05],
          [1.3172e-04, 1.5732e-04, 0.0000e+00,  ..., 0.0000e+00,
           0.0000e+00, 0.0000e+00],
          ...,
          [0.0000e+00, 5.2455e-05, 0.0000e+00,  ..., 0.0000e+00,
           0.0000e+00, 7.8684e-06],
          [2.5006e-05, 0.0000e+00, 0.0000e+00,  ..., 0.0000e+00,
           0.0000e+00, 0.0000e+00],
          [0.0000e+00, 3.5735e-05, 5.6952e-05,  ..., 0.0000e+00,
           0.0000e+00, 0.0000e+00]]],


        [[[2.3484e-05, 0.0000e+00, 0.0000e+00,  ..., 0.0000e+00,
           1.5354e-04, 0.0000e+00],
          [2.3202e-04, 0.0000e+00, 6.9344e-04,  ..., 1.8923e-04,
           5.1397e-05, 1.8718e-05],
          [0.0000e+00, 1.5606e-04, 0.0000e+00,  ..., 0.0000e+00,
           1.8184e-05, 0.0000e+00],
          ...,
          [1.0873e-04, 0.0000e+00, 8.1069e-04,  ..., 0.0000e+00,
           3.4942e-04, 0.0000e+00],
          [0.0000e+00, 0.0000e+00, 0.0000e+00,  ..., 0.0000e+00,
           2.3419e-05, 0.0000e+00],
          [0.0000e+00, 1.2369e-04, 4.1320e-04,  ..., 4.9777e-04,
           1.6000e-05, 5.1331e-05]],

         [[0.0000e+00, 0.0000e+00, 0.0000e+00,  ..., 3.3852e-05,
           0.0000e+00, 0.0000e+00],
          [9.8863e-05, 0.0000e+00, 0.0000e+00,  ..., 0.0000e+00,
           0.0000e+00, 0.0000e+00],
          [0.0000e+00, 0.0000e+00, 1.7708e-04,  ..., 0.0000e+00,
           0.0000e+00, 0.0000e+00],
          ...,
          [3.5251e-05, 3.0862e-04, 1.7556e-04,  ..., 0.0000e+00,
           3.7103e-04, 0.0000e+00],
          [1.5213e-04, 0.0000e+00, 2.9464e-04,  ..., 0.0000e+00,
           0.0000e+00, 0.0000e+00],
          [1.1917e-04, 0.0000e+00, 4.4870e-05,  ..., 0.0000e+00,
           0.0000e+00, 2.1834e-05]],

         [[0.0000e+00, 0.0000e+00, 9.2971e-05,  ..., 0.0000e+00,
           0.0000e+00, 0.0000e+00],
          [1.9104e-05, 0.0000e+00, 0.0000e+00,  ..., 0.0000e+00,
           0.0000e+00, 0.0000e+00],
          [0.0000e+00, 5.0200e-04, 1.2324e-05,  ..., 0.0000e+00,
           0.0000e+00, 0.0000e+00],
          ...,
          [0.0000e+00, 0.0000e+00, 0.0000e+00,  ..., 0.0000e+00,
           0.0000e+00, 0.0000e+00],
          [8.4589e-05, 3.5240e-04, 0.0000e+00,  ..., 0.0000e+00,
           0.0000e+00, 0.0000e+00],
          [0.0000e+00, 4.5080e-05, 0.0000e+00,  ..., 0.0000e+00,
           0.0000e+00, 0.0000e+00]]],


        ...,


        [[[0.0000e+00, 0.0000e+00, 0.0000e+00,  ..., 0.0000e+00,
           3.0174e-06, 0.0000e+00],
          [1.5944e-04, 0.0000e+00, 5.7666e-04,  ..., 7.4149e-05,
           0.0000e+00, 0.0000e+00],
          [0.0000e+00, 1.0242e-04, 0.0000e+00,  ..., 1.6259e-04,
           5.5434e-05, 0.0000e+00],
          ...,
          [1.0666e-05, 0.0000e+00, 6.3207e-04,  ..., 1.2803e-04,
           0.0000e+00, 0.0000e+00],
          [7.0143e-05, 0.0000e+00, 0.0000e+00,  ..., 0.0000e+00,
           1.3196e-04, 0.0000e+00],
          [0.0000e+00, 0.0000e+00, 3.8003e-04,  ..., 2.8642e-04,
           0.0000e+00, 0.0000e+00]],

         [[0.0000e+00, 0.0000e+00, 0.0000e+00,  ..., 0.0000e+00,
           0.0000e+00, 0.0000e+00],
          [1.3184e-04, 0.0000e+00, 1.1807e-04,  ..., 0.0000e+00,
           0.0000e+00, 3.6210e-05],
          [4.9384e-05, 0.0000e+00, 1.4757e-04,  ..., 0.0000e+00,
           0.0000e+00, 0.0000e+00],
          ...,
          [2.4076e-05, 0.0000e+00, 3.2127e-04,  ..., 0.0000e+00,
           1.2237e-04, 0.0000e+00],
          [1.5073e-04, 0.0000e+00, 4.8491e-05,  ..., 0.0000e+00,
           0.0000e+00, 0.0000e+00],
          [5.9607e-05, 0.0000e+00, 1.4873e-04,  ..., 0.0000e+00,
           0.0000e+00, 3.7446e-06]],

         [[0.0000e+00, 0.0000e+00, 5.8950e-05,  ..., 0.0000e+00,
           0.0000e+00, 0.0000e+00],
          [0.0000e+00, 4.2096e-06, 0.0000e+00,  ..., 1.2825e-04,
           1.0629e-04, 0.0000e+00],
          [0.0000e+00, 3.1962e-04, 0.0000e+00,  ..., 2.6256e-05,
           0.0000e+00, 0.0000e+00],
          ...,
          [0.0000e+00, 2.5669e-04, 1.4372e-04,  ..., 1.5516e-05,
           0.0000e+00, 7.2953e-05],
          [0.0000e+00, 0.0000e+00, 0.0000e+00,  ..., 7.2753e-05,
           0.0000e+00, 0.0000e+00],
          [0.0000e+00, 7.0676e-05, 0.0000e+00,  ..., 0.0000e+00,
           0.0000e+00, 0.0000e+00]]],


        [[[0.0000e+00, 5.9273e-06, 0.0000e+00,  ..., 0.0000e+00,
           1.6639e-04, 0.0000e+00],
          [2.1954e-04, 0.0000e+00, 6.4344e-04,  ..., 4.2263e-04,
           3.1611e-04, 0.0000e+00],
          [0.0000e+00, 0.0000e+00, 0.0000e+00,  ..., 0.0000e+00,
           5.9380e-05, 2.2955e-05],
          ...,
          [0.0000e+00, 5.6241e-05, 2.4848e-04,  ..., 0.0000e+00,
           7.3232e-05, 0.0000e+00],
          [0.0000e+00, 0.0000e+00, 4.1339e-05,  ..., 0.0000e+00,
           2.4785e-04, 0.0000e+00],
          [0.0000e+00, 1.2280e-04, 1.1464e-04,  ..., 3.0352e-04,
           1.4219e-04, 1.4434e-05]],

         [[0.0000e+00, 0.0000e+00, 0.0000e+00,  ..., 6.2752e-06,
           0.0000e+00, 0.0000e+00],
          [1.1721e-04, 0.0000e+00, 5.0408e-05,  ..., 0.0000e+00,
           0.0000e+00, 0.0000e+00],
          [5.6082e-05, 0.0000e+00, 1.3088e-04,  ..., 0.0000e+00,
           0.0000e+00, 0.0000e+00],
          ...,
          [0.0000e+00, 0.0000e+00, 1.9578e-04,  ..., 0.0000e+00,
           2.2041e-05, 0.0000e+00],
          [0.0000e+00, 1.7966e-04, 1.7419e-04,  ..., 0.0000e+00,
           0.0000e+00, 0.0000e+00],
          [6.2379e-05, 0.0000e+00, 2.8872e-05,  ..., 0.0000e+00,
           0.0000e+00, 3.1734e-05]],

         [[0.0000e+00, 0.0000e+00, 0.0000e+00,  ..., 0.0000e+00,
           0.0000e+00, 0.0000e+00],
          [7.7729e-05, 7.3874e-05, 1.6470e-05,  ..., 0.0000e+00,
           0.0000e+00, 2.1031e-05],
          [0.0000e+00, 9.0767e-05, 7.4201e-05,  ..., 0.0000e+00,
           0.0000e+00, 0.0000e+00],
          ...,
          [0.0000e+00, 2.1905e-04, 0.0000e+00,  ..., 4.0625e-05,
           0.0000e+00, 0.0000e+00],
          [8.1922e-05, 0.0000e+00, 0.0000e+00,  ..., 0.0000e+00,
           0.0000e+00, 0.0000e+00],
          [0.0000e+00, 5.8062e-05, 0.0000e+00,  ..., 0.0000e+00,
           0.0000e+00, 0.0000e+00]]],


        [[[0.0000e+00, 0.0000e+00, 7.1216e-05,  ..., 0.0000e+00,
           0.0000e+00, 0.0000e+00],
          [2.3235e-04, 0.0000e+00, 7.3886e-04,  ..., 0.0000e+00,
           0.0000e+00, 1.5353e-04],
          [0.0000e+00, 0.0000e+00, 0.0000e+00,  ..., 1.5250e-04,
           0.0000e+00, 0.0000e+00],
          ...,
          [0.0000e+00, 0.0000e+00, 4.9507e-04,  ..., 0.0000e+00,
           3.3057e-04, 0.0000e+00],
          [6.6015e-05, 0.0000e+00, 0.0000e+00,  ..., 0.0000e+00,
           7.9922e-05, 0.0000e+00],
          [0.0000e+00, 1.1942e-04, 3.9503e-04,  ..., 3.2904e-04,
           0.0000e+00, 0.0000e+00]],

         [[0.0000e+00, 0.0000e+00, 0.0000e+00,  ..., 0.0000e+00,
           0.0000e+00, 0.0000e+00],
          [6.2951e-05, 0.0000e+00, 1.2946e-04,  ..., 0.0000e+00,
           0.0000e+00, 0.0000e+00],
          [0.0000e+00, 0.0000e+00, 2.1153e-05,  ..., 0.0000e+00,
           7.0183e-05, 0.0000e+00],
          ...,
          [5.6736e-05, 0.0000e+00, 3.1139e-04,  ..., 0.0000e+00,
           1.4275e-04, 0.0000e+00],
          [1.1054e-05, 1.9692e-04, 0.0000e+00,  ..., 0.0000e+00,
           0.0000e+00, 0.0000e+00],
          [8.1323e-05, 0.0000e+00, 1.4115e-04,  ..., 0.0000e+00,
           0.0000e+00, 0.0000e+00]],

         [[0.0000e+00, 0.0000e+00, 0.0000e+00,  ..., 0.0000e+00,
           0.0000e+00, 0.0000e+00],
          [0.0000e+00, 1.6206e-05, 2.5955e-04,  ..., 0.0000e+00,
           1.4326e-04, 0.0000e+00],
          [0.0000e+00, 2.6408e-04, 0.0000e+00,  ..., 0.0000e+00,
           0.0000e+00, 0.0000e+00],
          ...,
          [0.0000e+00, 2.2556e-04, 0.0000e+00,  ..., 1.2882e-05,
           0.0000e+00, 0.0000e+00],
          [0.0000e+00, 0.0000e+00, 0.0000e+00,  ..., 0.0000e+00,
           0.0000e+00, 6.0351e-05],
          [0.0000e+00, 0.0000e+00, 0.0000e+00,  ..., 0.0000e+00,
           0.0000e+00, 0.0000e+00]]]], device='cuda:0',
       grad_fn=<ReluBackward0>)
tensor([[[[0.1176, 0.1176, 0.1098,  ..., 0.0078, 0.0078, 0.0039],
          [0.1098, 0.1020, 0.1020,  ..., 0.0078, 0.0039, 0.0039],
          [0.1098, 0.1020, 0.1020,  ..., 0.0039, 0.0039, 0.0000],
          ...,
          [0.0667, 0.0706, 0.0784,  ..., 0.0353, 0.0667, 0.0588],
          [0.0706, 0.0784, 0.0706,  ..., 0.0549, 0.0706, 0.0549],
          [0.0706, 0.0745, 0.0588,  ..., 0.0706, 0.0588, 0.0549]],

         [[0.1176, 0.1176, 0.1098,  ..., 0.0078, 0.0078, 0.0039],
          [0.1098, 0.1020, 0.1020,  ..., 0.0078, 0.0039, 0.0039],
          [0.1098, 0.1020, 0.1020,  ..., 0.0039, 0.0039, 0.0000],
          ...,
          [0.0667, 0.0706, 0.0784,  ..., 0.0353, 0.0667, 0.0588],
          [0.0706, 0.0784, 0.0706,  ..., 0.0549, 0.0706, 0.0549],
          [0.0706, 0.0745, 0.0588,  ..., 0.0706, 0.0588, 0.0549]],

         [[0.1176, 0.1176, 0.1098,  ..., 0.0078, 0.0078, 0.0039],
          [0.1098, 0.1020, 0.1020,  ..., 0.0078, 0.0039, 0.0039],
          [0.1098, 0.1020, 0.1020,  ..., 0.0039, 0.0039, 0.0000],
          ...,
          [0.0667, 0.0706, 0.0784,  ..., 0.0353, 0.0667, 0.0588],
          [0.0706, 0.0784, 0.0706,  ..., 0.0549, 0.0706, 0.0549],
          [0.0706, 0.0745, 0.0588,  ..., 0.0706, 0.0588, 0.0549]]],


        [[[0.0588, 0.0549, 0.0314,  ..., 0.0000, 0.0118, 0.0588],
          [0.0745, 0.0706, 0.0510,  ..., 0.0000, 0.0039, 0.0314],
          [0.0902, 0.0745, 0.0706,  ..., 0.0078, 0.0000, 0.0118],
          ...,
          [0.0314, 0.0275, 0.0431,  ..., 0.0863, 0.1176, 0.1137],
          [0.0510, 0.0314, 0.0353,  ..., 0.0549, 0.0745, 0.1020],
          [0.0588, 0.0510, 0.0353,  ..., 0.0275, 0.0275, 0.0745]],

         [[0.0588, 0.0549, 0.0314,  ..., 0.0000, 0.0118, 0.0588],
          [0.0745, 0.0706, 0.0510,  ..., 0.0000, 0.0039, 0.0314],
          [0.0902, 0.0745, 0.0706,  ..., 0.0078, 0.0000, 0.0118],
          ...,
          [0.0314, 0.0275, 0.0431,  ..., 0.0863, 0.1176, 0.1137],
          [0.0510, 0.0314, 0.0353,  ..., 0.0549, 0.0745, 0.1020],
          [0.0588, 0.0510, 0.0353,  ..., 0.0275, 0.0275, 0.0745]],

         [[0.0588, 0.0549, 0.0314,  ..., 0.0000, 0.0118, 0.0588],
          [0.0745, 0.0706, 0.0510,  ..., 0.0000, 0.0039, 0.0314],
          [0.0902, 0.0745, 0.0706,  ..., 0.0078, 0.0000, 0.0118],
          ...,
          [0.0314, 0.0275, 0.0431,  ..., 0.0863, 0.1176, 0.1137],
          [0.0510, 0.0314, 0.0353,  ..., 0.0549, 0.0745, 0.1020],
          [0.0588, 0.0510, 0.0353,  ..., 0.0275, 0.0275, 0.0745]]],


        [[[0.0314, 0.0314, 0.0118,  ..., 0.0431, 0.0275, 0.0157],
          [0.0275, 0.0353, 0.0275,  ..., 0.0549, 0.0353, 0.0235],
          [0.0157, 0.0314, 0.0314,  ..., 0.0706, 0.0510, 0.0314],
          ...,
          [0.0588, 0.0431, 0.0157,  ..., 0.0078, 0.0314, 0.0667],
          [0.0667, 0.0549, 0.0314,  ..., 0.0078, 0.0157, 0.0471],
          [0.0667, 0.0667, 0.0510,  ..., 0.0078, 0.0078, 0.0275]],

         [[0.0314, 0.0314, 0.0118,  ..., 0.0431, 0.0275, 0.0157],
          [0.0275, 0.0353, 0.0275,  ..., 0.0549, 0.0353, 0.0235],
          [0.0157, 0.0314, 0.0314,  ..., 0.0706, 0.0510, 0.0314],
          ...,
          [0.0588, 0.0431, 0.0157,  ..., 0.0078, 0.0314, 0.0667],
          [0.0667, 0.0549, 0.0314,  ..., 0.0078, 0.0157, 0.0471],
          [0.0667, 0.0667, 0.0510,  ..., 0.0078, 0.0078, 0.0275]],

         [[0.0314, 0.0314, 0.0118,  ..., 0.0431, 0.0275, 0.0157],
          [0.0275, 0.0353, 0.0275,  ..., 0.0549, 0.0353, 0.0235],
          [0.0157, 0.0314, 0.0314,  ..., 0.0706, 0.0510, 0.0314],
          ...,
          [0.0588, 0.0431, 0.0157,  ..., 0.0078, 0.0314, 0.0667],
          [0.0667, 0.0549, 0.0314,  ..., 0.0078, 0.0157, 0.0471],
          [0.0667, 0.0667, 0.0510,  ..., 0.0078, 0.0078, 0.0275]]],


        ...,


        [[[0.0078, 0.0078, 0.0078,  ..., 0.0118, 0.0157, 0.0275],
          [0.0078, 0.0078, 0.0078,  ..., 0.0157, 0.0235, 0.0353],
          [0.0078, 0.0078, 0.0078,  ..., 0.0235, 0.0275, 0.0431],
          ...,
          [0.0039, 0.0039, 0.0039,  ..., 0.0118, 0.0275, 0.0471],
          [0.0039, 0.0039, 0.0078,  ..., 0.0235, 0.0431, 0.0549],
          [0.0039, 0.0039, 0.0078,  ..., 0.0314, 0.0549, 0.0588]],

         [[0.0078, 0.0078, 0.0078,  ..., 0.0118, 0.0157, 0.0275],
          [0.0078, 0.0078, 0.0078,  ..., 0.0157, 0.0235, 0.0353],
          [0.0078, 0.0078, 0.0078,  ..., 0.0235, 0.0275, 0.0431],
          ...,
          [0.0039, 0.0039, 0.0039,  ..., 0.0118, 0.0275, 0.0471],
          [0.0039, 0.0039, 0.0078,  ..., 0.0235, 0.0431, 0.0549],
          [0.0039, 0.0039, 0.0078,  ..., 0.0314, 0.0549, 0.0588]],

         [[0.0078, 0.0078, 0.0078,  ..., 0.0118, 0.0157, 0.0275],
          [0.0078, 0.0078, 0.0078,  ..., 0.0157, 0.0235, 0.0353],
          [0.0078, 0.0078, 0.0078,  ..., 0.0235, 0.0275, 0.0431],
          ...,
          [0.0039, 0.0039, 0.0039,  ..., 0.0118, 0.0275, 0.0471],
          [0.0039, 0.0039, 0.0078,  ..., 0.0235, 0.0431, 0.0549],
          [0.0039, 0.0039, 0.0078,  ..., 0.0314, 0.0549, 0.0588]]],


        [[[0.0353, 0.0235, 0.0118,  ..., 0.1216, 0.0784, 0.0549],
          [0.0314, 0.0157, 0.0157,  ..., 0.1020, 0.0667, 0.0706],
          [0.0235, 0.0157, 0.0314,  ..., 0.0784, 0.0667, 0.0902],
          ...,
          [0.0510, 0.0588, 0.0471,  ..., 0.1216, 0.1020, 0.0941],
          [0.0588, 0.0549, 0.0431,  ..., 0.1176, 0.0941, 0.1098],
          [0.0588, 0.0431, 0.0314,  ..., 0.1098, 0.1098, 0.1098]],

         [[0.0353, 0.0235, 0.0118,  ..., 0.1216, 0.0784, 0.0549],
          [0.0314, 0.0157, 0.0157,  ..., 0.1020, 0.0667, 0.0706],
          [0.0235, 0.0157, 0.0314,  ..., 0.0784, 0.0667, 0.0902],
          ...,
          [0.0510, 0.0588, 0.0471,  ..., 0.1216, 0.1020, 0.0941],
          [0.0588, 0.0549, 0.0431,  ..., 0.1176, 0.0941, 0.1098],
          [0.0588, 0.0431, 0.0314,  ..., 0.1098, 0.1098, 0.1098]],

         [[0.0353, 0.0235, 0.0118,  ..., 0.1216, 0.0784, 0.0549],
          [0.0314, 0.0157, 0.0157,  ..., 0.1020, 0.0667, 0.0706],
          [0.0235, 0.0157, 0.0314,  ..., 0.0784, 0.0667, 0.0902],
          ...,
          [0.0510, 0.0588, 0.0471,  ..., 0.1216, 0.1020, 0.0941],
          [0.0588, 0.0549, 0.0431,  ..., 0.1176, 0.0941, 0.1098],
          [0.0588, 0.0431, 0.0314,  ..., 0.1098, 0.1098, 0.1098]]],


        [[[0.0275, 0.0431, 0.0706,  ..., 0.0314, 0.0275, 0.0745],
          [0.0275, 0.0588, 0.0667,  ..., 0.0275, 0.0510, 0.1020],
          [0.0314, 0.0510, 0.0471,  ..., 0.0353, 0.0863, 0.1176],
          ...,
          [0.0510, 0.0510, 0.0549,  ..., 0.1412, 0.1569, 0.1333],
          [0.0549, 0.0510, 0.0588,  ..., 0.1608, 0.1529, 0.1137],
          [0.0549, 0.0588, 0.0588,  ..., 0.1725, 0.1412, 0.0902]],

         [[0.0275, 0.0431, 0.0706,  ..., 0.0314, 0.0275, 0.0745],
          [0.0275, 0.0588, 0.0667,  ..., 0.0275, 0.0510, 0.1020],
          [0.0314, 0.0510, 0.0471,  ..., 0.0353, 0.0863, 0.1176],
          ...,
          [0.0510, 0.0510, 0.0549,  ..., 0.1412, 0.1569, 0.1333],
          [0.0549, 0.0510, 0.0588,  ..., 0.1608, 0.1529, 0.1137],
          [0.0549, 0.0588, 0.0588,  ..., 0.1725, 0.1412, 0.0902]],

         [[0.0275, 0.0431, 0.0706,  ..., 0.0314, 0.0275, 0.0745],
          [0.0275, 0.0588, 0.0667,  ..., 0.0275, 0.0510, 0.1020],
          [0.0314, 0.0510, 0.0471,  ..., 0.0353, 0.0863, 0.1176],
          ...,
          [0.0510, 0.0510, 0.0549,  ..., 0.1412, 0.1569, 0.1333],
          [0.0549, 0.0510, 0.0588,  ..., 0.1608, 0.1529, 0.1137],
          [0.0549, 0.0588, 0.0588,  ..., 0.1725, 0.1412, 0.0902]]]],
       device='cuda:0')
tensor(2.3363e-08, device='cuda:0', grad_fn=<MseLossBackward0>)
